[0.019s] Invoking command in '/home/pengyh/documents/ros2_ws/RobotAD/build/nuscenes_data_collector': CMAKE_PREFIX_PATH=${CMAKE_PREFIX_PATH}:/opt/ros/humble /usr/bin/cmake --build /home/pengyh/documents/ros2_ws/RobotAD/build/nuscenes_data_collector -- -j24 -l24
[0.051s] [35m[1mConsolidate compiler generated dependencies of target nuscenes_data_collector_node[0m
[0.071s] [ 50%] Built target nuscenes_data_collector_issac_node
[0.081s] [ 75%] [32mBuilding CXX object CMakeFiles/nuscenes_data_collector_node.dir/src/nuscenes_data_collector.cpp.o[0m
[4.154s] In file included from [01m[K/opt/ros/humble/include/rclcpp/rclcpp/logging.hpp:24[m[K,
[4.154s]                  from [01m[K/opt/ros/humble/include/rclcpp/rclcpp/client.hpp:40[m[K,
[4.155s]                  from [01m[K/opt/ros/humble/include/rclcpp/rclcpp/callback_group.hpp:24[m[K,
[4.155s]                  from [01m[K/opt/ros/humble/include/rclcpp/rclcpp/any_executable.hpp:20[m[K,
[4.155s]                  from [01m[K/opt/ros/humble/include/rclcpp/rclcpp/memory_strategy.hpp:25[m[K,
[4.155s]                  from [01m[K/opt/ros/humble/include/rclcpp/rclcpp/memory_strategies.hpp:18[m[K,
[4.155s]                  from [01m[K/opt/ros/humble/include/rclcpp/rclcpp/executor_options.hpp:20[m[K,
[4.155s]                  from [01m[K/opt/ros/humble/include/rclcpp/rclcpp/executor.hpp:37[m[K,
[4.155s]                  from [01m[K/opt/ros/humble/include/rclcpp/rclcpp/executors/multi_threaded_executor.hpp:25[m[K,
[4.155s]                  from [01m[K/opt/ros/humble/include/rclcpp/rclcpp/executors.hpp:21[m[K,
[4.155s]                  from [01m[K/opt/ros/humble/include/rclcpp/rclcpp/rclcpp.hpp:155[m[K,
[4.155s]                  from [01m[K/home/pengyh/documents/ros2_ws/RobotAD/src/nuscenes_data_collector/include/nuscenes_data_collector/nuscenes_data_collector.hpp:4[m[K,
[4.155s]                  from [01m[K/home/pengyh/documents/ros2_ws/RobotAD/src/nuscenes_data_collector/src/nuscenes_data_collector.cpp:1[m[K:
[4.155s] [01m[K/home/pengyh/documents/ros2_ws/RobotAD/src/nuscenes_data_collector/include/nuscenes_data_collector/nuscenes_data_collector.hpp:[m[K In member function ‘[01m[Kvoid NuScenesDataCollector::odom_callback(nav_msgs::msg::Odometry_<std::allocator<void> >::SharedPtr, const string&)[m[K’:
[4.155s] [01m[K/home/pengyh/documents/ros2_ws/RobotAD/src/nuscenes_data_collector/include/nuscenes_data_collector/nuscenes_data_collector.hpp:381:41:[m[K [01;35m[Kwarning: [m[Kformat ‘[01m[K%ld[m[K’ expects argument of type ‘[01m[Klong int[m[K’, but argument 5 has type ‘[01m[Kbuiltin_interfaces::msg::Time_<std::allocator<void> >::_sec_type[m[K’ {aka ‘[01m[Kint[m[K’} [[01;35m[K]8;;https://gcc.gnu.org/onlinedocs/gcc/Warning-Options.html#index-Wformat=-Wformat=]8;;[m[K]
[4.155s]   381 | CLCPP_INFO(this->get_logger(), [01;35m[K"Odometry Timestamp: %ld.%ld"[m[K, [32m[Kmsg->header.stamp.sec[m[K, msg->header.stamp.nanosec);
[4.155s]       |                                [01;35m[K^~~~~~~~~~~~~~~~~~~~~~~~~~~~~[m[K  [32m[K~~~~~~~~~~~~~~~~~~~~~[m[K
[4.155s]       |                                                                                 [32m[K|[m[K
[4.155s]       |                                                                                 [32m[Kbuiltin_interfaces::msg::Time_<std::allocator<void> >::_sec_type {aka int}[m[K
[4.155s] 
[4.155s] In file included from [01m[K/home/pengyh/documents/ros2_ws/RobotAD/src/nuscenes_data_collector/src/nuscenes_data_collector.cpp:1[m[K:
[4.155s] [01m[K/home/pengyh/documents/ros2_ws/RobotAD/src/nuscenes_data_collector/include/nuscenes_data_collector/nuscenes_data_collector.hpp:381:64:[m[K [01;36m[Knote: [m[Kformat string is defined here
[4.155s]   381 | gger(), "Odometry Timestamp: [01;36m[K%ld[m[K.%ld", msg->header.stamp.sec, msg->header.stamp.nanosec);
[4.155s]       |                              [01;36m[K~~^[m[K
[4.155s]       |                                [01;36m[K|[m[K
[4.155s]       |                                [01;36m[Klong int[m[K
[4.155s]       |                              [32m[K%d[m[K
[4.155s] In file included from [01m[K/opt/ros/humble/include/rclcpp/rclcpp/logging.hpp:24[m[K,
[4.155s]                  from [01m[K/opt/ros/humble/include/rclcpp/rclcpp/client.hpp:40[m[K,
[4.155s]                  from [01m[K/opt/ros/humble/include/rclcpp/rclcpp/callback_group.hpp:24[m[K,
[4.155s]                  from [01m[K/opt/ros/humble/include/rclcpp/rclcpp/any_executable.hpp:20[m[K,
[4.155s]                  from [01m[K/opt/ros/humble/include/rclcpp/rclcpp/memory_strategy.hpp:25[m[K,
[4.155s]                  from [01m[K/opt/ros/humble/include/rclcpp/rclcpp/memory_strategies.hpp:18[m[K,
[4.155s]                  from [01m[K/opt/ros/humble/include/rclcpp/rclcpp/executor_options.hpp:20[m[K,
[4.155s]                  from [01m[K/opt/ros/humble/include/rclcpp/rclcpp/executor.hpp:37[m[K,
[4.155s]                  from [01m[K/opt/ros/humble/include/rclcpp/rclcpp/executors/multi_threaded_executor.hpp:25[m[K,
[4.155s]                  from [01m[K/opt/ros/humble/include/rclcpp/rclcpp/executors.hpp:21[m[K,
[4.155s]                  from [01m[K/opt/ros/humble/include/rclcpp/rclcpp/rclcpp.hpp:155[m[K,
[4.155s]                  from [01m[K/home/pengyh/documents/ros2_ws/RobotAD/src/nuscenes_data_collector/include/nuscenes_data_collector/nuscenes_data_collector.hpp:4[m[K,
[4.155s]                  from [01m[K/home/pengyh/documents/ros2_ws/RobotAD/src/nuscenes_data_collector/src/nuscenes_data_collector.cpp:1[m[K:
[4.155s] [01m[K/home/pengyh/documents/ros2_ws/RobotAD/src/nuscenes_data_collector/include/nuscenes_data_collector/nuscenes_data_collector.hpp:381:41:[m[K [01;35m[Kwarning: [m[Kformat ‘[01m[K%ld[m[K’ expects argument of type ‘[01m[Klong int[m[K’, but argument 6 has type ‘[01m[Kbuiltin_interfaces::msg::Time_<std::allocator<void> >::_nanosec_type[m[K’ {aka ‘[01m[Kunsigned int[m[K’} [[01;35m[K]8;;https://gcc.gnu.org/onlinedocs/gcc/Warning-Options.html#index-Wformat=-Wformat=]8;;[m[K]
[4.155s]   381 | CLCPP_INFO(this->get_logger(), [01;35m[K"Odometry Timestamp: %ld.%ld"[m[K, msg->header.stamp.sec, [32m[Kmsg->header.stamp.nanosec[m[K);
[4.155s]       |                                [01;35m[K^~~~~~~~~~~~~~~~~~~~~~~~~~~~~[m[K                         [32m[K~~~~~~~~~~~~~~~~~~~~~~~~~[m[K
[4.155s]       |                                                                                                        [32m[K|[m[K
[4.156s]       |                                                                                                        [32m[Kbuiltin_interfaces::msg::Time_<std::allocator<void> >::_nanosec_type {aka unsigned int}[m[K
[4.156s] 
[4.156s] In file included from [01m[K/home/pengyh/documents/ros2_ws/RobotAD/src/nuscenes_data_collector/src/nuscenes_data_collector.cpp:1[m[K:
[4.156s] [01m[K/home/pengyh/documents/ros2_ws/RobotAD/src/nuscenes_data_collector/include/nuscenes_data_collector/nuscenes_data_collector.hpp:381:68:[m[K [01;36m[Knote: [m[Kformat string is defined here
[4.156s]   381 | (), "Odometry Timestamp: %ld.[01;36m[K%ld[m[K", msg->header.stamp.sec, msg->header.stamp.nanosec);
[4.156s]       |                              [01;36m[K~~^[m[K
[4.156s]       |                                [01;36m[K|[m[K
[4.156s]       |                                [01;36m[Klong int[m[K
[4.156s]       |                              [32m[K%d[m[K
[4.156s] In file included from [01m[K/opt/ros/humble/include/rclcpp/rclcpp/logging.hpp:24[m[K,
[4.156s]                  from [01m[K/opt/ros/humble/include/rclcpp/rclcpp/client.hpp:40[m[K,
[4.156s]                  from [01m[K/opt/ros/humble/include/rclcpp/rclcpp/callback_group.hpp:24[m[K,
[4.156s]                  from [01m[K/opt/ros/humble/include/rclcpp/rclcpp/any_executable.hpp:20[m[K,
[4.156s]                  from [01m[K/opt/ros/humble/include/rclcpp/rclcpp/memory_strategy.hpp:25[m[K,
[4.156s]                  from [01m[K/opt/ros/humble/include/rclcpp/rclcpp/memory_strategies.hpp:18[m[K,
[4.156s]                  from [01m[K/opt/ros/humble/include/rclcpp/rclcpp/executor_options.hpp:20[m[K,
[4.156s]                  from [01m[K/opt/ros/humble/include/rclcpp/rclcpp/executor.hpp:37[m[K,
[4.156s]                  from [01m[K/opt/ros/humble/include/rclcpp/rclcpp/executors/multi_threaded_executor.hpp:25[m[K,
[4.156s]                  from [01m[K/opt/ros/humble/include/rclcpp/rclcpp/executors.hpp:21[m[K,
[4.156s]                  from [01m[K/opt/ros/humble/include/rclcpp/rclcpp/rclcpp.hpp:155[m[K,
[4.156s]                  from [01m[K/home/pengyh/documents/ros2_ws/RobotAD/src/nuscenes_data_collector/include/nuscenes_data_collector/nuscenes_data_collector.hpp:4[m[K,
[4.156s]                  from [01m[K/home/pengyh/documents/ros2_ws/RobotAD/src/nuscenes_data_collector/src/nuscenes_data_collector.cpp:1[m[K:
[4.156s] [01m[K/home/pengyh/documents/ros2_ws/RobotAD/src/nuscenes_data_collector/include/nuscenes_data_collector/nuscenes_data_collector.hpp:[m[K In member function ‘[01m[Kvoid NuScenesDataCollector::imu_callback(sensor_msgs::msg::Imu_<std::allocator<void> >::SharedPtr, const string&)[m[K’:
[4.156s] [01m[K/home/pengyh/documents/ros2_ws/RobotAD/src/nuscenes_data_collector/include/nuscenes_data_collector/nuscenes_data_collector.hpp:387:41:[m[K [01;35m[Kwarning: [m[Kformat ‘[01m[K%ld[m[K’ expects argument of type ‘[01m[Klong int[m[K’, but argument 5 has type ‘[01m[Kbuiltin_interfaces::msg::Time_<std::allocator<void> >::_sec_type[m[K’ {aka ‘[01m[Kint[m[K’} [[01;35m[K]8;;https://gcc.gnu.org/onlinedocs/gcc/Warning-Options.html#index-Wformat=-Wformat=]8;;[m[K]
[4.156s]   387 | CLCPP_INFO(this->get_logger(), [01;35m[K"IMU Timestamp: %ld.%ld"[m[K, [32m[Kmsg->header.stamp.sec[m[K, msg->header.stamp.nanosec);
[4.156s]       |                                [01;35m[K^~~~~~~~~~~~~~~~~~~~~~~~[m[K  [32m[K~~~~~~~~~~~~~~~~~~~~~[m[K
[4.156s]       |                                                                            [32m[K|[m[K
[4.156s]       |                                                                            [32m[Kbuiltin_interfaces::msg::Time_<std::allocator<void> >::_sec_type {aka int}[m[K
[4.156s] 
[4.156s] In file included from [01m[K/home/pengyh/documents/ros2_ws/RobotAD/src/nuscenes_data_collector/src/nuscenes_data_collector.cpp:1[m[K:
[4.156s] [01m[K/home/pengyh/documents/ros2_ws/RobotAD/src/nuscenes_data_collector/include/nuscenes_data_collector/nuscenes_data_collector.hpp:387:59:[m[K [01;36m[Knote: [m[Kformat string is defined here
[4.156s]   387 | et_logger(), "IMU Timestamp: [01;36m[K%ld[m[K.%ld", msg->header.stamp.sec, msg->header.stamp.nanosec);
[4.156s]       |                              [01;36m[K~~^[m[K
[4.156s]       |                                [01;36m[K|[m[K
[4.156s]       |                                [01;36m[Klong int[m[K
[4.156s]       |                              [32m[K%d[m[K
[4.156s] In file included from [01m[K/opt/ros/humble/include/rclcpp/rclcpp/logging.hpp:24[m[K,
[4.156s]                  from [01m[K/opt/ros/humble/include/rclcpp/rclcpp/client.hpp:40[m[K,
[4.156s]                  from [01m[K/opt/ros/humble/include/rclcpp/rclcpp/callback_group.hpp:24[m[K,
[4.156s]                  from [01m[K/opt/ros/humble/include/rclcpp/rclcpp/any_executable.hpp:20[m[K,
[4.156s]                  from [01m[K/opt/ros/humble/include/rclcpp/rclcpp/memory_strategy.hpp:25[m[K,
[4.156s]                  from [01m[K/opt/ros/humble/include/rclcpp/rclcpp/memory_strategies.hpp:18[m[K,
[4.157s]                  from [01m[K/opt/ros/humble/include/rclcpp/rclcpp/executor_options.hpp:20[m[K,
[4.157s]                  from [01m[K/opt/ros/humble/include/rclcpp/rclcpp/executor.hpp:37[m[K,
[4.157s]                  from [01m[K/opt/ros/humble/include/rclcpp/rclcpp/executors/multi_threaded_executor.hpp:25[m[K,
[4.157s]                  from [01m[K/opt/ros/humble/include/rclcpp/rclcpp/executors.hpp:21[m[K,
[4.157s]                  from [01m[K/opt/ros/humble/include/rclcpp/rclcpp/rclcpp.hpp:155[m[K,
[4.157s]                  from [01m[K/home/pengyh/documents/ros2_ws/RobotAD/src/nuscenes_data_collector/include/nuscenes_data_collector/nuscenes_data_collector.hpp:4[m[K,
[4.157s]                  from [01m[K/home/pengyh/documents/ros2_ws/RobotAD/src/nuscenes_data_collector/src/nuscenes_data_collector.cpp:1[m[K:
[4.157s] [01m[K/home/pengyh/documents/ros2_ws/RobotAD/src/nuscenes_data_collector/include/nuscenes_data_collector/nuscenes_data_collector.hpp:387:41:[m[K [01;35m[Kwarning: [m[Kformat ‘[01m[K%ld[m[K’ expects argument of type ‘[01m[Klong int[m[K’, but argument 6 has type ‘[01m[Kbuiltin_interfaces::msg::Time_<std::allocator<void> >::_nanosec_type[m[K’ {aka ‘[01m[Kunsigned int[m[K’} [[01;35m[K]8;;https://gcc.gnu.org/onlinedocs/gcc/Warning-Options.html#index-Wformat=-Wformat=]8;;[m[K]
[4.157s]   387 | CLCPP_INFO(this->get_logger(), [01;35m[K"IMU Timestamp: %ld.%ld"[m[K, msg->header.stamp.sec, [32m[Kmsg->header.stamp.nanosec[m[K);
[4.157s]       |                                [01;35m[K^~~~~~~~~~~~~~~~~~~~~~~~[m[K                         [32m[K~~~~~~~~~~~~~~~~~~~~~~~~~[m[K
[4.157s]       |                                                                                                   [32m[K|[m[K
[4.157s]       |                                                                                                   [32m[Kbuiltin_interfaces::msg::Time_<std::allocator<void> >::_nanosec_type {aka unsigned int}[m[K
[4.157s] 
[4.157s] In file included from [01m[K/home/pengyh/documents/ros2_ws/RobotAD/src/nuscenes_data_collector/src/nuscenes_data_collector.cpp:1[m[K:
[4.157s] [01m[K/home/pengyh/documents/ros2_ws/RobotAD/src/nuscenes_data_collector/include/nuscenes_data_collector/nuscenes_data_collector.hpp:387:63:[m[K [01;36m[Knote: [m[Kformat string is defined here
[4.157s]   387 | ogger(), "IMU Timestamp: %ld.[01;36m[K%ld[m[K", msg->header.stamp.sec, msg->header.stamp.nanosec);
[4.157s]       |                              [01;36m[K~~^[m[K
[4.157s]       |                                [01;36m[K|[m[K
[4.157s]       |                                [01;36m[Klong int[m[K
[4.157s]       |                              [32m[K%d[m[K
[4.173s] [01m[K/home/pengyh/documents/ros2_ws/RobotAD/src/nuscenes_data_collector/include/nuscenes_data_collector/nuscenes_data_collector.hpp:[m[K In member function ‘[01m[Kvoid NuScenesDataCollector::save_lidar_data(const std::shared_ptr<sensor_msgs::msg::PointCloud2_<std::allocator<void> > >&, const string&)[m[K’:
[4.173s] [01m[K/home/pengyh/documents/ros2_ws/RobotAD/src/nuscenes_data_collector/include/nuscenes_data_collector/nuscenes_data_collector.hpp:594:26:[m[K [01;31m[Kerror: [m[K‘[01m[KPointXYZIR[m[K’ is not a member of ‘[01m[Kpcl[m[K’; did you mean ‘[01m[KPointXYZI[m[K’?
[4.173s]   594 |     pcl::PointCloud<pcl::[01;31m[KPointXYZIR[m[K> cloud;  // 使用 PointXYZIR 支持强度和环号
[4.173s]       |                          [01;31m[K^~~~~~~~~~[m[K
[4.173s]       |                          [32m[KPointXYZI[m[K
[4.173s] [01m[K/home/pengyh/documents/ros2_ws/RobotAD/src/nuscenes_data_collector/include/nuscenes_data_collector/nuscenes_data_collector.hpp:594:36:[m[K [01;31m[Kerror: [m[Ktemplate argument 1 is invalid
[4.173s]   594 | pcl::PointCloud<pcl::PointXYZIR[01;31m[K>[m[K cloud;  // 使用 PointXYZIR 支持强度和环号
[4.173s]       |                                [01;31m[K^[m[K
[4.173s] 
[4.173s] [01m[K/home/pengyh/documents/ros2_ws/RobotAD/src/nuscenes_data_collector/include/nuscenes_data_collector/nuscenes_data_collector.hpp:601:28:[m[K [01;31m[Kerror: [m[Kno matching function for call to ‘[01m[KfromPCLPointCloud2(pcl::PCLPointCloud2&, int&)[m[K’
[4.173s]   601 |     [01;31m[Kpcl::fromPCLPointCloud2(pcl_cloud2, cloud)[m[K;  // 使用 pcl::fromPCLPointCloud2
[4.173s]       |     [01;31m[K~~~~~~~~~~~~~~~~~~~~~~~^~~~~~~~~~~~~~~~~~~[m[K
[4.173s] In file included from [01m[K/home/pengyh/documents/ros2_ws/RobotAD/src/nuscenes_data_collector/include/nuscenes_data_collector/nuscenes_data_collector.hpp:31[m[K,
[4.173s]                  from [01m[K/home/pengyh/documents/ros2_ws/RobotAD/src/nuscenes_data_collector/src/nuscenes_data_collector.cpp:1[m[K:
[4.173s] [01m[K/usr/include/pcl-1.12/pcl/conversions.h:166:3:[m[K [01;36m[Knote: [m[Kcandidate: ‘[01m[Ktemplate<class PointT> void pcl::fromPCLPointCloud2(const pcl::PCLPointCloud2&, pcl::PointCloud<PointT>&, const MsgFieldMap&)[m[K’
[4.173s]   166 |   [01;36m[KfromPCLPointCloud2[m[K (const pcl::PCLPointCloud2& msg, pcl::PointCloud<PointT>& cloud,
[4.173s]       |   [01;36m[K^~~~~~~~~~~~~~~~~~[m[K
[4.173s] [01m[K/usr/include/pcl-1.12/pcl/conversions.h:166:3:[m[K [01;36m[Knote: [m[K  template argument deduction/substitution failed:
[4.173s] In file included from [01m[K/home/pengyh/documents/ros2_ws/RobotAD/src/nuscenes_data_collector/src/nuscenes_data_collector.cpp:1[m[K:
[4.173s] [01m[K/home/pengyh/documents/ros2_ws/RobotAD/src/nuscenes_data_collector/include/nuscenes_data_collector/nuscenes_data_collector.hpp:601:28:[m[K [01;36m[Knote: [m[K  mismatched types ‘[01m[Kpcl::PointCloud<PointT>[m[K’ and ‘[01m[Kint[m[K’
[4.173s]   601 |     [01;36m[Kpcl::fromPCLPointCloud2(pcl_cloud2, cloud)[m[K;  // 使用 pcl::fromPCLPointCloud2
[4.173s]       |     [01;36m[K~~~~~~~~~~~~~~~~~~~~~~~^~~~~~~~~~~~~~~~~~~[m[K
[4.173s] In file included from [01m[K/home/pengyh/documents/ros2_ws/RobotAD/src/nuscenes_data_collector/include/nuscenes_data_collector/nuscenes_data_collector.hpp:31[m[K,
[4.173s]                  from [01m[K/home/pengyh/documents/ros2_ws/RobotAD/src/nuscenes_data_collector/src/nuscenes_data_collector.cpp:1[m[K:
[4.173s] [01m[K/usr/include/pcl-1.12/pcl/conversions.h:226:3:[m[K [01;36m[Knote: [m[Kcandidate: ‘[01m[Ktemplate<class PointT> void pcl::fromPCLPointCloud2(const pcl::PCLPointCloud2&, pcl::PointCloud<PointT>&)[m[K’
[4.173s]   226 |   [01;36m[KfromPCLPointCloud2[m[K (const pcl::PCLPointCloud2& msg, pcl::PointCloud<PointT>& cloud)
[4.173s]       |   [01;36m[K^~~~~~~~~~~~~~~~~~[m[K
[4.173s] [01m[K/usr/include/pcl-1.12/pcl/conversions.h:226:3:[m[K [01;36m[Knote: [m[K  template argument deduction/substitution failed:
[4.173s] In file included from [01m[K/home/pengyh/documents/ros2_ws/RobotAD/src/nuscenes_data_collector/src/nuscenes_data_collector.cpp:1[m[K:
[4.173s] [01m[K/home/pengyh/documents/ros2_ws/RobotAD/src/nuscenes_data_collector/include/nuscenes_data_collector/nuscenes_data_collector.hpp:601:28:[m[K [01;36m[Knote: [m[K  mismatched types ‘[01m[Kpcl::PointCloud<PointT>[m[K’ and ‘[01m[Kint[m[K’
[4.174s]   601 |     [01;36m[Kpcl::fromPCLPointCloud2(pcl_cloud2, cloud)[m[K;  // 使用 pcl::fromPCLPointCloud2
[4.174s]       |     [01;36m[K~~~~~~~~~~~~~~~~~~~~~~~^~~~~~~~~~~~~~~~~~~[m[K
[4.174s] [01m[K/home/pengyh/documents/ros2_ws/RobotAD/src/nuscenes_data_collector/include/nuscenes_data_collector/nuscenes_data_collector.hpp:604:15:[m[K [01;31m[Kerror: [m[Krequest for member ‘[01m[Kpoints[m[K’ in ‘[01m[Kcloud[m[K’, which is of non-class type ‘[01m[Kint[m[K’
[4.174s]   604 |     if (cloud.[01;31m[Kpoints[m[K.empty()) {
[4.174s]       |               [01;31m[K^~~~~~[m[K
[4.174s] [01m[K/home/pengyh/documents/ros2_ws/RobotAD/src/nuscenes_data_collector/include/nuscenes_data_collector/nuscenes_data_collector.hpp:613:40:[m[K [01;31m[Kerror: [m[Krequest for member ‘[01m[Kpoints[m[K’ in ‘[01m[Kcloud[m[K’, which is of non-class type ‘[01m[Kint[m[K’
[4.174s]   613 |   for (const auto &point : cloud.[01;31m[Kpoints[m[K) {
[4.174s]       |                                  [01;31m[K^~~~~~[m[K
[4.174s] 
[8.403s] gmake[2]: *** [CMakeFiles/nuscenes_data_collector_node.dir/build.make:76: CMakeFiles/nuscenes_data_collector_node.dir/src/nuscenes_data_collector.cpp.o] Error 1
[8.403s] gmake[1]: *** [CMakeFiles/Makefile2:139: CMakeFiles/nuscenes_data_collector_node.dir/all] Error 2
[8.403s] gmake: *** [Makefile:146: all] Error 2
[8.404s] Invoked command in '/home/pengyh/documents/ros2_ws/RobotAD/build/nuscenes_data_collector' returned '2': CMAKE_PREFIX_PATH=${CMAKE_PREFIX_PATH}:/opt/ros/humble /usr/bin/cmake --build /home/pengyh/documents/ros2_ws/RobotAD/build/nuscenes_data_collector -- -j24 -l24
