[35m[1mConsolidate compiler generated dependencies of target nuscenes_data_collector_issac_node[0m
[ 50%] Built target nuscenes_data_collector_node
[ 75%] [32mBuilding CXX object CMakeFiles/nuscenes_data_collector_issac_node.dir/src/nuscenes_data_collector_issac.cpp.o[0m
In file included from [01m[K/home/pengyh/documents/ros2_ws/RobotAD/src/nuscenes_data_collector/src/nuscenes_data_collector_issac.cpp:1[m[K:
[01m[K/home/pengyh/documents/ros2_ws/RobotAD/src/nuscenes_data_collector/include/nuscenes_data_collector/nuscenes_data_collector_issac.hpp:[m[K In member function â€˜[01m[Kvoid NuScenesDataCollectorIssac::clock_callback(rosgraph_msgs::msg::Clock_<std::allocator<void> >::SharedPtr)[m[Kâ€™:
[01m[K/home/pengyh/documents/ros2_ws/RobotAD/src/nuscenes_data_collector/include/nuscenes_data_collector/nuscenes_data_collector_issac.hpp:383:45:[m[K [01;31m[Kerror: [m[Kno match for â€˜[01m[Koperator=[m[Kâ€™ (operand types are â€˜[01m[Kstd::pair<std::__cxx11::basic_string<char>, std::__cxx11::basic_string<char> >[m[Kâ€™ and â€˜[01m[Kstd::string[m[Kâ€™ {aka â€˜[01m[Kstd::__cxx11::basic_string<char>[m[Kâ€™})
  383 | corder_cache_.second = [01;31m[Ksample_token[m[K;
      |                        [01;31m[K^~~~~~~~~~~~[m[K

In file included from [01m[K/usr/include/c++/11/bits/stl_algobase.h:64[m[K,
                 from [01m[K/usr/include/c++/11/memory:63[m[K,
                 from [01m[K/opt/ros/humble/include/rclcpp/rclcpp/rclcpp.hpp:153[m[K,
                 from [01m[K/home/pengyh/documents/ros2_ws/RobotAD/src/nuscenes_data_collector/include/nuscenes_data_collector/nuscenes_data_collector_issac.hpp:4[m[K,
                 from [01m[K/home/pengyh/documents/ros2_ws/RobotAD/src/nuscenes_data_collector/src/nuscenes_data_collector_issac.cpp:1[m[K:
[01m[K/usr/include/c++/11/bits/stl_pair.h:418:9:[m[K [01;36m[Knote: [m[Kcandidate: â€˜[01m[Ktemplate<class _U1, class _U2> typename std::enable_if<std::__and_<std::is_assignable<_T1&, const _U1&>, std::is_assignable<_T2&, const _U2&> >::value, std::pair<_T1, _T2>&>::type std::pair<_T1, _T2>::operator=(const std::pair<_U1, _U2>&) [with _U1 = _U1; _U2 = _U2; _T1 = std::__cxx11::basic_string<char>; _T2 = std::__cxx11::basic_string<char>][m[Kâ€™
  418 |         [01;36m[Koperator[m[K=(const pair<_U1, _U2>& __p)
      |         [01;36m[K^~~~~~~~[m[K
[01m[K/usr/include/c++/11/bits/stl_pair.h:418:9:[m[K [01;36m[Knote: [m[K  template argument deduction/substitution failed:
In file included from [01m[K/home/pengyh/documents/ros2_ws/RobotAD/src/nuscenes_data_collector/src/nuscenes_data_collector_issac.cpp:1[m[K:
[01m[K/home/pengyh/documents/ros2_ws/RobotAD/src/nuscenes_data_collector/include/nuscenes_data_collector/nuscenes_data_collector_issac.hpp:383:45:[m[K [01;36m[Knote: [m[K  â€˜[01m[Kstd::string[m[Kâ€™ {aka â€˜[01m[Kstd::__cxx11::basic_string<char>[m[Kâ€™} is not derived from â€˜[01m[Kconst std::pair<_T1, _T2>[m[Kâ€™
  383 | corder_cache_.second = [01;36m[Ksample_token[m[K;
      |                        [01;36m[K^~~~~~~~~~~~[m[K

In file included from [01m[K/usr/include/c++/11/bits/stl_algobase.h:64[m[K,
                 from [01m[K/usr/include/c++/11/memory:63[m[K,
                 from [01m[K/opt/ros/humble/include/rclcpp/rclcpp/rclcpp.hpp:153[m[K,
                 from [01m[K/home/pengyh/documents/ros2_ws/RobotAD/src/nuscenes_data_collector/include/nuscenes_data_collector/nuscenes_data_collector_issac.hpp:4[m[K,
                 from [01m[K/home/pengyh/documents/ros2_ws/RobotAD/src/nuscenes_data_collector/src/nuscenes_data_collector_issac.cpp:1[m[K:
[01m[K/usr/include/c++/11/bits/stl_pair.h:430:9:[m[K [01;36m[Knote: [m[Kcandidate: â€˜[01m[Ktemplate<class _U1, class _U2> typename std::enable_if<std::__and_<std::is_assignable<_T1&, _U1&&>, std::is_assignable<_T2&, _U2&&> >::value, std::pair<_T1, _T2>&>::type std::pair<_T1, _T2>::operator=(std::pair<_U1, _U2>&&) [with _U1 = _U1; _U2 = _U2; _T1 = std::__cxx11::basic_string<char>; _T2 = std::__cxx11::basic_string<char>][m[Kâ€™
  430 |         [01;36m[Koperator[m[K=(pair<_U1, _U2>&& __p)
      |         [01;36m[K^~~~~~~~[m[K
[01m[K/usr/include/c++/11/bits/stl_pair.h:430:9:[m[K [01;36m[Knote: [m[K  template argument deduction/substitution failed:
In file included from [01m[K/home/pengyh/documents/ros2_ws/RobotAD/src/nuscenes_data_collector/src/nuscenes_data_collector_issac.cpp:1[m[K:
[01m[K/home/pengyh/documents/ros2_ws/RobotAD/src/nuscenes_data_collector/include/nuscenes_data_collector/nuscenes_data_collector_issac.hpp:383:45:[m[K [01;36m[Knote: [m[K  â€˜[01m[Kstd::string[m[Kâ€™ {aka â€˜[01m[Kstd::__cxx11::basic_string<char>[m[Kâ€™} is not derived from â€˜[01m[Kstd::pair<_T1, _T2>[m[Kâ€™
  383 | corder_cache_.second = [01;36m[Ksample_token[m[K;
      |                        [01;36m[K^~~~~~~~~~~~[m[K

In file included from [01m[K/usr/include/c++/11/bits/stl_algobase.h:64[m[K,
                 from [01m[K/usr/include/c++/11/memory:63[m[K,
                 from [01m[K/opt/ros/humble/include/rclcpp/rclcpp/rclcpp.hpp:153[m[K,
                 from [01m[K/home/pengyh/documents/ros2_ws/RobotAD/src/nuscenes_data_collector/include/nuscenes_data_collector/nuscenes_data_collector_issac.hpp:4[m[K,
                 from [01m[K/home/pengyh/documents/ros2_ws/RobotAD/src/nuscenes_data_collector/src/nuscenes_data_collector_issac.cpp:1[m[K:
[01m[K/usr/include/c++/11/bits/stl_pair.h:390:7:[m[K [01;36m[Knote: [m[Kcandidate: â€˜[01m[Kstd::pair<_T1, _T2>& std::pair<_T1, _T2>::operator=(typename std::conditional<std::__and_<std::is_copy_assignable<_T1>, std::is_copy_assignable<_T2> >::value, const std::pair<_T1, _T2>&, const std::__nonesuch&>::type) [with _T1 = std::__cxx11::basic_string<char>; _T2 = std::__cxx11::basic_string<char>; typename std::conditional<std::__and_<std::is_copy_assignable<_T1>, std::is_copy_assignable<_T2> >::value, const std::pair<_T1, _T2>&, const std::__nonesuch&>::type = const std::pair<std::__cxx11::basic_string<char>, std::__cxx11::basic_string<char> >&][m[Kâ€™
  390 |       [01;36m[Koperator[m[K=(typename conditional<
      |       [01;36m[K^~~~~~~~[m[K
[01m[K/usr/include/c++/11/bits/stl_pair.h:393:55:[m[K [01;36m[Knote: [m[K  no known conversion for argument 1 from â€˜[01m[Kstd::string[m[Kâ€™ {aka â€˜[01m[Kstd::__cxx11::basic_string<char>[m[Kâ€™} to â€˜[01m[Kstd::conditional<true, const std::pair<std::__cxx11::basic_string<char>, std::__cxx11::basic_string<char> >&, const std::__nonesuch&>::type[m[Kâ€™ {aka â€˜[01m[Kconst std::pair<std::__cxx11::basic_string<char>, std::__cxx11::basic_string<char> >&[m[Kâ€™}
  390 | [01;36m[K conditional<[m[K
      |  [01;36m[K~~~~~~~~~~~~[m[K                  

  391 | [01;36m[Ks_copy_assignable<_T1>,[m[K
      | [01;36m[K~~~~~~~~~~~~~~~~~~~~~~~[m[K        

  392 | [01;36m[Ks_copy_assignable<_T2>>::value,[m[K
      | [01;36m[K~~~~~~~~~~~~~~~~~~~~~~~~~~~~~~~[m[K

  393 | [01;36m[Kir&, const __nonesuch&>::type __p[m[K)
      | [01;36m[K~~~~~~~~~~~~~~~~~~~~~~~~~~~~~~^~~[m[K

[01m[K/usr/include/c++/11/bits/stl_pair.h:401:7:[m[K [01;36m[Knote: [m[Kcandidate: â€˜[01m[Kstd::pair<_T1, _T2>& std::pair<_T1, _T2>::operator=(typename std::conditional<std::__and_<std::is_move_assignable<_Tp>, std::is_move_assignable<_T2> >::value, std::pair<_T1, _T2>&&, std::__nonesuch&&>::type) [with _T1 = std::__cxx11::basic_string<char>; _T2 = std::__cxx11::basic_string<char>; typename std::conditional<std::__and_<std::is_move_assignable<_Tp>, std::is_move_assignable<_T2> >::value, std::pair<_T1, _T2>&&, std::__nonesuch&&>::type = std::pair<std::__cxx11::basic_string<char>, std::__cxx11::basic_string<char> >&&][m[Kâ€™
  401 |       [01;36m[Koperator[m[K=(typename conditional<
      |       [01;36m[K^~~~~~~~[m[K
[01m[K/usr/include/c++/11/bits/stl_pair.h:404:45:[m[K [01;36m[Knote: [m[K  no known conversion for argument 1 from â€˜[01m[Kstd::string[m[Kâ€™ {aka â€˜[01m[Kstd::__cxx11::basic_string<char>[m[Kâ€™} to â€˜[01m[Kstd::conditional<true, std::pair<std::__cxx11::basic_string<char>, std::__cxx11::basic_string<char> >&&, std::__nonesuch&&>::type[m[Kâ€™ {aka â€˜[01m[Kstd::pair<std::__cxx11::basic_string<char>, std::__cxx11::basic_string<char> >&&[m[Kâ€™}
  401 | =([01;36m[Ktypename conditional<[m[K
      |   [01;36m[K~~~~~~~~~~~~~~~~~~~~~[m[K        

  402 |   [01;36m[K__and_<is_move_assignable<_T1>,[m[K
      |   [01;36m[K~~~~~~~~~~~~~~~~~~~~~~~~~~~~~~~[m[K

  403 |   [01;36m[K       is_move_assignable<_T2>>::value,[m[K
      |          [01;36m[K~~~~~~~~~~~~~~~~~~~~~~~~~~~~~~~~[m[K

  404 |   [01;36m[Kpair&&, __nonesuch&&>::type __p[m[K)
      |   [01;36m[K~~~~~~~~~~~~~~~~~~~~~~~~~~~~^~~[m[K

gmake[2]: *** [CMakeFiles/nuscenes_data_collector_issac_node.dir/build.make:76: CMakeFiles/nuscenes_data_collector_issac_node.dir/src/nuscenes_data_collector_issac.cpp.o] Error 1
gmake[1]: *** [CMakeFiles/Makefile2:165: CMakeFiles/nuscenes_data_collector_issac_node.dir/all] Error 2
gmake: *** [Makefile:146: all] Error 2
