[0.022s] Invoking command in '/home/future/Documents/pengyh/RobotAD_ws/build/diff_control': CMAKE_PREFIX_PATH=${CMAKE_PREFIX_PATH}:/opt/ros/humble /usr/bin/cmake --build /home/future/Documents/pengyh/RobotAD_ws/build/diff_control -- -j24 -l24
[0.065s] [ 33%] [32mBuilding CXX object CMakeFiles/diff_control.dir/hardware/diffbot_system.cpp.o[0m
[1.462s] In file included from [01m[K/opt/ros/humble/include/rclcpp/rclcpp/client.hpp:40[m[K,
[1.462s]                  from [01m[K/opt/ros/humble/include/rclcpp/rclcpp/callback_group.hpp:24[m[K,
[1.462s]                  from [01m[K/opt/ros/humble/include/rclcpp/rclcpp/any_executable.hpp:20[m[K,
[1.463s]                  from [01m[K/opt/ros/humble/include/rclcpp/rclcpp/memory_strategy.hpp:25[m[K,
[1.463s]                  from [01m[K/opt/ros/humble/include/rclcpp/rclcpp/memory_strategies.hpp:18[m[K,
[1.463s]                  from [01m[K/opt/ros/humble/include/rclcpp/rclcpp/executor_options.hpp:20[m[K,
[1.463s]                  from [01m[K/opt/ros/humble/include/rclcpp/rclcpp/executor.hpp:37[m[K,
[1.463s]                  from [01m[K/opt/ros/humble/include/rclcpp/rclcpp/executors/multi_threaded_executor.hpp:25[m[K,
[1.463s]                  from [01m[K/opt/ros/humble/include/rclcpp/rclcpp/executors.hpp:21[m[K,
[1.463s]                  from [01m[K/opt/ros/humble/include/rclcpp/rclcpp/rclcpp.hpp:155[m[K,
[1.463s]                  from [01m[K/home/future/Documents/pengyh/RobotAD_ws/src/diff_control/hardware/include/diff_control/diffbot_system.hpp:30[m[K,
[1.463s]                  from [01m[K/home/future/Documents/pengyh/RobotAD_ws/src/diff_control/hardware/diffbot_system.cpp:15[m[K:
[1.463s] [01m[K/home/future/Documents/pengyh/RobotAD_ws/src/diff_control/hardware/include/diff_control/wheel.hpp:[m[K In member function ‚Äò[01m[Kvoid Wheel::update_velocity_and_pos(double)[m[K‚Äô:
[1.463s] [01m[K/home/future/Documents/pengyh/RobotAD_ws/src/diff_control/hardware/include/diff_control/wheel.hpp:76:9:[m[K [01;31m[Kerror: [m[Kstatic assertion failed: First argument to logging macros must be an rclcpp::Logger
[1.463s]    76 |         [01;31m[KRCLCPP_INFO[m[K("Êõ¥Êñ∞‰ΩçÁΩÆ%f", pos);
[1.463s]       |         [01;31m[K^~~~~~~~~~~[m[K
[1.463s] In file included from [01m[K/opt/ros/humble/include/rclcpp/rclcpp/logging.hpp:24[m[K:
[1.464s] [01m[K/home/future/Documents/pengyh/RobotAD_ws/src/diff_control/hardware/include/diff_control/wheel.hpp:76:9:[m[K [01;31m[Kerror: [m[Krequest for member ‚Äò[01m[Kget_name[m[K‚Äô in ‚Äò[01m[K("\37777777746\37777777633\37777777664\37777777746\37777777626\37777777660\37777777744\37777777675\37777777615\37777777747\37777777675\37777777656%f")[m[K‚Äô, which is of non-class type ‚Äò[01m[Kconst char [15][m[K‚Äô
[1.464s]    76 |         [01;31m[KRCLCPP_INFO[m[K("Êõ¥Êñ∞‰ΩçÁΩÆ%f", pos);
[1.464s]       |         [01;31m[K^~~~~~~~~~~[m[K
[1.464s] [01m[K/home/future/Documents/pengyh/RobotAD_ws/src/diff_control/hardware/include/diff_control/wheel.hpp:76:9:[m[K [01;31m[Kerror: [m[Krequest for member ‚Äò[01m[Kget_name[m[K‚Äô in ‚Äò[01m[K("\37777777746\37777777633\37777777664\37777777746\37777777626\37777777660\37777777744\37777777675\37777777615\37777777747\37777777675\37777777656%f")[m[K‚Äô, which is of non-class type ‚Äò[01m[Kconst char [15][m[K‚Äô
[1.464s]    76 |         [01;31m[KRCLCPP_INFO[m[K("Êõ¥Êñ∞‰ΩçÁΩÆ%f", pos);
[1.464s]       |         [01;31m[K^~~~~~~~~~~[m[K
[3.019s] gmake[2]: *** [CMakeFiles/diff_control.dir/build.make:76: CMakeFiles/diff_control.dir/hardware/diffbot_system.cpp.o] Error 1
[3.019s] gmake[1]: *** [CMakeFiles/Makefile2:137: CMakeFiles/diff_control.dir/all] Error 2
[3.019s] gmake: *** [Makefile:146: all] Error 2
[3.021s] Invoked command in '/home/future/Documents/pengyh/RobotAD_ws/build/diff_control' returned '2': CMAKE_PREFIX_PATH=${CMAKE_PREFIX_PATH}:/opt/ros/humble /usr/bin/cmake --build /home/future/Documents/pengyh/RobotAD_ws/build/diff_control -- -j24 -l24
