[0.026s] Invoking command in '/home/future/Documents/pengyh/RobotAD_ws/build/diff_control': CMAKE_PREFIX_PATH=${CMAKE_PREFIX_PATH}:/opt/ros/humble /usr/bin/cmake --build /home/future/Documents/pengyh/RobotAD_ws/build/diff_control -- -j24 -l24
[0.056s] [35m[1mConsolidate compiler generated dependencies of target diff_control[0m
[0.072s] [ 50%] [32mBuilding CXX object CMakeFiles/diff_control.dir/hardware/diffbot_system.cpp.o[0m
[1.390s] In file included from [01m[K/home/future/Documents/pengyh/RobotAD_ws/src/diff_control/hardware/include/diff_control/diffbot_system.hpp:35[m[K,
[1.391s]                  from [01m[K/home/future/Documents/pengyh/RobotAD_ws/src/diff_control/hardware/diffbot_system.cpp:15[m[K:
[1.391s] [01m[K/home/future/Documents/pengyh/RobotAD_ws/src/diff_control/hardware/include/diff_control/serial_bridge.hpp:87:9:[m[K [01;31m[Kerror: [m[Kâ€˜[01m[Kserial[m[Kâ€™ does not name a type
[1.391s]    87 |         [01;31m[Kserial[m[K::Serial serial_port_;  // ä¸²å£å¯¹è±¡
[1.391s]       |         [01;31m[K^~~~~~[m[K
[1.395s] [01m[K/home/future/Documents/pengyh/RobotAD_ws/src/diff_control/hardware/include/diff_control/serial_bridge.hpp:[m[K In constructor â€˜[01m[KSerialBridge::SerialBridge()[m[Kâ€™:
[1.395s] [01m[K/home/future/Documents/pengyh/RobotAD_ws/src/diff_control/hardware/include/diff_control/serial_bridge.hpp:19:13:[m[K [01;31m[Kerror: [m[Kâ€˜[01m[Kserial_port_[m[Kâ€™ was not declared in this scope
[1.395s]    19 |          [01;31m[Kserial_port_[m[K.setPort("/dev/ttyUSB5");  // æ›¿æ¢ä¸ºä½ çš„ä¸²å£è®¾å¤‡è·¯å¾„
[1.395s]       |          [01;31m[K^~~~~~~~~~~~[m[K
[1.395s] 
[1.395s] [01m[K/home/future/Documents/pengyh/RobotAD_ws/src/diff_control/hardware/include/diff_control/serial_bridge.hpp:21:13:[m[K [01;31m[Kerror: [m[Kâ€˜[01m[Kserial[m[Kâ€™ has not been declared
[1.395s]    21 |          [01;31m[Kserial[m[K::Timeout timeout = serial::Timeout::simpleTimeout(50);  // åˆ›å»º Timeout å¯¹è±¡,æ¯æ¬¡ä¸²å£è¯»å†™æ“ä½œçš„æœ€å¤§ç­‰å¾…æ—¶é—´ã€‚å¦‚æœåœ¨æ­¤æ—¶é—´å†…æ²¡æœ‰æˆåŠŸè¯»å–æˆ–å†™å…¥æ•°æ®ï¼Œæ“ä½œå°±ä¼šè¶…æ—¶ã€‚
[1.396s]       |          [01;31m[K^~~~~~[m[K
[1.396s] 
[1.396s] [01m[K/home/future/Documents/pengyh/RobotAD_ws/src/diff_control/hardware/include/diff_control/serial_bridge.hpp:22:37:[m[K [01;31m[Kerror: [m[Kâ€˜[01m[Ktimeout[m[Kâ€™ was not declared in this scope
[1.396s]    22 | tTimeout([01;31m[Ktimeout[m[K);  // å°†å…¶ä¼ ç»™ setTimeout
[1.396s]       |          [01;31m[K^~~~~~~[m[K
[1.396s] 
[1.396s] [01m[K/home/future/Documents/pengyh/RobotAD_ws/src/diff_control/hardware/include/diff_control/serial_bridge.hpp:22:37:[m[K [01;36m[Knote: [m[Ksuggested alternatives:
[1.396s] In file included from [01m[K/opt/ros/humble/include/rclcpp/rclcpp/executors.hpp:18[m[K,
[1.396s]                  from [01m[K/opt/ros/humble/include/rclcpp/rclcpp/rclcpp.hpp:155[m[K,
[1.396s]                  from [01m[K/home/future/Documents/pengyh/RobotAD_ws/src/diff_control/hardware/include/diff_control/diffbot_system.hpp:30[m[K:
[1.396s] [01m[K/usr/include/c++/12/future:187:5:[m[K [01;36m[Knote: [m[K  â€˜[01m[Kstd::future_status::timeout[m[Kâ€™
[1.396s]   187 |     [01;36m[Ktimeout[m[K,
[1.396s]       |     [01;36m[K^~~~~~~[m[K
[1.396s] In file included from [01m[K/opt/ros/humble/include/rclcpp/rclcpp/context.hpp:18[m[K,
[1.396s]                  from [01m[K/opt/ros/humble/include/rclcpp/rclcpp/contexts/default_context.hpp:18[m[K,
[1.396s]                  from [01m[K/opt/ros/humble/include/rclcpp/rclcpp/clock.hpp:22[m[K,
[1.396s]                  from [01m[K/home/future/Documents/pengyh/RobotAD_ws/src/diff_control/hardware/include/diff_control/diffbot_system.hpp:26[m[K:
[1.396s] [01m[K/usr/include/c++/12/condition_variable:64:38:[m[K [01;36m[Knote: [m[K  â€˜[01m[Kstd::cv_status::timeout[m[Kâ€™
[1.396s]    64 | _timeout, [01;36m[Ktimeout[m[K };
[1.396s]       |           [01;36m[K^~~~~~~[m[K
[1.396s] 
[2.971s] gmake[2]: *** [CMakeFiles/diff_control.dir/build.make:76: CMakeFiles/diff_control.dir/hardware/diffbot_system.cpp.o] Error 1
[2.971s] gmake[1]: *** [CMakeFiles/Makefile2:137: CMakeFiles/diff_control.dir/all] Error 2
[2.971s] gmake: *** [Makefile:146: all] Error 2
[2.973s] Invoked command in '/home/future/Documents/pengyh/RobotAD_ws/build/diff_control' returned '2': CMAKE_PREFIX_PATH=${CMAKE_PREFIX_PATH}:/opt/ros/humble /usr/bin/cmake --build /home/future/Documents/pengyh/RobotAD_ws/build/diff_control -- -j24 -l24
