[0.021s] Invoking command in '/home/pengyh/documents/ros2_ws/RobotAD/build/nuscenes_data_collector': CMAKE_PREFIX_PATH=${CMAKE_PREFIX_PATH}:/opt/ros/humble /usr/bin/cmake --build /home/pengyh/documents/ros2_ws/RobotAD/build/nuscenes_data_collector -- -j24 -l24
[0.053s] [35m[1mConsolidate compiler generated dependencies of target nuscenes_data_collector_node[0m
[0.072s] [ 50%] Built target nuscenes_data_collector_issac_node
[0.075s] [ 75%] [32mBuilding CXX object CMakeFiles/nuscenes_data_collector_node.dir/src/nuscenes_data_collector.cpp.o[0m
[3.663s] In file included from [01m[K/home/pengyh/documents/ros2_ws/RobotAD/src/nuscenes_data_collector/src/nuscenes_data_collector.cpp:1[m[K:
[3.663s] [01m[K/home/pengyh/documents/ros2_ws/RobotAD/src/nuscenes_data_collector/include/nuscenes_data_collector/nuscenes_data_collector.hpp:634:9:[m[K [01;31m[Kerror: [m[Kâ€˜[01m[Klatest_ego_pose_[m[Kâ€™ does not name a type
[3.663s]   634 |         [01;31m[Klatest_ego_pose_[m[K["token"] = sample_data_token;  // set as sample_data_token
[3.663s]       |         [01;31m[K^~~~~~~~~~~~~~~~[m[K
[3.671s] [01m[K/home/pengyh/documents/ros2_ws/RobotAD/src/nuscenes_data_collector/include/nuscenes_data_collector/nuscenes_data_collector.hpp:635:9:[m[K [01;31m[Kerror: [m[Kâ€˜[01m[Kjson_writer_[m[Kâ€™ does not name a type
[3.671s]   635 |         [01;31m[Kjson_writer_[m[K.addKeyValuePairToJson("ego_pose", latest_ego_pose_, true);
[3.671s]       |         [01;31m[K^~~~~~~~~~~~[m[K
[3.671s] [01m[K/home/pengyh/documents/ros2_ws/RobotAD/src/nuscenes_data_collector/include/nuscenes_data_collector/nuscenes_data_collector.hpp:637:9:[m[K [01;31m[Kerror: [m[Kexpected unqualified-id before â€˜[01m[Kif[m[Kâ€™
[3.671s]   637 |         [01;31m[Kif[m[K(is_key_frame && sample_triggers_[device_name]){
[3.671s]       |         [01;31m[K^~[m[K
[3.671s] [01m[K/home/pengyh/documents/ros2_ws/RobotAD/src/nuscenes_data_collector/include/nuscenes_data_collector/nuscenes_data_collector.hpp:642:9:[m[K [01;31m[Kerror: [m[Kexpected unqualified-id before â€˜[01m[Kif[m[Kâ€™
[3.671s]   642 |         [01;31m[Kif[m[K (latest_scene_.contains("name") && !latest_scene_["name"].get<std::string>().empty()) {
[3.671s]       |         [01;31m[K^~[m[K
[3.671s] [01m[K/home/pengyh/documents/ros2_ws/RobotAD/src/nuscenes_data_collector/include/nuscenes_data_collector/nuscenes_data_collector.hpp:648:9:[m[K [01;31m[Kerror: [m[Kexpected unqualified-id before â€˜[01m[Kif[m[Kâ€™
[3.671s]   648 |         [01;31m[Kif[m[K (calibrated_sensor_token.empty()) {
[3.671s]       |         [01;31m[K^~[m[K
[3.684s] [01m[K/home/pengyh/documents/ros2_ws/RobotAD/src/nuscenes_data_collector/include/nuscenes_data_collector/nuscenes_data_collector.hpp:654:9:[m[K [01;31m[Kerror: [m[Kâ€˜[01m[Ksample_data_json[m[Kâ€™ does not name a type
[3.684s]   654 |         [01;31m[Ksample_data_json[m[K["token"] = sample_data_token;
[3.684s]       |         [01;31m[K^~~~~~~~~~~~~~~~[m[K
[3.696s] [01m[K/home/pengyh/documents/ros2_ws/RobotAD/src/nuscenes_data_collector/include/nuscenes_data_collector/nuscenes_data_collector.hpp:655:9:[m[K [01;31m[Kerror: [m[Kâ€˜[01m[Ksample_data_json[m[Kâ€™ does not name a type
[3.696s]   655 |         [01;31m[Ksample_data_json[m[K["sample_token"] = sample_token;
[3.696s]       |         [01;31m[K^~~~~~~~~~~~~~~~[m[K
[3.708s] [01m[K/home/pengyh/documents/ros2_ws/RobotAD/src/nuscenes_data_collector/include/nuscenes_data_collector/nuscenes_data_collector.hpp:656:9:[m[K [01;31m[Kerror: [m[Kâ€˜[01m[Ksample_data_json[m[Kâ€™ does not name a type
[3.708s]   656 |         [01;31m[Ksample_data_json[m[K["ego_pose_token"] = sample_data_token;
[3.708s]       |         [01;31m[K^~~~~~~~~~~~~~~~[m[K
[3.720s] [01m[K/home/pengyh/documents/ros2_ws/RobotAD/src/nuscenes_data_collector/include/nuscenes_data_collector/nuscenes_data_collector.hpp:657:9:[m[K [01;31m[Kerror: [m[Kâ€˜[01m[Ksample_data_json[m[Kâ€™ does not name a type
[3.720s]   657 |         [01;31m[Ksample_data_json[m[K["calibrated_sensor_token"] = calibrated_sensor_token;
[3.720s]       |         [01;31m[K^~~~~~~~~~~~~~~~[m[K
[3.732s] [01m[K/home/pengyh/documents/ros2_ws/RobotAD/src/nuscenes_data_collector/include/nuscenes_data_collector/nuscenes_data_collector.hpp:658:9:[m[K [01;31m[Kerror: [m[Kâ€˜[01m[Ksample_data_json[m[Kâ€™ does not name a type
[3.732s]   658 |         [01;31m[Ksample_data_json[m[K["timestamp"] = timestamp;
[3.732s]       |         [01;31m[K^~~~~~~~~~~~~~~~[m[K
[3.744s] [01m[K/home/pengyh/documents/ros2_ws/RobotAD/src/nuscenes_data_collector/include/nuscenes_data_collector/nuscenes_data_collector.hpp:659:9:[m[K [01;31m[Kerror: [m[Kâ€˜[01m[Ksample_data_json[m[Kâ€™ does not name a type
[3.744s]   659 |         [01;31m[Ksample_data_json[m[K["fileformat"] = "bin";  // ä¿®æ”¹æ–‡ä»¶æ ¼å¼ä¸º bin
[3.744s]       |         [01;31m[K^~~~~~~~~~~~~~~~[m[K
[3.756s] [01m[K/home/pengyh/documents/ros2_ws/RobotAD/src/nuscenes_data_collector/include/nuscenes_data_collector/nuscenes_data_collector.hpp:660:9:[m[K [01;31m[Kerror: [m[Kâ€˜[01m[Ksample_data_json[m[Kâ€™ does not name a type
[3.756s]   660 |         [01;31m[Ksample_data_json[m[K["is_key_frame"] = is_key_frame;
[3.756s]       |         [01;31m[K^~~~~~~~~~~~~~~~[m[K
[3.768s] [01m[K/home/pengyh/documents/ros2_ws/RobotAD/src/nuscenes_data_collector/include/nuscenes_data_collector/nuscenes_data_collector.hpp:661:9:[m[K [01;31m[Kerror: [m[Kâ€˜[01m[Ksample_data_json[m[Kâ€™ does not name a type
[3.768s]   661 |         [01;31m[Ksample_data_json[m[K["height"] = "";
[3.768s]       |         [01;31m[K^~~~~~~~~~~~~~~~[m[K
[3.780s] [01m[K/home/pengyh/documents/ros2_ws/RobotAD/src/nuscenes_data_collector/include/nuscenes_data_collector/nuscenes_data_collector.hpp:662:9:[m[K [01;31m[Kerror: [m[Kâ€˜[01m[Ksample_data_json[m[Kâ€™ does not name a type
[3.780s]   662 |         [01;31m[Ksample_data_json[m[K["width"] = "";
[3.780s]       |         [01;31m[K^~~~~~~~~~~~~~~~[m[K
[3.792s] [01m[K/home/pengyh/documents/ros2_ws/RobotAD/src/nuscenes_data_collector/include/nuscenes_data_collector/nuscenes_data_collector.hpp:663:9:[m[K [01;31m[Kerror: [m[Kâ€˜[01m[Ksample_data_json[m[Kâ€™ does not name a type
[3.792s]   663 |         [01;31m[Ksample_data_json[m[K["filename"] = relative_path;
[3.792s]       |         [01;31m[K^~~~~~~~~~~~~~~~[m[K
[3.808s] [01m[K/home/pengyh/documents/ros2_ws/RobotAD/src/nuscenes_data_collector/include/nuscenes_data_collector/nuscenes_data_collector.hpp:664:9:[m[K [01;31m[Kerror: [m[Kâ€˜[01m[Ksample_data_json[m[Kâ€™ does not name a type
[3.808s]   664 |         [01;31m[Ksample_data_json[m[K["prev"] = "";
[3.808s]       |         [01;31m[K^~~~~~~~~~~~~~~~[m[K
[3.817s] [01m[K/home/pengyh/documents/ros2_ws/RobotAD/src/nuscenes_data_collector/include/nuscenes_data_collector/nuscenes_data_collector.hpp:665:9:[m[K [01;31m[Kerror: [m[Kâ€˜[01m[Ksample_data_json[m[Kâ€™ does not name a type
[3.817s]   665 |         [01;31m[Ksample_data_json[m[K["next"] = "";
[3.817s]       |         [01;31m[K^~~~~~~~~~~~~~~~[m[K
[3.817s] [01m[K/home/pengyh/documents/ros2_ws/RobotAD/src/nuscenes_data_collector/include/nuscenes_data_collector/nuscenes_data_collector.hpp:667:55:[m[K [01;31m[Kerror: [m[Kâ€˜[01m[Kprev_next_sliders_[m[Kâ€™ has not been declared
[3.817s]   667 | ext_and_write_json_dynamically([01;31m[Kprev_next_sliders_[m[K,
[3.817s]       |                                [01;31m[K^~~~~~~~~~~~~~~~~~[m[K
[3.817s] 
[3.817s] [01m[K/home/pengyh/documents/ros2_ws/RobotAD/src/nuscenes_data_collector/include/nuscenes_data_collector/nuscenes_data_collector.hpp:668:13:[m[K [01;31m[Kerror: [m[Kâ€˜[01m[Ksample_data_json[m[Kâ€™ is not a type
[3.817s]   668 |             [01;31m[Ksample_data_json[m[K,
[3.817s]       |             [01;31m[K^~~~~~~~~~~~~~~~[m[K
[3.817s] [01m[K/home/pengyh/documents/ros2_ws/RobotAD/src/nuscenes_data_collector/include/nuscenes_data_collector/nuscenes_data_collector.hpp:669:13:[m[K [01;31m[Kerror: [m[Kexpected identifier before string constant
[3.817s]   669 |             [01;31m[K"sample_data_"[m[K + device_name,
[3.817s]       |             [01;31m[K^~~~~~~~~~~~~~[m[K
[3.817s] [01m[K/home/pengyh/documents/ros2_ws/RobotAD/src/nuscenes_data_collector/include/nuscenes_data_collector/nuscenes_data_collector.hpp:669:13:[m[K [01;31m[Kerror: [m[Kexpected â€˜[01m[K,[m[Kâ€™ or â€˜[01m[K...[m[Kâ€™ before string constant
[3.817s] [01m[K/home/pengyh/documents/ros2_ws/RobotAD/src/nuscenes_data_collector/include/nuscenes_data_collector/nuscenes_data_collector.hpp:667:9:[m[K [01;31m[Kerror: [m[KISO C++ forbids declaration of â€˜[01m[Kgenerate_prev_next_and_write_json_dynamically[m[Kâ€™ with no type [[01;31m[K]8;;https://gcc.gnu.org/onlinedocs/gcc/Warning-Options.html#index-fpermissive-fpermissive]8;;[m[K]
[3.817s]   667 |         [01;31m[Kgenerate_prev_next_and_write_json_dynamically[m[K(prev_next_sliders_,
[3.817s]       |         [01;31m[K^~~~~~~~~~~~~~~~~~~~~~~~~~~~~~~~~~~~~~~~~~~~~[m[K
[3.833s] [01m[K/home/pengyh/documents/ros2_ws/RobotAD/src/nuscenes_data_collector/include/nuscenes_data_collector/nuscenes_data_collector.hpp:673:9:[m[K [01;31m[Kerror: [m[Kâ€˜[01m[Kdevices_frame_count_[m[Kâ€™ does not name a type
[3.833s]   673 |         [01;31m[Kdevices_frame_count_[m[K[device_name]++;
[3.834s]       |         [01;31m[K^~~~~~~~~~~~~~~~~~~~[m[K
[3.834s] [01m[K/home/pengyh/documents/ros2_ws/RobotAD/src/nuscenes_data_collector/include/nuscenes_data_collector/nuscenes_data_collector.hpp:674:6:[m[K [01;31m[Kerror: [m[Kexpected â€˜[01m[K;[m[Kâ€™ after class definition
[3.834s]   674 |     }
[3.834s]       |      [01;31m[K^[m[K
[3.834s]       |      [32m[K;[m[K
[3.835s] [01m[K/home/pengyh/documents/ros2_ws/RobotAD/src/nuscenes_data_collector/include/nuscenes_data_collector/nuscenes_data_collector.hpp:629:30:[m[K [01;31m[Kerror: [m[Kâ€˜[01m[Kmsg[m[Kâ€™ was not declared in this scope
[3.835s]   629 |         uint64_t timestamp = [01;31m[Kmsg[m[K->header.stamp.sec * 1e9 + msg->header.stamp.nanosec;
[3.835s]       |                              [01;31m[K^~~[m[K
[3.835s] [01m[K/home/pengyh/documents/ros2_ws/RobotAD/src/nuscenes_data_collector/include/nuscenes_data_collector/nuscenes_data_collector.hpp:629:30:[m[K [01;36m[Knote: [m[Ksuggested alternatives:
[3.835s] In file included from [01m[K/opt/ros/humble/include/builtin_interfaces/builtin_interfaces/msg/duration.hpp:7[m[K,
[3.835s]                  from [01m[K/opt/ros/humble/include/rclcpp/rclcpp/duration.hpp:20[m[K,
[3.835s]                  from [01m[K/opt/ros/humble/include/rclcpp/rclcpp/qos.hpp:20[m[K,
[3.835s]                  from [01m[K/opt/ros/humble/include/rclcpp/rclcpp/node_interfaces/node_graph_interface.hpp:32[m[K,
[3.835s]                  from [01m[K/opt/ros/humble/include/rclcpp/rclcpp/client.hpp:42[m[K,
[3.835s]                  from [01m[K/opt/ros/humble/include/rclcpp/rclcpp/callback_group.hpp:24[m[K,
[3.835s]                  from [01m[K/opt/ros/humble/include/rclcpp/rclcpp/any_executable.hpp:20[m[K,
[3.835s]                  from [01m[K/opt/ros/humble/include/rclcpp/rclcpp/memory_strategy.hpp:25[m[K,
[3.835s]                  from [01m[K/opt/ros/humble/include/rclcpp/rclcpp/memory_strategies.hpp:18[m[K,
[3.835s]                  from [01m[K/opt/ros/humble/include/rclcpp/rclcpp/executor_options.hpp:20[m[K,
[3.835s]                  from [01m[K/opt/ros/humble/include/rclcpp/rclcpp/executor.hpp:37[m[K,
[3.835s]                  from [01m[K/opt/ros/humble/include/rclcpp/rclcpp/executors/multi_threaded_executor.hpp:25[m[K,
[3.835s]                  from [01m[K/opt/ros/humble/include/rclcpp/rclcpp/executors.hpp:21[m[K,
[3.835s]                  from [01m[K/opt/ros/humble/include/rclcpp/rclcpp/rclcpp.hpp:155[m[K,
[3.835s]                  from [01m[K/home/pengyh/documents/ros2_ws/RobotAD/src/nuscenes_data_collector/include/nuscenes_data_collector/nuscenes_data_collector.hpp:4[m[K,
[3.836s]                  from [01m[K/home/pengyh/documents/ros2_ws/RobotAD/src/nuscenes_data_collector/src/nuscenes_data_collector.cpp:1[m[K:
[3.836s] [01m[K/opt/ros/humble/include/builtin_interfaces/builtin_interfaces/msg/detail/duration__struct.hpp:27:11:[m[K [01;36m[Knote: [m[K  â€˜[01m[Kbuiltin_interfaces::msg[m[Kâ€™
[3.836s]    27 | namespace [01;36m[Kmsg[m[K
[3.836s]       |           [01;36m[K^~~[m[K
[3.836s] In file included from [01m[K/opt/ros/humble/include/rcl_interfaces/rcl_interfaces/msg/set_parameters_result.hpp:7[m[K,
[3.836s]                  from [01m[K/opt/ros/humble/include/rclcpp/rclcpp/qos_overriding_options.hpp:28[m[K,
[3.836s]                  from [01m[K/opt/ros/humble/include/rclcpp/rclcpp/subscription_options.hpp:30[m[K,
[3.836s]                  from [01m[K/opt/ros/humble/include/rclcpp/rclcpp/subscription.hpp:45[m[K,
[3.836s]                  from [01m[K/opt/ros/humble/include/rclcpp/rclcpp/any_executable.hpp:25[m[K,
[3.836s]                  from [01m[K/opt/ros/humble/include/rclcpp/rclcpp/memory_strategy.hpp:25[m[K,
[3.836s]                  from [01m[K/opt/ros/humble/include/rclcpp/rclcpp/memory_strategies.hpp:18[m[K,
[3.836s]                  from [01m[K/opt/ros/humble/include/rclcpp/rclcpp/executor_options.hpp:20[m[K,
[3.836s]                  from [01m[K/opt/ros/humble/include/rclcpp/rclcpp/executor.hpp:37[m[K,
[3.836s]                  from [01m[K/opt/ros/humble/include/rclcpp/rclcpp/executors/multi_threaded_executor.hpp:25[m[K,
[3.836s]                  from [01m[K/opt/ros/humble/include/rclcpp/rclcpp/executors.hpp:21[m[K,
[3.836s]                  from [01m[K/opt/ros/humble/include/rclcpp/rclcpp/rclcpp.hpp:155[m[K,
[3.836s]                  from [01m[K/home/pengyh/documents/ros2_ws/RobotAD/src/nuscenes_data_collector/include/nuscenes_data_collector/nuscenes_data_collector.hpp:4[m[K,
[3.836s]                  from [01m[K/home/pengyh/documents/ros2_ws/RobotAD/src/nuscenes_data_collector/src/nuscenes_data_collector.cpp:1[m[K:
[3.836s] [01m[K/opt/ros/humble/include/rcl_interfaces/rcl_interfaces/msg/detail/set_parameters_result__struct.hpp:27:11:[m[K [01;36m[Knote: [m[K  â€˜[01m[Krcl_interfaces::msg[m[Kâ€™
[3.836s]    27 | namespace [01;36m[Kmsg[m[K
[3.836s]       |           [01;36m[K^~~[m[K
[3.836s] In file included from [01m[K/opt/ros/humble/include/statistics_msgs/statistics_msgs/msg/detail/metrics_message__struct.hpp:23[m[K,
[3.836s]                  from [01m[K/opt/ros/humble/include/statistics_msgs/statistics_msgs/msg/metrics_message.hpp:7[m[K,
[3.836s]                  from [01m[K/opt/ros/humble/include/libstatistics_collector/libstatistics_collector/collector/generate_statistics_message.hpp:21[m[K,
[3.836s]                  from [01m[K/opt/ros/humble/include/rclcpp/rclcpp/topic_statistics/subscription_topic_statistics.hpp:23[m[K,
[3.836s]                  from [01m[K/opt/ros/humble/include/rclcpp/rclcpp/subscription.hpp:50[m[K,
[3.836s]                  from [01m[K/opt/ros/humble/include/rclcpp/rclcpp/any_executable.hpp:25[m[K,
[3.836s]                  from [01m[K/opt/ros/humble/include/rclcpp/rclcpp/memory_strategy.hpp:25[m[K,
[3.836s]                  from [01m[K/opt/ros/humble/include/rclcpp/rclcpp/memory_strategies.hpp:18[m[K,
[3.836s]                  from [01m[K/opt/ros/humble/include/rclcpp/rclcpp/executor_options.hpp:20[m[K,
[3.836s]                  from [01m[K/opt/ros/humble/include/rclcpp/rclcpp/executor.hpp:37[m[K,
[3.836s]                  from [01m[K/opt/ros/humble/include/rclcpp/rclcpp/executors/multi_threaded_executor.hpp:25[m[K,
[3.836s]                  from [01m[K/opt/ros/humble/include/rclcpp/rclcpp/executors.hpp:21[m[K,
[3.836s]                  from [01m[K/opt/ros/humble/include/rclcpp/rclcpp/rclcpp.hpp:155[m[K,
[3.836s]                  from [01m[K/home/pengyh/documents/ros2_ws/RobotAD/src/nuscenes_data_collector/include/nuscenes_data_collector/nuscenes_data_collector.hpp:4[m[K,
[3.837s]                  from [01m[K/home/pengyh/documents/ros2_ws/RobotAD/src/nuscenes_data_collector/src/nuscenes_data_collector.cpp:1[m[K:
[3.837s] [01m[K/opt/ros/humble/include/statistics_msgs/statistics_msgs/msg/detail/statistic_data_point__struct.hpp:27:11:[m[K [01;36m[Knote: [m[K  â€˜[01m[Kstatistics_msgs::msg[m[Kâ€™
[3.837s]    27 | namespace [01;36m[Kmsg[m[K
[3.837s]       |           [01;36m[K^~~[m[K
[3.837s] In file included from [01m[K/opt/ros/humble/include/sensor_msgs/sensor_msgs/msg/detail/image__struct.hpp:20[m[K,
[3.837s]                  from [01m[K/opt/ros/humble/include/sensor_msgs/sensor_msgs/msg/image.hpp:7[m[K,
[3.837s]                  from [01m[K/opt/ros/humble/include/cv_bridge/cv_bridge/cv_bridge.h:40[m[K,
[3.837s]                  from [01m[K/home/pengyh/documents/ros2_ws/RobotAD/src/nuscenes_data_collector/include/nuscenes_data_collector/nuscenes_data_collector.hpp:16[m[K,
[3.837s]                  from [01m[K/home/pengyh/documents/ros2_ws/RobotAD/src/nuscenes_data_collector/src/nuscenes_data_collector.cpp:1[m[K:
[3.837s] [01m[K/opt/ros/humble/include/std_msgs/std_msgs/msg/detail/header__struct.hpp:31:11:[m[K [01;36m[Knote: [m[K  â€˜[01m[Kstd_msgs::msg[m[Kâ€™
[3.837s]    31 | namespace [01;36m[Kmsg[m[K
[3.837s]       |           [01;36m[K^~~[m[K
[3.837s] In file included from [01m[K/opt/ros/humble/include/sensor_msgs/sensor_msgs/msg/image.hpp:7[m[K,
[3.837s]                  from [01m[K/opt/ros/humble/include/cv_bridge/cv_bridge/cv_bridge.h:40[m[K,
[3.837s]                  from [01m[K/home/pengyh/documents/ros2_ws/RobotAD/src/nuscenes_data_collector/include/nuscenes_data_collector/nuscenes_data_collector.hpp:16[m[K,
[3.837s]                  from [01m[K/home/pengyh/documents/ros2_ws/RobotAD/src/nuscenes_data_collector/src/nuscenes_data_collector.cpp:1[m[K:
[3.837s] [01m[K/opt/ros/humble/include/sensor_msgs/sensor_msgs/msg/detail/image__struct.hpp:31:11:[m[K [01;36m[Knote: [m[K  â€˜[01m[Ksensor_msgs::msg[m[Kâ€™
[3.837s]    31 | namespace [01;36m[Kmsg[m[K
[3.837s]       |           [01;36m[K^~~[m[K
[3.837s] In file included from [01m[K/opt/ros/humble/include/geometry_msgs/geometry_msgs/msg/detail/pose__struct.hpp:20[m[K,
[3.837s]                  from [01m[K/opt/ros/humble/include/geometry_msgs/geometry_msgs/msg/detail/pose_with_covariance__struct.hpp:20[m[K,
[3.837s]                  from [01m[K/opt/ros/humble/include/nav_msgs/nav_msgs/msg/detail/odometry__struct.hpp:22[m[K,
[3.837s]                  from [01m[K/opt/ros/humble/include/nav_msgs/nav_msgs/msg/odometry.hpp:7[m[K,
[3.837s]                  from [01m[K/home/pengyh/documents/ros2_ws/RobotAD/src/nuscenes_data_collector/include/nuscenes_data_collector/nuscenes_data_collector.hpp:19[m[K,
[3.837s]                  from [01m[K/home/pengyh/documents/ros2_ws/RobotAD/src/nuscenes_data_collector/src/nuscenes_data_collector.cpp:1[m[K:
[3.837s] [01m[K/opt/ros/humble/include/geometry_msgs/geometry_msgs/msg/detail/point__struct.hpp:27:11:[m[K [01;36m[Knote: [m[K  â€˜[01m[Kgeometry_msgs::msg[m[Kâ€™
[3.837s]    27 | namespace [01;36m[Kmsg[m[K
[3.837s]       |           [01;36m[K^~~[m[K
[3.838s] In file included from [01m[K/opt/ros/humble/include/nav_msgs/nav_msgs/msg/odometry.hpp:7[m[K,
[3.838s]                  from [01m[K/home/pengyh/documents/ros2_ws/RobotAD/src/nuscenes_data_collector/include/nuscenes_data_collector/nuscenes_data_collector.hpp:19[m[K,
[3.838s]                  from [01m[K/home/pengyh/documents/ros2_ws/RobotAD/src/nuscenes_data_collector/src/nuscenes_data_collector.cpp:1[m[K:
[3.838s] [01m[K/opt/ros/humble/include/nav_msgs/nav_msgs/msg/detail/odometry__struct.hpp:35:11:[m[K [01;36m[Knote: [m[K  â€˜[01m[Knav_msgs::msg[m[Kâ€™
[3.838s]    35 | namespace [01;36m[Kmsg[m[K
[3.838s]       |           [01;36m[K^~~[m[K
[3.838s] In file included from [01m[K/opt/ros/humble/include/vision_msgs/vision_msgs/msg/detail/object_hypothesis_with_pose__struct.hpp:20[m[K,
[3.838s]                  from [01m[K/opt/ros/humble/include/vision_msgs/vision_msgs/msg/detail/detection3_d__struct.hpp:22[m[K,
[3.838s]                  from [01m[K/opt/ros/humble/include/vision_msgs/vision_msgs/msg/detail/detection3_d_array__struct.hpp:22[m[K,
[3.838s]                  from [01m[K/opt/ros/humble/include/vision_msgs/vision_msgs/msg/detection3_d_array.hpp:7[m[K,
[3.838s]                  from [01m[K/home/pengyh/documents/ros2_ws/RobotAD/src/nuscenes_data_collector/include/nuscenes_data_collector/nuscenes_data_collector.hpp:21[m[K,
[3.838s]                  from [01m[K/home/pengyh/documents/ros2_ws/RobotAD/src/nuscenes_data_collector/src/nuscenes_data_collector.cpp:1[m[K:
[3.838s] [01m[K/opt/ros/humble/include/vision_msgs/vision_msgs/msg/detail/object_hypothesis__struct.hpp:27:11:[m[K [01;36m[Knote: [m[K  â€˜[01m[Kvision_msgs::msg[m[Kâ€™
[3.838s]    27 | namespace [01;36m[Kmsg[m[K
[3.838s]       |           [01;36m[K^~~[m[K
[3.838s] In file included from [01m[K/opt/ros/humble/include/rosgraph_msgs/rosgraph_msgs/msg/clock.hpp:7[m[K,
[3.838s]                  from [01m[K/home/pengyh/documents/ros2_ws/RobotAD/src/nuscenes_data_collector/include/nuscenes_data_collector/nuscenes_data_collector.hpp:24[m[K,
[3.838s]                  from [01m[K/home/pengyh/documents/ros2_ws/RobotAD/src/nuscenes_data_collector/src/nuscenes_data_collector.cpp:1[m[K:
[3.838s] [01m[K/opt/ros/humble/include/rosgraph_msgs/rosgraph_msgs/msg/detail/clock__struct.hpp:31:11:[m[K [01;36m[Knote: [m[K  â€˜[01m[Krosgraph_msgs::msg[m[Kâ€™
[3.838s]    31 | namespace [01;36m[Kmsg[m[K
[3.838s]       |           [01;36m[K^~~[m[K
[3.838s] In file included from [01m[K/opt/ros/humble/include/pcl_msgs/pcl_msgs/msg/point_indices.hpp:7[m[K,
[3.838s]                  from [01m[K/opt/ros/humble/include/pcl_conversions/pcl_conversions/pcl_conversions.h:62[m[K,
[3.838s]                  from [01m[K/home/pengyh/documents/ros2_ws/RobotAD/src/nuscenes_data_collector/include/nuscenes_data_collector/nuscenes_data_collector.hpp:32[m[K,
[3.838s]                  from [01m[K/home/pengyh/documents/ros2_ws/RobotAD/src/nuscenes_data_collector/src/nuscenes_data_collector.cpp:1[m[K:
[3.838s] [01m[K/opt/ros/humble/include/pcl_msgs/pcl_msgs/msg/detail/point_indices__struct.hpp:31:11:[m[K [01;36m[Knote: [m[K  â€˜[01m[Kpcl_msgs::msg[m[Kâ€™
[3.838s]    31 | namespace [01;36m[Kmsg[m[K
[3.838s]       |           [01;36m[K^~~[m[K
[3.838s] In file included from [01m[K/home/pengyh/documents/ros2_ws/RobotAD/src/nuscenes_data_collector/src/nuscenes_data_collector.cpp:1[m[K:
[3.838s] [01m[K/home/pengyh/documents/ros2_ws/RobotAD/src/nuscenes_data_collector/include/nuscenes_data_collector/nuscenes_data_collector.hpp:629:60:[m[K [01;31m[Kerror: [m[Kâ€˜[01m[Kmsg[m[Kâ€™ was not declared in this scope
[3.838s]   629 |  msg->header.stamp.sec * 1e9 + [01;31m[Kmsg[m[K->header.stamp.nanosec;
[3.838s]       |                                [01;31m[K^~~[m[K
[3.838s] 
[3.838s] [01m[K/home/pengyh/documents/ros2_ws/RobotAD/src/nuscenes_data_collector/include/nuscenes_data_collector/nuscenes_data_collector.hpp:629:60:[m[K [01;36m[Knote: [m[Ksuggested alternatives:
[3.838s] In file included from [01m[K/opt/ros/humble/include/builtin_interfaces/builtin_interfaces/msg/duration.hpp:7[m[K,
[3.838s]                  from [01m[K/opt/ros/humble/include/rclcpp/rclcpp/duration.hpp:20[m[K,
[3.838s]                  from [01m[K/opt/ros/humble/include/rclcpp/rclcpp/qos.hpp:20[m[K,
[3.838s]                  from [01m[K/opt/ros/humble/include/rclcpp/rclcpp/node_interfaces/node_graph_interface.hpp:32[m[K,
[3.838s]                  from [01m[K/opt/ros/humble/include/rclcpp/rclcpp/client.hpp:42[m[K,
[3.838s]                  from [01m[K/opt/ros/humble/include/rclcpp/rclcpp/callback_group.hpp:24[m[K,
[3.838s]                  from [01m[K/opt/ros/humble/include/rclcpp/rclcpp/any_executable.hpp:20[m[K,
[3.838s]                  from [01m[K/opt/ros/humble/include/rclcpp/rclcpp/memory_strategy.hpp:25[m[K,
[3.838s]                  from [01m[K/opt/ros/humble/include/rclcpp/rclcpp/memory_strategies.hpp:18[m[K,
[3.838s]                  from [01m[K/opt/ros/humble/include/rclcpp/rclcpp/executor_options.hpp:20[m[K,
[3.838s]                  from [01m[K/opt/ros/humble/include/rclcpp/rclcpp/executor.hpp:37[m[K,
[3.839s]                  from [01m[K/opt/ros/humble/include/rclcpp/rclcpp/executors/multi_threaded_executor.hpp:25[m[K,
[3.839s]                  from [01m[K/opt/ros/humble/include/rclcpp/rclcpp/executors.hpp:21[m[K,
[3.839s]                  from [01m[K/opt/ros/humble/include/rclcpp/rclcpp/rclcpp.hpp:155[m[K,
[3.839s]                  from [01m[K/home/pengyh/documents/ros2_ws/RobotAD/src/nuscenes_data_collector/include/nuscenes_data_collector/nuscenes_data_collector.hpp:4[m[K,
[3.839s]                  from [01m[K/home/pengyh/documents/ros2_ws/RobotAD/src/nuscenes_data_collector/src/nuscenes_data_collector.cpp:1[m[K:
[3.839s] [01m[K/opt/ros/humble/include/builtin_interfaces/builtin_interfaces/msg/detail/duration__struct.hpp:27:11:[m[K [01;36m[Knote: [m[K  â€˜[01m[Kbuiltin_interfaces::msg[m[Kâ€™
[3.839s]    27 | namespace [01;36m[Kmsg[m[K
[3.839s]       |           [01;36m[K^~~[m[K
[3.839s] In file included from [01m[K/opt/ros/humble/include/rcl_interfaces/rcl_interfaces/msg/set_parameters_result.hpp:7[m[K,
[3.839s]                  from [01m[K/opt/ros/humble/include/rclcpp/rclcpp/qos_overriding_options.hpp:28[m[K,
[3.839s]                  from [01m[K/opt/ros/humble/include/rclcpp/rclcpp/subscription_options.hpp:30[m[K,
[3.839s]                  from [01m[K/opt/ros/humble/include/rclcpp/rclcpp/subscription.hpp:45[m[K,
[3.839s]                  from [01m[K/opt/ros/humble/include/rclcpp/rclcpp/any_executable.hpp:25[m[K,
[3.839s]                  from [01m[K/opt/ros/humble/include/rclcpp/rclcpp/memory_strategy.hpp:25[m[K,
[3.839s]                  from [01m[K/opt/ros/humble/include/rclcpp/rclcpp/memory_strategies.hpp:18[m[K,
[3.839s]                  from [01m[K/opt/ros/humble/include/rclcpp/rclcpp/executor_options.hpp:20[m[K,
[3.839s]                  from [01m[K/opt/ros/humble/include/rclcpp/rclcpp/executor.hpp:37[m[K,
[3.839s]                  from [01m[K/opt/ros/humble/include/rclcpp/rclcpp/executors/multi_threaded_executor.hpp:25[m[K,
[3.839s]                  from [01m[K/opt/ros/humble/include/rclcpp/rclcpp/executors.hpp:21[m[K,
[3.839s]                  from [01m[K/opt/ros/humble/include/rclcpp/rclcpp/rclcpp.hpp:155[m[K,
[3.839s]                  from [01m[K/home/pengyh/documents/ros2_ws/RobotAD/src/nuscenes_data_collector/include/nuscenes_data_collector/nuscenes_data_collector.hpp:4[m[K,
[3.839s]                  from [01m[K/home/pengyh/documents/ros2_ws/RobotAD/src/nuscenes_data_collector/src/nuscenes_data_collector.cpp:1[m[K:
[3.839s] [01m[K/opt/ros/humble/include/rcl_interfaces/rcl_interfaces/msg/detail/set_parameters_result__struct.hpp:27:11:[m[K [01;36m[Knote: [m[K  â€˜[01m[Krcl_interfaces::msg[m[Kâ€™
[3.839s]    27 | namespace [01;36m[Kmsg[m[K
[3.839s]       |           [01;36m[K^~~[m[K
[3.839s] In file included from [01m[K/opt/ros/humble/include/statistics_msgs/statistics_msgs/msg/detail/metrics_message__struct.hpp:23[m[K,
[3.839s]                  from [01m[K/opt/ros/humble/include/statistics_msgs/statistics_msgs/msg/metrics_message.hpp:7[m[K,
[3.839s]                  from [01m[K/opt/ros/humble/include/libstatistics_collector/libstatistics_collector/collector/generate_statistics_message.hpp:21[m[K,
[3.839s]                  from [01m[K/opt/ros/humble/include/rclcpp/rclcpp/topic_statistics/subscription_topic_statistics.hpp:23[m[K,
[3.839s]                  from [01m[K/opt/ros/humble/include/rclcpp/rclcpp/subscription.hpp:50[m[K,
[3.839s]                  from [01m[K/opt/ros/humble/include/rclcpp/rclcpp/any_executable.hpp:25[m[K,
[3.839s]                  from [01m[K/opt/ros/humble/include/rclcpp/rclcpp/memory_strategy.hpp:25[m[K,
[3.839s]                  from [01m[K/opt/ros/humble/include/rclcpp/rclcpp/memory_strategies.hpp:18[m[K,
[3.839s]                  from [01m[K/opt/ros/humble/include/rclcpp/rclcpp/executor_options.hpp:20[m[K,
[3.839s]                  from [01m[K/opt/ros/humble/include/rclcpp/rclcpp/executor.hpp:37[m[K,
[3.839s]                  from [01m[K/opt/ros/humble/include/rclcpp/rclcpp/executors/multi_threaded_executor.hpp:25[m[K,
[3.839s]                  from [01m[K/opt/ros/humble/include/rclcpp/rclcpp/executors.hpp:21[m[K,
[3.839s]                  from [01m[K/opt/ros/humble/include/rclcpp/rclcpp/rclcpp.hpp:155[m[K,
[3.839s]                  from [01m[K/home/pengyh/documents/ros2_ws/RobotAD/src/nuscenes_data_collector/include/nuscenes_data_collector/nuscenes_data_collector.hpp:4[m[K,
[3.839s]                  from [01m[K/home/pengyh/documents/ros2_ws/RobotAD/src/nuscenes_data_collector/src/nuscenes_data_collector.cpp:1[m[K:
[3.839s] [01m[K/opt/ros/humble/include/statistics_msgs/statistics_msgs/msg/detail/statistic_data_point__struct.hpp:27:11:[m[K [01;36m[Knote: [m[K  â€˜[01m[Kstatistics_msgs::msg[m[Kâ€™
[3.839s]    27 | namespace [01;36m[Kmsg[m[K
[3.839s]       |           [01;36m[K^~~[m[K
[3.839s] In file included from [01m[K/opt/ros/humble/include/sensor_msgs/sensor_msgs/msg/detail/image__struct.hpp:20[m[K,
[3.839s]                  from [01m[K/opt/ros/humble/include/sensor_msgs/sensor_msgs/msg/image.hpp:7[m[K,
[3.840s]                  from [01m[K/opt/ros/humble/include/cv_bridge/cv_bridge/cv_bridge.h:40[m[K,
[3.840s]                  from [01m[K/home/pengyh/documents/ros2_ws/RobotAD/src/nuscenes_data_collector/include/nuscenes_data_collector/nuscenes_data_collector.hpp:16[m[K,
[3.840s]                  from [01m[K/home/pengyh/documents/ros2_ws/RobotAD/src/nuscenes_data_collector/src/nuscenes_data_collector.cpp:1[m[K:
[3.840s] [01m[K/opt/ros/humble/include/std_msgs/std_msgs/msg/detail/header__struct.hpp:31:11:[m[K [01;36m[Knote: [m[K  â€˜[01m[Kstd_msgs::msg[m[Kâ€™
[3.840s]    31 | namespace [01;36m[Kmsg[m[K
[3.840s]       |           [01;36m[K^~~[m[K
[3.840s] In file included from [01m[K/opt/ros/humble/include/sensor_msgs/sensor_msgs/msg/image.hpp:7[m[K,
[3.840s]                  from [01m[K/opt/ros/humble/include/cv_bridge/cv_bridge/cv_bridge.h:40[m[K,
[3.840s]                  from [01m[K/home/pengyh/documents/ros2_ws/RobotAD/src/nuscenes_data_collector/include/nuscenes_data_collector/nuscenes_data_collector.hpp:16[m[K,
[3.840s]                  from [01m[K/home/pengyh/documents/ros2_ws/RobotAD/src/nuscenes_data_collector/src/nuscenes_data_collector.cpp:1[m[K:
[3.840s] [01m[K/opt/ros/humble/include/sensor_msgs/sensor_msgs/msg/detail/image__struct.hpp:31:11:[m[K [01;36m[Knote: [m[K  â€˜[01m[Ksensor_msgs::msg[m[Kâ€™
[3.840s]    31 | namespace [01;36m[Kmsg[m[K
[3.840s]       |           [01;36m[K^~~[m[K
[3.840s] In file included from [01m[K/opt/ros/humble/include/geometry_msgs/geometry_msgs/msg/detail/pose__struct.hpp:20[m[K,
[3.840s]                  from [01m[K/opt/ros/humble/include/geometry_msgs/geometry_msgs/msg/detail/pose_with_covariance__struct.hpp:20[m[K,
[3.840s]                  from [01m[K/opt/ros/humble/include/nav_msgs/nav_msgs/msg/detail/odometry__struct.hpp:22[m[K,
[3.840s]                  from [01m[K/opt/ros/humble/include/nav_msgs/nav_msgs/msg/odometry.hpp:7[m[K,
[3.840s]                  from [01m[K/home/pengyh/documents/ros2_ws/RobotAD/src/nuscenes_data_collector/include/nuscenes_data_collector/nuscenes_data_collector.hpp:19[m[K,
[3.840s]                  from [01m[K/home/pengyh/documents/ros2_ws/RobotAD/src/nuscenes_data_collector/src/nuscenes_data_collector.cpp:1[m[K:
[3.840s] [01m[K/opt/ros/humble/include/geometry_msgs/geometry_msgs/msg/detail/point__struct.hpp:27:11:[m[K [01;36m[Knote: [m[K  â€˜[01m[Kgeometry_msgs::msg[m[Kâ€™
[3.840s]    27 | namespace [01;36m[Kmsg[m[K
[3.840s]       |           [01;36m[K^~~[m[K
[3.840s] In file included from [01m[K/opt/ros/humble/include/nav_msgs/nav_msgs/msg/odometry.hpp:7[m[K,
[3.840s]                  from [01m[K/home/pengyh/documents/ros2_ws/RobotAD/src/nuscenes_data_collector/include/nuscenes_data_collector/nuscenes_data_collector.hpp:19[m[K,
[3.840s]                  from [01m[K/home/pengyh/documents/ros2_ws/RobotAD/src/nuscenes_data_collector/src/nuscenes_data_collector.cpp:1[m[K:
[3.840s] [01m[K/opt/ros/humble/include/nav_msgs/nav_msgs/msg/detail/odometry__struct.hpp:35:11:[m[K [01;36m[Knote: [m[K  â€˜[01m[Knav_msgs::msg[m[Kâ€™
[3.840s]    35 | namespace [01;36m[Kmsg[m[K
[3.840s]       |           [01;36m[K^~~[m[K
[3.840s] In file included from [01m[K/opt/ros/humble/include/vision_msgs/vision_msgs/msg/detail/object_hypothesis_with_pose__struct.hpp:20[m[K,
[3.840s]                  from [01m[K/opt/ros/humble/include/vision_msgs/vision_msgs/msg/detail/detection3_d__struct.hpp:22[m[K,
[3.840s]                  from [01m[K/opt/ros/humble/include/vision_msgs/vision_msgs/msg/detail/detection3_d_array__struct.hpp:22[m[K,
[3.840s]                  from [01m[K/opt/ros/humble/include/vision_msgs/vision_msgs/msg/detection3_d_array.hpp:7[m[K,
[3.840s]                  from [01m[K/home/pengyh/documents/ros2_ws/RobotAD/src/nuscenes_data_collector/include/nuscenes_data_collector/nuscenes_data_collector.hpp:21[m[K,
[3.840s]                  from [01m[K/home/pengyh/documents/ros2_ws/RobotAD/src/nuscenes_data_collector/src/nuscenes_data_collector.cpp:1[m[K:
[3.840s] [01m[K/opt/ros/humble/include/vision_msgs/vision_msgs/msg/detail/object_hypothesis__struct.hpp:27:11:[m[K [01;36m[Knote: [m[K  â€˜[01m[Kvision_msgs::msg[m[Kâ€™
[3.840s]    27 | namespace [01;36m[Kmsg[m[K
[3.840s]       |           [01;36m[K^~~[m[K
[3.841s] In file included from [01m[K/opt/ros/humble/include/rosgraph_msgs/rosgraph_msgs/msg/clock.hpp:7[m[K,
[3.841s]                  from [01m[K/home/pengyh/documents/ros2_ws/RobotAD/src/nuscenes_data_collector/include/nuscenes_data_collector/nuscenes_data_collector.hpp:24[m[K,
[3.841s]                  from [01m[K/home/pengyh/documents/ros2_ws/RobotAD/src/nuscenes_data_collector/src/nuscenes_data_collector.cpp:1[m[K:
[3.841s] [01m[K/opt/ros/humble/include/rosgraph_msgs/rosgraph_msgs/msg/detail/clock__struct.hpp:31:11:[m[K [01;36m[Knote: [m[K  â€˜[01m[Krosgraph_msgs::msg[m[Kâ€™
[3.841s]    31 | namespace [01;36m[Kmsg[m[K
[3.841s]       |           [01;36m[K^~~[m[K
[3.841s] In file included from [01m[K/opt/ros/humble/include/pcl_msgs/pcl_msgs/msg/point_indices.hpp:7[m[K,
[3.841s]                  from [01m[K/opt/ros/humble/include/pcl_conversions/pcl_conversions/pcl_conversions.h:62[m[K,
[3.841s]                  from [01m[K/home/pengyh/documents/ros2_ws/RobotAD/src/nuscenes_data_collector/include/nuscenes_data_collector/nuscenes_data_collector.hpp:32[m[K,
[3.841s]                  from [01m[K/home/pengyh/documents/ros2_ws/RobotAD/src/nuscenes_data_collector/src/nuscenes_data_collector.cpp:1[m[K:
[3.841s] [01m[K/opt/ros/humble/include/pcl_msgs/pcl_msgs/msg/detail/point_indices__struct.hpp:31:11:[m[K [01;36m[Knote: [m[K  â€˜[01m[Kpcl_msgs::msg[m[Kâ€™
[3.841s]    31 | namespace [01;36m[Kmsg[m[K
[3.841s]       |           [01;36m[K^~~[m[K
[3.841s] In file included from [01m[K/home/pengyh/documents/ros2_ws/RobotAD/src/nuscenes_data_collector/src/nuscenes_data_collector.cpp:1[m[K:
[3.841s] [01m[K/home/pengyh/documents/ros2_ws/RobotAD/src/nuscenes_data_collector/include/nuscenes_data_collector/nuscenes_data_collector.hpp:630:30:[m[K [01;31m[Kerror: [m[Kâ€˜[01m[Kdata_type[m[Kâ€™ was not declared in this scope; did you mean â€˜[01m[Krosidl_generator_traits::data_type[m[Kâ€™?
[3.841s]   630 |         bool is_key_frame = ([01;31m[Kdata_type[m[K == "samples");  // Example of setting key frame flag
[3.841s]       |                              [01;31m[K^~~~~~~~~[m[K
[3.841s]       |                              [32m[Krosidl_generator_traits::data_type[m[K
[3.841s] In file included from [01m[K/opt/ros/humble/include/builtin_interfaces/builtin_interfaces/msg/detail/duration__traits.hpp:15[m[K,
[3.841s]                  from [01m[K/opt/ros/humble/include/builtin_interfaces/builtin_interfaces/msg/duration.hpp:9[m[K,
[3.841s]                  from [01m[K/opt/ros/humble/include/rclcpp/rclcpp/duration.hpp:20[m[K,
[3.841s]                  from [01m[K/opt/ros/humble/include/rclcpp/rclcpp/qos.hpp:20[m[K,
[3.841s]                  from [01m[K/opt/ros/humble/include/rclcpp/rclcpp/node_interfaces/node_graph_interface.hpp:32[m[K,
[3.841s]                  from [01m[K/opt/ros/humble/include/rclcpp/rclcpp/client.hpp:42[m[K,
[3.841s]                  from [01m[K/opt/ros/humble/include/rclcpp/rclcpp/callback_group.hpp:24[m[K,
[3.841s]                  from [01m[K/opt/ros/humble/include/rclcpp/rclcpp/any_executable.hpp:20[m[K,
[3.841s]                  from [01m[K/opt/ros/humble/include/rclcpp/rclcpp/memory_strategy.hpp:25[m[K,
[3.841s]                  from [01m[K/opt/ros/humble/include/rclcpp/rclcpp/memory_strategies.hpp:18[m[K,
[3.841s]                  from [01m[K/opt/ros/humble/include/rclcpp/rclcpp/executor_options.hpp:20[m[K,
[3.841s]                  from [01m[K/opt/ros/humble/include/rclcpp/rclcpp/executor.hpp:37[m[K,
[3.841s]                  from [01m[K/opt/ros/humble/include/rclcpp/rclcpp/executors/multi_threaded_executor.hpp:25[m[K,
[3.841s]                  from [01m[K/opt/ros/humble/include/rclcpp/rclcpp/executors.hpp:21[m[K,
[3.841s]                  from [01m[K/opt/ros/humble/include/rclcpp/rclcpp/rclcpp.hpp:155[m[K,
[3.841s]                  from [01m[K/home/pengyh/documents/ros2_ws/RobotAD/src/nuscenes_data_collector/include/nuscenes_data_collector/nuscenes_data_collector.hpp:4[m[K,
[3.841s]                  from [01m[K/home/pengyh/documents/ros2_ws/RobotAD/src/nuscenes_data_collector/src/nuscenes_data_collector.cpp:1[m[K:
[3.841s] [01m[K/opt/ros/humble/include/rosidl_runtime_cpp/rosidl_runtime_cpp/traits.hpp:152:21:[m[K [01;36m[Knote: [m[Kâ€˜[01m[Krosidl_generator_traits::data_type[m[Kâ€™ declared here
[3.841s]   152 | inline const char * [01;36m[Kdata_type[m[K();
[3.841s]       |                     [01;36m[K^~~~~~~~~[m[K
[3.854s] In file included from [01m[K/home/pengyh/documents/ros2_ws/RobotAD/src/nuscenes_data_collector/src/nuscenes_data_collector.cpp:1[m[K:
[3.854s] [01m[K/home/pengyh/documents/ros2_ws/RobotAD/src/nuscenes_data_collector/include/nuscenes_data_collector/nuscenes_data_collector.hpp:631:58:[m[K [01;31m[Kerror: [m[Kâ€˜[01m[Ksample_frame_[m[Kâ€™ was not declared in this scope
[3.854s]   631 | _token = generate_sample_token([01;31m[Ksample_frame_[m[K, start_system_time_token_);
[3.854s]       |                                [01;31m[K^~~~~~~~~~~~~[m[K
[3.854s] 
[3.886s] [01m[K/home/pengyh/documents/ros2_ws/RobotAD/src/nuscenes_data_collector/include/nuscenes_data_collector/nuscenes_data_collector.hpp:631:73:[m[K [01;31m[Kerror: [m[Kâ€˜[01m[Kstart_system_time_token_[m[Kâ€™ was not declared in this scope
[3.886s]   631 | te_sample_token(sample_frame_, [01;31m[Kstart_system_time_token_[m[K);
[3.886s]       |                                [01;31m[K^~~~~~~~~~~~~~~~~~~~~~~~[m[K
[3.886s] 
[3.914s] [01m[K/home/pengyh/documents/ros2_ws/RobotAD/src/nuscenes_data_collector/include/nuscenes_data_collector/nuscenes_data_collector.hpp:632:63:[m[K [01;31m[Kerror: [m[Kâ€˜[01m[Kdevices_frame_count_[m[Kâ€™ was not declared in this scope
[3.914s]   632 | _token = generate_unique_token([01;31m[Kdevices_frame_count_[m[K[device_name], device_name, start_system_time_token_);
[3.914s]       |                                [01;31m[K^~~~~~~~~~~~~~~~~~~~[m[K
[3.914s] 
[3.928s] [01m[K/home/pengyh/documents/ros2_ws/RobotAD/src/nuscenes_data_collector/include/nuscenes_data_collector/nuscenes_data_collector.hpp:632:84:[m[K [01;31m[Kerror: [m[Kâ€˜[01m[Kdevice_name[m[Kâ€™ was not declared in this scope
[3.928s]   632 | que_token(devices_frame_count_[[01;31m[Kdevice_name[m[K], device_name, start_system_time_token_);
[3.928s]       |                                [01;31m[K^~~~~~~~~~~[m[K
[3.928s] 
[3.942s] [01m[K/home/pengyh/documents/ros2_ws/RobotAD/src/nuscenes_data_collector/include/nuscenes_data_collector/nuscenes_data_collector.hpp:632:98:[m[K [01;31m[Kerror: [m[Kâ€˜[01m[Kdevice_name[m[Kâ€™ was not declared in this scope
[3.943s]   632 | ces_frame_count_[device_name], [01;31m[Kdevice_name[m[K, start_system_time_token_);
[3.943s]       |                                [01;31m[K^~~~~~~~~~~[m[K
[3.943s] 
[3.973s] [01m[K/home/pengyh/documents/ros2_ws/RobotAD/src/nuscenes_data_collector/include/nuscenes_data_collector/nuscenes_data_collector.hpp:632:111:[m[K [01;31m[Kerror: [m[Kâ€˜[01m[Kstart_system_time_token_[m[Kâ€™ was not declared in this scope
[3.973s]   632 | nt_[device_name], device_name, [01;31m[Kstart_system_time_token_[m[K);
[3.973s]       |                                [01;31m[K^~~~~~~~~~~~~~~~~~~~~~~~[m[K
[3.973s] 
[3.996s] [01m[K/home/pengyh/documents/ros2_ws/RobotAD/src/nuscenes_data_collector/include/nuscenes_data_collector/nuscenes_data_collector.hpp:647:69:[m[K [01;31m[Kerror: [m[Kâ€˜[01m[Kcalibrated_sensor_token_map_[m[Kâ€™ was not declared in this scope; did you mean â€˜[01m[Kcalibrated_sensor_token[m[Kâ€™?
[3.996s]   647 | _token = get_calibration_token([01;31m[Kcalibrated_sensor_token_map_[m[K, device_name);
[3.996s]       |                                [01;31m[K^~~~~~~~~~~~~~~~~~~~~~~~~~~~[m[K
[3.996s]       |                                [32m[Kcalibrated_sensor_token[m[K
[4.010s] [01m[K/home/pengyh/documents/ros2_ws/RobotAD/src/nuscenes_data_collector/include/nuscenes_data_collector/nuscenes_data_collector.hpp:647:99:[m[K [01;31m[Kerror: [m[Kâ€˜[01m[Kdevice_name[m[Kâ€™ was not declared in this scope
[4.010s]   647 | (calibrated_sensor_token_map_, [01;31m[Kdevice_name[m[K);
[4.010s]       |                                [01;31m[K^~~~~~~~~~~[m[K
[4.010s] 
[4.029s] [01m[K/home/pengyh/documents/ros2_ws/RobotAD/src/nuscenes_data_collector/include/nuscenes_data_collector/nuscenes_data_collector.hpp:652:57:[m[K [01;31m[Kerror: [m[Kâ€˜[01m[Kcloud_save_file[m[Kâ€™ was not declared in this scope
[4.029s]   652 | ive_path = extractRelativePath([01;31m[Kcloud_save_file[m[K);
[4.029s]       |                                [01;31m[K^~~~~~~~~~~~~~~[m[K
[4.029s] 
[4.055s] [01m[K/home/pengyh/documents/ros2_ws/RobotAD/src/nuscenes_data_collector/include/nuscenes_data_collector/nuscenes_data_collector.hpp:652:37:[m[K [01;31m[Kerror: [m[Kâ€˜[01m[KextractRelativePath[m[Kâ€™ was not declared in this scope
[4.055s]   652 |    std::string relative_path = [01;31m[KextractRelativePath[m[K(cloud_save_file);
[4.055s]       |                                [01;31m[K^~~~~~~~~~~~~~~~~~~[m[K
[4.055s] 
[4.055s] In file included from [01m[K/home/pengyh/documents/ros2_ws/RobotAD/src/nuscenes_data_collector/src/nuscenes_data_collector.cpp:1[m[K:
[4.055s] [01m[K/home/pengyh/documents/ros2_ws/RobotAD/src/nuscenes_data_collector/include/nuscenes_data_collector/nuscenes_data_collector.hpp:[m[K In constructor â€˜[01m[KNuScenesDataCollector::NuScenesDataCollector()[m[Kâ€™:
[4.055s] [01m[K/home/pengyh/documents/ros2_ws/RobotAD/src/nuscenes_data_collector/include/nuscenes_data_collector/nuscenes_data_collector.hpp:66:7:[m[K [01;31m[Kerror: [m[Kclass â€˜[01m[KNuScenesDataCollector[m[Kâ€™ does not have any field named â€˜[01m[Kroot_path_[m[Kâ€™
[4.055s]    66 |       [01;31m[Kroot_path_[m[K(this->declare_parameter<std::string>("root_path_", "/home/pyh/Documents/ros2_ws/RobotAD_Issac_ws/NuscenesData")), // ä»Žå‚æ•°ä¸­èŽ·å– root_path_
[4.055s]       |       [01;31m[K^~~~~~~~~~[m[K
[4.055s] In file included from [01m[K/home/pengyh/documents/ros2_ws/RobotAD/src/nuscenes_data_collector/src/nuscenes_data_collector.cpp:1[m[K:
[4.056s] [01m[K/home/pengyh/documents/ros2_ws/RobotAD/src/nuscenes_data_collector/include/nuscenes_data_collector/nuscenes_data_collector.hpp:67:7:[m[K [01;31m[Kerror: [m[Kclass â€˜[01m[KNuScenesDataCollector[m[Kâ€™ does not have any field named â€˜[01m[Kjson_paths_[m[Kâ€™
[4.056s]    67 |       [01;31m[Kjson_paths_[m[K({ // json init
[4.056s]       |       [01;31m[K^~~~~~~~~~~[m[K
[4.067s] [01m[K/home/pengyh/documents/ros2_ws/RobotAD/src/nuscenes_data_collector/include/nuscenes_data_collector/nuscenes_data_collector.hpp:68:11:[m[K [01;31m[Kerror: [m[Kâ€˜[01m[Kroot_path_[m[Kâ€™ was not declared in this scope
[4.067s]    68 |           [01;31m[Kroot_path_[m[K + "/ego_pose.json",
[4.067s]       |           [01;31m[K^~~~~~~~~~[m[K
[4.067s] [01m[K/home/pengyh/documents/ros2_ws/RobotAD/src/nuscenes_data_collector/include/nuscenes_data_collector/nuscenes_data_collector.hpp:78:7:[m[K [01;31m[Kerror: [m[Kclass â€˜[01m[KNuScenesDataCollector[m[Kâ€™ does not have any field named â€˜[01m[Kjson_writer_[m[Kâ€™
[4.067s]    78 |       [01;31m[Kjson_writer_[m[K(json_paths_)                     // å°† logger ä¼ é€’ç»™ json_writer_
[4.067s]       |       [01;31m[K^~~~~~~~~~~~[m[K
[4.082s] [01m[K/home/pengyh/documents/ros2_ws/RobotAD/src/nuscenes_data_collector/include/nuscenes_data_collector/nuscenes_data_collector.hpp:78:20:[m[K [01;31m[Kerror: [m[Kâ€˜[01m[Kjson_paths_[m[Kâ€™ was not declared in this scope
[4.082s]    78 |       json_writer_([01;31m[Kjson_paths_[m[K)                     // å°† logger ä¼ é€’ç»™ json_writer_
[4.082s]       |                    [01;31m[K^~~~~~~~~~~[m[K
[4.099s] [01m[K/home/pengyh/documents/ros2_ws/RobotAD/src/nuscenes_data_collector/include/nuscenes_data_collector/nuscenes_data_collector.hpp:115:44:[m[K [01;31m[Kerror: [m[Kâ€˜[01m[Kscene_mode_[m[Kâ€™ was not declared in this scope
[4.099s]   115 | ->get_parameter("scene_mode_", [01;31m[Kscene_mode_[m[K);
[4.099s]       |                                [01;31m[K^~~~~~~~~~~[m[K
[4.099s] 
[4.115s] [01m[K/home/pengyh/documents/ros2_ws/RobotAD/src/nuscenes_data_collector/include/nuscenes_data_collector/nuscenes_data_collector.hpp:116:45:[m[K [01;31m[Kerror: [m[Kâ€˜[01m[Krobot_model_[m[Kâ€™ was not declared in this scope
[4.115s]   116 | >get_parameter("robot_model_", [01;31m[Krobot_model_[m[K);
[4.115s]       |                                [01;31m[K^~~~~~~~~~~~[m[K
[4.115s] 
[4.125s] [01m[K/home/pengyh/documents/ros2_ws/RobotAD/src/nuscenes_data_collector/include/nuscenes_data_collector/nuscenes_data_collector.hpp:117:42:[m[K [01;31m[Kerror: [m[Kâ€˜[01m[Kmap_name_[m[Kâ€™ was not declared in this scope
[4.125s]   117 | is->get_parameter("map_name_", [01;31m[Kmap_name_[m[K);
[4.125s]       |                                [01;31m[K^~~~~~~~~[m[K
[4.125s] 
[4.148s] [01m[K/home/pengyh/documents/ros2_ws/RobotAD/src/nuscenes_data_collector/include/nuscenes_data_collector/nuscenes_data_collector.hpp:119:50:[m[K [01;31m[Kerror: [m[Kâ€˜[01m[Ksample_frequency_[m[Kâ€™ was not declared in this scope
[4.148s]   119 | parameter("sample_frequency_", [01;31m[Ksample_frequency_[m[K);
[4.148s]       |                                [01;31m[K^~~~~~~~~~~~~~~~~[m[K
[4.148s] 
[4.163s] [01m[K/home/pengyh/documents/ros2_ws/RobotAD/src/nuscenes_data_collector/include/nuscenes_data_collector/nuscenes_data_collector.hpp:120:48:[m[K [01;31m[Kerror: [m[Kâ€˜[01m[Ksample_sensors_[m[Kâ€™ was not declared in this scope; did you mean â€˜[01m[Kadd_sample_sensors[m[Kâ€™?
[4.163s]   120 | t_parameter("sample_sensors_", [01;31m[Ksample_sensors_[m[K);
[4.163s]       |                                [01;31m[K^~~~~~~~~~~~~~~[m[K
[4.163s]       |                                [32m[Kadd_sample_sensors[m[K
[4.182s] [01m[K/home/pengyh/documents/ros2_ws/RobotAD/src/nuscenes_data_collector/include/nuscenes_data_collector/nuscenes_data_collector.hpp:132:17:[m[K [01;31m[Kerror: [m[Kâ€˜[01m[Ksensor_token_map_[m[Kâ€™ was not declared in this scope; did you mean â€˜[01m[Ksensor_token_map_json[m[Kâ€™?
[4.182s]   132 |                 [01;31m[Ksensor_token_map_[m[K[it.key()] = it.value();
[4.183s]       |                 [01;31m[K^~~~~~~~~~~~~~~~~[m[K
[4.183s]       |                 [32m[Ksensor_token_map_json[m[K
[4.201s] [01m[K/home/pengyh/documents/ros2_ws/RobotAD/src/nuscenes_data_collector/include/nuscenes_data_collector/nuscenes_data_collector.hpp:137:17:[m[K [01;31m[Kerror: [m[Kâ€˜[01m[Kcalibrated_sensor_token_map_[m[Kâ€™ was not declared in this scope; did you mean â€˜[01m[Kcalibrated_sensor_token_map_json[m[Kâ€™?
[4.201s]   137 |                 [01;31m[Kcalibrated_sensor_token_map_[m[K[it.key()] = it.value();
[4.201s]       |                 [01;31m[K^~~~~~~~~~~~~~~~~~~~~~~~~~~~[m[K
[4.202s]       |                 [32m[Kcalibrated_sensor_token_map_json[m[K
[4.228s] [01m[K/home/pengyh/documents/ros2_ws/RobotAD/src/nuscenes_data_collector/include/nuscenes_data_collector/nuscenes_data_collector.hpp:145:53:[m[K [01;31m[Kerror: [m[Kâ€˜[01m[Ktarget_sample_frame_[m[Kâ€™ was not declared in this scope
[4.228s]   145 | ameter("target_sample_frame_", [01;31m[Ktarget_sample_frame_[m[K);
[4.228s]       |                                [01;31m[K^~~~~~~~~~~~~~~~~~~~[m[K
[4.228s] 
[4.243s] [01m[K/home/pengyh/documents/ros2_ws/RobotAD/src/nuscenes_data_collector/include/nuscenes_data_collector/nuscenes_data_collector.hpp:146:45:[m[K [01;31m[Kerror: [m[Kâ€˜[01m[Kscene_frame_[m[Kâ€™ was not declared in this scope
[4.243s]   146 | >get_parameter("scene_frame_", [01;31m[Kscene_frame_[m[K);
[4.243s]       |                                [01;31m[K^~~~~~~~~~~~[m[K
[4.243s] 
[4.276s] [01m[K/home/pengyh/documents/ros2_ws/RobotAD/src/nuscenes_data_collector/include/nuscenes_data_collector/nuscenes_data_collector.hpp:147:59:[m[K [01;31m[Kerror: [m[Kâ€˜[01m[Ksample_scene_recoder_name_[m[Kâ€™ was not declared in this scope
[4.276s]   147 | ("sample_scene_recoder_name_", [01;31m[Ksample_scene_recoder_name_[m[K);
[4.276s]       |                                [01;31m[K^~~~~~~~~~~~~~~~~~~~~~~~~~[m[K
[4.276s] 
[4.294s] [01m[K/home/pengyh/documents/ros2_ws/RobotAD/src/nuscenes_data_collector/include/nuscenes_data_collector/nuscenes_data_collector.hpp:166:41:[m[K [01;31m[Kerror: [m[Kâ€˜[01m[Ksensor_token_map_[m[Kâ€™ was not declared in this scope; did you mean â€˜[01m[Ksensor_token_map_json[m[Kâ€™?
[4.294s]   166 | or (const auto& [key, value] : [01;31m[Ksensor_token_map_[m[K) {
[4.294s]       |                                [01;31m[K^~~~~~~~~~~~~~~~~[m[K
[4.294s]       |                                [32m[Ksensor_token_map_json[m[K
[4.314s] [01m[K/home/pengyh/documents/ros2_ws/RobotAD/src/nuscenes_data_collector/include/nuscenes_data_collector/nuscenes_data_collector.hpp:172:41:[m[K [01;31m[Kerror: [m[Kâ€˜[01m[Kcalibrated_sensor_token_map_[m[Kâ€™ was not declared in this scope; did you mean â€˜[01m[Kcalibrated_sensor_token_map_json[m[Kâ€™?
[4.314s]   172 | or (const auto& [key, value] : [01;31m[Kcalibrated_sensor_token_map_[m[K) {
[4.314s]       |                                [01;31m[K^~~~~~~~~~~~~~~~~~~~~~~~~~~~[m[K
[4.314s]       |                                [32m[Kcalibrated_sensor_token_map_json[m[K
[4.329s] [01m[K/home/pengyh/documents/ros2_ws/RobotAD/src/nuscenes_data_collector/include/nuscenes_data_collector/nuscenes_data_collector.hpp:178:13:[m[K [01;31m[Kerror: [m[Kâ€˜[01m[Kjson_writer_[m[Kâ€™ was not declared in this scope
[4.329s]   178 |         if ([01;31m[Kjson_writer_[m[K.isLoadError()) {
[4.329s]       |             [01;31m[K^~~~~~~~~~~~[m[K
[4.349s] [01m[K/home/pengyh/documents/ros2_ws/RobotAD/src/nuscenes_data_collector/include/nuscenes_data_collector/nuscenes_data_collector.hpp:192:9:[m[K [01;31m[Kerror: [m[Kâ€˜[01m[Kodom_subscription_[m[Kâ€™ was not declared in this scope; did you mean â€˜[01m[Krmw_subscription_t[m[Kâ€™?
[4.349s]   192 |         [01;31m[Kodom_subscription_[m[K = this->create_subscription<nav_msgs::msg::Odometry>(
[4.349s]       |         [01;31m[K^~~~~~~~~~~~~~~~~~[m[K
[4.349s]       |         [32m[Krmw_subscription_t[m[K
[4.360s] [01m[K/home/pengyh/documents/ros2_ws/RobotAD/src/nuscenes_data_collector/include/nuscenes_data_collector/nuscenes_data_collector.hpp:193:13:[m[K [01;31m[Kerror: [m[Kâ€˜[01m[Kodom_topic_[m[Kâ€™ was not declared in this scope; did you mean â€˜[01m[Knode_topics_[m[Kâ€™?
[4.360s]   193 |             [01;31m[Kodom_topic_[m[K, qos_profile, [this](const nav_msgs::msg::Odometry::SharedPtr msg) {
[4.360s]       |             [01;31m[K^~~~~~~~~~~[m[K
[4.360s]       |             [32m[Knode_topics_[m[K
[4.384s] [01m[K/home/pengyh/documents/ros2_ws/RobotAD/src/nuscenes_data_collector/include/nuscenes_data_collector/nuscenes_data_collector.hpp:199:9:[m[K [01;31m[Kerror: [m[Kâ€˜[01m[Klidar_subscription_[m[Kâ€™ was not declared in this scope; did you mean â€˜[01m[Kcreate_subscription[m[Kâ€™?
[4.384s]   199 |         [01;31m[Klidar_subscription_[m[K = this->create_subscription<sensor_msgs::msg::PointCloud2>(
[4.384s]       |         [01;31m[K^~~~~~~~~~~~~~~~~~~[m[K
[4.384s]       |         [32m[Kcreate_subscription[m[K
[4.400s] [01m[K/home/pengyh/documents/ros2_ws/RobotAD/src/nuscenes_data_collector/include/nuscenes_data_collector/nuscenes_data_collector.hpp:200:13:[m[K [01;31m[Kerror: [m[Kâ€˜[01m[Klidar_topic_[m[Kâ€™ was not declared in this scope
[4.400s]   200 |             [01;31m[Klidar_topic_[m[K, qos_profile, [this](const sensor_msgs::msg::PointCloud2::SharedPtr msg) {
[4.400s]       |             [01;31m[K^~~~~~~~~~~~[m[K
[4.418s] [01m[K/home/pengyh/documents/ros2_ws/RobotAD/src/nuscenes_data_collector/include/nuscenes_data_collector/nuscenes_data_collector.hpp:206:9:[m[K [01;31m[Kerror: [m[Kâ€˜[01m[Kimu_subscription_[m[Kâ€™ was not declared in this scope; did you mean â€˜[01m[Krmw_subscription_t[m[Kâ€™?
[4.418s]   206 |         [01;31m[Kimu_subscription_[m[K = this->create_subscription<sensor_msgs::msg::Imu>(
[4.418s]       |         [01;31m[K^~~~~~~~~~~~~~~~~[m[K
[4.418s]       |         [32m[Krmw_subscription_t[m[K
[4.429s] [01m[K/home/pengyh/documents/ros2_ws/RobotAD/src/nuscenes_data_collector/include/nuscenes_data_collector/nuscenes_data_collector.hpp:207:13:[m[K [01;31m[Kerror: [m[Kâ€˜[01m[Kimu_topic_[m[Kâ€™ was not declared in this scope
[4.429s]   207 |             [01;31m[Kimu_topic_[m[K,        // æ›¿æ¢ä¸ºæ‚¨çš„ IMU ä¸»é¢˜åç§°ï¼Œä¾‹å¦‚ "/sensor/imu"
[4.429s]       |             [01;31m[K^~~~~~~~~~[m[K
[4.448s] [01m[K/home/pengyh/documents/ros2_ws/RobotAD/src/nuscenes_data_collector/include/nuscenes_data_collector/nuscenes_data_collector.hpp:215:21:[m[K [01;31m[Kerror: [m[Kâ€˜[01m[Kcamera_names_[m[Kâ€™ was not declared in this scope
[4.448s]   215 |         for(auto c: [01;31m[Kcamera_names_[m[K) add_sample_sensors(c);
[4.448s]       |                     [01;31m[K^~~~~~~~~~~~~[m[K
[4.475s] [01m[K/home/pengyh/documents/ros2_ws/RobotAD/src/nuscenes_data_collector/include/nuscenes_data_collector/nuscenes_data_collector.hpp:218:13:[m[K [01;31m[Kerror: [m[Kâ€˜[01m[Kdevices_frame_count_[m[Kâ€™ was not declared in this scope
[4.475s]   218 |             [01;31m[Kdevices_frame_count_[m[K[device] = 0;
[4.475s]       |             [01;31m[K^~~~~~~~~~~~~~~~~~~~[m[K
[4.497s] [01m[K/home/pengyh/documents/ros2_ws/RobotAD/src/nuscenes_data_collector/include/nuscenes_data_collector/nuscenes_data_collector.hpp:219:13:[m[K [01;31m[Kerror: [m[Kâ€˜[01m[Ksample_triggers_[m[Kâ€™ was not declared in this scope
[4.497s]   219 |             [01;31m[Ksample_triggers_[m[K[device] = true;
[4.497s]       |             [01;31m[K^~~~~~~~~~~~~~~~[m[K
[4.519s] [01m[K/home/pengyh/documents/ros2_ws/RobotAD/src/nuscenes_data_collector/include/nuscenes_data_collector/nuscenes_data_collector.hpp:220:13:[m[K [01;31m[Kerror: [m[Kâ€˜[01m[Ksample_done_sign_[m[Kâ€™ was not declared in this scope
[4.519s]   220 |             [01;31m[Ksample_done_sign_[m[K[device] = false;
[4.519s]       |             [01;31m[K^~~~~~~~~~~~~~~~~[m[K
[4.550s] [01m[K/home/pengyh/documents/ros2_ws/RobotAD/src/nuscenes_data_collector/include/nuscenes_data_collector/nuscenes_data_collector.hpp:222:9:[m[K [01;31m[Kerror: [m[Kâ€˜[01m[Kstart_system_time_token_[m[Kâ€™ was not declared in this scope
[4.550s]   222 |         [01;31m[Kstart_system_time_token_[m[K = get_cur_system_time();
[4.550s]       |         [01;31m[K^~~~~~~~~~~~~~~~~~~~~~~~[m[K
[4.574s] [01m[K/home/pengyh/documents/ros2_ws/RobotAD/src/nuscenes_data_collector/include/nuscenes_data_collector/nuscenes_data_collector.hpp:222:36:[m[K [01;31m[Kerror: [m[Kâ€˜[01m[Kget_cur_system_time[m[Kâ€™ was not declared in this scope
[4.575s]   222 |     start_system_time_token_ = [01;31m[Kget_cur_system_time[m[K();
[4.575s]       |                                [01;31m[K^~~~~~~~~~~~~~~~~~~[m[K
[4.575s] 
[4.608s] [01m[K/home/pengyh/documents/ros2_ws/RobotAD/src/nuscenes_data_collector/include/nuscenes_data_collector/nuscenes_data_collector.hpp:223:9:[m[K [01;31m[Kerror: [m[Kâ€˜[01m[Kscene_sample_frame_count_[m[Kâ€™ was not declared in this scope
[4.608s]   223 |         [01;31m[Kscene_sample_frame_count_[m[K = 0;
[4.608s]       |         [01;31m[K^~~~~~~~~~~~~~~~~~~~~~~~~[m[K
[4.632s] [01m[K/home/pengyh/documents/ros2_ws/RobotAD/src/nuscenes_data_collector/include/nuscenes_data_collector/nuscenes_data_collector.hpp:225:9:[m[K [01;31m[Kerror: [m[Kâ€˜[01m[Klast_sample_time_[m[Kâ€™ was not declared in this scope
[4.632s]   225 |         [01;31m[Klast_sample_time_[m[K = rclcpp::Time(0);
[4.632s]       |         [01;31m[K^~~~~~~~~~~~~~~~~[m[K
[4.650s] [01m[K/home/pengyh/documents/ros2_ws/RobotAD/src/nuscenes_data_collector/include/nuscenes_data_collector/nuscenes_data_collector.hpp:226:9:[m[K [01;31m[Kerror: [m[Kâ€˜[01m[Ksample_frame_[m[Kâ€™ was not declared in this scope
[4.650s]   226 |         [01;31m[Ksample_frame_[m[K = 0;
[4.650s]       |         [01;31m[K^~~~~~~~~~~~~[m[K
[4.668s] [01m[K/home/pengyh/documents/ros2_ws/RobotAD/src/nuscenes_data_collector/include/nuscenes_data_collector/nuscenes_data_collector.hpp:227:9:[m[K [01;31m[Kerror: [m[Kâ€˜[01m[Kcur_scene_num_[m[Kâ€™ was not declared in this scope
[4.668s]   227 |         [01;31m[Kcur_scene_num_[m[K = 0;
[4.668s]       |         [01;31m[K^~~~~~~~~~~~~~[m[K
[4.683s] [01m[K/home/pengyh/documents/ros2_ws/RobotAD/src/nuscenes_data_collector/include/nuscenes_data_collector/nuscenes_data_collector.hpp:230:9:[m[K [01;31m[Kerror: [m[Kâ€˜[01m[Klog_token_[m[Kâ€™ was not declared in this scope
[4.683s]   230 |         [01;31m[Klog_token_[m[K = map_name_ + start_system_time_token_;
[4.683s]       |         [01;31m[K^~~~~~~~~~[m[K
[4.701s] [01m[K/home/pengyh/documents/ros2_ws/RobotAD/src/nuscenes_data_collector/include/nuscenes_data_collector/nuscenes_data_collector.hpp:237:9:[m[K [01;31m[Kerror: [m[Kâ€˜[01m[Kjson_writer_[m[Kâ€™ was not declared in this scope
[4.701s]   237 |         [01;31m[Kjson_writer_[m[K.addKeyValuePairToJson("log", log_json, true);
[4.701s]       |         [01;31m[K^~~~~~~~~~~~[m[K
[4.710s] [01m[K/home/pengyh/documents/ros2_ws/RobotAD/src/nuscenes_data_collector/include/nuscenes_data_collector/nuscenes_data_collector.hpp:239:9:[m[K [01;31m[Kerror: [m[Kâ€˜[01m[Kmap_write[m[Kâ€™ was not declared in this scope; did you mean â€˜[01m[Kpwrite[m[Kâ€™?
[4.710s]   239 |         [01;31m[Kmap_write[m[K(log_json, root_path_+"/map.json", map_name_);
[4.710s]       |         [01;31m[K^~~~~~~~~[m[K
[4.710s]       |         [32m[Kpwrite[m[K
[4.722s] [01m[K/home/pengyh/documents/ros2_ws/RobotAD/src/nuscenes_data_collector/include/nuscenes_data_collector/nuscenes_data_collector.hpp:242:9:[m[K [01;31m[Kerror: [m[Kâ€˜[01m[Kclock_timer_[m[Kâ€™ was not declared in this scope; did you mean â€˜[01m[Klocaltime_r[m[Kâ€™?
[4.722s]   242 |         [01;31m[Kclock_timer_[m[K = this->create_wall_timer(
[4.722s]       |         [01;31m[K^~~~~~~~~~~~[m[K
[4.722s]       |         [32m[Klocaltime_r[m[K
[4.746s] [01m[K/home/pengyh/documents/ros2_ws/RobotAD/src/nuscenes_data_collector/include/nuscenes_data_collector/nuscenes_data_collector.hpp:[m[K In member function â€˜[01m[Kvoid NuScenesDataCollector::add_sample_sensors(std::string)[m[Kâ€™:
[4.746s] [01m[K/home/pengyh/documents/ros2_ws/RobotAD/src/nuscenes_data_collector/include/nuscenes_data_collector/nuscenes_data_collector.hpp:253:9:[m[K [01;31m[Kerror: [m[Kâ€˜[01m[Ksample_sensors_[m[Kâ€™ was not declared in this scope; did you mean â€˜[01m[Kadd_sample_sensors[m[Kâ€™?
[4.746s]   253 |         [01;31m[Ksample_sensors_[m[K.emplace_back(device_name);
[4.746s]       |         [01;31m[K^~~~~~~~~~~~~~~[m[K
[4.746s]       |         [32m[Kadd_sample_sensors[m[K
[4.762s] [01m[K/home/pengyh/documents/ros2_ws/RobotAD/src/nuscenes_data_collector/include/nuscenes_data_collector/nuscenes_data_collector.hpp:[m[K In member function â€˜[01m[Kvoid NuScenesDataCollector::declare_parameters()[m[Kâ€™:
[4.762s] [01m[K/home/pengyh/documents/ros2_ws/RobotAD/src/nuscenes_data_collector/include/nuscenes_data_collector/nuscenes_data_collector.hpp:258:9:[m[K [01;31m[Kerror: [m[Kâ€˜[01m[Kcamera_names_[m[Kâ€™ was not declared in this scope
[4.762s]   258 |         [01;31m[Kcamera_names_[m[K = {"CAM_FRONT", "CAM_FRONT_RIGHT", "CAM_FRONT_LEFT", "CAM_BACK", "CAM_BACK_LEFT", "CAM_BACK_RIGHT"};
[4.762s]       |         [01;31m[K^~~~~~~~~~~~~[m[K
[4.777s] [01m[K/home/pengyh/documents/ros2_ws/RobotAD/src/nuscenes_data_collector/include/nuscenes_data_collector/nuscenes_data_collector.hpp:260:13:[m[K [01;31m[Kerror: [m[Kâ€˜[01m[Kcamera_topics_[m[Kâ€™ was not declared in this scope; did you mean â€˜[01m[Knode_topics_[m[Kâ€™?
[4.777s]   260 |             [01;31m[Kcamera_topics_[m[K[camera] = "/" + camera;
[4.777s]       |             [01;31m[K^~~~~~~~~~~~~~[m[K
[4.777s]       |             [32m[Knode_topics_[m[K
[4.790s] [01m[K/home/pengyh/documents/ros2_ws/RobotAD/src/nuscenes_data_collector/include/nuscenes_data_collector/nuscenes_data_collector.hpp:264:9:[m[K [01;31m[Kerror: [m[Kâ€˜[01m[Kodom_topic_[m[Kâ€™ was not declared in this scope; did you mean â€˜[01m[Knode_topics_[m[Kâ€™?
[4.790s]   264 |         [01;31m[Kodom_topic_[m[K = "/diffbot_base_controller/odom";
[4.790s]       |         [01;31m[K^~~~~~~~~~~[m[K
[4.790s]       |         [32m[Knode_topics_[m[K
[4.806s] [01m[K/home/pengyh/documents/ros2_ws/RobotAD/src/nuscenes_data_collector/include/nuscenes_data_collector/nuscenes_data_collector.hpp:266:9:[m[K [01;31m[Kerror: [m[Kâ€˜[01m[Klidar_topic_[m[Kâ€™ was not declared in this scope
[4.806s]   266 |         [01;31m[Klidar_topic_[m[K = "/scanner/cloud";
[4.806s]       |         [01;31m[K^~~~~~~~~~~~[m[K
[4.819s] [01m[K/home/pengyh/documents/ros2_ws/RobotAD/src/nuscenes_data_collector/include/nuscenes_data_collector/nuscenes_data_collector.hpp:268:9:[m[K [01;31m[Kerror: [m[Kâ€˜[01m[Kimu_topic_[m[Kâ€™ was not declared in this scope
[4.819s]   268 |         [01;31m[Kimu_topic_[m[K = "/demo/imu";
[4.819s]       |         [01;31m[K^~~~~~~~~~[m[K
[4.838s] [01m[K/home/pengyh/documents/ros2_ws/RobotAD/src/nuscenes_data_collector/include/nuscenes_data_collector/nuscenes_data_collector.hpp:[m[K In member function â€˜[01m[Kvoid NuScenesDataCollector::initialize_sync_camera_subscriptions()[m[Kâ€™:
[4.838s] [01m[K/home/pengyh/documents/ros2_ws/RobotAD/src/nuscenes_data_collector/include/nuscenes_data_collector/nuscenes_data_collector.hpp:278:35:[m[K [01;31m[Kerror: [m[Kâ€˜[01m[Kcamera_names_[m[Kâ€™ was not declared in this scope
[4.838s]   278 |      for (const auto &camera : [01;31m[Kcamera_names_[m[K) {
[4.838s]       |                                [01;31m[K^~~~~~~~~~~~~[m[K
[4.838s] 
[4.854s] [01m[K/home/pengyh/documents/ros2_ws/RobotAD/src/nuscenes_data_collector/include/nuscenes_data_collector/nuscenes_data_collector.hpp:280:23:[m[K [01;31m[Kerror: [m[Kâ€˜[01m[Kcamera_topics_[m[Kâ€™ was not declared in this scope; did you mean â€˜[01m[Knode_topics_[m[Kâ€™?
[4.854s]   280 |                 this, [01;31m[Kcamera_topics_[m[K[camera], rmw_qos_profile_sensor_data);
[4.854s]       |                       [01;31m[K^~~~~~~~~~~~~~[m[K
[4.854s]       |                       [32m[Knode_topics_[m[K
[4.954s] [01m[K/home/pengyh/documents/ros2_ws/RobotAD/src/nuscenes_data_collector/include/nuscenes_data_collector/nuscenes_data_collector.hpp:312:9:[m[K [01;31m[Kerror: [m[Kâ€˜[01m[Ksynchronizers_[m[Kâ€™ was not declared in this scope
[4.954s]   312 |         [01;31m[Ksynchronizers_[m[K.push_back(sync);
[4.954s]       |         [01;31m[K^~~~~~~~~~~~~~[m[K
[4.975s] [01m[K/home/pengyh/documents/ros2_ws/RobotAD/src/nuscenes_data_collector/include/nuscenes_data_collector/nuscenes_data_collector.hpp:[m[K In member function â€˜[01m[Kvoid NuScenesDataCollector::synced_camera_callback(const ConstSharedPtr&, const string&)[m[Kâ€™:
[4.975s] [01m[K/home/pengyh/documents/ros2_ws/RobotAD/src/nuscenes_data_collector/include/nuscenes_data_collector/nuscenes_data_collector.hpp:329:13:[m[K [01;31m[Kerror: [m[Kâ€˜[01m[Ksample_triggers_[m[Kâ€™ was not declared in this scope
[4.975s]   329 |             [01;31m[Ksample_triggers_[m[K[camera_name] = false;
[4.975s]       |             [01;31m[K^~~~~~~~~~~~~~~~[m[K
[4.996s] [01m[K/home/pengyh/documents/ros2_ws/RobotAD/src/nuscenes_data_collector/include/nuscenes_data_collector/nuscenes_data_collector.hpp:330:13:[m[K [01;31m[Kerror: [m[Kâ€˜[01m[Ksample_done_sign_[m[Kâ€™ was not declared in this scope
[4.996s]   330 |             [01;31m[Ksample_done_sign_[m[K[camera_name] = true;
[4.996s]       |             [01;31m[K^~~~~~~~~~~~~~~~~[m[K
[5.019s] [01m[K/home/pengyh/documents/ros2_ws/RobotAD/src/nuscenes_data_collector/include/nuscenes_data_collector/nuscenes_data_collector.hpp:[m[K In member function â€˜[01m[Kvoid NuScenesDataCollector::lidar_callback(sensor_msgs::msg::PointCloud2_<std::allocator<void> >::SharedPtr, const string&)[m[Kâ€™:
[5.019s] [01m[K/home/pengyh/documents/ros2_ws/RobotAD/src/nuscenes_data_collector/include/nuscenes_data_collector/nuscenes_data_collector.hpp:342:13:[m[K [01;31m[Kerror: [m[Kâ€˜[01m[Ksample_triggers_[m[Kâ€™ was not declared in this scope
[5.019s]   342 |             [01;31m[Ksample_triggers_[m[K[device_name] = false;
[5.019s]       |             [01;31m[K^~~~~~~~~~~~~~~~[m[K
[5.040s] [01m[K/home/pengyh/documents/ros2_ws/RobotAD/src/nuscenes_data_collector/include/nuscenes_data_collector/nuscenes_data_collector.hpp:343:13:[m[K [01;31m[Kerror: [m[Kâ€˜[01m[Ksample_done_sign_[m[Kâ€™ was not declared in this scope
[5.040s]   343 |             [01;31m[Ksample_done_sign_[m[K[device_name] = true;
[5.040s]       |             [01;31m[K^~~~~~~~~~~~~~~~~[m[K
[5.063s] [01m[K/home/pengyh/documents/ros2_ws/RobotAD/src/nuscenes_data_collector/include/nuscenes_data_collector/nuscenes_data_collector.hpp:[m[K In member function â€˜[01m[Kvoid NuScenesDataCollector::clock_callback()[m[Kâ€™:
[5.063s] [01m[K/home/pengyh/documents/ros2_ws/RobotAD/src/nuscenes_data_collector/include/nuscenes_data_collector/nuscenes_data_collector.hpp:354:49:[m[K [01;31m[Kerror: [m[Kâ€˜[01m[Klast_sample_time_[m[Kâ€™ was not declared in this scope
[5.063s]   354 | uration time_diff = cur_time - [01;31m[Klast_sample_time_[m[K;
[5.063s]       |                                [01;31m[K^~~~~~~~~~~~~~~~~[m[K
[5.063s] 
[5.082s] [01m[K/home/pengyh/documents/ros2_ws/RobotAD/src/nuscenes_data_collector/include/nuscenes_data_collector/nuscenes_data_collector.hpp:356:13:[m[K [01;31m[Kerror: [m[Kâ€˜[01m[Ksample_frame_[m[Kâ€™ was not declared in this scope
[5.082s]   356 |         if ([01;31m[Ksample_frame_[m[K >= target_sample_frame_) {
[5.082s]       |             [01;31m[K^~~~~~~~~~~~~[m[K
[5.107s] [01m[K/home/pengyh/documents/ros2_ws/RobotAD/src/nuscenes_data_collector/include/nuscenes_data_collector/nuscenes_data_collector.hpp:356:30:[m[K [01;31m[Kerror: [m[Kâ€˜[01m[Ktarget_sample_frame_[m[Kâ€™ was not declared in this scope
[5.107s]   356 |         if (sample_frame_ >= [01;31m[Ktarget_sample_frame_[m[K) {
[5.107s]       |                              [01;31m[K^~~~~~~~~~~~~~~~~~~~[m[K
[5.135s] [01m[K/home/pengyh/documents/ros2_ws/RobotAD/src/nuscenes_data_collector/include/nuscenes_data_collector/nuscenes_data_collector.hpp:357:13:[m[K [01;31m[Kerror: [m[Kâ€˜[01m[Knode_shutdown_callback[m[Kâ€™ was not declared in this scope
[5.135s]   357 |             [01;31m[Knode_shutdown_callback[m[K();
[5.135s]       |             [01;31m[K^~~~~~~~~~~~~~~~~~~~~~[m[K
[5.157s] [01m[K/home/pengyh/documents/ros2_ws/RobotAD/src/nuscenes_data_collector/include/nuscenes_data_collector/nuscenes_data_collector.hpp:361:43:[m[K [01;31m[Kerror: [m[Kâ€˜[01m[Kcheck_sample_done[m[Kâ€™ was not declared in this scope
[5.158s]   361 | (time_diff.seconds() >= 0.5 && [01;31m[Kcheck_sample_done[m[K()) {
[5.158s]       |                                [01;31m[K^~~~~~~~~~~~~~~~~[m[K
[5.158s] 
[5.175s] [01m[K/home/pengyh/documents/ros2_ws/RobotAD/src/nuscenes_data_collector/include/nuscenes_data_collector/nuscenes_data_collector.hpp:362:13:[m[K [01;31m[Kerror: [m[Kâ€˜[01m[Ksample_frame_[m[Kâ€™ was not declared in this scope
[5.175s]   362 |             [01;31m[Ksample_frame_[m[K++;
[5.175s]       |             [01;31m[K^~~~~~~~~~~~~[m[K
[5.201s] [01m[K/home/pengyh/documents/ros2_ws/RobotAD/src/nuscenes_data_collector/include/nuscenes_data_collector/nuscenes_data_collector.hpp:365:33:[m[K [01;31m[Kerror: [m[Kâ€˜[01m[Ktarget_sample_frame_[m[Kâ€™ was not declared in this scope
[5.201s]   365 |            if (sample_frame_ > [01;31m[Ktarget_sample_frame_[m[K) {
[5.201s]       |                                [01;31m[K^~~~~~~~~~~~~~~~~~~~[m[K
[5.201s] 
[5.230s] [01m[K/home/pengyh/documents/ros2_ws/RobotAD/src/nuscenes_data_collector/include/nuscenes_data_collector/nuscenes_data_collector.hpp:366:17:[m[K [01;31m[Kerror: [m[Kâ€˜[01m[Knode_shutdown_callback[m[Kâ€™ was not declared in this scope
[5.230s]   366 |                 [01;31m[Knode_shutdown_callback[m[K();
[5.230s]       |                 [01;31m[K^~~~~~~~~~~~~~~~~~~~~~[m[K
[5.251s] [01m[K/home/pengyh/documents/ros2_ws/RobotAD/src/nuscenes_data_collector/include/nuscenes_data_collector/nuscenes_data_collector.hpp:371:34:[m[K [01;31m[Kerror: [m[Kâ€˜[01m[Ksample_triggers_[m[Kâ€™ was not declared in this scope
[5.251s]   371 |           for (auto& trigger : [01;31m[Ksample_triggers_[m[K) {
[5.251s]       |                                [01;31m[K^~~~~~~~~~~~~~~~[m[K
[5.251s] 
[5.251s] In file included from [01m[K/opt/ros/humble/include/rclcpp/rclcpp/logging.hpp:24[m[K,
[5.251s]                  from [01m[K/opt/ros/humble/include/rclcpp/rclcpp/client.hpp:40[m[K,
[5.251s]                  from [01m[K/opt/ros/humble/include/rclcpp/rclcpp/callback_group.hpp:24[m[K,
[5.251s]                  from [01m[K/opt/ros/humble/include/rclcpp/rclcpp/any_executable.hpp:20[m[K,
[5.251s]                  from [01m[K/opt/ros/humble/include/rclcpp/rclcpp/memory_strategy.hpp:25[m[K,
[5.251s]                  from [01m[K/opt/ros/humble/include/rclcpp/rclcpp/memory_strategies.hpp:18[m[K,
[5.251s]                  from [01m[K/opt/ros/humble/include/rclcpp/rclcpp/executor_options.hpp:20[m[K,
[5.251s]                  from [01m[K/opt/ros/humble/include/rclcpp/rclcpp/executor.hpp:37[m[K,
[5.251s]                  from [01m[K/opt/ros/humble/include/rclcpp/rclcpp/executors/multi_threaded_executor.hpp:25[m[K,
[5.251s]                  from [01m[K/opt/ros/humble/include/rclcpp/rclcpp/executors.hpp:21[m[K,
[5.251s]                  from [01m[K/opt/ros/humble/include/rclcpp/rclcpp/rclcpp.hpp:155[m[K,
[5.252s]                  from [01m[K/home/pengyh/documents/ros2_ws/RobotAD/src/nuscenes_data_collector/include/nuscenes_data_collector/nuscenes_data_collector.hpp:4[m[K,
[5.252s]                  from [01m[K/home/pengyh/documents/ros2_ws/RobotAD/src/nuscenes_data_collector/src/nuscenes_data_collector.cpp:1[m[K:
[5.252s] [01m[K/home/pengyh/documents/ros2_ws/RobotAD/src/nuscenes_data_collector/include/nuscenes_data_collector/nuscenes_data_collector.hpp:[m[K In member function â€˜[01m[Kvoid NuScenesDataCollector::odom_callback(nav_msgs::msg::Odometry_<std::allocator<void> >::SharedPtr, const string&)[m[Kâ€™:
[5.252s] [01m[K/home/pengyh/documents/ros2_ws/RobotAD/src/nuscenes_data_collector/include/nuscenes_data_collector/nuscenes_data_collector.hpp:381:41:[m[K [01;35m[Kwarning: [m[Kformat â€˜[01m[K%ld[m[Kâ€™ expects argument of type â€˜[01m[Klong int[m[Kâ€™, but argument 5 has type â€˜[01m[Kbuiltin_interfaces::msg::Time_<std::allocator<void> >::_sec_type[m[Kâ€™ {aka â€˜[01m[Kint[m[Kâ€™} [[01;35m[K]8;;https://gcc.gnu.org/onlinedocs/gcc/Warning-Options.html#index-Wformat=-Wformat=]8;;[m[K]
[5.252s]   381 | CLCPP_INFO(this->get_logger(), [01;35m[K"Odometry Timestamp: %ld.%ld"[m[K, [32m[Kmsg->header.stamp.sec[m[K, msg->header.stamp.nanosec);
[5.252s]       |                                [01;35m[K^~~~~~~~~~~~~~~~~~~~~~~~~~~~~[m[K  [32m[K~~~~~~~~~~~~~~~~~~~~~[m[K
[5.252s]       |                                                                                 [32m[K|[m[K
[5.252s]       |                                                                                 [32m[Kbuiltin_interfaces::msg::Time_<std::allocator<void> >::_sec_type {aka int}[m[K
[5.252s] 
[5.252s] In file included from [01m[K/home/pengyh/documents/ros2_ws/RobotAD/src/nuscenes_data_collector/src/nuscenes_data_collector.cpp:1[m[K:
[5.252s] [01m[K/home/pengyh/documents/ros2_ws/RobotAD/src/nuscenes_data_collector/include/nuscenes_data_collector/nuscenes_data_collector.hpp:381:64:[m[K [01;36m[Knote: [m[Kformat string is defined here
[5.252s]   381 | gger(), "Odometry Timestamp: [01;36m[K%ld[m[K.%ld", msg->header.stamp.sec, msg->header.stamp.nanosec);
[5.252s]       |                              [01;36m[K~~^[m[K
[5.252s]       |                                [01;36m[K|[m[K
[5.252s]       |                                [01;36m[Klong int[m[K
[5.252s]       |                              [32m[K%d[m[K
[5.252s] In file included from [01m[K/opt/ros/humble/include/rclcpp/rclcpp/logging.hpp:24[m[K,
[5.252s]                  from [01m[K/opt/ros/humble/include/rclcpp/rclcpp/client.hpp:40[m[K,
[5.252s]                  from [01m[K/opt/ros/humble/include/rclcpp/rclcpp/callback_group.hpp:24[m[K,
[5.252s]                  from [01m[K/opt/ros/humble/include/rclcpp/rclcpp/any_executable.hpp:20[m[K,
[5.252s]                  from [01m[K/opt/ros/humble/include/rclcpp/rclcpp/memory_strategy.hpp:25[m[K,
[5.252s]                  from [01m[K/opt/ros/humble/include/rclcpp/rclcpp/memory_strategies.hpp:18[m[K,
[5.252s]                  from [01m[K/opt/ros/humble/include/rclcpp/rclcpp/executor_options.hpp:20[m[K,
[5.252s]                  from [01m[K/opt/ros/humble/include/rclcpp/rclcpp/executor.hpp:37[m[K,
[5.252s]                  from [01m[K/opt/ros/humble/include/rclcpp/rclcpp/executors/multi_threaded_executor.hpp:25[m[K,
[5.252s]                  from [01m[K/opt/ros/humble/include/rclcpp/rclcpp/executors.hpp:21[m[K,
[5.252s]                  from [01m[K/opt/ros/humble/include/rclcpp/rclcpp/rclcpp.hpp:155[m[K,
[5.252s]                  from [01m[K/home/pengyh/documents/ros2_ws/RobotAD/src/nuscenes_data_collector/include/nuscenes_data_collector/nuscenes_data_collector.hpp:4[m[K,
[5.252s]                  from [01m[K/home/pengyh/documents/ros2_ws/RobotAD/src/nuscenes_data_collector/src/nuscenes_data_collector.cpp:1[m[K:
[5.252s] [01m[K/home/pengyh/documents/ros2_ws/RobotAD/src/nuscenes_data_collector/include/nuscenes_data_collector/nuscenes_data_collector.hpp:381:41:[m[K [01;35m[Kwarning: [m[Kformat â€˜[01m[K%ld[m[Kâ€™ expects argument of type â€˜[01m[Klong int[m[Kâ€™, but argument 6 has type â€˜[01m[Kbuiltin_interfaces::msg::Time_<std::allocator<void> >::_nanosec_type[m[Kâ€™ {aka â€˜[01m[Kunsigned int[m[Kâ€™} [[01;35m[K]8;;https://gcc.gnu.org/onlinedocs/gcc/Warning-Options.html#index-Wformat=-Wformat=]8;;[m[K]
[5.252s]   381 | CLCPP_INFO(this->get_logger(), [01;35m[K"Odometry Timestamp: %ld.%ld"[m[K, msg->header.stamp.sec, [32m[Kmsg->header.stamp.nanosec[m[K);
[5.252s]       |                                [01;35m[K^~~~~~~~~~~~~~~~~~~~~~~~~~~~~[m[K                         [32m[K~~~~~~~~~~~~~~~~~~~~~~~~~[m[K
[5.252s]       |                                                                                                        [32m[K|[m[K
[5.252s]       |                                                                                                        [32m[Kbuiltin_interfaces::msg::Time_<std::allocator<void> >::_nanosec_type {aka unsigned int}[m[K
[5.252s] 
[5.252s] In file included from [01m[K/home/pengyh/documents/ros2_ws/RobotAD/src/nuscenes_data_collector/src/nuscenes_data_collector.cpp:1[m[K:
[5.252s] [01m[K/home/pengyh/documents/ros2_ws/RobotAD/src/nuscenes_data_collector/include/nuscenes_data_collector/nuscenes_data_collector.hpp:381:68:[m[K [01;36m[Knote: [m[Kformat string is defined here
[5.252s]   381 | (), "Odometry Timestamp: %ld.[01;36m[K%ld[m[K", msg->header.stamp.sec, msg->header.stamp.nanosec);
[5.252s]       |                              [01;36m[K~~^[m[K
[5.253s]       |                                [01;36m[K|[m[K
[5.253s]       |                                [01;36m[Klong int[m[K
[5.253s]       |                              [32m[K%d[m[K
[5.253s] In file included from [01m[K/opt/ros/humble/include/rclcpp/rclcpp/logging.hpp:24[m[K,
[5.253s]                  from [01m[K/opt/ros/humble/include/rclcpp/rclcpp/client.hpp:40[m[K,
[5.253s]                  from [01m[K/opt/ros/humble/include/rclcpp/rclcpp/callback_group.hpp:24[m[K,
[5.253s]                  from [01m[K/opt/ros/humble/include/rclcpp/rclcpp/any_executable.hpp:20[m[K,
[5.253s]                  from [01m[K/opt/ros/humble/include/rclcpp/rclcpp/memory_strategy.hpp:25[m[K,
[5.253s]                  from [01m[K/opt/ros/humble/include/rclcpp/rclcpp/memory_strategies.hpp:18[m[K,
[5.253s]                  from [01m[K/opt/ros/humble/include/rclcpp/rclcpp/executor_options.hpp:20[m[K,
[5.253s]                  from [01m[K/opt/ros/humble/include/rclcpp/rclcpp/executor.hpp:37[m[K,
[5.253s]                  from [01m[K/opt/ros/humble/include/rclcpp/rclcpp/executors/multi_threaded_executor.hpp:25[m[K,
[5.253s]                  from [01m[K/opt/ros/humble/include/rclcpp/rclcpp/executors.hpp:21[m[K,
[5.253s]                  from [01m[K/opt/ros/humble/include/rclcpp/rclcpp/rclcpp.hpp:155[m[K,
[5.253s]                  from [01m[K/home/pengyh/documents/ros2_ws/RobotAD/src/nuscenes_data_collector/include/nuscenes_data_collector/nuscenes_data_collector.hpp:4[m[K,
[5.253s]                  from [01m[K/home/pengyh/documents/ros2_ws/RobotAD/src/nuscenes_data_collector/src/nuscenes_data_collector.cpp:1[m[K:
[5.253s] [01m[K/home/pengyh/documents/ros2_ws/RobotAD/src/nuscenes_data_collector/include/nuscenes_data_collector/nuscenes_data_collector.hpp:[m[K In member function â€˜[01m[Kvoid NuScenesDataCollector::imu_callback(sensor_msgs::msg::Imu_<std::allocator<void> >::SharedPtr, const string&)[m[Kâ€™:
[5.253s] [01m[K/home/pengyh/documents/ros2_ws/RobotAD/src/nuscenes_data_collector/include/nuscenes_data_collector/nuscenes_data_collector.hpp:387:41:[m[K [01;35m[Kwarning: [m[Kformat â€˜[01m[K%ld[m[Kâ€™ expects argument of type â€˜[01m[Klong int[m[Kâ€™, but argument 5 has type â€˜[01m[Kbuiltin_interfaces::msg::Time_<std::allocator<void> >::_sec_type[m[Kâ€™ {aka â€˜[01m[Kint[m[Kâ€™} [[01;35m[K]8;;https://gcc.gnu.org/onlinedocs/gcc/Warning-Options.html#index-Wformat=-Wformat=]8;;[m[K]
[5.253s]   387 | CLCPP_INFO(this->get_logger(), [01;35m[K"IMU Timestamp: %ld.%ld"[m[K, [32m[Kmsg->header.stamp.sec[m[K, msg->header.stamp.nanosec);
[5.253s]       |                                [01;35m[K^~~~~~~~~~~~~~~~~~~~~~~~[m[K  [32m[K~~~~~~~~~~~~~~~~~~~~~[m[K
[5.253s]       |                                                                            [32m[K|[m[K
[5.253s]       |                                                                            [32m[Kbuiltin_interfaces::msg::Time_<std::allocator<void> >::_sec_type {aka int}[m[K
[5.253s] 
[5.253s] In file included from [01m[K/home/pengyh/documents/ros2_ws/RobotAD/src/nuscenes_data_collector/src/nuscenes_data_collector.cpp:1[m[K:
[5.253s] [01m[K/home/pengyh/documents/ros2_ws/RobotAD/src/nuscenes_data_collector/include/nuscenes_data_collector/nuscenes_data_collector.hpp:387:59:[m[K [01;36m[Knote: [m[Kformat string is defined here
[5.253s]   387 | et_logger(), "IMU Timestamp: [01;36m[K%ld[m[K.%ld", msg->header.stamp.sec, msg->header.stamp.nanosec);
[5.253s]       |                              [01;36m[K~~^[m[K
[5.253s]       |                                [01;36m[K|[m[K
[5.253s]       |                                [01;36m[Klong int[m[K
[5.253s]       |                              [32m[K%d[m[K
[5.253s] In file included from [01m[K/opt/ros/humble/include/rclcpp/rclcpp/logging.hpp:24[m[K,
[5.253s]                  from [01m[K/opt/ros/humble/include/rclcpp/rclcpp/client.hpp:40[m[K,
[5.253s]                  from [01m[K/opt/ros/humble/include/rclcpp/rclcpp/callback_group.hpp:24[m[K,
[5.253s]                  from [01m[K/opt/ros/humble/include/rclcpp/rclcpp/any_executable.hpp:20[m[K,
[5.253s]                  from [01m[K/opt/ros/humble/include/rclcpp/rclcpp/memory_strategy.hpp:25[m[K,
[5.253s]                  from [01m[K/opt/ros/humble/include/rclcpp/rclcpp/memory_strategies.hpp:18[m[K,
[5.253s]                  from [01m[K/opt/ros/humble/include/rclcpp/rclcpp/executor_options.hpp:20[m[K,
[5.253s]                  from [01m[K/opt/ros/humble/include/rclcpp/rclcpp/executor.hpp:37[m[K,
[5.253s]                  from [01m[K/opt/ros/humble/include/rclcpp/rclcpp/executors/multi_threaded_executor.hpp:25[m[K,
[5.253s]                  from [01m[K/opt/ros/humble/include/rclcpp/rclcpp/executors.hpp:21[m[K,
[5.253s]                  from [01m[K/opt/ros/humble/include/rclcpp/rclcpp/rclcpp.hpp:155[m[K,
[5.253s]                  from [01m[K/home/pengyh/documents/ros2_ws/RobotAD/src/nuscenes_data_collector/include/nuscenes_data_collector/nuscenes_data_collector.hpp:4[m[K,
[5.253s]                  from [01m[K/home/pengyh/documents/ros2_ws/RobotAD/src/nuscenes_data_collector/src/nuscenes_data_collector.cpp:1[m[K:
[5.253s] [01m[K/home/pengyh/documents/ros2_ws/RobotAD/src/nuscenes_data_collector/include/nuscenes_data_collector/nuscenes_data_collector.hpp:387:41:[m[K [01;35m[Kwarning: [m[Kformat â€˜[01m[K%ld[m[Kâ€™ expects argument of type â€˜[01m[Klong int[m[Kâ€™, but argument 6 has type â€˜[01m[Kbuiltin_interfaces::msg::Time_<std::allocator<void> >::_nanosec_type[m[Kâ€™ {aka â€˜[01m[Kunsigned int[m[Kâ€™} [[01;35m[K]8;;https://gcc.gnu.org/onlinedocs/gcc/Warning-Options.html#index-Wformat=-Wformat=]8;;[m[K]
[5.253s]   387 | CLCPP_INFO(this->get_logger(), [01;35m[K"IMU Timestamp: %ld.%ld"[m[K, msg->header.stamp.sec, [32m[Kmsg->header.stamp.nanosec[m[K);
[5.253s]       |                                [01;35m[K^~~~~~~~~~~~~~~~~~~~~~~~[m[K                         [32m[K~~~~~~~~~~~~~~~~~~~~~~~~~[m[K
[5.254s]       |                                                                                                   [32m[K|[m[K
[5.254s]       |                                                                                                   [32m[Kbuiltin_interfaces::msg::Time_<std::allocator<void> >::_nanosec_type {aka unsigned int}[m[K
[5.254s] 
[5.254s] In file included from [01m[K/home/pengyh/documents/ros2_ws/RobotAD/src/nuscenes_data_collector/src/nuscenes_data_collector.cpp:1[m[K:
[5.254s] [01m[K/home/pengyh/documents/ros2_ws/RobotAD/src/nuscenes_data_collector/include/nuscenes_data_collector/nuscenes_data_collector.hpp:387:63:[m[K [01;36m[Knote: [m[Kformat string is defined here
[5.254s]   387 | ogger(), "IMU Timestamp: %ld.[01;36m[K%ld[m[K", msg->header.stamp.sec, msg->header.stamp.nanosec);
[5.254s]       |                              [01;36m[K~~^[m[K
[5.254s]       |                                [01;36m[K|[m[K
[5.254s]       |                                [01;36m[Klong int[m[K
[5.254s]       |                              [32m[K%d[m[K
[5.274s] [01m[K/home/pengyh/documents/ros2_ws/RobotAD/src/nuscenes_data_collector/include/nuscenes_data_collector/nuscenes_data_collector.hpp:[m[K In member function â€˜[01m[Kvoid NuScenesDataCollector::save_data(const T&, const string&)[m[Kâ€™:
[5.274s] [01m[K/home/pengyh/documents/ros2_ws/RobotAD/src/nuscenes_data_collector/include/nuscenes_data_collector/nuscenes_data_collector.hpp:401:22:[m[K [01;31m[Kerror: [m[Kâ€˜[01m[Klatest_ego_pose_[m[Kâ€™ was not declared in this scope
[5.274s]   401 |                 if (![01;31m[Klatest_ego_pose_[m[K.empty()) {
[5.274s]       |                      [01;31m[K^~~~~~~~~~~~~~~~[m[K
[5.297s] [01m[K/home/pengyh/documents/ros2_ws/RobotAD/src/nuscenes_data_collector/include/nuscenes_data_collector/nuscenes_data_collector.hpp:406:19:[m[K [01;31m[Kerror: [m[Kâ€˜[01m[Klatest_ego_pose_[m[Kâ€™ was not declared in this scope
[5.297s]   406 |             if ((![01;31m[Klatest_ego_pose_[m[K.empty()) && (!latest_imu_.empty())) {
[5.297s]       |                   [01;31m[K^~~~~~~~~~~~~~~~[m[K
[5.311s] [01m[K/home/pengyh/documents/ros2_ws/RobotAD/src/nuscenes_data_collector/include/nuscenes_data_collector/nuscenes_data_collector.hpp:406:50:[m[K [01;31m[Kerror: [m[Kâ€˜[01m[Klatest_imu_[m[Kâ€™ was not declared in this scope
[5.311s]   406 | latest_ego_pose_.empty()) && (![01;31m[Klatest_imu_[m[K.empty())) {
[5.311s]       |                                [01;31m[K^~~~~~~~~~~[m[K
[5.311s] 
[5.336s] [01m[K/home/pengyh/documents/ros2_ws/RobotAD/src/nuscenes_data_collector/include/nuscenes_data_collector/nuscenes_data_collector.hpp:[m[K In member function â€˜[01m[Kvoid NuScenesDataCollector::save_odom_data(std::shared_ptr<nav_msgs::msg::Odometry_<std::allocator<void> > >)[m[Kâ€™:
[5.336s] [01m[K/home/pengyh/documents/ros2_ws/RobotAD/src/nuscenes_data_collector/include/nuscenes_data_collector/nuscenes_data_collector.hpp:443:9:[m[K [01;31m[Kerror: [m[Kâ€˜[01m[Klatest_ego_pose_[m[Kâ€™ was not declared in this scope
[5.336s]   443 |         [01;31m[Klatest_ego_pose_[m[K = ego_pose_data;
[5.336s]       |         [01;31m[K^~~~~~~~~~~~~~~~[m[K
[5.353s] [01m[K/home/pengyh/documents/ros2_ws/RobotAD/src/nuscenes_data_collector/include/nuscenes_data_collector/nuscenes_data_collector.hpp:[m[K In member function â€˜[01m[Kvoid NuScenesDataCollector::save_imu_data(std::shared_ptr<sensor_msgs::msg::Imu_<std::allocator<void> > >)[m[Kâ€™:
[5.353s] [01m[K/home/pengyh/documents/ros2_ws/RobotAD/src/nuscenes_data_collector/include/nuscenes_data_collector/nuscenes_data_collector.hpp:465:9:[m[K [01;31m[Kerror: [m[Kâ€˜[01m[Klatest_imu_[m[Kâ€™ was not declared in this scope
[5.353s]   465 |         [01;31m[Klatest_imu_[m[K["linear_accel"] = linear_accel_json;  // çº¿æ€§åŠ é€Ÿåº¦
[5.353s]       |         [01;31m[K^~~~~~~~~~~[m[K
[5.374s] [01m[K/home/pengyh/documents/ros2_ws/RobotAD/src/nuscenes_data_collector/include/nuscenes_data_collector/nuscenes_data_collector.hpp:468:30:[m[K [01;31m[Kerror: [m[Kâ€˜[01m[Klatest_ego_pose_[m[Kâ€™ was not declared in this scope
[5.374s]   468 |         latest_imu_["pos"] = [01;31m[Klatest_ego_pose_[m[K["translation"];  // ä½ç½®
[5.374s]       |                              [01;31m[K^~~~~~~~~~~~~~~~[m[K
[5.397s] [01m[K/home/pengyh/documents/ros2_ws/RobotAD/src/nuscenes_data_collector/include/nuscenes_data_collector/nuscenes_data_collector.hpp:[m[K In member function â€˜[01m[Kvoid NuScenesDataCollector::save_image_data(const std::shared_ptr<const sensor_msgs::msg::Image_<std::allocator<void> > >&, const string&)[m[Kâ€™:
[5.397s] [01m[K/home/pengyh/documents/ros2_ws/RobotAD/src/nuscenes_data_collector/include/nuscenes_data_collector/nuscenes_data_collector.hpp:476:34:[m[K [01;31m[Kerror: [m[Kâ€˜[01m[Ksample_triggers_[m[Kâ€™ was not declared in this scope
[5.397s]   476 |       std::string data_type = ([01;31m[Ksample_triggers_[m[K[device_name] == true) ? "samples" : "sweeps";
[5.397s]       |                                [01;31m[K^~~~~~~~~~~~~~~~[m[K
[5.397s] 
[5.409s] [01m[K/home/pengyh/documents/ros2_ws/RobotAD/src/nuscenes_data_collector/include/nuscenes_data_collector/nuscenes_data_collector.hpp:478:35:[m[K [01;31m[Kerror: [m[Kâ€˜[01m[Kroot_path_[m[Kâ€™ was not declared in this scope
[5.409s]   478 |      std::string folder_path = [01;31m[Kroot_path_[m[K + "/" + data_type + "/" + device_name;
[5.409s]       |                                [01;31m[K^~~~~~~~~~[m[K
[5.409s] 
[5.440s] [01m[K/home/pengyh/documents/ros2_ws/RobotAD/src/nuscenes_data_collector/include/nuscenes_data_collector/nuscenes_data_collector.hpp:479:9:[m[K [01;31m[Kerror: [m[Kâ€˜[01m[Kensure_directory_exists[m[Kâ€™ was not declared in this scope
[5.440s]   479 |         [01;31m[Kensure_directory_exists[m[K(folder_path);
[5.440s]       |         [01;31m[K^~~~~~~~~~~~~~~~~~~~~~~[m[K
[5.471s] [01m[K/home/pengyh/documents/ros2_ws/RobotAD/src/nuscenes_data_collector/include/nuscenes_data_collector/nuscenes_data_collector.hpp:482:37:[m[K [01;31m[Kerror: [m[Kâ€˜[01m[Kstart_system_time_token_[m[Kâ€™ was not declared in this scope
[5.471s]   482 |    ss << folder_path << '/' << [01;31m[Kstart_system_time_token_[m[K << "__" << device_name << "__" << msg->header.stamp.sec << "_" << msg->header.stamp.nanosec << ".jpg";
[5.471s]       |                                [01;31m[K^~~~~~~~~~~~~~~~~~~~~~~~[m[K
[5.471s] 
[5.503s] [01m[K/home/pengyh/documents/ros2_ws/RobotAD/src/nuscenes_data_collector/include/nuscenes_data_collector/nuscenes_data_collector.hpp:529:63:[m[K [01;31m[Kerror: [m[Kâ€˜[01m[Kdevices_frame_count_[m[Kâ€™ was not declared in this scope
[5.503s]   529 | _token = generate_unique_token([01;31m[Kdevices_frame_count_[m[K[device_name], device_name, start_system_time_token_);
[5.503s]       |                                [01;31m[K^~~~~~~~~~~~~~~~~~~~[m[K
[5.503s] 
[5.526s] [01m[K/home/pengyh/documents/ros2_ws/RobotAD/src/nuscenes_data_collector/include/nuscenes_data_collector/nuscenes_data_collector.hpp:531:9:[m[K [01;31m[Kerror: [m[Kâ€˜[01m[Klatest_ego_pose_[m[Kâ€™ was not declared in this scope
[5.526s]   531 |         [01;31m[Klatest_ego_pose_[m[K["token"] = sample_data_token;  // set as sample_data_token
[5.526s]       |         [01;31m[K^~~~~~~~~~~~~~~~[m[K
[5.541s] [01m[K/home/pengyh/documents/ros2_ws/RobotAD/src/nuscenes_data_collector/include/nuscenes_data_collector/nuscenes_data_collector.hpp:532:9:[m[K [01;31m[Kerror: [m[Kâ€˜[01m[Kjson_writer_[m[Kâ€™ was not declared in this scope
[5.541s]   532 |         [01;31m[Kjson_writer_[m[K.addKeyValuePairToJson("ego_pose", latest_ego_pose_, true);
[5.541s]       |         [01;31m[K^~~~~~~~~~~~[m[K
[5.557s] [01m[K/home/pengyh/documents/ros2_ws/RobotAD/src/nuscenes_data_collector/include/nuscenes_data_collector/nuscenes_data_collector.hpp:537:58:[m[K [01;31m[Kerror: [m[Kâ€˜[01m[Ksample_frame_[m[Kâ€™ was not declared in this scope
[5.557s]   537 | _token = generate_sample_token([01;31m[Ksample_frame_[m[K, start_system_time_token_);
[5.557s]       |                                [01;31m[K^~~~~~~~~~~~~[m[K
[5.557s] 
[5.574s] [01m[K/home/pengyh/documents/ros2_ws/RobotAD/src/nuscenes_data_collector/include/nuscenes_data_collector/nuscenes_data_collector.hpp:539:13:[m[K [01;31m[Kerror: [m[Kâ€˜[01m[Ksample_recorder[m[Kâ€™ was not declared in this scope
[5.574s]   539 |             [01;31m[Ksample_recorder[m[K(device_name, timestamp, sample_token);
[5.574s]       |             [01;31m[K^~~~~~~~~~~~~~~[m[K
[5.592s] [01m[K/home/pengyh/documents/ros2_ws/RobotAD/src/nuscenes_data_collector/include/nuscenes_data_collector/nuscenes_data_collector.hpp:542:13:[m[K [01;31m[Kerror: [m[Kâ€˜[01m[Klatest_scene_[m[Kâ€™ was not declared in this scope
[5.592s]   542 |         if ([01;31m[Klatest_scene_[m[K.contains("name") && !latest_scene_["name"].get<std::string>().empty()) {
[5.592s]       |             [01;31m[K^~~~~~~~~~~~~[m[K
[5.592s] [01m[K/home/pengyh/documents/ros2_ws/RobotAD/src/nuscenes_data_collector/include/nuscenes_data_collector/nuscenes_data_collector.hpp:542:85:[m[K [01;31m[Kerror: [m[Kexpected primary-expression before â€˜[01m[K>[m[Kâ€™ token
[5.592s]   542 | _scene_["name"].get<std::string[01;31m[K>[m[K().empty()) {
[5.592s]       |                                [01;31m[K^[m[K
[5.592s] 
[5.592s] [01m[K/home/pengyh/documents/ros2_ws/RobotAD/src/nuscenes_data_collector/include/nuscenes_data_collector/nuscenes_data_collector.hpp:542:73:[m[K [01;35m[Kwarning: [m[Klogical not is only applied to the left hand side of comparison [[01;35m[K]8;;https://gcc.gnu.org/onlinedocs/gcc/Warning-Options.html#index-Wlogical-not-parentheses-Wlogical-not-parentheses]8;;[m[K]
[5.592s]   542 | ) && !latest_scene_["name"].get[01;35m[K<[m[Kstd::string>().empty()) {
[5.592s]       |                                [01;35m[K^[m[K
[5.593s] 
[5.593s] [01m[K/home/pengyh/documents/ros2_ws/RobotAD/src/nuscenes_data_collector/include/nuscenes_data_collector/nuscenes_data_collector.hpp:542:87:[m[K [01;31m[Kerror: [m[Kexpected primary-expression before â€˜[01m[K)[m[Kâ€™ token
[5.593s]   542 | cene_["name"].get<std::string>([01;31m[K)[m[K.empty()) {
[5.593s]       |                                [01;31m[K^[m[K
[5.593s] 
[5.607s] [01m[K/home/pengyh/documents/ros2_ws/RobotAD/src/nuscenes_data_collector/include/nuscenes_data_collector/nuscenes_data_collector.hpp:544:65:[m[K [01;31m[Kerror: [m[Kâ€˜[01m[Klatest_imu_[m[Kâ€™ was not declared in this scope
[5.607s]   544 | nderKey("can_bus", scene_name, [01;31m[Klatest_imu_[m[K, true);
[5.607s]       |                                [01;31m[K^~~~~~~~~~~[m[K
[5.607s] 
[5.631s] [01m[K/home/pengyh/documents/ros2_ws/RobotAD/src/nuscenes_data_collector/include/nuscenes_data_collector/nuscenes_data_collector.hpp:547:37:[m[K [01;31m[Kerror: [m[Kâ€˜[01m[KextractRelativePath[m[Kâ€™ was not declared in this scope
[5.631s]   547 |    std::string relative_path = [01;31m[KextractRelativePath[m[K(image_save_file);
[5.631s]       |                                [01;31m[K^~~~~~~~~~~~~~~~~~~[m[K
[5.631s] 
[5.653s] [01m[K/home/pengyh/documents/ros2_ws/RobotAD/src/nuscenes_data_collector/include/nuscenes_data_collector/nuscenes_data_collector.hpp:549:69:[m[K [01;31m[Kerror: [m[Kâ€˜[01m[Kcalibrated_sensor_token_map_[m[Kâ€™ was not declared in this scope; did you mean â€˜[01m[Kcalibrated_sensor_token[m[Kâ€™?
[5.653s]   549 | _token = get_calibration_token([01;31m[Kcalibrated_sensor_token_map_[m[K ,device_name);
[5.653s]       |                                [01;31m[K^~~~~~~~~~~~~~~~~~~~~~~~~~~~[m[K
[5.653s]       |                                [32m[Kcalibrated_sensor_token[m[K
[5.685s] [01m[K/home/pengyh/documents/ros2_ws/RobotAD/src/nuscenes_data_collector/include/nuscenes_data_collector/nuscenes_data_collector.hpp:566:55:[m[K [01;31m[Kerror: [m[Kâ€˜[01m[Kprev_next_sliders_[m[Kâ€™ was not declared in this scope
[5.685s]   566 | ext_and_write_json_dynamically([01;31m[Kprev_next_sliders_[m[K,
[5.685s]       |                                [01;31m[K^~~~~~~~~~~~~~~~~~[m[K
[5.685s] 
[5.706s] [01m[K/home/pengyh/documents/ros2_ws/RobotAD/src/nuscenes_data_collector/include/nuscenes_data_collector/nuscenes_data_collector.hpp:[m[K In member function â€˜[01m[Kvoid NuScenesDataCollector::save_lidar_data(const std::shared_ptr<sensor_msgs::msg::PointCloud2_<std::allocator<void> > >&, const string&)[m[Kâ€™:
[5.706s] [01m[K/home/pengyh/documents/ros2_ws/RobotAD/src/nuscenes_data_collector/include/nuscenes_data_collector/nuscenes_data_collector.hpp:581:30:[m[K [01;31m[Kerror: [m[Kâ€˜[01m[Ksample_triggers_[m[Kâ€™ was not declared in this scope
[5.706s]   581 |     std::string data_type = ([01;31m[Ksample_triggers_[m[K[device_name] == true) ? "samples" : "sweeps";
[5.706s]       |                              [01;31m[K^~~~~~~~~~~~~~~~[m[K
[5.719s] [01m[K/home/pengyh/documents/ros2_ws/RobotAD/src/nuscenes_data_collector/include/nuscenes_data_collector/nuscenes_data_collector.hpp:584:31:[m[K [01;31m[Kerror: [m[Kâ€˜[01m[Kroot_path_[m[Kâ€™ was not declared in this scope
[5.719s]   584 |     std::string folder_path = [01;31m[Kroot_path_[m[K + "/" + data_type + "/" + device_name;
[5.719s]       |                               [01;31m[K^~~~~~~~~~[m[K
[5.749s] [01m[K/home/pengyh/documents/ros2_ws/RobotAD/src/nuscenes_data_collector/include/nuscenes_data_collector/nuscenes_data_collector.hpp:585:5:[m[K [01;31m[Kerror: [m[Kâ€˜[01m[Kensure_directory_exists[m[Kâ€™ was not declared in this scope
[5.749s]   585 |     [01;31m[Kensure_directory_exists[m[K(folder_path);
[5.749s]       |     [01;31m[K^~~~~~~~~~~~~~~~~~~~~~~[m[K
[5.781s] [01m[K/home/pengyh/documents/ros2_ws/RobotAD/src/nuscenes_data_collector/include/nuscenes_data_collector/nuscenes_data_collector.hpp:589:33:[m[K [01;31m[Kerror: [m[Kâ€˜[01m[Kstart_system_time_token_[m[Kâ€™ was not declared in this scope
[5.781s]   589 |    ss << folder_path << '/' << [01;31m[Kstart_system_time_token_[m[K << "__" << device_name << "__"
[5.781s]       |                                [01;31m[K^~~~~~~~~~~~~~~~~~~~~~~~[m[K
[5.781s] 
[5.781s] [01m[K/home/pengyh/documents/ros2_ws/RobotAD/src/nuscenes_data_collector/include/nuscenes_data_collector/nuscenes_data_collector.hpp:594:26:[m[K [01;31m[Kerror: [m[Kâ€˜[01m[KPointXYZIR[m[Kâ€™ is not a member of â€˜[01m[Kpcl[m[Kâ€™; did you mean â€˜[01m[KPointXYZI[m[Kâ€™?
[5.781s]   594 |     pcl::PointCloud<pcl::[01;31m[KPointXYZIR[m[K> cloud;  // ä½¿ç”¨ PointXYZIR æ”¯æŒå¼ºåº¦å’ŒçŽ¯å·
[5.781s]       |                          [01;31m[K^~~~~~~~~~[m[K
[5.781s]       |                          [32m[KPointXYZI[m[K
[5.781s] [01m[K/home/pengyh/documents/ros2_ws/RobotAD/src/nuscenes_data_collector/include/nuscenes_data_collector/nuscenes_data_collector.hpp:594:36:[m[K [01;31m[Kerror: [m[Ktemplate argument 1 is invalid
[5.781s]   594 | pcl::PointCloud<pcl::PointXYZIR[01;31m[K>[m[K cloud;  // ä½¿ç”¨ PointXYZIR æ”¯æŒå¼ºåº¦å’ŒçŽ¯å·
[5.781s]       |                                [01;31m[K^[m[K
[5.781s] 
[5.781s] [01m[K/home/pengyh/documents/ros2_ws/RobotAD/src/nuscenes_data_collector/include/nuscenes_data_collector/nuscenes_data_collector.hpp:601:28:[m[K [01;31m[Kerror: [m[Kno matching function for call to â€˜[01m[KfromPCLPointCloud2(pcl::PCLPointCloud2&, int&)[m[Kâ€™
[5.781s]   601 |     [01;31m[Kpcl::fromPCLPointCloud2(pcl_cloud2, cloud)[m[K;  // ä½¿ç”¨ pcl::fromPCLPointCloud2
[5.781s]       |     [01;31m[K~~~~~~~~~~~~~~~~~~~~~~~^~~~~~~~~~~~~~~~~~~[m[K
[5.781s] In file included from [01m[K/home/pengyh/documents/ros2_ws/RobotAD/src/nuscenes_data_collector/include/nuscenes_data_collector/nuscenes_data_collector.hpp:31[m[K,
[5.781s]                  from [01m[K/home/pengyh/documents/ros2_ws/RobotAD/src/nuscenes_data_collector/src/nuscenes_data_collector.cpp:1[m[K:
[5.781s] [01m[K/usr/include/pcl-1.12/pcl/conversions.h:166:3:[m[K [01;36m[Knote: [m[Kcandidate: â€˜[01m[Ktemplate<class PointT> void pcl::fromPCLPointCloud2(const pcl::PCLPointCloud2&, pcl::PointCloud<PointT>&, const MsgFieldMap&)[m[Kâ€™
[5.781s]   166 |   [01;36m[KfromPCLPointCloud2[m[K (const pcl::PCLPointCloud2& msg, pcl::PointCloud<PointT>& cloud,
[5.781s]       |   [01;36m[K^~~~~~~~~~~~~~~~~~[m[K
[5.781s] [01m[K/usr/include/pcl-1.12/pcl/conversions.h:166:3:[m[K [01;36m[Knote: [m[K  template argument deduction/substitution failed:
[5.781s] In file included from [01m[K/home/pengyh/documents/ros2_ws/RobotAD/src/nuscenes_data_collector/src/nuscenes_data_collector.cpp:1[m[K:
[5.781s] [01m[K/home/pengyh/documents/ros2_ws/RobotAD/src/nuscenes_data_collector/include/nuscenes_data_collector/nuscenes_data_collector.hpp:601:28:[m[K [01;36m[Knote: [m[K  mismatched types â€˜[01m[Kpcl::PointCloud<PointT>[m[Kâ€™ and â€˜[01m[Kint[m[Kâ€™
[5.781s]   601 |     [01;36m[Kpcl::fromPCLPointCloud2(pcl_cloud2, cloud)[m[K;  // ä½¿ç”¨ pcl::fromPCLPointCloud2
[5.781s]       |     [01;36m[K~~~~~~~~~~~~~~~~~~~~~~~^~~~~~~~~~~~~~~~~~~[m[K
[5.781s] In file included from [01m[K/home/pengyh/documents/ros2_ws/RobotAD/src/nuscenes_data_collector/include/nuscenes_data_collector/nuscenes_data_collector.hpp:31[m[K,
[5.781s]                  from [01m[K/home/pengyh/documents/ros2_ws/RobotAD/src/nuscenes_data_collector/src/nuscenes_data_collector.cpp:1[m[K:
[5.781s] [01m[K/usr/include/pcl-1.12/pcl/conversions.h:226:3:[m[K [01;36m[Knote: [m[Kcandidate: â€˜[01m[Ktemplate<class PointT> void pcl::fromPCLPointCloud2(const pcl::PCLPointCloud2&, pcl::PointCloud<PointT>&)[m[Kâ€™
[5.781s]   226 |   [01;36m[KfromPCLPointCloud2[m[K (const pcl::PCLPointCloud2& msg, pcl::PointCloud<PointT>& cloud)
[5.781s]       |   [01;36m[K^~~~~~~~~~~~~~~~~~[m[K
[5.781s] [01m[K/usr/include/pcl-1.12/pcl/conversions.h:226:3:[m[K [01;36m[Knote: [m[K  template argument deduction/substitution failed:
[5.782s] In file included from [01m[K/home/pengyh/documents/ros2_ws/RobotAD/src/nuscenes_data_collector/src/nuscenes_data_collector.cpp:1[m[K:
[5.782s] [01m[K/home/pengyh/documents/ros2_ws/RobotAD/src/nuscenes_data_collector/include/nuscenes_data_collector/nuscenes_data_collector.hpp:601:28:[m[K [01;36m[Knote: [m[K  mismatched types â€˜[01m[Kpcl::PointCloud<PointT>[m[Kâ€™ and â€˜[01m[Kint[m[Kâ€™
[5.782s]   601 |     [01;36m[Kpcl::fromPCLPointCloud2(pcl_cloud2, cloud)[m[K;  // ä½¿ç”¨ pcl::fromPCLPointCloud2
[5.782s]       |     [01;36m[K~~~~~~~~~~~~~~~~~~~~~~~^~~~~~~~~~~~~~~~~~~[m[K
[5.782s] [01m[K/home/pengyh/documents/ros2_ws/RobotAD/src/nuscenes_data_collector/include/nuscenes_data_collector/nuscenes_data_collector.hpp:604:15:[m[K [01;31m[Kerror: [m[Krequest for member â€˜[01m[Kpoints[m[Kâ€™ in â€˜[01m[Kcloud[m[Kâ€™, which is of non-class type â€˜[01m[Kint[m[Kâ€™
[5.782s]   604 |     if (cloud.[01;31m[Kpoints[m[K.empty()) {
[5.782s]       |               [01;31m[K^~~~~~[m[K
[5.782s] [01m[K/home/pengyh/documents/ros2_ws/RobotAD/src/nuscenes_data_collector/include/nuscenes_data_collector/nuscenes_data_collector.hpp:613:40:[m[K [01;31m[Kerror: [m[Krequest for member â€˜[01m[Kpoints[m[Kâ€™ in â€˜[01m[Kcloud[m[Kâ€™, which is of non-class type â€˜[01m[Kint[m[Kâ€™
[5.782s]   613 |   for (const auto &point : cloud.[01;31m[Kpoints[m[K) {
[5.782s]       |                                  [01;31m[K^~~~~~[m[K
[5.782s] 
[5.789s] [01m[K/home/pengyh/documents/ros2_ws/RobotAD/src/nuscenes_data_collector/include/nuscenes_data_collector/nuscenes_data_collector.hpp:[m[K In function â€˜[01m[Kvoid sample_recorder(std::string, uint64_t, std::string)[m[Kâ€™:
[5.789s] [01m[K/home/pengyh/documents/ros2_ws/RobotAD/src/nuscenes_data_collector/include/nuscenes_data_collector/nuscenes_data_collector.hpp:677:41:[m[K [01;31m[Kerror: [m[Kâ€˜[01m[Ksample_scene_recoder_name_[m[Kâ€™ was not declared in this scope; did you mean â€˜[01m[Ksample_scene_recoder_name[m[Kâ€™?
[5.789s]   677 | f(sample_scene_recoder_name == [01;31m[Ksample_scene_recoder_name_[m[K){
[5.789s]       |                                [01;31m[K^~~~~~~~~~~~~~~~~~~~~~~~~~[m[K
[5.789s]       |                                [32m[Ksample_scene_recoder_name[m[K
[5.814s] [01m[K/home/pengyh/documents/ros2_ws/RobotAD/src/nuscenes_data_collector/include/nuscenes_data_collector/nuscenes_data_collector.hpp:680:16:[m[K [01;31m[Kerror: [m[Kâ€˜[01m[Kscene_sample_frame_count_[m[Kâ€™ was not declared in this scope
[5.814s]   680 |             if([01;31m[Kscene_sample_frame_count_[m[K < scene_frame_ - 1)
[5.814s]       |                [01;31m[K^~~~~~~~~~~~~~~~~~~~~~~~~[m[K
[5.826s] [01m[K/home/pengyh/documents/ros2_ws/RobotAD/src/nuscenes_data_collector/include/nuscenes_data_collector/nuscenes_data_collector.hpp:680:44:[m[K [01;31m[Kerror: [m[Kâ€˜[01m[Kscene_frame_[m[Kâ€™ was not declared in this scope
[5.827s]   680 | if(scene_sample_frame_count_ < [01;31m[Kscene_frame_[m[K - 1)
[5.827s]       |                                [01;31m[K^~~~~~~~~~~~[m[K
[5.827s] 
[5.843s] [01m[K/home/pengyh/documents/ros2_ws/RobotAD/src/nuscenes_data_collector/include/nuscenes_data_collector/nuscenes_data_collector.hpp:682:17:[m[K [01;31m[Kerror: [m[Kâ€˜[01m[Kscene_processing[m[Kâ€™ was not declared in this scope
[5.843s]   682 |                 [01;31m[Kscene_processing[m[K(sample_token);
[5.843s]       |                 [01;31m[K^~~~~~~~~~~~~~~~[m[K
[5.860s] [01m[K/home/pengyh/documents/ros2_ws/RobotAD/src/nuscenes_data_collector/include/nuscenes_data_collector/nuscenes_data_collector.hpp:689:46:[m[K [01;31m[Kerror: [m[Kâ€˜[01m[Kcur_scene_token_[m[Kâ€™ was not declared in this scope
[5.860s]   689 |   sample_json["scene_token"] = [01;31m[Kcur_scene_token_[m[K;
[5.860s]       |                                [01;31m[K^~~~~~~~~~~~~~~~[m[K
[5.860s] 
[5.880s] [01m[K/home/pengyh/documents/ros2_ws/RobotAD/src/nuscenes_data_collector/include/nuscenes_data_collector/nuscenes_data_collector.hpp:691:63:[m[K [01;31m[Kerror: [m[Kâ€˜[01m[Kprev_next_sliders_[m[Kâ€™ was not declared in this scope
[5.880s]   691 | ext_and_write_json_dynamically([01;31m[Kprev_next_sliders_[m[K,
[5.880s]       |                                [01;31m[K^~~~~~~~~~~~~~~~~~[m[K
[5.880s] 
[5.891s] [01m[K/home/pengyh/documents/ros2_ws/RobotAD/src/nuscenes_data_collector/include/nuscenes_data_collector/nuscenes_data_collector.hpp:694:17:[m[K [01;31m[Kerror: [m[Kâ€˜[01m[Kjson_writer_[m[Kâ€™ was not declared in this scope
[5.891s]   694 |                 [01;31m[Kjson_writer_[m[K,
[5.891s]       |                 [01;31m[K^~~~~~~~~~~~[m[K
[5.907s] [01m[K/home/pengyh/documents/ros2_ws/RobotAD/src/nuscenes_data_collector/include/nuscenes_data_collector/nuscenes_data_collector.hpp:705:46:[m[K [01;31m[Kerror: [m[Kâ€˜[01m[Kcur_scene_token_[m[Kâ€™ was not declared in this scope
[5.907s]   705 |   sample_json["scene_token"] = [01;31m[Kcur_scene_token_[m[K;
[5.907s]       |                                [01;31m[K^~~~~~~~~~~~~~~~[m[K
[5.907s] 
[5.927s] [01m[K/home/pengyh/documents/ros2_ws/RobotAD/src/nuscenes_data_collector/include/nuscenes_data_collector/nuscenes_data_collector.hpp:707:63:[m[K [01;31m[Kerror: [m[Kâ€˜[01m[Kprev_next_sliders_[m[Kâ€™ was not declared in this scope
[5.927s]   707 | ext_and_write_json_dynamically([01;31m[Kprev_next_sliders_[m[K,
[5.927s]       |                                [01;31m[K^~~~~~~~~~~~~~~~~~[m[K
[5.927s] 
[5.938s] [01m[K/home/pengyh/documents/ros2_ws/RobotAD/src/nuscenes_data_collector/include/nuscenes_data_collector/nuscenes_data_collector.hpp:710:17:[m[K [01;31m[Kerror: [m[Kâ€˜[01m[Kjson_writer_[m[Kâ€™ was not declared in this scope
[5.938s]   710 |                 [01;31m[Kjson_writer_[m[K,
[5.938s]       |                 [01;31m[K^~~~~~~~~~~~[m[K
[5.949s] [01m[K/home/pengyh/documents/ros2_ws/RobotAD/src/nuscenes_data_collector/include/nuscenes_data_collector/nuscenes_data_collector.hpp:713:17:[m[K [01;31m[Kerror: [m[Kâ€˜[01m[Kscene_done[m[Kâ€™ was not declared in this scope
[5.949s]   713 |                 [01;31m[Kscene_done[m[K(sample_token);
[5.949s]       |                 [01;31m[K^~~~~~~~~~[m[K
[5.974s] [01m[K/home/pengyh/documents/ros2_ws/RobotAD/src/nuscenes_data_collector/include/nuscenes_data_collector/nuscenes_data_collector.hpp:[m[K In function â€˜[01m[Kvoid scene_processing(std::string)[m[Kâ€™:
[5.974s] [01m[K/home/pengyh/documents/ros2_ws/RobotAD/src/nuscenes_data_collector/include/nuscenes_data_collector/nuscenes_data_collector.hpp:720:9:[m[K [01;31m[Kerror: [m[Kâ€˜[01m[Kscene_sample_frame_count_[m[Kâ€™ was not declared in this scope
[5.974s]   720 |         [01;31m[Kscene_sample_frame_count_[m[K++;
[5.974s]       |         [01;31m[K^~~~~~~~~~~~~~~~~~~~~~~~~[m[K
[5.993s] [01m[K/home/pengyh/documents/ros2_ws/RobotAD/src/nuscenes_data_collector/include/nuscenes_data_collector/nuscenes_data_collector.hpp:723:50:[m[K [01;31m[Kerror: [m[Kâ€˜[01m[Kget_cur_system_time[m[Kâ€™ was not declared in this scope
[5.994s]   723 | tring cur_system_time_string = [01;31m[Kget_cur_system_time[m[K();
[5.994s]       |                                [01;31m[K^~~~~~~~~~~~~~~~~~~[m[K
[5.994s] 
[6.009s] [01m[K/home/pengyh/documents/ros2_ws/RobotAD/src/nuscenes_data_collector/include/nuscenes_data_collector/nuscenes_data_collector.hpp:724:13:[m[K [01;31m[Kerror: [m[Kâ€˜[01m[Kcur_scene_token_[m[Kâ€™ was not declared in this scope
[6.009s]   724 |             [01;31m[Kcur_scene_token_[m[K = "scene_" + map_name_ + "_" + cur_system_time_string;
[6.009s]       |             [01;31m[K^~~~~~~~~~~~~~~~[m[K
[6.017s] [01m[K/home/pengyh/documents/ros2_ws/RobotAD/src/nuscenes_data_collector/include/nuscenes_data_collector/nuscenes_data_collector.hpp:724:43:[m[K [01;31m[Kerror: [m[Kâ€˜[01m[Kmap_name_[m[Kâ€™ was not declared in this scope
[6.017s]   724 |  cur_scene_token_ = "scene_" + [01;31m[Kmap_name_[m[K + "_" + cur_system_time_string;
[6.017s]       |                                [01;31m[K^~~~~~~~~[m[K
[6.017s] 
[6.024s] [01m[K/home/pengyh/documents/ros2_ws/RobotAD/src/nuscenes_data_collector/include/nuscenes_data_collector/nuscenes_data_collector.hpp:725:38:[m[K [01;31m[Kerror: [m[Kâ€˜[01m[Kscene_mode_[m[Kâ€™ was not declared in this scope
[6.024s]   725 |       std::string scene_name = [01;31m[Kscene_mode_[m[K + "_" + map_name_ + "_" + std::to_string(cur_scene_num_) + "_" + start_system_time_token_; // TODO: nusceneså¯¹æ¯ä¸ªåœºæ™¯æœ‰ä¸¥æ ¼çš„åˆ’åˆ†nuscnes.splitså‡½æ•°å¯ä»¥åˆ’åˆ†é‚£äº›äº‹trainã€valè¿˜æ˜¯test
[6.024s]       |                                [01;31m[K^~~~~~~~~~~[m[K
[6.025s] 
[6.036s] [01m[K/home/pengyh/documents/ros2_ws/RobotAD/src/nuscenes_data_collector/include/nuscenes_data_collector/nuscenes_data_collector.hpp:725:91:[m[K [01;31m[Kerror: [m[Kâ€˜[01m[Kcur_scene_num_[m[Kâ€™ was not declared in this scope
[6.036s]   725 | p_name_ + "_" + std::to_string([01;31m[Kcur_scene_num_[m[K) + "_" + start_system_time_token_; // TODO: nusceneså¯¹æ¯ä¸ªåœºæ™¯æœ‰ä¸¥æ ¼çš„åˆ’åˆ†nuscnes.splitså‡½æ•°å¯ä»¥åˆ’åˆ†é‚£äº›äº‹trainã€valè¿˜æ˜¯test
[6.036s]       |                                [01;31m[K^~~~~~~~~~~~~~[m[K
[6.036s] 
[6.059s] [01m[K/home/pengyh/documents/ros2_ws/RobotAD/src/nuscenes_data_collector/include/nuscenes_data_collector/nuscenes_data_collector.hpp:725:115:[m[K [01;31m[Kerror: [m[Kâ€˜[01m[Kstart_system_time_token_[m[Kâ€™ was not declared in this scope
[6.059s]   725 | string(cur_scene_num_) + "_" + [01;31m[Kstart_system_time_token_[m[K; // TODO: nusceneså¯¹æ¯ä¸ªåœºæ™¯æœ‰ä¸¥æ ¼çš„åˆ’åˆ†nuscnes.splitså‡½æ•°å¯ä»¥åˆ’åˆ†é‚£äº›äº‹trainã€valè¿˜æ˜¯test
[6.059s]       |                                [01;31m[K^~~~~~~~~~~~~~~~~~~~~~~~[m[K
[6.059s] 
[6.071s] [01m[K/home/pengyh/documents/ros2_ws/RobotAD/src/nuscenes_data_collector/include/nuscenes_data_collector/nuscenes_data_collector.hpp:727:13:[m[K [01;31m[Kerror: [m[Kâ€˜[01m[Klatest_scene_[m[Kâ€™ was not declared in this scope
[6.072s]   727 |             [01;31m[Klatest_scene_[m[K["token"] = cur_scene_token_;
[6.072s]       |             [01;31m[K^~~~~~~~~~~~~[m[K
[6.083s] [01m[K/home/pengyh/documents/ros2_ws/RobotAD/src/nuscenes_data_collector/include/nuscenes_data_collector/nuscenes_data_collector.hpp:728:42:[m[K [01;31m[Kerror: [m[Kâ€˜[01m[Klog_token_[m[Kâ€™ was not declared in this scope
[6.083s]   728 |   latest_scene_["log_token"] = [01;31m[Klog_token_[m[K;
[6.083s]       |                                [01;31m[K^~~~~~~~~~[m[K
[6.083s] 
[6.095s] [01m[K/home/pengyh/documents/ros2_ws/RobotAD/src/nuscenes_data_collector/include/nuscenes_data_collector/nuscenes_data_collector.hpp:736:13:[m[K [01;31m[Kerror: [m[Kâ€˜[01m[Klatest_scene_[m[Kâ€™ was not declared in this scope
[6.095s]   736 |             [01;31m[Klatest_scene_[m[K["last_sample_token"] = sample_token;
[6.095s]       |             [01;31m[K^~~~~~~~~~~~~[m[K
[6.121s] [01m[K/home/pengyh/documents/ros2_ws/RobotAD/src/nuscenes_data_collector/include/nuscenes_data_collector/nuscenes_data_collector.hpp:[m[K In function â€˜[01m[Kvoid scene_done(std::string)[m[Kâ€™:
[6.121s] [01m[K/home/pengyh/documents/ros2_ws/RobotAD/src/nuscenes_data_collector/include/nuscenes_data_collector/nuscenes_data_collector.hpp:743:9:[m[K [01;31m[Kerror: [m[Kâ€˜[01m[Kscene_sample_frame_count_[m[Kâ€™ was not declared in this scope
[6.121s]   743 |         [01;31m[Kscene_sample_frame_count_[m[K++;
[6.121s]       |         [01;31m[K^~~~~~~~~~~~~~~~~~~~~~~~~[m[K
[6.134s] [01m[K/home/pengyh/documents/ros2_ws/RobotAD/src/nuscenes_data_collector/include/nuscenes_data_collector/nuscenes_data_collector.hpp:745:9:[m[K [01;31m[Kerror: [m[Kâ€˜[01m[Klatest_scene_[m[Kâ€™ was not declared in this scope
[6.134s]   745 |         [01;31m[Klatest_scene_[m[K["last_sample_token"] = sample_token;
[6.134s]       |         [01;31m[K^~~~~~~~~~~~~[m[K
[6.146s] [01m[K/home/pengyh/documents/ros2_ws/RobotAD/src/nuscenes_data_collector/include/nuscenes_data_collector/nuscenes_data_collector.hpp:747:9:[m[K [01;31m[Kerror: [m[Kâ€˜[01m[Kjson_writer_[m[Kâ€™ was not declared in this scope
[6.146s]   747 |         [01;31m[Kjson_writer_[m[K.addKeyValuePairToJson("scene", latest_scene_, true);
[6.146s]       |         [01;31m[K^~~~~~~~~~~~[m[K
[6.159s] [01m[K/home/pengyh/documents/ros2_ws/RobotAD/src/nuscenes_data_collector/include/nuscenes_data_collector/nuscenes_data_collector.hpp:751:9:[m[K [01;31m[Kerror: [m[Kâ€˜[01m[Kcur_scene_num_[m[Kâ€™ was not declared in this scope
[6.159s]   751 |         [01;31m[Kcur_scene_num_[m[K++;
[6.159s]       |         [01;31m[K^~~~~~~~~~~~~~[m[K
[6.171s] [01m[K/home/pengyh/documents/ros2_ws/RobotAD/src/nuscenes_data_collector/include/nuscenes_data_collector/nuscenes_data_collector.hpp:[m[K In function â€˜[01m[Kvoid scene_cache_write()[m[Kâ€™:
[6.171s] [01m[K/home/pengyh/documents/ros2_ws/RobotAD/src/nuscenes_data_collector/include/nuscenes_data_collector/nuscenes_data_collector.hpp:756:14:[m[K [01;31m[Kerror: [m[Kâ€˜[01m[Klatest_scene_[m[Kâ€™ was not declared in this scope
[6.171s]   756 |         if (![01;31m[Klatest_scene_[m[K.empty()) {
[6.171s]       |              [01;31m[K^~~~~~~~~~~~~[m[K
[6.182s] [01m[K/home/pengyh/documents/ros2_ws/RobotAD/src/nuscenes_data_collector/include/nuscenes_data_collector/nuscenes_data_collector.hpp:757:13:[m[K [01;31m[Kerror: [m[Kâ€˜[01m[Kjson_writer_[m[Kâ€™ was not declared in this scope
[6.182s]   757 |             [01;31m[Kjson_writer_[m[K.addKeyValuePairToJson("scene", latest_scene_, true);
[6.182s]       |             [01;31m[K^~~~~~~~~~~~[m[K
[6.206s] [01m[K/home/pengyh/documents/ros2_ws/RobotAD/src/nuscenes_data_collector/include/nuscenes_data_collector/nuscenes_data_collector.hpp:761:9:[m[K [01;31m[Kerror: [m[Kâ€˜[01m[Kscene_sample_frame_count_[m[Kâ€™ was not declared in this scope
[6.206s]   761 |         [01;31m[Kscene_sample_frame_count_[m[K = 0;
[6.206s]       |         [01;31m[K^~~~~~~~~~~~~~~~~~~~~~~~~[m[K
[6.206s] [01m[K/home/pengyh/documents/ros2_ws/RobotAD/src/nuscenes_data_collector/include/nuscenes_data_collector/nuscenes_data_collector.hpp:[m[K In function â€˜[01m[Kvoid map_write(const json&, const string&, const string&)[m[Kâ€™:
[6.207s] [01m[K/home/pengyh/documents/ros2_ws/RobotAD/src/nuscenes_data_collector/include/nuscenes_data_collector/nuscenes_data_collector.hpp:765:23:[m[K [01;31m[Kerror: [m[Kinvalid use of â€˜[01m[Kthis[m[Kâ€™ in non-member function
[6.207s]   765 |         auto logger = [01;31m[Kthis[m[K->get_logger();
[6.207s]       |                       [01;31m[K^~~~[m[K
[6.207s] In file included from [01m[K/opt/ros/humble/include/rclcpp/rclcpp/client.hpp:40[m[K,
[6.207s]                  from [01m[K/opt/ros/humble/include/rclcpp/rclcpp/callback_group.hpp:24[m[K,
[6.207s]                  from [01m[K/opt/ros/humble/include/rclcpp/rclcpp/any_executable.hpp:20[m[K,
[6.207s]                  from [01m[K/opt/ros/humble/include/rclcpp/rclcpp/memory_strategy.hpp:25[m[K,
[6.207s]                  from [01m[K/opt/ros/humble/include/rclcpp/rclcpp/memory_strategies.hpp:18[m[K,
[6.207s]                  from [01m[K/opt/ros/humble/include/rclcpp/rclcpp/executor_options.hpp:20[m[K,
[6.207s]                  from [01m[K/opt/ros/humble/include/rclcpp/rclcpp/executor.hpp:37[m[K,
[6.207s]                  from [01m[K/opt/ros/humble/include/rclcpp/rclcpp/executors/multi_threaded_executor.hpp:25[m[K,
[6.207s]                  from [01m[K/opt/ros/humble/include/rclcpp/rclcpp/executors.hpp:21[m[K,
[6.207s]                  from [01m[K/opt/ros/humble/include/rclcpp/rclcpp/rclcpp.hpp:155[m[K,
[6.207s]                  from [01m[K/home/pengyh/documents/ros2_ws/RobotAD/src/nuscenes_data_collector/include/nuscenes_data_collector/nuscenes_data_collector.hpp:4[m[K,
[6.207s]                  from [01m[K/home/pengyh/documents/ros2_ws/RobotAD/src/nuscenes_data_collector/src/nuscenes_data_collector.cpp:1[m[K:
[6.207s] [01m[K/home/pengyh/documents/ros2_ws/RobotAD/src/nuscenes_data_collector/include/nuscenes_data_collector/nuscenes_data_collector.hpp:769:17:[m[K [01;31m[Kerror: [m[Ktemplate argument 1 is invalid
[6.207s]   769 |                 [01;31m[KRCLCPP_ERROR[m[K(logger, "map.json does not exist at path: %s", map_path.c_str());
[6.207s]       |                 [01;31m[K^~~~~~~~~~~~[m[K
[6.207s] [01m[K/home/pengyh/documents/ros2_ws/RobotAD/src/nuscenes_data_collector/include/nuscenes_data_collector/nuscenes_data_collector.hpp:769:17:[m[K [01;31m[Kerror: [m[Ktemplate argument 1 is invalid
[6.207s]   769 |                 [01;31m[KRCLCPP_ERROR[m[K(logger, "map.json does not exist at path: %s", map_path.c_str());
[6.207s]       |                 [01;31m[K^~~~~~~~~~~~[m[K
[6.207s] [01m[K/home/pengyh/documents/ros2_ws/RobotAD/src/nuscenes_data_collector/include/nuscenes_data_collector/nuscenes_data_collector.hpp:769:17:[m[K [01;31m[Kerror: [m[Ktemplate argument 1 is invalid
[6.207s]   769 |                 [01;31m[KRCLCPP_ERROR[m[K(logger, "map.json does not exist at path: %s", map_path.c_str());
[6.207s]       |                 [01;31m[K^~~~~~~~~~~~[m[K
[6.207s] [01m[K/home/pengyh/documents/ros2_ws/RobotAD/src/nuscenes_data_collector/include/nuscenes_data_collector/nuscenes_data_collector.hpp:776:17:[m[K [01;31m[Kerror: [m[Ktemplate argument 1 is invalid
[6.207s]   776 |                 [01;31m[KRCLCPP_ERROR[m[K(logger, "Failed to open %s for reading.", map_path.c_str());
[6.207s]       |                 [01;31m[K^~~~~~~~~~~~[m[K
[6.207s] [01m[K/home/pengyh/documents/ros2_ws/RobotAD/src/nuscenes_data_collector/include/nuscenes_data_collector/nuscenes_data_collector.hpp:776:17:[m[K [01;31m[Kerror: [m[Ktemplate argument 1 is invalid
[6.207s]   776 |                 [01;31m[KRCLCPP_ERROR[m[K(logger, "Failed to open %s for reading.", map_path.c_str());
[6.207s]       |                 [01;31m[K^~~~~~~~~~~~[m[K
[6.207s] [01m[K/home/pengyh/documents/ros2_ws/RobotAD/src/nuscenes_data_collector/include/nuscenes_data_collector/nuscenes_data_collector.hpp:776:17:[m[K [01;31m[Kerror: [m[Ktemplate argument 1 is invalid
[6.208s]   776 |                 [01;31m[KRCLCPP_ERROR[m[K(logger, "Failed to open %s for reading.", map_path.c_str());
[6.208s]       |                 [01;31m[K^~~~~~~~~~~~[m[K
[6.208s] [01m[K/home/pengyh/documents/ros2_ws/RobotAD/src/nuscenes_data_collector/include/nuscenes_data_collector/nuscenes_data_collector.hpp:784:17:[m[K [01;31m[Kerror: [m[Ktemplate argument 1 is invalid
[6.208s]   784 |                 [01;31m[KRCLCPP_ERROR[m[K(logger, "JSON parse error in %s: %s", map_path.c_str(), e.what());
[6.208s]       |                 [01;31m[K^~~~~~~~~~~~[m[K
[6.208s] [01m[K/home/pengyh/documents/ros2_ws/RobotAD/src/nuscenes_data_collector/include/nuscenes_data_collector/nuscenes_data_collector.hpp:784:17:[m[K [01;31m[Kerror: [m[Ktemplate argument 1 is invalid
[6.208s]   784 |                 [01;31m[KRCLCPP_ERROR[m[K(logger, "JSON parse error in %s: %s", map_path.c_str(), e.what());
[6.208s]       |                 [01;31m[K^~~~~~~~~~~~[m[K
[6.208s] [01m[K/home/pengyh/documents/ros2_ws/RobotAD/src/nuscenes_data_collector/include/nuscenes_data_collector/nuscenes_data_collector.hpp:784:17:[m[K [01;31m[Kerror: [m[Ktemplate argument 1 is invalid
[6.208s]   784 |                 [01;31m[KRCLCPP_ERROR[m[K(logger, "JSON parse error in %s: %s", map_path.c_str(), e.what());
[6.208s]       |                 [01;31m[K^~~~~~~~~~~~[m[K
[6.208s] [01m[K/home/pengyh/documents/ros2_ws/RobotAD/src/nuscenes_data_collector/include/nuscenes_data_collector/nuscenes_data_collector.hpp:789:13:[m[K [01;31m[Kerror: [m[Ktemplate argument 1 is invalid
[6.208s]   789 |             [01;31m[KRCLCPP_INFO[m[K(logger, "Successfully read map.json");
[6.208s]       |             [01;31m[K^~~~~~~~~~~[m[K
[6.208s] [01m[K/home/pengyh/documents/ros2_ws/RobotAD/src/nuscenes_data_collector/include/nuscenes_data_collector/nuscenes_data_collector.hpp:789:13:[m[K [01;31m[Kerror: [m[Ktemplate argument 1 is invalid
[6.208s]   789 |             [01;31m[KRCLCPP_INFO[m[K(logger, "Successfully read map.json");
[6.208s]       |             [01;31m[K^~~~~~~~~~~[m[K
[6.208s] [01m[K/home/pengyh/documents/ros2_ws/RobotAD/src/nuscenes_data_collector/include/nuscenes_data_collector/nuscenes_data_collector.hpp:789:13:[m[K [01;31m[Kerror: [m[Ktemplate argument 1 is invalid
[6.208s]   789 |             [01;31m[KRCLCPP_INFO[m[K(logger, "Successfully read map.json");
[6.208s]       |             [01;31m[K^~~~~~~~~~~[m[K
[6.208s] [01m[K/home/pengyh/documents/ros2_ws/RobotAD/src/nuscenes_data_collector/include/nuscenes_data_collector/nuscenes_data_collector.hpp:793:17:[m[K [01;31m[Kerror: [m[Ktemplate argument 1 is invalid
[6.208s]   793 |                 [01;31m[KRCLCPP_ERROR[m[K(logger, "map.json is not an array.");
[6.208s]       |                 [01;31m[K^~~~~~~~~~~~[m[K
[6.208s] [01m[K/home/pengyh/documents/ros2_ws/RobotAD/src/nuscenes_data_collector/include/nuscenes_data_collector/nuscenes_data_collector.hpp:793:17:[m[K [01;31m[Kerror: [m[Ktemplate argument 1 is invalid
[6.208s]   793 |                 [01;31m[KRCLCPP_ERROR[m[K(logger, "map.json is not an array.");
[6.208s]       |                 [01;31m[K^~~~~~~~~~~~[m[K
[6.208s] [01m[K/home/pengyh/documents/ros2_ws/RobotAD/src/nuscenes_data_collector/include/nuscenes_data_collector/nuscenes_data_collector.hpp:793:17:[m[K [01;31m[Kerror: [m[Ktemplate argument 1 is invalid
[6.208s]   793 |                 [01;31m[KRCLCPP_ERROR[m[K(logger, "map.json is not an array.");
[6.208s]       |                 [01;31m[K^~~~~~~~~~~~[m[K
[6.211s] [01m[K/home/pengyh/documents/ros2_ws/RobotAD/src/nuscenes_data_collector/include/nuscenes_data_collector/nuscenes_data_collector.hpp:799:17:[m[K [01;31m[Kerror: [m[Ktemplate argument 1 is invalid
[6.211s]   799 |                 [01;31m[KRCLCPP_ERROR[m[K(logger, "Provided log_json does not contain a valid 'token' field.");
[6.211s]       |                 [01;31m[K^~~~~~~~~~~~[m[K
[6.211s] [01m[K/home/pengyh/documents/ros2_ws/RobotAD/src/nuscenes_data_collector/include/nuscenes_data_collector/nuscenes_data_collector.hpp:799:17:[m[K [01;31m[Kerror: [m[Ktemplate argument 1 is invalid
[6.211s]   799 |                 [01;31m[KRCLCPP_ERROR[m[K(logger, "Provided log_json does not contain a valid 'token' field.");
[6.211s]       |                 [01;31m[K^~~~~~~~~~~~[m[K
[6.211s] [01m[K/home/pengyh/documents/ros2_ws/RobotAD/src/nuscenes_data_collector/include/nuscenes_data_collector/nuscenes_data_collector.hpp:799:17:[m[K [01;31m[Kerror: [m[Ktemplate argument 1 is invalid
[6.211s]   799 |                 [01;31m[KRCLCPP_ERROR[m[K(logger, "Provided log_json does not contain a valid 'token' field.");
[6.211s]       |                 [01;31m[K^~~~~~~~~~~~[m[K
[6.230s] [01m[K/home/pengyh/documents/ros2_ws/RobotAD/src/nuscenes_data_collector/include/nuscenes_data_collector/nuscenes_data_collector.hpp:826:25:[m[K [01;31m[Kerror: [m[Ktemplate argument 1 is invalid
[6.230s]   826 |                         [01;31m[KRCLCPP_INFO[m[K(logger, "Added log token '%s' to map token '%s'.", new_log_token.c_str(), map_name.c_str());
[6.230s]       |                         [01;31m[K^~~~~~~~~~~[m[K
[6.230s] [01m[K/home/pengyh/documents/ros2_ws/RobotAD/src/nuscenes_data_collector/include/nuscenes_data_collector/nuscenes_data_collector.hpp:826:25:[m[K [01;31m[Kerror: [m[Ktemplate argument 1 is invalid
[6.230s]   826 |                         [01;31m[KRCLCPP_INFO[m[K(logger, "Added log token '%s' to map token '%s'.", new_log_token.c_str(), map_name.c_str());
[6.230s]       |                         [01;31m[K^~~~~~~~~~~[m[K
[6.230s] [01m[K/home/pengyh/documents/ros2_ws/RobotAD/src/nuscenes_data_collector/include/nuscenes_data_collector/nuscenes_data_collector.hpp:826:25:[m[K [01;31m[Kerror: [m[Ktemplate argument 1 is invalid
[6.230s]   826 |                         [01;31m[KRCLCPP_INFO[m[K(logger, "Added log token '%s' to map token '%s'.", new_log_token.c_str(), map_name.c_str());
[6.230s]       |                         [01;31m[K^~~~~~~~~~~[m[K
[6.230s] [01m[K/home/pengyh/documents/ros2_ws/RobotAD/src/nuscenes_data_collector/include/nuscenes_data_collector/nuscenes_data_collector.hpp:828:25:[m[K [01;31m[Kerror: [m[Ktemplate argument 1 is invalid
[6.230s]   828 |                         [01;31m[KRCLCPP_INFO[m[K(logger, "Log token '%s' already exists for map token '%s'.", new_log_token.c_str(), map_name.c_str());
[6.230s]       |                         [01;31m[K^~~~~~~~~~~[m[K
[6.231s] [01m[K/home/pengyh/documents/ros2_ws/RobotAD/src/nuscenes_data_collector/include/nuscenes_data_collector/nuscenes_data_collector.hpp:828:25:[m[K [01;31m[Kerror: [m[Ktemplate argument 1 is invalid
[6.231s]   828 |                         [01;31m[KRCLCPP_INFO[m[K(logger, "Log token '%s' already exists for map token '%s'.", new_log_token.c_str(), map_name.c_str());
[6.231s]       |                         [01;31m[K^~~~~~~~~~~[m[K
[6.231s] [01m[K/home/pengyh/documents/ros2_ws/RobotAD/src/nuscenes_data_collector/include/nuscenes_data_collector/nuscenes_data_collector.hpp:828:25:[m[K [01;31m[Kerror: [m[Ktemplate argument 1 is invalid
[6.231s]   828 |                         [01;31m[KRCLCPP_INFO[m[K(logger, "Log token '%s' already exists for map token '%s'.", new_log_token.c_str(), map_name.c_str());
[6.231s]       |                         [01;31m[K^~~~~~~~~~~[m[K
[6.231s] [01m[K/home/pengyh/documents/ros2_ws/RobotAD/src/nuscenes_data_collector/include/nuscenes_data_collector/nuscenes_data_collector.hpp:840:21:[m[K [01;31m[Kerror: [m[Ktemplate argument 1 is invalid
[6.231s]   840 |                     [01;31m[KRCLCPP_ERROR[m[K(logger, "Failed to open %s for writing.", map_path.c_str());
[6.231s]       |                     [01;31m[K^~~~~~~~~~~~[m[K
[6.231s] [01m[K/home/pengyh/documents/ros2_ws/RobotAD/src/nuscenes_data_collector/include/nuscenes_data_collector/nuscenes_data_collector.hpp:840:21:[m[K [01;31m[Kerror: [m[Ktemplate argument 1 is invalid
[6.231s]   840 |                     [01;31m[KRCLCPP_ERROR[m[K(logger, "Failed to open %s for writing.", map_path.c_str());
[6.231s]       |                     [01;31m[K^~~~~~~~~~~~[m[K
[6.231s] [01m[K/home/pengyh/documents/ros2_ws/RobotAD/src/nuscenes_data_collector/include/nuscenes_data_collector/nuscenes_data_collector.hpp:840:21:[m[K [01;31m[Kerror: [m[Ktemplate argument 1 is invalid
[6.231s]   840 |                     [01;31m[KRCLCPP_ERROR[m[K(logger, "Failed to open %s for writing.", map_path.c_str());
[6.231s]       |                     [01;31m[K^~~~~~~~~~~~[m[K
[6.231s] [01m[K/home/pengyh/documents/ros2_ws/RobotAD/src/nuscenes_data_collector/include/nuscenes_data_collector/nuscenes_data_collector.hpp:845:17:[m[K [01;31m[Kerror: [m[Ktemplate argument 1 is invalid
[6.231s]   845 |                 [01;31m[KRCLCPP_INFO[m[K(logger, "Log token added successfully to %s.", map_path.c_str());
[6.231s]       |                 [01;31m[K^~~~~~~~~~~[m[K
[6.231s] [01m[K/home/pengyh/documents/ros2_ws/RobotAD/src/nuscenes_data_collector/include/nuscenes_data_collector/nuscenes_data_collector.hpp:845:17:[m[K [01;31m[Kerror: [m[Ktemplate argument 1 is invalid
[6.231s]   845 |                 [01;31m[KRCLCPP_INFO[m[K(logger, "Log token added successfully to %s.", map_path.c_str());
[6.231s]       |                 [01;31m[K^~~~~~~~~~~[m[K
[6.231s] [01m[K/home/pengyh/documents/ros2_ws/RobotAD/src/nuscenes_data_collector/include/nuscenes_data_collector/nuscenes_data_collector.hpp:845:17:[m[K [01;31m[Kerror: [m[Ktemplate argument 1 is invalid
[6.231s]   845 |                 [01;31m[KRCLCPP_INFO[m[K(logger, "Log token added successfully to %s.", map_path.c_str());
[6.231s]       |                 [01;31m[K^~~~~~~~~~~[m[K
[6.231s] [01m[K/home/pengyh/documents/ros2_ws/RobotAD/src/nuscenes_data_collector/include/nuscenes_data_collector/nuscenes_data_collector.hpp:847:17:[m[K [01;31m[Kerror: [m[Ktemplate argument 1 is invalid
[6.231s]   847 |                 [01;31m[KRCLCPP_ERROR[m[K(logger, "Token '%s' not found in %s.", map_name.c_str(), map_path.c_str());
[6.231s]       |                 [01;31m[K^~~~~~~~~~~~[m[K
[6.231s] [01m[K/home/pengyh/documents/ros2_ws/RobotAD/src/nuscenes_data_collector/include/nuscenes_data_collector/nuscenes_data_collector.hpp:847:17:[m[K [01;31m[Kerror: [m[Ktemplate argument 1 is invalid
[6.231s]   847 |                 [01;31m[KRCLCPP_ERROR[m[K(logger, "Token '%s' not found in %s.", map_name.c_str(), map_path.c_str());
[6.231s]       |                 [01;31m[K^~~~~~~~~~~~[m[K
[6.231s] [01m[K/home/pengyh/documents/ros2_ws/RobotAD/src/nuscenes_data_collector/include/nuscenes_data_collector/nuscenes_data_collector.hpp:847:17:[m[K [01;31m[Kerror: [m[Ktemplate argument 1 is invalid
[6.231s]   847 |                 [01;31m[KRCLCPP_ERROR[m[K(logger, "Token '%s' not found in %s.", map_name.c_str(), map_path.c_str());
[6.231s]       |                 [01;31m[K^~~~~~~~~~~~[m[K
[6.231s] [01m[K/home/pengyh/documents/ros2_ws/RobotAD/src/nuscenes_data_collector/include/nuscenes_data_collector/nuscenes_data_collector.hpp:851:13:[m[K [01;31m[Kerror: [m[Ktemplate argument 1 is invalid
[6.231s]   851 |             [01;31m[KRCLCPP_ERROR[m[K(logger, "Exception occurred: %s", e.what());
[6.231s]       |             [01;31m[K^~~~~~~~~~~~[m[K
[6.231s] [01m[K/home/pengyh/documents/ros2_ws/RobotAD/src/nuscenes_data_collector/include/nuscenes_data_collector/nuscenes_data_collector.hpp:851:13:[m[K [01;31m[Kerror: [m[Ktemplate argument 1 is invalid
[6.231s]   851 |             [01;31m[KRCLCPP_ERROR[m[K(logger, "Exception occurred: %s", e.what());
[6.231s]       |             [01;31m[K^~~~~~~~~~~~[m[K
[6.231s] [01m[K/home/pengyh/documents/ros2_ws/RobotAD/src/nuscenes_data_collector/include/nuscenes_data_collector/nuscenes_data_collector.hpp:851:13:[m[K [01;31m[Kerror: [m[Ktemplate argument 1 is invalid
[6.231s]   851 |             [01;31m[KRCLCPP_ERROR[m[K(logger, "Exception occurred: %s", e.what());
[6.231s]       |             [01;31m[K^~~~~~~~~~~~[m[K
[6.249s] In file included from [01m[K/home/pengyh/documents/ros2_ws/RobotAD/src/nuscenes_data_collector/src/nuscenes_data_collector.cpp:1[m[K:
[6.249s] [01m[K/home/pengyh/documents/ros2_ws/RobotAD/src/nuscenes_data_collector/include/nuscenes_data_collector/nuscenes_data_collector.hpp:[m[K In function â€˜[01m[Kbool check_sample_done()[m[Kâ€™:
[6.249s] [01m[K/home/pengyh/documents/ros2_ws/RobotAD/src/nuscenes_data_collector/include/nuscenes_data_collector/nuscenes_data_collector.hpp:857:31:[m[K [01;31m[Kerror: [m[Kâ€˜[01m[Ksample_done_sign_[m[Kâ€™ was not declared in this scope
[6.249s]   857 |         for(auto& sign_pair : [01;31m[Ksample_done_sign_[m[K){
[6.249s]       |                               [01;31m[K^~~~~~~~~~~~~~~~~[m[K
[6.265s] [01m[K/home/pengyh/documents/ros2_ws/RobotAD/src/nuscenes_data_collector/include/nuscenes_data_collector/nuscenes_data_collector.hpp:862:31:[m[K [01;31m[Kerror: [m[Kâ€˜[01m[Ksample_done_sign_[m[Kâ€™ was not declared in this scope
[6.265s]   862 |         for(auto& sign_pair : [01;31m[Ksample_done_sign_[m[K){
[6.265s]       |                               [01;31m[K^~~~~~~~~~~~~~~~~[m[K
[6.284s] [01m[K/home/pengyh/documents/ros2_ws/RobotAD/src/nuscenes_data_collector/include/nuscenes_data_collector/nuscenes_data_collector.hpp:[m[K In function â€˜[01m[Kvoid node_shutdown_callback()[m[Kâ€™:
[6.284s] [01m[K/home/pengyh/documents/ros2_ws/RobotAD/src/nuscenes_data_collector/include/nuscenes_data_collector/nuscenes_data_collector.hpp:870:29:[m[K [01;31m[Kerror: [m[Kâ€˜[01m[Kprev_next_sliders_[m[Kâ€™ was not declared in this scope
[6.284s]   870 |         for (auto& slider : [01;31m[Kprev_next_sliders_[m[K) {
[6.284s]       |                             [01;31m[K^~~~~~~~~~~~~~~~~~[m[K
[6.295s] [01m[K/home/pengyh/documents/ros2_ws/RobotAD/src/nuscenes_data_collector/include/nuscenes_data_collector/nuscenes_data_collector.hpp:874:21:[m[K [01;31m[Kerror: [m[Kâ€˜[01m[Kjson_writer_[m[Kâ€™ was not declared in this scope
[6.295s]   874 |                     [01;31m[Kjson_writer_[m[K.addKeyValuePairToJson("sample_data", slider.second[0], true);
[6.295s]       |                     [01;31m[K^~~~~~~~~~~~[m[K
[6.304s] [01m[K/home/pengyh/documents/ros2_ws/RobotAD/src/nuscenes_data_collector/include/nuscenes_data_collector/nuscenes_data_collector.hpp:878:21:[m[K [01;31m[Kerror: [m[Kâ€˜[01m[Kjson_writer_[m[Kâ€™ was not declared in this scope
[6.304s]   878 |                     [01;31m[Kjson_writer_[m[K.addKeyValuePairToJson("sample", slider.second[0], true);
[6.304s]       |                     [01;31m[K^~~~~~~~~~~~[m[K
[6.317s] [01m[K/home/pengyh/documents/ros2_ws/RobotAD/src/nuscenes_data_collector/include/nuscenes_data_collector/nuscenes_data_collector.hpp:882:22:[m[K [01;31m[Kerror: [m[Kâ€˜[01m[Kjson_writer_[m[Kâ€™ was not declared in this scope
[6.317s]   882 |                      [01;31m[Kjson_writer_[m[K.addKeyValuePairToJson("sample_annotation", slider.second[0], true);
[6.317s]       |                      [01;31m[K^~~~~~~~~~~~[m[K
[6.317s] In file included from [01m[K/opt/ros/humble/include/rclcpp/rclcpp/client.hpp:40[m[K,
[6.317s]                  from [01m[K/opt/ros/humble/include/rclcpp/rclcpp/callback_group.hpp:24[m[K,
[6.317s]                  from [01m[K/opt/ros/humble/include/rclcpp/rclcpp/any_executable.hpp:20[m[K,
[6.317s]                  from [01m[K/opt/ros/humble/include/rclcpp/rclcpp/memory_strategy.hpp:25[m[K,
[6.317s]                  from [01m[K/opt/ros/humble/include/rclcpp/rclcpp/memory_strategies.hpp:18[m[K,
[6.317s]                  from [01m[K/opt/ros/humble/include/rclcpp/rclcpp/executor_options.hpp:20[m[K,
[6.317s]                  from [01m[K/opt/ros/humble/include/rclcpp/rclcpp/executor.hpp:37[m[K,
[6.317s]                  from [01m[K/opt/ros/humble/include/rclcpp/rclcpp/executors/multi_threaded_executor.hpp:25[m[K,
[6.317s]                  from [01m[K/opt/ros/humble/include/rclcpp/rclcpp/executors.hpp:21[m[K,
[6.317s]                  from [01m[K/opt/ros/humble/include/rclcpp/rclcpp/rclcpp.hpp:155[m[K,
[6.317s]                  from [01m[K/home/pengyh/documents/ros2_ws/RobotAD/src/nuscenes_data_collector/include/nuscenes_data_collector/nuscenes_data_collector.hpp:4[m[K,
[6.317s]                  from [01m[K/home/pengyh/documents/ros2_ws/RobotAD/src/nuscenes_data_collector/src/nuscenes_data_collector.cpp:1[m[K:
[6.317s] [01m[K/home/pengyh/documents/ros2_ws/RobotAD/src/nuscenes_data_collector/include/nuscenes_data_collector/nuscenes_data_collector.hpp:890:21:[m[K [01;31m[Kerror: [m[Kinvalid use of â€˜[01m[Kthis[m[Kâ€™ in non-member function
[6.317s]   890 |         RCLCPP_INFO([01;31m[Kthis[m[K->get_logger(), "*****************************sample finished*****************************");
[6.317s]       |                     [01;31m[K^~~~[m[K
[6.317s] [01m[K/home/pengyh/documents/ros2_ws/RobotAD/src/nuscenes_data_collector/include/nuscenes_data_collector/nuscenes_data_collector.hpp:890:21:[m[K [01;31m[Kerror: [m[Kinvalid use of â€˜[01m[Kthis[m[Kâ€™ in non-member function
[6.317s] [01m[K/home/pengyh/documents/ros2_ws/RobotAD/src/nuscenes_data_collector/include/nuscenes_data_collector/nuscenes_data_collector.hpp:890:9:[m[K [01;31m[Kerror: [m[Ktemplate argument 1 is invalid
[6.317s]   890 |         [01;31m[KRCLCPP_INFO[m[K(this->get_logger(), "*****************************sample finished*****************************");
[6.317s]       |         [01;31m[K^~~~~~~~~~~[m[K
[6.317s] [01m[K/home/pengyh/documents/ros2_ws/RobotAD/src/nuscenes_data_collector/include/nuscenes_data_collector/nuscenes_data_collector.hpp:890:9:[m[K [01;31m[Kerror: [m[Ktemplate argument 1 is invalid
[6.317s]   890 |         [01;31m[KRCLCPP_INFO[m[K(this->get_logger(), "*****************************sample finished*****************************");
[6.317s]       |         [01;31m[K^~~~~~~~~~~[m[K
[6.317s] [01m[K/home/pengyh/documents/ros2_ws/RobotAD/src/nuscenes_data_collector/include/nuscenes_data_collector/nuscenes_data_collector.hpp:890:9:[m[K [01;31m[Kerror: [m[Ktemplate argument 1 is invalid
[6.317s]   890 |         [01;31m[KRCLCPP_INFO[m[K(this->get_logger(), "*****************************sample finished*****************************");
[6.317s]       |         [01;31m[K^~~~~~~~~~~[m[K
[6.317s] In file included from [01m[K/opt/ros/humble/include/rclcpp/rclcpp/logging.hpp:24[m[K,
[6.318s]                  from [01m[K/opt/ros/humble/include/rclcpp/rclcpp/client.hpp:40[m[K,
[6.318s]                  from [01m[K/opt/ros/humble/include/rclcpp/rclcpp/callback_group.hpp:24[m[K,
[6.318s]                  from [01m[K/opt/ros/humble/include/rclcpp/rclcpp/any_executable.hpp:20[m[K,
[6.318s]                  from [01m[K/opt/ros/humble/include/rclcpp/rclcpp/memory_strategy.hpp:25[m[K,
[6.318s]                  from [01m[K/opt/ros/humble/include/rclcpp/rclcpp/memory_strategies.hpp:18[m[K,
[6.318s]                  from [01m[K/opt/ros/humble/include/rclcpp/rclcpp/executor_options.hpp:20[m[K,
[6.318s]                  from [01m[K/opt/ros/humble/include/rclcpp/rclcpp/executor.hpp:37[m[K,
[6.318s]                  from [01m[K/opt/ros/humble/include/rclcpp/rclcpp/executors/multi_threaded_executor.hpp:25[m[K,
[6.318s]                  from [01m[K/opt/ros/humble/include/rclcpp/rclcpp/executors.hpp:21[m[K,
[6.318s]                  from [01m[K/opt/ros/humble/include/rclcpp/rclcpp/rclcpp.hpp:155[m[K,
[6.318s]                  from [01m[K/home/pengyh/documents/ros2_ws/RobotAD/src/nuscenes_data_collector/include/nuscenes_data_collector/nuscenes_data_collector.hpp:4[m[K,
[6.318s]                  from [01m[K/home/pengyh/documents/ros2_ws/RobotAD/src/nuscenes_data_collector/src/nuscenes_data_collector.cpp:1[m[K:
[6.318s] [01m[K/home/pengyh/documents/ros2_ws/RobotAD/src/nuscenes_data_collector/include/nuscenes_data_collector/nuscenes_data_collector.hpp:890:21:[m[K [01;31m[Kerror: [m[Kinvalid use of â€˜[01m[Kthis[m[Kâ€™ in non-member function
[6.318s]   890 |         RCLCPP_INFO([01;31m[Kthis[m[K->get_logger(), "*****************************sample finished*****************************");
[6.318s]       |                     [01;31m[K^~~~[m[K
[6.318s] [01m[K/home/pengyh/documents/ros2_ws/RobotAD/src/nuscenes_data_collector/include/nuscenes_data_collector/nuscenes_data_collector.hpp:890:21:[m[K [01;31m[Kerror: [m[Kinvalid use of â€˜[01m[Kthis[m[Kâ€™ in non-member function
[6.318s]   890 |         RCLCPP_INFO([01;31m[Kthis[m[K->get_logger(), "*****************************sample finished*****************************");
[6.318s]       |                     [01;31m[K^~~~[m[K
[6.318s] In file included from [01m[K/opt/ros/humble/include/rclcpp/rclcpp/client.hpp:40[m[K,
[6.318s]                  from [01m[K/opt/ros/humble/include/rclcpp/rclcpp/callback_group.hpp:24[m[K,
[6.318s]                  from [01m[K/opt/ros/humble/include/rclcpp/rclcpp/any_executable.hpp:20[m[K,
[6.318s]                  from [01m[K/opt/ros/humble/include/rclcpp/rclcpp/memory_strategy.hpp:25[m[K,
[6.318s]                  from [01m[K/opt/ros/humble/include/rclcpp/rclcpp/memory_strategies.hpp:18[m[K,
[6.318s]                  from [01m[K/opt/ros/humble/include/rclcpp/rclcpp/executor_options.hpp:20[m[K,
[6.318s]                  from [01m[K/opt/ros/humble/include/rclcpp/rclcpp/executor.hpp:37[m[K,
[6.318s]                  from [01m[K/opt/ros/humble/include/rclcpp/rclcpp/executors/multi_threaded_executor.hpp:25[m[K,
[6.318s]                  from [01m[K/opt/ros/humble/include/rclcpp/rclcpp/executors.hpp:21[m[K,
[6.318s]                  from [01m[K/opt/ros/humble/include/rclcpp/rclcpp/rclcpp.hpp:155[m[K,
[6.318s]                  from [01m[K/home/pengyh/documents/ros2_ws/RobotAD/src/nuscenes_data_collector/include/nuscenes_data_collector/nuscenes_data_collector.hpp:4[m[K,
[6.318s]                  from [01m[K/home/pengyh/documents/ros2_ws/RobotAD/src/nuscenes_data_collector/src/nuscenes_data_collector.cpp:1[m[K:
[6.318s] [01m[K/home/pengyh/documents/ros2_ws/RobotAD/src/nuscenes_data_collector/include/nuscenes_data_collector/nuscenes_data_collector.hpp:[m[K In function â€˜[01m[Kvoid ensure_directory_exists(const string&)[m[Kâ€™:
[6.318s] [01m[K/home/pengyh/documents/ros2_ws/RobotAD/src/nuscenes_data_collector/include/nuscenes_data_collector/nuscenes_data_collector.hpp:924:25:[m[K [01;31m[Kerror: [m[Kinvalid use of â€˜[01m[Kthis[m[Kâ€™ in non-member function
[6.318s]   924 |             RCLCPP_INFO([01;31m[Kthis[m[K->get_logger(), "Directory created: %s", path.c_str());
[6.318s]       |                         [01;31m[K^~~~[m[K
[6.318s] [01m[K/home/pengyh/documents/ros2_ws/RobotAD/src/nuscenes_data_collector/include/nuscenes_data_collector/nuscenes_data_collector.hpp:924:25:[m[K [01;31m[Kerror: [m[Kinvalid use of â€˜[01m[Kthis[m[Kâ€™ in non-member function
[6.318s] [01m[K/home/pengyh/documents/ros2_ws/RobotAD/src/nuscenes_data_collector/include/nuscenes_data_collector/nuscenes_data_collector.hpp:924:13:[m[K [01;31m[Kerror: [m[Ktemplate argument 1 is invalid
[6.318s]   924 |             [01;31m[KRCLCPP_INFO[m[K(this->get_logger(), "Directory created: %s", path.c_str());
[6.318s]       |             [01;31m[K^~~~~~~~~~~[m[K
[6.318s] [01m[K/home/pengyh/documents/ros2_ws/RobotAD/src/nuscenes_data_collector/include/nuscenes_data_collector/nuscenes_data_collector.hpp:924:13:[m[K [01;31m[Kerror: [m[Ktemplate argument 1 is invalid
[6.318s]   924 |             [01;31m[KRCLCPP_INFO[m[K(this->get_logger(), "Directory created: %s", path.c_str());
[6.318s]       |             [01;31m[K^~~~~~~~~~~[m[K
[6.319s] [01m[K/home/pengyh/documents/ros2_ws/RobotAD/src/nuscenes_data_collector/include/nuscenes_data_collector/nuscenes_data_collector.hpp:924:13:[m[K [01;31m[Kerror: [m[Ktemplate argument 1 is invalid
[6.319s]   924 |             [01;31m[KRCLCPP_INFO[m[K(this->get_logger(), "Directory created: %s", path.c_str());
[6.319s]       |             [01;31m[K^~~~~~~~~~~[m[K
[6.319s] In file included from [01m[K/opt/ros/humble/include/rclcpp/rclcpp/logging.hpp:24[m[K,
[6.319s]                  from [01m[K/opt/ros/humble/include/rclcpp/rclcpp/client.hpp:40[m[K,
[6.319s]                  from [01m[K/opt/ros/humble/include/rclcpp/rclcpp/callback_group.hpp:24[m[K,
[6.319s]                  from [01m[K/opt/ros/humble/include/rclcpp/rclcpp/any_executable.hpp:20[m[K,
[6.319s]                  from [01m[K/opt/ros/humble/include/rclcpp/rclcpp/memory_strategy.hpp:25[m[K,
[6.319s]                  from [01m[K/opt/ros/humble/include/rclcpp/rclcpp/memory_strategies.hpp:18[m[K,
[6.319s]                  from [01m[K/opt/ros/humble/include/rclcpp/rclcpp/executor_options.hpp:20[m[K,
[6.319s]                  from [01m[K/opt/ros/humble/include/rclcpp/rclcpp/executor.hpp:37[m[K,
[6.319s]                  from [01m[K/opt/ros/humble/include/rclcpp/rclcpp/executors/multi_threaded_executor.hpp:25[m[K,
[6.319s]                  from [01m[K/opt/ros/humble/include/rclcpp/rclcpp/executors.hpp:21[m[K,
[6.319s]                  from [01m[K/opt/ros/humble/include/rclcpp/rclcpp/rclcpp.hpp:155[m[K,
[6.319s]                  from [01m[K/home/pengyh/documents/ros2_ws/RobotAD/src/nuscenes_data_collector/include/nuscenes_data_collector/nuscenes_data_collector.hpp:4[m[K,
[6.319s]                  from [01m[K/home/pengyh/documents/ros2_ws/RobotAD/src/nuscenes_data_collector/src/nuscenes_data_collector.cpp:1[m[K:
[6.319s] [01m[K/home/pengyh/documents/ros2_ws/RobotAD/src/nuscenes_data_collector/include/nuscenes_data_collector/nuscenes_data_collector.hpp:924:25:[m[K [01;31m[Kerror: [m[Kinvalid use of â€˜[01m[Kthis[m[Kâ€™ in non-member function
[6.319s]   924 |             RCLCPP_INFO([01;31m[Kthis[m[K->get_logger(), "Directory created: %s", path.c_str());
[6.319s]       |                         [01;31m[K^~~~[m[K
[6.319s] [01m[K/home/pengyh/documents/ros2_ws/RobotAD/src/nuscenes_data_collector/include/nuscenes_data_collector/nuscenes_data_collector.hpp:924:25:[m[K [01;31m[Kerror: [m[Kinvalid use of â€˜[01m[Kthis[m[Kâ€™ in non-member function
[6.319s]   924 |             RCLCPP_INFO([01;31m[Kthis[m[K->get_logger(), "Directory created: %s", path.c_str());
[6.319s]       |                         [01;31m[K^~~~[m[K
[6.330s] In file included from [01m[K/home/pengyh/documents/ros2_ws/RobotAD/src/nuscenes_data_collector/src/nuscenes_data_collector.cpp:1[m[K:
[6.330s] [01m[K/home/pengyh/documents/ros2_ws/RobotAD/src/nuscenes_data_collector/include/nuscenes_data_collector/nuscenes_data_collector.hpp:[m[K At global scope:
[6.330s] [01m[K/home/pengyh/documents/ros2_ws/RobotAD/src/nuscenes_data_collector/include/nuscenes_data_collector/nuscenes_data_collector.hpp:959:24:[m[K [01;31m[Kerror: [m[Kno matching function for call to â€˜[01m[KNuscenesJsonWriter::NuscenesJsonWriter()[m[Kâ€™
[6.330s]   959 |     NuscenesJsonWriter [01;31m[Kjson_writer_[m[K;
[6.330s]       |                        [01;31m[K^~~~~~~~~~~~[m[K
[6.330s] In file included from [01m[K/home/pengyh/documents/ros2_ws/RobotAD/src/nuscenes_data_collector/include/nuscenes_data_collector/nuscenes_data_collector.hpp:42[m[K,
[6.330s]                  from [01m[K/home/pengyh/documents/ros2_ws/RobotAD/src/nuscenes_data_collector/src/nuscenes_data_collector.cpp:1[m[K:
[6.330s] [01m[K/home/pengyh/documents/ros2_ws/RobotAD/src/nuscenes_data_collector/include/nuscenes_data_collector/nuscenes_json_writer.hpp:16:5:[m[K [01;36m[Knote: [m[Kcandidate: â€˜[01m[KNuscenesJsonWriter::NuscenesJsonWriter(const std::vector<std::__cxx11::basic_string<char> >&)[m[Kâ€™
[6.330s]    16 |     [01;36m[KNuscenesJsonWriter[m[K(const std::vector<std::string>& file_paths) {
[6.330s]       |     [01;36m[K^~~~~~~~~~~~~~~~~~[m[K
[6.330s] [01m[K/home/pengyh/documents/ros2_ws/RobotAD/src/nuscenes_data_collector/include/nuscenes_data_collector/nuscenes_json_writer.hpp:16:5:[m[K [01;36m[Knote: [m[K  candidate expects 1 argument, 0 provided
[6.330s] [01m[K/home/pengyh/documents/ros2_ws/RobotAD/src/nuscenes_data_collector/include/nuscenes_data_collector/nuscenes_json_writer.hpp:13:7:[m[K [01;36m[Knote: [m[Kcandidate: â€˜[01m[KNuscenesJsonWriter::NuscenesJsonWriter(const NuscenesJsonWriter&)[m[Kâ€™
[6.330s]    13 | class [01;36m[KNuscenesJsonWriter[m[K {
[6.330s]       |       [01;36m[K^~~~~~~~~~~~~~~~~~[m[K
[6.330s] [01m[K/home/pengyh/documents/ros2_ws/RobotAD/src/nuscenes_data_collector/include/nuscenes_data_collector/nuscenes_json_writer.hpp:13:7:[m[K [01;36m[Knote: [m[K  candidate expects 1 argument, 0 provided
[6.330s] [01m[K/home/pengyh/documents/ros2_ws/RobotAD/src/nuscenes_data_collector/include/nuscenes_data_collector/nuscenes_json_writer.hpp:13:7:[m[K [01;36m[Knote: [m[Kcandidate: â€˜[01m[KNuscenesJsonWriter::NuscenesJsonWriter(NuscenesJsonWriter&&)[m[Kâ€™
[6.331s] [01m[K/home/pengyh/documents/ros2_ws/RobotAD/src/nuscenes_data_collector/include/nuscenes_data_collector/nuscenes_json_writer.hpp:13:7:[m[K [01;36m[Knote: [m[K  candidate expects 1 argument, 0 provided
[6.407s] In file included from [01m[K/home/pengyh/documents/ros2_ws/RobotAD/src/nuscenes_data_collector/src/nuscenes_data_collector.cpp:1[m[K:
[6.407s] [01m[K/home/pengyh/documents/ros2_ws/RobotAD/src/nuscenes_data_collector/include/nuscenes_data_collector/nuscenes_data_collector.hpp:977:1:[m[K [01;31m[Kerror: [m[Kexpected declaration before â€˜[01m[K}[m[Kâ€™ token
[6.407s]   977 | [01;31m[K}[m[K;
[6.407s]       | [01;31m[K^[m[K
[7.968s] gmake[2]: *** [CMakeFiles/nuscenes_data_collector_node.dir/build.make:76: CMakeFiles/nuscenes_data_collector_node.dir/src/nuscenes_data_collector.cpp.o] Error 1
[7.968s] gmake[1]: *** [CMakeFiles/Makefile2:139: CMakeFiles/nuscenes_data_collector_node.dir/all] Error 2
[7.968s] gmake: *** [Makefile:146: all] Error 2
[7.970s] Invoked command in '/home/pengyh/documents/ros2_ws/RobotAD/build/nuscenes_data_collector' returned '2': CMAKE_PREFIX_PATH=${CMAKE_PREFIX_PATH}:/opt/ros/humble /usr/bin/cmake --build /home/pengyh/documents/ros2_ws/RobotAD/build/nuscenes_data_collector -- -j24 -l24
