[35m[1mConsolidate compiler generated dependencies of target usb_camera_node[0m
[ 50%] [32mBuilding CXX object CMakeFiles/usb_camera_node.dir/src/usb_camera_node.cpp.o[0m
[01m[K/home/future/Documents/pengyh/RobotAD_ws/src/usb_camera/src/usb_camera_node.cpp:[m[K In constructor â€˜[01m[KUsbCameraNode::UsbCameraNode()[m[Kâ€™:
[01m[K/home/future/Documents/pengyh/RobotAD_ws/src/usb_camera/src/usb_camera_node.cpp:19:35:[m[K [01;31m[Kerror: [m[Kâ€˜[01m[Kvoid usb_cam::UsbCam::open_device()[m[Kâ€™ is private within this context
   19 |         if (![01;31m[Kusb_cam_->open_device()[m[K)  // ä½¿ç”¨ open_device æ¥æ›¿ä»£ init_device
      |              [01;31m[K~~~~~~~~~~~~~~~~~~~~~^~[m[K
In file included from [01m[K/home/future/Documents/pengyh/RobotAD_ws/src/usb_camera/src/usb_camera_node.cpp:4[m[K:
[01m[K/opt/ros/humble/include/usb_cam/usb_cam.hpp:388:8:[m[K [01;36m[Knote: [m[Kdeclared private here
  388 |   void [01;36m[Kopen_device[m[K();
      |        [01;36m[K^~~~~~~~~~~[m[K
[01m[K/home/future/Documents/pengyh/RobotAD_ws/src/usb_camera/src/usb_camera_node.cpp:19:35:[m[K [01;31m[Kerror: [m[Kcould not convert â€˜[01m[K((UsbCameraNode*)this)->UsbCameraNode::usb_cam_.std::unique_ptr<usb_cam::UsbCam>::operator->()->usb_cam::UsbCam::open_device()[m[Kâ€™ from â€˜[01m[Kvoid[m[Kâ€™ to â€˜[01m[Kbool[m[Kâ€™
   19 |         if (![01;31m[Kusb_cam_->open_device()[m[K)  // ä½¿ç”¨ open_device æ¥æ›¿ä»£ init_device
      |              [01;31m[K~~~~~~~~~~~~~~~~~~~~~^~[m[K
      |                                   [01;31m[K|[m[K
      |                                   [01;31m[Kvoid[m[K
[01m[K/home/future/Documents/pengyh/RobotAD_ws/src/usb_camera/src/usb_camera_node.cpp:19:35:[m[K [01;31m[Kerror: [m[Kin argument to unary !
[01m[K/home/future/Documents/pengyh/RobotAD_ws/src/usb_camera/src/usb_camera_node.cpp:[m[K In member function â€˜[01m[Kvoid UsbCameraNode::publish_image()[m[Kâ€™:
[01m[K/home/future/Documents/pengyh/RobotAD_ws/src/usb_camera/src/usb_camera_node.cpp:34:33:[m[K [01;31m[Kerror: [m[Kâ€˜[01m[Kvoid usb_cam::UsbCam::grab_image()[m[Kâ€™ is private within this context
   34 |         if ([01;31m[Kusb_cam_->grab_image()[m[K)  // ä½¿ç”¨ grab_image è·å–å›¾åƒ
      |             [01;31m[K~~~~~~~~~~~~~~~~~~~~^~[m[K
[01m[K/opt/ros/humble/include/usb_cam/usb_cam.hpp:389:8:[m[K [01;36m[Knote: [m[Kdeclared private here
  389 |   void [01;36m[Kgrab_image[m[K();
      |        [01;36m[K^~~~~~~~~~[m[K
[01m[K/home/future/Documents/pengyh/RobotAD_ws/src/usb_camera/src/usb_camera_node.cpp:34:33:[m[K [01;31m[Kerror: [m[Kcould not convert â€˜[01m[K((UsbCameraNode*)this)->UsbCameraNode::usb_cam_.std::unique_ptr<usb_cam::UsbCam>::operator->()->usb_cam::UsbCam::grab_image()[m[Kâ€™ from â€˜[01m[Kvoid[m[Kâ€™ to â€˜[01m[Kbool[m[Kâ€™
   34 |         if ([01;31m[Kusb_cam_->grab_image()[m[K)  // ä½¿ç”¨ grab_image è·å–å›¾åƒ
      |             [01;31m[K~~~~~~~~~~~~~~~~~~~~^~[m[K
      |                                 [01;31m[K|[m[K
      |                                 [01;31m[Kvoid[m[K
[01m[K/home/future/Documents/pengyh/RobotAD_ws/src/usb_camera/src/usb_camera_node.cpp:37:73:[m[K [01;31m[Kerror: [m[Kconversion from â€˜[01m[Kchar*[m[Kâ€™ to non-scalar type â€˜[01m[Ksensor_msgs::msg::Image_<std::allocator<void> >::SharedPtr[m[Kâ€™ {aka â€˜[01m[Kstd::shared_ptr<sensor_msgs::msg::Image_<std::allocator<void> > >[m[Kâ€™} requested
   37 |             sensor_msgs::msg::Image::SharedPtr msg = [01;31m[Kusb_cam_->get_image()[m[K;  // è·å–å›¾åƒ
      |                                                      [01;31m[K~~~~~~~~~~~~~~~~~~~^~[m[K
gmake[2]: *** [CMakeFiles/usb_camera_node.dir/build.make:76: CMakeFiles/usb_camera_node.dir/src/usb_camera_node.cpp.o] Error 1
gmake[1]: *** [CMakeFiles/Makefile2:137: CMakeFiles/usb_camera_node.dir/all] Error 2
gmake: *** [Makefile:146: all] Error 2
