[35m[1mConsolidate compiler generated dependencies of target usb_camera_node[0m
[ 50%] [32mBuilding CXX object CMakeFiles/usb_camera_node.dir/src/usb_camera_node.cpp.o[0m
[01m[K/home/future/Documents/pengyh/RobotAD_ws/src/usb_camera/src/usb_camera_node.cpp:[m[K In constructor ‘[01m[KUsbCameraNode::UsbCameraNode()[m[K’:
[01m[K/home/future/Documents/pengyh/RobotAD_ws/src/usb_camera/src/usb_camera_node.cpp:19:35:[m[K [01;31m[Kerror: [m[K‘[01m[Kvoid usb_cam::UsbCam::open_device()[m[K’ is private within this context
   19 |         if (![01;31m[Kusb_cam_->open_device()[m[K)  // 使用 open_device 来替代 init_device
      |              [01;31m[K~~~~~~~~~~~~~~~~~~~~~^~[m[K
In file included from [01m[K/home/future/Documents/pengyh/RobotAD_ws/src/usb_camera/src/usb_camera_node.cpp:4[m[K:
[01m[K/opt/ros/humble/include/usb_cam/usb_cam.hpp:388:8:[m[K [01;36m[Knote: [m[Kdeclared private here
  388 |   void [01;36m[Kopen_device[m[K();
      |        [01;36m[K^~~~~~~~~~~[m[K
[01m[K/home/future/Documents/pengyh/RobotAD_ws/src/usb_camera/src/usb_camera_node.cpp:19:35:[m[K [01;31m[Kerror: [m[Kcould not convert ‘[01m[K((UsbCameraNode*)this)->UsbCameraNode::usb_cam_.std::unique_ptr<usb_cam::UsbCam>::operator->()->usb_cam::UsbCam::open_device()[m[K’ from ‘[01m[Kvoid[m[K’ to ‘[01m[Kbool[m[K’
   19 |         if (![01;31m[Kusb_cam_->open_device()[m[K)  // 使用 open_device 来替代 init_device
      |              [01;31m[K~~~~~~~~~~~~~~~~~~~~~^~[m[K
      |                                   [01;31m[K|[m[K
      |                                   [01;31m[Kvoid[m[K
[01m[K/home/future/Documents/pengyh/RobotAD_ws/src/usb_camera/src/usb_camera_node.cpp:19:35:[m[K [01;31m[Kerror: [m[Kin argument to unary !
[01m[K/home/future/Documents/pengyh/RobotAD_ws/src/usb_camera/src/usb_camera_node.cpp:[m[K In member function ‘[01m[Kvoid UsbCameraNode::publish_image()[m[K’:
[01m[K/home/future/Documents/pengyh/RobotAD_ws/src/usb_camera/src/usb_camera_node.cpp:34:33:[m[K [01;31m[Kerror: [m[K‘[01m[Kvoid usb_cam::UsbCam::grab_image()[m[K’ is private within this context
   34 |         if ([01;31m[Kusb_cam_->grab_image()[m[K)  // 使用 grab_image 获取图像
      |             [01;31m[K~~~~~~~~~~~~~~~~~~~~^~[m[K
[01m[K/opt/ros/humble/include/usb_cam/usb_cam.hpp:389:8:[m[K [01;36m[Knote: [m[Kdeclared private here
  389 |   void [01;36m[Kgrab_image[m[K();
      |        [01;36m[K^~~~~~~~~~[m[K
[01m[K/home/future/Documents/pengyh/RobotAD_ws/src/usb_camera/src/usb_camera_node.cpp:34:33:[m[K [01;31m[Kerror: [m[Kcould not convert ‘[01m[K((UsbCameraNode*)this)->UsbCameraNode::usb_cam_.std::unique_ptr<usb_cam::UsbCam>::operator->()->usb_cam::UsbCam::grab_image()[m[K’ from ‘[01m[Kvoid[m[K’ to ‘[01m[Kbool[m[K’
   34 |         if ([01;31m[Kusb_cam_->grab_image()[m[K)  // 使用 grab_image 获取图像
      |             [01;31m[K~~~~~~~~~~~~~~~~~~~~^~[m[K
      |                                 [01;31m[K|[m[K
      |                                 [01;31m[Kvoid[m[K
[01m[K/home/future/Documents/pengyh/RobotAD_ws/src/usb_camera/src/usb_camera_node.cpp:37:73:[m[K [01;31m[Kerror: [m[Kconversion from ‘[01m[Kchar*[m[K’ to non-scalar type ‘[01m[Ksensor_msgs::msg::Image_<std::allocator<void> >::SharedPtr[m[K’ {aka ‘[01m[Kstd::shared_ptr<sensor_msgs::msg::Image_<std::allocator<void> > >[m[K’} requested
   37 |             sensor_msgs::msg::Image::SharedPtr msg = [01;31m[Kusb_cam_->get_image()[m[K;  // 获取图像
      |                                                      [01;31m[K~~~~~~~~~~~~~~~~~~~^~[m[K
gmake[2]: *** [CMakeFiles/usb_camera_node.dir/build.make:76: CMakeFiles/usb_camera_node.dir/src/usb_camera_node.cpp.o] Error 1
gmake[1]: *** [CMakeFiles/Makefile2:137: CMakeFiles/usb_camera_node.dir/all] Error 2
gmake: *** [Makefile:146: all] Error 2
