[0.012s] Invoking command in '/home/future/Documents/pengyh/RobotAD_ws/build/usb_camera': CMAKE_PREFIX_PATH=${CMAKE_PREFIX_PATH}:/home/future/Documents/Robot/nav_ws/install/show_urdf:/home/future/Documents/Robot/nav_ws/install/serial_bridge:/home/future/Documents/Robot/nav_ws/install/ros_tcp_endpoint:/home/future/Documents/Robot/nav_ws/install/remove_obstacle:/home/future/Documents/Robot/nav_ws/install/keyboard_control:/opt/ros/humble /usr/bin/cmake --build /home/future/Documents/pengyh/RobotAD_ws/build/usb_camera -- -j24 -l24
[0.100s] [35m[1mConsolidate compiler generated dependencies of target usb_camera_node[0m
[0.139s] [ 50%] [32mBuilding CXX object CMakeFiles/usb_camera_node.dir/src/usb_camera_node.cpp.o[0m
[2.625s] [01m[K/home/future/Documents/pengyh/RobotAD_ws/src/usb_camera/src/usb_camera_node.cpp:[m[K In constructor â€˜[01m[KUsbCameraNode::UsbCameraNode()[m[Kâ€™:
[2.625s] [01m[K/home/future/Documents/pengyh/RobotAD_ws/src/usb_camera/src/usb_camera_node.cpp:19:35:[m[K [01;31m[Kerror: [m[Kâ€˜[01m[Kvoid usb_cam::UsbCam::open_device()[m[Kâ€™ is private within this context
[2.625s]    19 |         if (![01;31m[Kusb_cam_->open_device()[m[K)  // ä½¿ç”¨ open_device æ¥æ›¿ä»£ init_device
[2.625s]       |              [01;31m[K~~~~~~~~~~~~~~~~~~~~~^~[m[K
[2.625s] In file included from [01m[K/home/future/Documents/pengyh/RobotAD_ws/src/usb_camera/src/usb_camera_node.cpp:4[m[K:
[2.625s] [01m[K/opt/ros/humble/include/usb_cam/usb_cam.hpp:388:8:[m[K [01;36m[Knote: [m[Kdeclared private here
[2.625s]   388 |   void [01;36m[Kopen_device[m[K();
[2.625s]       |        [01;36m[K^~~~~~~~~~~[m[K
[2.626s] [01m[K/home/future/Documents/pengyh/RobotAD_ws/src/usb_camera/src/usb_camera_node.cpp:19:35:[m[K [01;31m[Kerror: [m[Kcould not convert â€˜[01m[K((UsbCameraNode*)this)->UsbCameraNode::usb_cam_.std::unique_ptr<usb_cam::UsbCam>::operator->()->usb_cam::UsbCam::open_device()[m[Kâ€™ from â€˜[01m[Kvoid[m[Kâ€™ to â€˜[01m[Kbool[m[Kâ€™
[2.626s]    19 |         if (![01;31m[Kusb_cam_->open_device()[m[K)  // ä½¿ç”¨ open_device æ¥æ›¿ä»£ init_device
[2.626s]       |              [01;31m[K~~~~~~~~~~~~~~~~~~~~~^~[m[K
[2.626s]       |                                   [01;31m[K|[m[K
[2.626s]       |                                   [01;31m[Kvoid[m[K
[2.626s] [01m[K/home/future/Documents/pengyh/RobotAD_ws/src/usb_camera/src/usb_camera_node.cpp:19:35:[m[K [01;31m[Kerror: [m[Kin argument to unary !
[2.632s] [01m[K/home/future/Documents/pengyh/RobotAD_ws/src/usb_camera/src/usb_camera_node.cpp:[m[K In member function â€˜[01m[Kvoid UsbCameraNode::publish_image()[m[Kâ€™:
[2.632s] [01m[K/home/future/Documents/pengyh/RobotAD_ws/src/usb_camera/src/usb_camera_node.cpp:34:33:[m[K [01;31m[Kerror: [m[Kâ€˜[01m[Kvoid usb_cam::UsbCam::grab_image()[m[Kâ€™ is private within this context
[2.632s]    34 |         if ([01;31m[Kusb_cam_->grab_image()[m[K)  // ä½¿ç”¨ grab_image è·å–å›¾åƒ
[2.632s]       |             [01;31m[K~~~~~~~~~~~~~~~~~~~~^~[m[K
[2.632s] [01m[K/opt/ros/humble/include/usb_cam/usb_cam.hpp:389:8:[m[K [01;36m[Knote: [m[Kdeclared private here
[2.632s]   389 |   void [01;36m[Kgrab_image[m[K();
[2.632s]       |        [01;36m[K^~~~~~~~~~[m[K
[2.632s] [01m[K/home/future/Documents/pengyh/RobotAD_ws/src/usb_camera/src/usb_camera_node.cpp:34:33:[m[K [01;31m[Kerror: [m[Kcould not convert â€˜[01m[K((UsbCameraNode*)this)->UsbCameraNode::usb_cam_.std::unique_ptr<usb_cam::UsbCam>::operator->()->usb_cam::UsbCam::grab_image()[m[Kâ€™ from â€˜[01m[Kvoid[m[Kâ€™ to â€˜[01m[Kbool[m[Kâ€™
[2.632s]    34 |         if ([01;31m[Kusb_cam_->grab_image()[m[K)  // ä½¿ç”¨ grab_image è·å–å›¾åƒ
[2.632s]       |             [01;31m[K~~~~~~~~~~~~~~~~~~~~^~[m[K
[2.632s]       |                                 [01;31m[K|[m[K
[2.632s]       |                                 [01;31m[Kvoid[m[K
[2.633s] [01m[K/home/future/Documents/pengyh/RobotAD_ws/src/usb_camera/src/usb_camera_node.cpp:37:73:[m[K [01;31m[Kerror: [m[Kconversion from â€˜[01m[Kchar*[m[Kâ€™ to non-scalar type â€˜[01m[Ksensor_msgs::msg::Image_<std::allocator<void> >::SharedPtr[m[Kâ€™ {aka â€˜[01m[Kstd::shared_ptr<sensor_msgs::msg::Image_<std::allocator<void> > >[m[Kâ€™} requested
[2.633s]    37 |             sensor_msgs::msg::Image::SharedPtr msg = [01;31m[Kusb_cam_->get_image()[m[K;  // è·å–å›¾åƒ
[2.633s]       |                                                      [01;31m[K~~~~~~~~~~~~~~~~~~~^~[m[K
[3.159s] gmake[2]: *** [CMakeFiles/usb_camera_node.dir/build.make:76: CMakeFiles/usb_camera_node.dir/src/usb_camera_node.cpp.o] Error 1
[3.159s] gmake[1]: *** [CMakeFiles/Makefile2:137: CMakeFiles/usb_camera_node.dir/all] Error 2
[3.159s] gmake: *** [Makefile:146: all] Error 2
[3.161s] Invoked command in '/home/future/Documents/pengyh/RobotAD_ws/build/usb_camera' returned '2': CMAKE_PREFIX_PATH=${CMAKE_PREFIX_PATH}:/home/future/Documents/Robot/nav_ws/install/show_urdf:/home/future/Documents/Robot/nav_ws/install/serial_bridge:/home/future/Documents/Robot/nav_ws/install/ros_tcp_endpoint:/home/future/Documents/Robot/nav_ws/install/remove_obstacle:/home/future/Documents/Robot/nav_ws/install/keyboard_control:/opt/ros/humble /usr/bin/cmake --build /home/future/Documents/pengyh/RobotAD_ws/build/usb_camera -- -j24 -l24
