[0.018s] Invoking command in '/home/pengyh/documents/ros2_ws/RobotAD/build/nuscenes_data_collector': CMAKE_PREFIX_PATH=${CMAKE_PREFIX_PATH}:/opt/ros/humble /usr/bin/cmake --build /home/pengyh/documents/ros2_ws/RobotAD/build/nuscenes_data_collector -- -j24 -l24
[0.055s] [35m[1mConsolidate compiler generated dependencies of target nuscenes_data_collector_node[0m
[0.070s] [ 50%] Built target nuscenes_data_collector_issac_node
[0.080s] [ 75%] [32mBuilding CXX object CMakeFiles/nuscenes_data_collector_node.dir/src/nuscenes_data_collector.cpp.o[0m
[3.696s] In file included from [01m[K/home/pengyh/documents/ros2_ws/RobotAD/src/nuscenes_data_collector/src/nuscenes_data_collector.cpp:1[m[K:
[3.696s] [01m[K/home/pengyh/documents/ros2_ws/RobotAD/src/nuscenes_data_collector/include/nuscenes_data_collector/nuscenes_data_collector.hpp:[m[K In constructor â€˜[01m[KNuScenesDataCollector::NuScenesDataCollector()[m[Kâ€™:
[3.696s] [01m[K/home/pengyh/documents/ros2_ws/RobotAD/src/nuscenes_data_collector/include/nuscenes_data_collector/nuscenes_data_collector.hpp:181:58:[m[K [01;31m[Kerror: [m[Kno match for â€˜[01m[Koperator=[m[Kâ€™ (operand types are â€˜[01m[KUsbCameraBridge[m[Kâ€™ and â€˜[01m[Kstd::shared_ptr<UsbCameraBridge>[m[Kâ€™)
[3.696s]   181 | d::make_shared<UsbCameraBridge>([01;31m[K)[m[K;
[3.697s]       |                                 [01;31m[K^[m[K
[3.697s] 
[3.697s] In file included from [01m[K/home/pengyh/documents/ros2_ws/RobotAD/src/nuscenes_data_collector/include/nuscenes_data_collector/nuscenes_data_collector.hpp:44[m[K,
[3.697s]                  from [01m[K/home/pengyh/documents/ros2_ws/RobotAD/src/nuscenes_data_collector/src/nuscenes_data_collector.cpp:1[m[K:
[3.697s] [01m[K/home/pengyh/documents/ros2_ws/RobotAD/src/nuscenes_data_collector/include/nuscenes_data_collector/camera_bridge.hpp:9:7:[m[K [01;36m[Knote: [m[Kcandidate: â€˜[01m[KUsbCameraBridge& UsbCameraBridge::operator=(const UsbCameraBridge&)[m[Kâ€™ (deleted)
[3.697s]     9 | class [01;36m[KUsbCameraBridge[m[K : public rclcpp::Node
[3.697s]       |       [01;36m[K^~~~~~~~~~~~~~~[m[K
[3.697s] [01m[K/home/pengyh/documents/ros2_ws/RobotAD/src/nuscenes_data_collector/include/nuscenes_data_collector/camera_bridge.hpp:9:7:[m[K [01;36m[Knote: [m[K  no known conversion for argument 1 from â€˜[01m[Kstd::shared_ptr<UsbCameraBridge>[m[Kâ€™ to â€˜[01m[Kconst UsbCameraBridge&[m[Kâ€™
[3.697s] [01m[K/home/pengyh/documents/ros2_ws/RobotAD/src/nuscenes_data_collector/include/nuscenes_data_collector/camera_bridge.hpp:9:7:[m[K [01;36m[Knote: [m[Kcandidate: â€˜[01m[KUsbCameraBridge& UsbCameraBridge::operator=(UsbCameraBridge&&)[m[Kâ€™ (deleted)
[3.697s] [01m[K/home/pengyh/documents/ros2_ws/RobotAD/src/nuscenes_data_collector/include/nuscenes_data_collector/camera_bridge.hpp:9:7:[m[K [01;36m[Knote: [m[K  no known conversion for argument 1 from â€˜[01m[Kstd::shared_ptr<UsbCameraBridge>[m[Kâ€™ to â€˜[01m[KUsbCameraBridge&&[m[Kâ€™
[6.838s] gmake[2]: *** [CMakeFiles/nuscenes_data_collector_node.dir/build.make:76: CMakeFiles/nuscenes_data_collector_node.dir/src/nuscenes_data_collector.cpp.o] Error 1
[6.839s] gmake[1]: *** [CMakeFiles/Makefile2:139: CMakeFiles/nuscenes_data_collector_node.dir/all] Error 2
[6.839s] gmake: *** [Makefile:146: all] Error 2
[6.841s] Invoked command in '/home/pengyh/documents/ros2_ws/RobotAD/build/nuscenes_data_collector' returned '2': CMAKE_PREFIX_PATH=${CMAKE_PREFIX_PATH}:/opt/ros/humble /usr/bin/cmake --build /home/pengyh/documents/ros2_ws/RobotAD/build/nuscenes_data_collector -- -j24 -l24
