[0.021s] Invoking command in '/home/pengyh/documents/ros2_ws/RobotAD/build/nuscenes_data_collector': CMAKE_PREFIX_PATH=${CMAKE_PREFIX_PATH}:/opt/ros/humble /usr/bin/cmake --build /home/pengyh/documents/ros2_ws/RobotAD/build/nuscenes_data_collector -- -j24 -l24
[0.051s] [35m[1mConsolidate compiler generated dependencies of target nuscenes_data_collector_node[0m
[0.054s] [35m[1mConsolidate compiler generated dependencies of target nuscenes_data_collector_issac_node[0m
[0.076s] [ 25%] [32mBuilding CXX object CMakeFiles/nuscenes_data_collector_node.dir/src/nuscenes_data_collector.cpp.o[0m
[0.079s] [ 75%] Built target nuscenes_data_collector_issac_node
[3.724s] In file included from [01m[K/home/pengyh/documents/ros2_ws/RobotAD/src/nuscenes_data_collector/src/nuscenes_data_collector.cpp:1[m[K:
[3.724s] [01m[K/home/pengyh/documents/ros2_ws/RobotAD/src/nuscenes_data_collector/include/nuscenes_data_collector/nuscenes_data_collector.hpp:[m[K In constructor ‚Äò[01m[KNuScenesDataCollector::NuScenesDataCollector()[m[K‚Äô:
[3.724s] [01m[K/home/pengyh/documents/ros2_ws/RobotAD/src/nuscenes_data_collector/include/nuscenes_data_collector/nuscenes_data_collector.hpp:253:52:[m[K [01;31m[Kerror: [m[Kno matching function for call to ‚Äò[01m[Kstd::chrono::duration<long int, std::ratio<1, 1000> >::duration(float&)[m[K‚Äô
[3.724s]   253 | liseconds(time_duration[01;31m[K)[m[K, // ÊØè500ÊØ´ÁßíËß¶Âèë‰∏ÄÊ¨°
[3.724s]       |                        [01;31m[K^[m[K
[3.725s] 
[3.725s] In file included from [01m[K/usr/include/c++/11/mutex:39[m[K,
[3.725s]                  from [01m[K/usr/include/c++/11/future:38[m[K,
[3.725s]                  from [01m[K/opt/ros/humble/include/rclcpp/rclcpp/executors.hpp:18[m[K,
[3.725s]                  from [01m[K/opt/ros/humble/include/rclcpp/rclcpp/rclcpp.hpp:155[m[K,
[3.725s]                  from [01m[K/home/pengyh/documents/ros2_ws/RobotAD/src/nuscenes_data_collector/include/nuscenes_data_collector/nuscenes_data_collector.hpp:4[m[K,
[3.725s]                  from [01m[K/home/pengyh/documents/ros2_ws/RobotAD/src/nuscenes_data_collector/src/nuscenes_data_collector.cpp:1[m[K:
[3.725s] [01m[K/usr/include/c++/11/chrono:529:21:[m[K [01;36m[Knote: [m[Kcandidate: ‚Äò[01m[Ktemplate<class _Rep2, class _Period2, class> constexpr std::chrono::duration<_Rep, _Period>::duration(const std::chrono::duration<_Rep, _Period>&) [with _Rep2 = _Rep2; _Period2 = _Period2; <template-parameter-2-3> = <template-parameter-1-3>; _Rep = long int; _Period = std::ratio<1, 1000>][m[K‚Äô
[3.725s]   529 |           constexpr [01;36m[Kduration[m[K(const duration<_Rep2, _Period2>& __d)
[3.725s]       |                     [01;36m[K^~~~~~~~[m[K
[3.725s] [01m[K/usr/include/c++/11/chrono:529:21:[m[K [01;36m[Knote: [m[K  template argument deduction/substitution failed:
[3.725s] In file included from [01m[K/home/pengyh/documents/ros2_ws/RobotAD/src/nuscenes_data_collector/src/nuscenes_data_collector.cpp:1[m[K:
[3.725s] [01m[K/home/pengyh/documents/ros2_ws/RobotAD/src/nuscenes_data_collector/include/nuscenes_data_collector/nuscenes_data_collector.hpp:253:52:[m[K [01;36m[Knote: [m[K  mismatched types ‚Äò[01m[Kconst std::chrono::duration<_Rep1, _Period1>[m[K‚Äô and ‚Äò[01m[Kfloat[m[K‚Äô
[3.725s]   253 | liseconds(time_duration[01;36m[K)[m[K, // ÊØè500ÊØ´ÁßíËß¶Âèë‰∏ÄÊ¨°
[3.725s]       |                        [01;36m[K^[m[K
[3.725s] 
[3.725s] In file included from [01m[K/usr/include/c++/11/mutex:39[m[K,
[3.725s]                  from [01m[K/usr/include/c++/11/future:38[m[K,
[3.725s]                  from [01m[K/opt/ros/humble/include/rclcpp/rclcpp/executors.hpp:18[m[K,
[3.725s]                  from [01m[K/opt/ros/humble/include/rclcpp/rclcpp/rclcpp.hpp:155[m[K,
[3.725s]                  from [01m[K/home/pengyh/documents/ros2_ws/RobotAD/src/nuscenes_data_collector/include/nuscenes_data_collector/nuscenes_data_collector.hpp:4[m[K,
[3.725s]                  from [01m[K/home/pengyh/documents/ros2_ws/RobotAD/src/nuscenes_data_collector/src/nuscenes_data_collector.cpp:1[m[K:
[3.725s] [01m[K/usr/include/c++/11/chrono:521:30:[m[K [01;36m[Knote: [m[Kcandidate: ‚Äò[01m[Ktemplate<class _Rep2, class> constexpr std::chrono::duration<_Rep, _Period>::duration(const _Rep2&) [with _Rep2 = _Rep2; <template-parameter-2-2> = <template-parameter-1-2>; _Rep = long int; _Period = std::ratio<1, 1000>][m[K‚Äô
[3.725s]   521 |     constexpr explicit [01;36m[Kduration[m[K(const _Rep2& __rep)
[3.725s]       |                        [01;36m[K^~~~~~~~[m[K
[3.725s] 
[3.725s] [01m[K/usr/include/c++/11/chrono:521:30:[m[K [01;36m[Knote: [m[K  template argument deduction/substitution failed:
[3.725s] In file included from [01m[K/usr/include/c++/11/bits/move.h:57[m[K,
[3.725s]                  from [01m[K/usr/include/c++/11/bits/stl_pair.h:59[m[K,
[3.725s]                  from [01m[K/usr/include/c++/11/bits/stl_algobase.h:64[m[K,
[3.725s]                  from [01m[K/usr/include/c++/11/memory:63[m[K,
[3.725s]                  from [01m[K/opt/ros/humble/include/rclcpp/rclcpp/rclcpp.hpp:153[m[K,
[3.725s]                  from [01m[K/home/pengyh/documents/ros2_ws/RobotAD/src/nuscenes_data_collector/include/nuscenes_data_collector/nuscenes_data_collector.hpp:4[m[K,
[3.725s]                  from [01m[K/home/pengyh/documents/ros2_ws/RobotAD/src/nuscenes_data_collector/src/nuscenes_data_collector.cpp:1[m[K:
[3.725s] /usr/include/c++/11/type_traits: In substitution of ‚Äò[01m[Ktemplate<bool _Cond, class _Tp> using __enable_if_t = typename std::enable_if::type [with bool _Cond = false; _Tp = void][m[K‚Äô:
[3.725s] [01m[K/usr/include/c++/11/type_traits:2209:11:[m[K   required by substitution of ‚Äò[01m[Ktemplate<class ... _Cond> using _Require = std::__enable_if_t<std::__and_< <template-parameter-1-1> >::value> [with _Cond = {std::is_convertible<const float&, long int>, std::__or_<std::chrono::treat_as_floating_point<long int>, std::__not_<std::chrono::treat_as_floating_point<float> > >}][m[K‚Äô
[3.725s] [01m[K/usr/include/c++/11/chrono:518:27:[m[K   required from here
[3.725s] [01m[K/usr/include/c++/11/type_traits:2205:11:[m[K [01;31m[Kerror: [m[Kno type named ‚Äò[01m[Ktype[m[K‚Äô in ‚Äò[01m[Kstruct std::enable_if<false, void>[m[K‚Äô
[3.725s]  2205 |     using [01;31m[K__enable_if_t[m[K = typename enable_if<_Cond, _Tp>::type;
[3.725s]       |           [01;31m[K^~~~~~~~~~~~~[m[K
[3.725s] In file included from [01m[K/usr/include/c++/11/mutex:39[m[K,
[3.725s]                  from [01m[K/usr/include/c++/11/future:38[m[K,
[3.725s]                  from [01m[K/opt/ros/humble/include/rclcpp/rclcpp/executors.hpp:18[m[K,
[3.726s]                  from [01m[K/opt/ros/humble/include/rclcpp/rclcpp/rclcpp.hpp:155[m[K,
[3.726s]                  from [01m[K/home/pengyh/documents/ros2_ws/RobotAD/src/nuscenes_data_collector/include/nuscenes_data_collector/nuscenes_data_collector.hpp:4[m[K,
[3.726s]                  from [01m[K/home/pengyh/documents/ros2_ws/RobotAD/src/nuscenes_data_collector/src/nuscenes_data_collector.cpp:1[m[K:
[3.726s] [01m[K/usr/include/c++/11/chrono:514:9:[m[K [01;36m[Knote: [m[Kcandidate: ‚Äò[01m[Kconstexpr std::chrono::duration<_Rep, _Period>::duration(const std::chrono::duration<_Rep, _Period>&) [with _Rep = long int; _Period = std::ratio<1, 1000>][m[K‚Äô
[3.726s]   514 |         [01;36m[Kduration[m[K(const duration&) = default;
[3.726s]       |         [01;36m[K^~~~~~~~[m[K
[3.726s] [01m[K/usr/include/c++/11/chrono:514:18:[m[K [01;36m[Knote: [m[K  no known conversion for argument 1 from ‚Äò[01m[Kfloat[m[K‚Äô to ‚Äò[01m[Kconst std::chrono::duration<long int, std::ratio<1, 1000> >&[m[K‚Äô
[3.726s]   514 |         duration([01;36m[Kconst duration&[m[K) = default;
[3.726s]       |                  [01;36m[K^~~~~~~~~~~~~~~[m[K
[3.726s] [01m[K/usr/include/c++/11/chrono:512:19:[m[K [01;36m[Knote: [m[Kcandidate: ‚Äò[01m[Kstd::chrono::duration<_Rep, _Period>::duration() [with _Rep = long int; _Period = std::ratio<1, 1000>][m[K‚Äô
[3.726s]   512 |         constexpr [01;36m[Kduration[m[K() = default;
[3.726s]       |                   [01;36m[K^~~~~~~~[m[K
[3.726s] [01m[K/usr/include/c++/11/chrono:512:19:[m[K [01;36m[Knote: [m[K  candidate expects 0 arguments, 1 provided
[8.513s] gmake[2]: *** [CMakeFiles/nuscenes_data_collector_node.dir/build.make:76: CMakeFiles/nuscenes_data_collector_node.dir/src/nuscenes_data_collector.cpp.o] Error 1
[8.513s] gmake[1]: *** [CMakeFiles/Makefile2:139: CMakeFiles/nuscenes_data_collector_node.dir/all] Error 2
[8.513s] gmake: *** [Makefile:146: all] Error 2
[8.516s] Invoked command in '/home/pengyh/documents/ros2_ws/RobotAD/build/nuscenes_data_collector' returned '2': CMAKE_PREFIX_PATH=${CMAKE_PREFIX_PATH}:/opt/ros/humble /usr/bin/cmake --build /home/pengyh/documents/ros2_ws/RobotAD/build/nuscenes_data_collector -- -j24 -l24
