In file included from [01m[K/opt/ros/humble/include/rclcpp/rclcpp/logging.hpp:24[m[K,
                 from [01m[K/opt/ros/humble/include/rclcpp/rclcpp/client.hpp:40[m[K,
                 from [01m[K/opt/ros/humble/include/rclcpp/rclcpp/callback_group.hpp:24[m[K,
                 from [01m[K/opt/ros/humble/include/rclcpp/rclcpp/any_executable.hpp:20[m[K,
                 from [01m[K/opt/ros/humble/include/rclcpp/rclcpp/memory_strategy.hpp:25[m[K,
                 from [01m[K/opt/ros/humble/include/rclcpp/rclcpp/memory_strategies.hpp:18[m[K,
                 from [01m[K/opt/ros/humble/include/rclcpp/rclcpp/executor_options.hpp:20[m[K,
                 from [01m[K/opt/ros/humble/include/rclcpp/rclcpp/executor.hpp:37[m[K,
                 from [01m[K/opt/ros/humble/include/rclcpp/rclcpp/executors/multi_threaded_executor.hpp:25[m[K,
                 from [01m[K/opt/ros/humble/include/rclcpp/rclcpp/executors.hpp:21[m[K,
                 from [01m[K/opt/ros/humble/include/rclcpp/rclcpp/rclcpp.hpp:155[m[K,
                 from [01m[K/home/pengyh/documents/ros2_ws/RobotAD/src/nuscenes_data_collector/include/nuscenes_data_collector/nuscenes_data_collector.hpp:4[m[K,
                 from [01m[K/home/pengyh/documents/ros2_ws/RobotAD/src/nuscenes_data_collector/src/nuscenes_data_collector.cpp:1[m[K:
[01m[K/home/pengyh/documents/ros2_ws/RobotAD/src/nuscenes_data_collector/include/nuscenes_data_collector/nuscenes_data_collector.hpp:[m[K In member function ‚Äò[01m[Kvoid NuScenesDataCollector::odom_callback(nav_msgs::msg::Odometry_<std::allocator<void> >::SharedPtr, const string&)[m[K‚Äô:
[01m[K/home/pengyh/documents/ros2_ws/RobotAD/src/nuscenes_data_collector/include/nuscenes_data_collector/nuscenes_data_collector.hpp:381:41:[m[K [01;35m[Kwarning: [m[Kformat ‚Äò[01m[K%ld[m[K‚Äô expects argument of type ‚Äò[01m[Klong int[m[K‚Äô, but argument 5 has type ‚Äò[01m[Kbuiltin_interfaces::msg::Time_<std::allocator<void> >::_sec_type[m[K‚Äô {aka ‚Äò[01m[Kint[m[K‚Äô} [[01;35m[K]8;;https://gcc.gnu.org/onlinedocs/gcc/Warning-Options.html#index-Wformat=-Wformat=]8;;[m[K]
  381 | CLCPP_INFO(this->get_logger(), [01;35m[K"Odometry Timestamp: %ld.%ld"[m[K, [32m[Kmsg->header.stamp.sec[m[K, msg->header.stamp.nanosec);
      |                                [01;35m[K^~~~~~~~~~~~~~~~~~~~~~~~~~~~~[m[K  [32m[K~~~~~~~~~~~~~~~~~~~~~[m[K
      |                                                                                 [32m[K|[m[K
      |                                                                                 [32m[Kbuiltin_interfaces::msg::Time_<std::allocator<void> >::_sec_type {aka int}[m[K

In file included from [01m[K/home/pengyh/documents/ros2_ws/RobotAD/src/nuscenes_data_collector/src/nuscenes_data_collector.cpp:1[m[K:
[01m[K/home/pengyh/documents/ros2_ws/RobotAD/src/nuscenes_data_collector/include/nuscenes_data_collector/nuscenes_data_collector.hpp:381:64:[m[K [01;36m[Knote: [m[Kformat string is defined here
  381 | gger(), "Odometry Timestamp: [01;36m[K%ld[m[K.%ld", msg->header.stamp.sec, msg->header.stamp.nanosec);
      |                              [01;36m[K~~^[m[K
      |                                [01;36m[K|[m[K
      |                                [01;36m[Klong int[m[K
      |                              [32m[K%d[m[K
In file included from [01m[K/opt/ros/humble/include/rclcpp/rclcpp/logging.hpp:24[m[K,
                 from [01m[K/opt/ros/humble/include/rclcpp/rclcpp/client.hpp:40[m[K,
                 from [01m[K/opt/ros/humble/include/rclcpp/rclcpp/callback_group.hpp:24[m[K,
                 from [01m[K/opt/ros/humble/include/rclcpp/rclcpp/any_executable.hpp:20[m[K,
                 from [01m[K/opt/ros/humble/include/rclcpp/rclcpp/memory_strategy.hpp:25[m[K,
                 from [01m[K/opt/ros/humble/include/rclcpp/rclcpp/memory_strategies.hpp:18[m[K,
                 from [01m[K/opt/ros/humble/include/rclcpp/rclcpp/executor_options.hpp:20[m[K,
                 from [01m[K/opt/ros/humble/include/rclcpp/rclcpp/executor.hpp:37[m[K,
                 from [01m[K/opt/ros/humble/include/rclcpp/rclcpp/executors/multi_threaded_executor.hpp:25[m[K,
                 from [01m[K/opt/ros/humble/include/rclcpp/rclcpp/executors.hpp:21[m[K,
                 from [01m[K/opt/ros/humble/include/rclcpp/rclcpp/rclcpp.hpp:155[m[K,
                 from [01m[K/home/pengyh/documents/ros2_ws/RobotAD/src/nuscenes_data_collector/include/nuscenes_data_collector/nuscenes_data_collector.hpp:4[m[K,
                 from [01m[K/home/pengyh/documents/ros2_ws/RobotAD/src/nuscenes_data_collector/src/nuscenes_data_collector.cpp:1[m[K:
[01m[K/home/pengyh/documents/ros2_ws/RobotAD/src/nuscenes_data_collector/include/nuscenes_data_collector/nuscenes_data_collector.hpp:381:41:[m[K [01;35m[Kwarning: [m[Kformat ‚Äò[01m[K%ld[m[K‚Äô expects argument of type ‚Äò[01m[Klong int[m[K‚Äô, but argument 6 has type ‚Äò[01m[Kbuiltin_interfaces::msg::Time_<std::allocator<void> >::_nanosec_type[m[K‚Äô {aka ‚Äò[01m[Kunsigned int[m[K‚Äô} [[01;35m[K]8;;https://gcc.gnu.org/onlinedocs/gcc/Warning-Options.html#index-Wformat=-Wformat=]8;;[m[K]
  381 | CLCPP_INFO(this->get_logger(), [01;35m[K"Odometry Timestamp: %ld.%ld"[m[K, msg->header.stamp.sec, [32m[Kmsg->header.stamp.nanosec[m[K);
      |                                [01;35m[K^~~~~~~~~~~~~~~~~~~~~~~~~~~~~[m[K                         [32m[K~~~~~~~~~~~~~~~~~~~~~~~~~[m[K
      |                                                                                                        [32m[K|[m[K
      |                                                                                                        [32m[Kbuiltin_interfaces::msg::Time_<std::allocator<void> >::_nanosec_type {aka unsigned int}[m[K

In file included from [01m[K/home/pengyh/documents/ros2_ws/RobotAD/src/nuscenes_data_collector/src/nuscenes_data_collector.cpp:1[m[K:
[01m[K/home/pengyh/documents/ros2_ws/RobotAD/src/nuscenes_data_collector/include/nuscenes_data_collector/nuscenes_data_collector.hpp:381:68:[m[K [01;36m[Knote: [m[Kformat string is defined here
  381 | (), "Odometry Timestamp: %ld.[01;36m[K%ld[m[K", msg->header.stamp.sec, msg->header.stamp.nanosec);
      |                              [01;36m[K~~^[m[K
      |                                [01;36m[K|[m[K
      |                                [01;36m[Klong int[m[K
      |                              [32m[K%d[m[K
In file included from [01m[K/opt/ros/humble/include/rclcpp/rclcpp/logging.hpp:24[m[K,
                 from [01m[K/opt/ros/humble/include/rclcpp/rclcpp/client.hpp:40[m[K,
                 from [01m[K/opt/ros/humble/include/rclcpp/rclcpp/callback_group.hpp:24[m[K,
                 from [01m[K/opt/ros/humble/include/rclcpp/rclcpp/any_executable.hpp:20[m[K,
                 from [01m[K/opt/ros/humble/include/rclcpp/rclcpp/memory_strategy.hpp:25[m[K,
                 from [01m[K/opt/ros/humble/include/rclcpp/rclcpp/memory_strategies.hpp:18[m[K,
                 from [01m[K/opt/ros/humble/include/rclcpp/rclcpp/executor_options.hpp:20[m[K,
                 from [01m[K/opt/ros/humble/include/rclcpp/rclcpp/executor.hpp:37[m[K,
                 from [01m[K/opt/ros/humble/include/rclcpp/rclcpp/executors/multi_threaded_executor.hpp:25[m[K,
                 from [01m[K/opt/ros/humble/include/rclcpp/rclcpp/executors.hpp:21[m[K,
                 from [01m[K/opt/ros/humble/include/rclcpp/rclcpp/rclcpp.hpp:155[m[K,
                 from [01m[K/home/pengyh/documents/ros2_ws/RobotAD/src/nuscenes_data_collector/include/nuscenes_data_collector/nuscenes_data_collector.hpp:4[m[K,
                 from [01m[K/home/pengyh/documents/ros2_ws/RobotAD/src/nuscenes_data_collector/src/nuscenes_data_collector.cpp:1[m[K:
[01m[K/home/pengyh/documents/ros2_ws/RobotAD/src/nuscenes_data_collector/include/nuscenes_data_collector/nuscenes_data_collector.hpp:[m[K In member function ‚Äò[01m[Kvoid NuScenesDataCollector::imu_callback(sensor_msgs::msg::Imu_<std::allocator<void> >::SharedPtr, const string&)[m[K‚Äô:
[01m[K/home/pengyh/documents/ros2_ws/RobotAD/src/nuscenes_data_collector/include/nuscenes_data_collector/nuscenes_data_collector.hpp:387:41:[m[K [01;35m[Kwarning: [m[Kformat ‚Äò[01m[K%ld[m[K‚Äô expects argument of type ‚Äò[01m[Klong int[m[K‚Äô, but argument 5 has type ‚Äò[01m[Kbuiltin_interfaces::msg::Time_<std::allocator<void> >::_sec_type[m[K‚Äô {aka ‚Äò[01m[Kint[m[K‚Äô} [[01;35m[K]8;;https://gcc.gnu.org/onlinedocs/gcc/Warning-Options.html#index-Wformat=-Wformat=]8;;[m[K]
  387 | CLCPP_INFO(this->get_logger(), [01;35m[K"IMU Timestamp: %ld.%ld"[m[K, [32m[Kmsg->header.stamp.sec[m[K, msg->header.stamp.nanosec);
      |                                [01;35m[K^~~~~~~~~~~~~~~~~~~~~~~~[m[K  [32m[K~~~~~~~~~~~~~~~~~~~~~[m[K
      |                                                                            [32m[K|[m[K
      |                                                                            [32m[Kbuiltin_interfaces::msg::Time_<std::allocator<void> >::_sec_type {aka int}[m[K

In file included from [01m[K/home/pengyh/documents/ros2_ws/RobotAD/src/nuscenes_data_collector/src/nuscenes_data_collector.cpp:1[m[K:
[01m[K/home/pengyh/documents/ros2_ws/RobotAD/src/nuscenes_data_collector/include/nuscenes_data_collector/nuscenes_data_collector.hpp:387:59:[m[K [01;36m[Knote: [m[Kformat string is defined here
  387 | et_logger(), "IMU Timestamp: [01;36m[K%ld[m[K.%ld", msg->header.stamp.sec, msg->header.stamp.nanosec);
      |                              [01;36m[K~~^[m[K
      |                                [01;36m[K|[m[K
      |                                [01;36m[Klong int[m[K
      |                              [32m[K%d[m[K
In file included from [01m[K/opt/ros/humble/include/rclcpp/rclcpp/logging.hpp:24[m[K,
                 from [01m[K/opt/ros/humble/include/rclcpp/rclcpp/client.hpp:40[m[K,
                 from [01m[K/opt/ros/humble/include/rclcpp/rclcpp/callback_group.hpp:24[m[K,
                 from [01m[K/opt/ros/humble/include/rclcpp/rclcpp/any_executable.hpp:20[m[K,
                 from [01m[K/opt/ros/humble/include/rclcpp/rclcpp/memory_strategy.hpp:25[m[K,
                 from [01m[K/opt/ros/humble/include/rclcpp/rclcpp/memory_strategies.hpp:18[m[K,
                 from [01m[K/opt/ros/humble/include/rclcpp/rclcpp/executor_options.hpp:20[m[K,
                 from [01m[K/opt/ros/humble/include/rclcpp/rclcpp/executor.hpp:37[m[K,
                 from [01m[K/opt/ros/humble/include/rclcpp/rclcpp/executors/multi_threaded_executor.hpp:25[m[K,
                 from [01m[K/opt/ros/humble/include/rclcpp/rclcpp/executors.hpp:21[m[K,
                 from [01m[K/opt/ros/humble/include/rclcpp/rclcpp/rclcpp.hpp:155[m[K,
                 from [01m[K/home/pengyh/documents/ros2_ws/RobotAD/src/nuscenes_data_collector/include/nuscenes_data_collector/nuscenes_data_collector.hpp:4[m[K,
                 from [01m[K/home/pengyh/documents/ros2_ws/RobotAD/src/nuscenes_data_collector/src/nuscenes_data_collector.cpp:1[m[K:
[01m[K/home/pengyh/documents/ros2_ws/RobotAD/src/nuscenes_data_collector/include/nuscenes_data_collector/nuscenes_data_collector.hpp:387:41:[m[K [01;35m[Kwarning: [m[Kformat ‚Äò[01m[K%ld[m[K‚Äô expects argument of type ‚Äò[01m[Klong int[m[K‚Äô, but argument 6 has type ‚Äò[01m[Kbuiltin_interfaces::msg::Time_<std::allocator<void> >::_nanosec_type[m[K‚Äô {aka ‚Äò[01m[Kunsigned int[m[K‚Äô} [[01;35m[K]8;;https://gcc.gnu.org/onlinedocs/gcc/Warning-Options.html#index-Wformat=-Wformat=]8;;[m[K]
  387 | CLCPP_INFO(this->get_logger(), [01;35m[K"IMU Timestamp: %ld.%ld"[m[K, msg->header.stamp.sec, [32m[Kmsg->header.stamp.nanosec[m[K);
      |                                [01;35m[K^~~~~~~~~~~~~~~~~~~~~~~~[m[K                         [32m[K~~~~~~~~~~~~~~~~~~~~~~~~~[m[K
      |                                                                                                   [32m[K|[m[K
      |                                                                                                   [32m[Kbuiltin_interfaces::msg::Time_<std::allocator<void> >::_nanosec_type {aka unsigned int}[m[K

In file included from [01m[K/home/pengyh/documents/ros2_ws/RobotAD/src/nuscenes_data_collector/src/nuscenes_data_collector.cpp:1[m[K:
[01m[K/home/pengyh/documents/ros2_ws/RobotAD/src/nuscenes_data_collector/include/nuscenes_data_collector/nuscenes_data_collector.hpp:387:63:[m[K [01;36m[Knote: [m[Kformat string is defined here
  387 | ogger(), "IMU Timestamp: %ld.[01;36m[K%ld[m[K", msg->header.stamp.sec, msg->header.stamp.nanosec);
      |                              [01;36m[K~~^[m[K
      |                                [01;36m[K|[m[K
      |                                [01;36m[Klong int[m[K
      |                              [32m[K%d[m[K
[01m[K/home/pengyh/documents/ros2_ws/RobotAD/src/nuscenes_data_collector/include/nuscenes_data_collector/nuscenes_data_collector.hpp:[m[K In member function ‚Äò[01m[Kvoid NuScenesDataCollector::save_lidar_data(const std::shared_ptr<sensor_msgs::msg::PointCloud2_<std::allocator<void> > >&, const string&)[m[K‚Äô:
[01m[K/home/pengyh/documents/ros2_ws/RobotAD/src/nuscenes_data_collector/include/nuscenes_data_collector/nuscenes_data_collector.hpp:594:30:[m[K [01;31m[Kerror: [m[K‚Äò[01m[KPointXYZIR[m[K‚Äô is not a member of ‚Äò[01m[Kpcl[m[K‚Äô; did you mean ‚Äò[01m[KPointXYZI[m[K‚Äô?
  594 |         pcl::PointCloud<pcl::[01;31m[KPointXYZIR[m[K> cloud;  // ‰ΩøÁî® PointXYZI ÊîØÊåÅÂº∫Â∫¶ÂÄº
      |                              [01;31m[K^~~~~~~~~~[m[K
      |                              [32m[KPointXYZI[m[K
[01m[K/home/pengyh/documents/ros2_ws/RobotAD/src/nuscenes_data_collector/include/nuscenes_data_collector/nuscenes_data_collector.hpp:594:40:[m[K [01;31m[Kerror: [m[Ktemplate argument 1 is invalid
  594 | pcl::PointCloud<pcl::PointXYZIR[01;31m[K>[m[K cloud;  // ‰ΩøÁî® PointXYZI ÊîØÊåÅÂº∫Â∫¶ÂÄº
      |                                [01;31m[K^[m[K

[01m[K/home/pengyh/documents/ros2_ws/RobotAD/src/nuscenes_data_collector/include/nuscenes_data_collector/nuscenes_data_collector.hpp:601:32:[m[K [01;31m[Kerror: [m[Kno matching function for call to ‚Äò[01m[KfromPCLPointCloud2(pcl::PCLPointCloud2&, int&)[m[K‚Äô
  601 |         [01;31m[Kpcl::fromPCLPointCloud2(pcl_cloud2, cloud)[m[K;  // ‰ΩøÁî® pcl::fromPCLPointCloud2
      |         [01;31m[K~~~~~~~~~~~~~~~~~~~~~~~^~~~~~~~~~~~~~~~~~~[m[K
In file included from [01m[K/home/pengyh/documents/ros2_ws/RobotAD/src/nuscenes_data_collector/include/nuscenes_data_collector/nuscenes_data_collector.hpp:31[m[K,
                 from [01m[K/home/pengyh/documents/ros2_ws/RobotAD/src/nuscenes_data_collector/src/nuscenes_data_collector.cpp:1[m[K:
[01m[K/usr/include/pcl-1.12/pcl/conversions.h:166:3:[m[K [01;36m[Knote: [m[Kcandidate: ‚Äò[01m[Ktemplate<class PointT> void pcl::fromPCLPointCloud2(const pcl::PCLPointCloud2&, pcl::PointCloud<PointT>&, const MsgFieldMap&)[m[K‚Äô
  166 |   [01;36m[KfromPCLPointCloud2[m[K (const pcl::PCLPointCloud2& msg, pcl::PointCloud<PointT>& cloud,
      |   [01;36m[K^~~~~~~~~~~~~~~~~~[m[K
[01m[K/usr/include/pcl-1.12/pcl/conversions.h:166:3:[m[K [01;36m[Knote: [m[K  template argument deduction/substitution failed:
In file included from [01m[K/home/pengyh/documents/ros2_ws/RobotAD/src/nuscenes_data_collector/src/nuscenes_data_collector.cpp:1[m[K:
[01m[K/home/pengyh/documents/ros2_ws/RobotAD/src/nuscenes_data_collector/include/nuscenes_data_collector/nuscenes_data_collector.hpp:601:32:[m[K [01;36m[Knote: [m[K  mismatched types ‚Äò[01m[Kpcl::PointCloud<PointT>[m[K‚Äô and ‚Äò[01m[Kint[m[K‚Äô
  601 |         [01;36m[Kpcl::fromPCLPointCloud2(pcl_cloud2, cloud)[m[K;  // ‰ΩøÁî® pcl::fromPCLPointCloud2
      |         [01;36m[K~~~~~~~~~~~~~~~~~~~~~~~^~~~~~~~~~~~~~~~~~~[m[K
In file included from [01m[K/home/pengyh/documents/ros2_ws/RobotAD/src/nuscenes_data_collector/include/nuscenes_data_collector/nuscenes_data_collector.hpp:31[m[K,
                 from [01m[K/home/pengyh/documents/ros2_ws/RobotAD/src/nuscenes_data_collector/src/nuscenes_data_collector.cpp:1[m[K:
[01m[K/usr/include/pcl-1.12/pcl/conversions.h:226:3:[m[K [01;36m[Knote: [m[Kcandidate: ‚Äò[01m[Ktemplate<class PointT> void pcl::fromPCLPointCloud2(const pcl::PCLPointCloud2&, pcl::PointCloud<PointT>&)[m[K‚Äô
  226 |   [01;36m[KfromPCLPointCloud2[m[K (const pcl::PCLPointCloud2& msg, pcl::PointCloud<PointT>& cloud)
      |   [01;36m[K^~~~~~~~~~~~~~~~~~[m[K
[01m[K/usr/include/pcl-1.12/pcl/conversions.h:226:3:[m[K [01;36m[Knote: [m[K  template argument deduction/substitution failed:
In file included from [01m[K/home/pengyh/documents/ros2_ws/RobotAD/src/nuscenes_data_collector/src/nuscenes_data_collector.cpp:1[m[K:
[01m[K/home/pengyh/documents/ros2_ws/RobotAD/src/nuscenes_data_collector/include/nuscenes_data_collector/nuscenes_data_collector.hpp:601:32:[m[K [01;36m[Knote: [m[K  mismatched types ‚Äò[01m[Kpcl::PointCloud<PointT>[m[K‚Äô and ‚Äò[01m[Kint[m[K‚Äô
  601 |         [01;36m[Kpcl::fromPCLPointCloud2(pcl_cloud2, cloud)[m[K;  // ‰ΩøÁî® pcl::fromPCLPointCloud2
      |         [01;36m[K~~~~~~~~~~~~~~~~~~~~~~~^~~~~~~~~~~~~~~~~~~[m[K
[01m[K/home/pengyh/documents/ros2_ws/RobotAD/src/nuscenes_data_collector/include/nuscenes_data_collector/nuscenes_data_collector.hpp:604:19:[m[K [01;31m[Kerror: [m[Krequest for member ‚Äò[01m[Kpoints[m[K‚Äô in ‚Äò[01m[Kcloud[m[K‚Äô, which is of non-class type ‚Äò[01m[Kint[m[K‚Äô
  604 |         if (cloud.[01;31m[Kpoints[m[K.empty()) {
      |                   [01;31m[K^~~~~~[m[K
[01m[K/home/pengyh/documents/ros2_ws/RobotAD/src/nuscenes_data_collector/include/nuscenes_data_collector/nuscenes_data_collector.hpp:613:44:[m[K [01;31m[Kerror: [m[Krequest for member ‚Äò[01m[Kpoints[m[K‚Äô in ‚Äò[01m[Kcloud[m[K‚Äô, which is of non-class type ‚Äò[01m[Kint[m[K‚Äô
  613 |   for (const auto &point : cloud.[01;31m[Kpoints[m[K) {
      |                                  [01;31m[K^~~~~~[m[K

gmake[2]: *** [CMakeFiles/nuscenes_data_collector_node.dir/build.make:76: CMakeFiles/nuscenes_data_collector_node.dir/src/nuscenes_data_collector.cpp.o] Error 1
gmake[1]: *** [CMakeFiles/Makefile2:139: CMakeFiles/nuscenes_data_collector_node.dir/all] Error 2
gmake: *** [Makefile:146: all] Error 2
