[01m[K/home/pengyh/documents/ros2_ws/RobotAD/src/keyboard_control/src/keyboard_control_node.cpp:[m[K In member function ‘[01m[Kvoid KeyboardControl::publish_twist()[m[K’:
[01m[K/home/pengyh/documents/ros2_ws/RobotAD/src/keyboard_control/src/keyboard_control_node.cpp:61:33:[m[K [01;31m[Kerror: [m[Kexpected primary-expression before ‘[01m[K;[m[K’ token
   61 |             twist_.angular.z = -[01;31m[K;[m[K  // 转向速度保持不变
      |                                 [01;31m[K^[m[K
gmake[2]: *** [CMakeFiles/keyboard_control_node.dir/build.make:76: CMakeFiles/keyboard_control_node.dir/src/keyboard_control_node.cpp.o] Error 1
gmake[1]: *** [CMakeFiles/Makefile2:137: CMakeFiles/keyboard_control_node.dir/all] Error 2
gmake: *** [Makefile:146: all] Error 2
