In file included from [01m[K/home/pengyh/documents/ros2_ws/RobotAD/src/usb_camera/src/usb_camera_node.cpp:1[m[K:
[01m[K/home/pengyh/documents/ros2_ws/RobotAD/src/usb_camera/include/usb_camera/usb_camera.hpp:[m[K In constructor â€˜[01m[KUsbCameraNode::UsbCameraNode()[m[Kâ€™:
[01m[K/home/pengyh/documents/ros2_ws/RobotAD/src/usb_camera/include/usb_camera/usb_camera.hpp:59:67:[m[K [01;31m[Kerror: [m[Kno matching function for call to â€˜[01m[KUsbCameraNode::create_wall_timer(std::chrono::milliseconds, std::_Bind_helper<false, void (UsbCameraNode::*)(const std::__cxx11::basic_string<char>&), UsbCameraNode*, std::__cxx11::basic_string<char, std::char_traits<char>, std::allocator<char> >&>::type)[m[Kâ€™
   59 | a_name] = [01;31m[Kthis->create_wall_timer([m[K
      |           [01;31m[K~~~~~~~~~~~~~~~~~~~~~~~^[m[K

   60 | [01;31m[Kiseconds(1000 / frame_rate_),[m[K
      | [01;31m[K~~~~~~~~~~~~~~~~~~~~~~~~~~~~~[m[K     

   61 | [01;31m[KeraNode::capture_frame, this, camera_name))[m[K;  // Start the capture function for each camera
      | [01;31m[K~~~~~~~~~~~~~~~~~~~~~~~~~~~~~~~~~~~~~~~~~~~[m[K

In file included from [01m[K/opt/ros/humble/include/rclcpp/rclcpp/node.hpp:1321[m[K,
                 from [01m[K/opt/ros/humble/include/rclcpp/rclcpp/executors/single_threaded_executor.hpp:28[m[K,
                 from [01m[K/opt/ros/humble/include/rclcpp/rclcpp/executors.hpp:22[m[K,
                 from [01m[K/opt/ros/humble/include/rclcpp/rclcpp/rclcpp.hpp:155[m[K,
                 from [01m[K/home/pengyh/documents/ros2_ws/RobotAD/src/usb_camera/include/usb_camera/usb_camera.hpp:1[m[K,
                 from [01m[K/home/pengyh/documents/ros2_ws/RobotAD/src/usb_camera/src/usb_camera_node.cpp:1[m[K:
[01m[K/opt/ros/humble/include/rclcpp/rclcpp/node_impl.hpp:110:1:[m[K [01;36m[Knote: [m[Kcandidate: â€˜[01m[Ktemplate<class DurationRepT, class DurationT, class CallbackT> typename rclcpp::WallTimer<CallbackT>::SharedPtr rclcpp::Node::create_wall_timer(std::chrono::duration<_Rep1, _Period1>, CallbackT, rclcpp::CallbackGroup::SharedPtr)[m[Kâ€™
  110 | [01;36m[KNode[m[K::create_wall_timer(
      | [01;36m[K^~~~[m[K
[01m[K/opt/ros/humble/include/rclcpp/rclcpp/node_impl.hpp:110:1:[m[K [01;36m[Knote: [m[K  template argument deduction/substitution failed:
/opt/ros/humble/include/rclcpp/rclcpp/node_impl.hpp: In substitution of â€˜[01m[Ktemplate<class DurationRepT, class DurationT, class CallbackT> typename rclcpp::WallTimer<CallbackT>::SharedPtr rclcpp::Node::create_wall_timer(std::chrono::duration<_Rep1, _Period1>, CallbackT, rclcpp::CallbackGroup::SharedPtr) [with DurationRepT = long int; DurationT = std::ratio<1, 1000>; CallbackT = std::_Bind<void (UsbCameraNode::*(UsbCameraNode*, std::__cxx11::basic_string<char>))(const std::__cxx11::basic_string<char>&)>][m[Kâ€™:
[01m[K/home/pengyh/documents/ros2_ws/RobotAD/src/usb_camera/include/usb_camera/usb_camera.hpp:59:67:[m[K   required from here
[01m[K/opt/ros/humble/include/rclcpp/rclcpp/node_impl.hpp:110:1:[m[K [01;31m[Kerror: [m[Kno type named â€˜[01m[Ktype[m[Kâ€™ in â€˜[01m[Kstruct std::enable_if<false, void>[m[Kâ€™
[01m[K/opt/ros/humble/include/rclcpp/rclcpp/node_impl.hpp:110:1:[m[K [01;31m[Kerror: [m[Kno type named â€˜[01m[Ktype[m[Kâ€™ in â€˜[01m[Kstruct std::enable_if<false, void>[m[Kâ€™
[01m[K/opt/ros/humble/include/rclcpp/rclcpp/node_impl.hpp:110:1:[m[K [01;36m[Knote: [m[Kinvalid template non-type parameter
gmake[2]: *** [CMakeFiles/usb_camera_node.dir/build.make:76: CMakeFiles/usb_camera_node.dir/src/usb_camera_node.cpp.o] Error 1
gmake[1]: *** [CMakeFiles/Makefile2:137: CMakeFiles/usb_camera_node.dir/all] Error 2
gmake: *** [Makefile:146: all] Error 2
