[0.026s] Invoking command in '/home/future/Documents/pengyh/RobotAD_ws/build/diff_control': CMAKE_PREFIX_PATH=${CMAKE_PREFIX_PATH}:/opt/ros/humble /usr/bin/cmake --build /home/future/Documents/pengyh/RobotAD_ws/build/diff_control -- -j24 -l24
[0.058s] [35m[1mConsolidate compiler generated dependencies of target diff_control[0m
[0.071s] [ 50%] [32mBuilding CXX object CMakeFiles/diff_control.dir/hardware/diffbot_system.cpp.o[0m
[1.412s] In file included from [01m[K/home/future/Documents/pengyh/RobotAD_ws/src/diff_control/hardware/include/diff_control/diffbot_system.hpp:35[m[K,
[1.412s]                  from [01m[K/home/future/Documents/pengyh/RobotAD_ws/src/diff_control/hardware/diffbot_system.cpp:15[m[K:
[1.412s] [01m[K/home/future/Documents/pengyh/RobotAD_ws/src/diff_control/hardware/include/diff_control/serial_bridge.hpp:[m[K In constructor â€˜[01m[KSerialBridge::SerialBridge()[m[Kâ€™:
[1.412s] [01m[K/home/future/Documents/pengyh/RobotAD_ws/src/diff_control/hardware/include/diff_control/serial_bridge.hpp:21:29:[m[K [01;31m[Kerror: [m[Kexpected primary-expression before â€˜[01m[K/[m[Kâ€™ token
[1.412s]    21 | .setPort([01;31m[K/[m[Kdev/ttyACM0);
[1.412s]       |          [01;31m[K^[m[K
[1.412s] 
[1.415s] [01m[K/home/future/Documents/pengyh/RobotAD_ws/src/diff_control/hardware/include/diff_control/serial_bridge.hpp:21:30:[m[K [01;31m[Kerror: [m[Kâ€˜[01m[Kdev[m[Kâ€™ was not declared in this scope; did you mean â€˜[01m[Kdiv[m[Kâ€™?
[1.415s]    21 | setPort(/[01;31m[Kdev[m[K/ttyACM0);
[1.415s]       |          [01;31m[K^~~[m[K
[1.415s]       |          [32m[Kdiv[m[K
[1.418s] [01m[K/home/future/Documents/pengyh/RobotAD_ws/src/diff_control/hardware/include/diff_control/serial_bridge.hpp:21:34:[m[K [01;31m[Kerror: [m[Kâ€˜[01m[KttyACM0[m[Kâ€™ was not declared in this scope
[1.418s]    21 | tPort(/dev/[01;31m[KttyACM0[m[K);
[1.418s]       |            [01;31m[K^~~~~~~[m[K
[1.418s] 
[3.043s] gmake[2]: *** [CMakeFiles/diff_control.dir/build.make:76: CMakeFiles/diff_control.dir/hardware/diffbot_system.cpp.o] Error 1
[3.043s] gmake[1]: *** [CMakeFiles/Makefile2:137: CMakeFiles/diff_control.dir/all] Error 2
[3.043s] gmake: *** [Makefile:146: all] Error 2
[3.045s] Invoked command in '/home/future/Documents/pengyh/RobotAD_ws/build/diff_control' returned '2': CMAKE_PREFIX_PATH=${CMAKE_PREFIX_PATH}:/opt/ros/humble /usr/bin/cmake --build /home/future/Documents/pengyh/RobotAD_ws/build/diff_control -- -j24 -l24
