In file included from [01m[K/home/pengyh/documents/ros2_ws/RobotAD/src/nuscenes_data_collector/src/nuscenes_data_collector.cpp:1[m[K:
[01m[K/home/pengyh/documents/ros2_ws/RobotAD/src/nuscenes_data_collector/include/nuscenes_data_collector/nuscenes_data_collector.hpp:[m[K In member function â€˜[01m[Kvoid NuScenesDataCollector::initialize_sync_camera_subscriptions()[m[Kâ€™:
[01m[K/home/pengyh/documents/ros2_ws/RobotAD/src/nuscenes_data_collector/include/nuscenes_data_collector/nuscenes_data_collector.hpp:292:13:[m[K [01;31m[Kerror: [m[Kâ€˜[01m[Kimage_subs[m[Kâ€™ was not declared in this scope; did you mean â€˜[01m[Kimage_subs_[m[Kâ€™?
  292 |             [01;31m[Kimage_subs[m[K.push_back(image_sub);
      |             [01;31m[K^~~~~~~~~~[m[K
      |             [32m[Kimage_subs_[m[K
[01m[K/home/pengyh/documents/ros2_ws/RobotAD/src/nuscenes_data_collector/include/nuscenes_data_collector/nuscenes_data_collector.hpp:298:14:[m[K [01;31m[Kerror: [m[Kâ€˜[01m[Kimage_subs[m[Kâ€™ was not declared in this scope; did you mean â€˜[01m[Kimage_subs_[m[Kâ€™?
  298 |             *[01;31m[Kimage_subs[m[K[0],
      |              [01;31m[K^~~~~~~~~~[m[K
      |              [32m[Kimage_subs_[m[K
gmake[2]: *** [CMakeFiles/nuscenes_data_collector_node.dir/build.make:76: CMakeFiles/nuscenes_data_collector_node.dir/src/nuscenes_data_collector.cpp.o] Error 1
gmake[1]: *** [CMakeFiles/Makefile2:139: CMakeFiles/nuscenes_data_collector_node.dir/all] Error 2
gmake: *** [Makefile:146: all] Error 2
