[0.022s] Invoking command in '/home/pengyh/documents/ros2_ws/RobotAD/build/nuscenes_data_collector': CMAKE_PREFIX_PATH=${CMAKE_PREFIX_PATH}:/opt/ros/humble /usr/bin/cmake --build /home/pengyh/documents/ros2_ws/RobotAD/build/nuscenes_data_collector -- -j24 -l24
[0.063s] [35m[1mConsolidate compiler generated dependencies of target nuscenes_data_collector_node[0m
[0.078s] [ 50%] Built target nuscenes_data_collector_issac_node
[0.086s] [ 75%] [32mBuilding CXX object CMakeFiles/nuscenes_data_collector_node.dir/src/nuscenes_data_collector.cpp.o[0m
[3.753s] In file included from [01m[K/home/pengyh/documents/ros2_ws/RobotAD/src/nuscenes_data_collector/src/nuscenes_data_collector.cpp:1[m[K:
[3.753s] [01m[K/home/pengyh/documents/ros2_ws/RobotAD/src/nuscenes_data_collector/include/nuscenes_data_collector/nuscenes_data_collector.hpp:[m[K In member function â€˜[01m[Kvoid NuScenesDataCollector::initialize_sync_camera_subscriptions()[m[Kâ€™:
[3.753s] [01m[K/home/pengyh/documents/ros2_ws/RobotAD/src/nuscenes_data_collector/include/nuscenes_data_collector/nuscenes_data_collector.hpp:292:13:[m[K [01;31m[Kerror: [m[Kâ€˜[01m[Kimage_subs[m[Kâ€™ was not declared in this scope; did you mean â€˜[01m[Kimage_subs_[m[Kâ€™?
[3.753s]   292 |             [01;31m[Kimage_subs[m[K.push_back(image_sub);
[3.753s]       |             [01;31m[K^~~~~~~~~~[m[K
[3.754s]       |             [32m[Kimage_subs_[m[K
[3.793s] [01m[K/home/pengyh/documents/ros2_ws/RobotAD/src/nuscenes_data_collector/include/nuscenes_data_collector/nuscenes_data_collector.hpp:298:14:[m[K [01;31m[Kerror: [m[Kâ€˜[01m[Kimage_subs[m[Kâ€™ was not declared in this scope; did you mean â€˜[01m[Kimage_subs_[m[Kâ€™?
[3.793s]   298 |             *[01;31m[Kimage_subs[m[K[0],
[3.794s]       |              [01;31m[K^~~~~~~~~~[m[K
[3.794s]       |              [32m[Kimage_subs_[m[K
[7.373s] gmake[2]: *** [CMakeFiles/nuscenes_data_collector_node.dir/build.make:76: CMakeFiles/nuscenes_data_collector_node.dir/src/nuscenes_data_collector.cpp.o] Error 1
[7.373s] gmake[1]: *** [CMakeFiles/Makefile2:139: CMakeFiles/nuscenes_data_collector_node.dir/all] Error 2
[7.373s] gmake: *** [Makefile:146: all] Error 2
[7.375s] Invoked command in '/home/pengyh/documents/ros2_ws/RobotAD/build/nuscenes_data_collector' returned '2': CMAKE_PREFIX_PATH=${CMAKE_PREFIX_PATH}:/opt/ros/humble /usr/bin/cmake --build /home/pengyh/documents/ros2_ws/RobotAD/build/nuscenes_data_collector -- -j24 -l24
