[35m[1mConsolidate compiler generated dependencies of target nuscenes_data_collector_node[0m
[ 50%] Built target nuscenes_data_collector_issac_node
[ 75%] [32mBuilding CXX object CMakeFiles/nuscenes_data_collector_node.dir/src/nuscenes_data_collector.cpp.o[0m
In file included from [01m[K/home/pengyh/documents/ros2_ws/RobotAD/src/nuscenes_data_collector/src/nuscenes_data_collector.cpp:1[m[K:
[01m[K/home/pengyh/documents/ros2_ws/RobotAD/src/nuscenes_data_collector/include/nuscenes_data_collector/nuscenes_data_collector.hpp:[m[K In member function â€˜[01m[Kvoid NuScenesDataCollector::capture_image_callback()[m[Kâ€™:
[01m[K/home/pengyh/documents/ros2_ws/RobotAD/src/nuscenes_data_collector/include/nuscenes_data_collector/nuscenes_data_collector.hpp:299:39:[m[K [01;31m[Kerror: [m[Kredeclaration of â€˜[01m[Kstd::stringstream ss[m[Kâ€™
  299 |      std::stringstream [01;31m[Kss[m[K;
      |                        [01;31m[K^~[m[K

[01m[K/home/pengyh/documents/ros2_ws/RobotAD/src/nuscenes_data_collector/include/nuscenes_data_collector/nuscenes_data_collector.hpp:298:39:[m[K [01;36m[Knote: [m[Kâ€˜[01m[Kstd::stringstream ss[m[Kâ€™ previously declared here
  298 |      std::stringstream [01;36m[Kss[m[K;
      |                        [01;36m[K^~[m[K

gmake[2]: *** [CMakeFiles/nuscenes_data_collector_node.dir/build.make:76: CMakeFiles/nuscenes_data_collector_node.dir/src/nuscenes_data_collector.cpp.o] Error 1
gmake[1]: *** [CMakeFiles/Makefile2:139: CMakeFiles/nuscenes_data_collector_node.dir/all] Error 2
gmake: *** [Makefile:146: all] Error 2
