[0.010s] Invoking command in '/home/future/Documents/pengyh/RobotAD_ws/build/usb_camera': CMAKE_PREFIX_PATH=${CMAKE_PREFIX_PATH}:/home/future/Documents/Robot/nav_ws/install/show_urdf:/home/future/Documents/Robot/nav_ws/install/serial_bridge:/home/future/Documents/Robot/nav_ws/install/ros_tcp_endpoint:/home/future/Documents/Robot/nav_ws/install/remove_obstacle:/home/future/Documents/Robot/nav_ws/install/keyboard_control:/opt/ros/humble /usr/bin/cmake --build /home/future/Documents/pengyh/RobotAD_ws/build/usb_camera -- -j24 -l24
[0.050s] [35m[1mConsolidate compiler generated dependencies of target usb_camera_node[0m
[0.077s] [ 50%] [32mBuilding CXX object CMakeFiles/usb_camera_node.dir/src/usb_camera_node.cpp.o[0m
[2.090s] [01m[K/home/future/Documents/pengyh/RobotAD_ws/src/usb_camera/src/usb_camera_node.cpp:[m[K In constructor ‚Äò[01m[KUsbCameraNode::UsbCameraNode()[m[K‚Äô:
[2.090s] [01m[K/home/future/Documents/pengyh/RobotAD_ws/src/usb_camera/src/usb_camera_node.cpp:17:35:[m[K [01;31m[Kerror: [m[Kno matching function for call to ‚Äò[01m[Kusb_cam::UsbCam::init_device(const char [12])[m[K‚Äô
[2.090s]    17 |         if (![01;31m[Kusb_cam_->init_device("/dev/video0")[m[K)  // ÈªòËÆ§ËÆæÂ§á
[2.090s]       |              [01;31m[K~~~~~~~~~~~~~~~~~~~~~^~~~~~~~~~~~~~~[m[K
[2.090s] In file included from [01m[K/home/future/Documents/pengyh/RobotAD_ws/src/usb_camera/src/usb_camera_node.cpp:4[m[K:
[2.090s] [01m[K/opt/ros/humble/include/usb_cam/usb_cam.hpp:386:8:[m[K [01;36m[Knote: [m[Kcandidate: ‚Äò[01m[Kvoid usb_cam::UsbCam::init_device()[m[K‚Äô
[2.090s]   386 |   void [01;36m[Kinit_device[m[K();
[2.091s]       |        [01;36m[K^~~~~~~~~~~[m[K
[2.091s] [01m[K/opt/ros/humble/include/usb_cam/usb_cam.hpp:386:8:[m[K [01;36m[Knote: [m[K  candidate expects 0 arguments, 1 provided
[2.096s] [01m[K/home/future/Documents/pengyh/RobotAD_ws/src/usb_camera/src/usb_camera_node.cpp:[m[K In member function ‚Äò[01m[Kvoid UsbCameraNode::publish_image()[m[K‚Äô:
[2.096s] [01m[K/home/future/Documents/pengyh/RobotAD_ws/src/usb_camera/src/usb_camera_node.cpp:31:33:[m[K [01;31m[Kerror: [m[K‚Äò[01m[Kvoid usb_cam::UsbCam::grab_image()[m[K‚Äô is private within this context
[2.096s]    31 |         if ([01;31m[Kusb_cam_->grab_image()[m[K)  // ÊçïËé∑ÂõæÂÉè
[2.096s]       |             [01;31m[K~~~~~~~~~~~~~~~~~~~~^~[m[K
[2.096s] [01m[K/opt/ros/humble/include/usb_cam/usb_cam.hpp:389:8:[m[K [01;36m[Knote: [m[Kdeclared private here
[2.096s]   389 |   void [01;36m[Kgrab_image[m[K();
[2.096s]       |        [01;36m[K^~~~~~~~~~[m[K
[2.096s] [01m[K/home/future/Documents/pengyh/RobotAD_ws/src/usb_camera/src/usb_camera_node.cpp:31:33:[m[K [01;31m[Kerror: [m[Kcould not convert ‚Äò[01m[K((UsbCameraNode*)this)->UsbCameraNode::usb_cam_.std::unique_ptr<usb_cam::UsbCam>::operator->()->usb_cam::UsbCam::grab_image()[m[K‚Äô from ‚Äò[01m[Kvoid[m[K‚Äô to ‚Äò[01m[Kbool[m[K‚Äô
[2.096s]    31 |         if ([01;31m[Kusb_cam_->grab_image()[m[K)  // ÊçïËé∑ÂõæÂÉè
[2.096s]       |             [01;31m[K~~~~~~~~~~~~~~~~~~~~^~[m[K
[2.096s]       |                                 [01;31m[K|[m[K
[2.096s]       |                                 [01;31m[Kvoid[m[K
[2.097s] [01m[K/home/future/Documents/pengyh/RobotAD_ws/src/usb_camera/src/usb_camera_node.cpp:34:73:[m[K [01;31m[Kerror: [m[Kconversion from ‚Äò[01m[Kchar*[m[K‚Äô to non-scalar type ‚Äò[01m[Ksensor_msgs::msg::Image_<std::allocator<void> >::SharedPtr[m[K‚Äô {aka ‚Äò[01m[Kstd::shared_ptr<sensor_msgs::msg::Image_<std::allocator<void> > >[m[K‚Äô} requested
[2.097s]    34 |             sensor_msgs::msg::Image::SharedPtr msg = [01;31m[Kusb_cam_->get_image()[m[K;
[2.097s]       |                                                      [01;31m[K~~~~~~~~~~~~~~~~~~~^~[m[K
[2.627s] gmake[2]: *** [CMakeFiles/usb_camera_node.dir/build.make:76: CMakeFiles/usb_camera_node.dir/src/usb_camera_node.cpp.o] Error 1
[2.628s] gmake[1]: *** [CMakeFiles/Makefile2:137: CMakeFiles/usb_camera_node.dir/all] Error 2
[2.628s] gmake: *** [Makefile:146: all] Error 2
[2.630s] Invoked command in '/home/future/Documents/pengyh/RobotAD_ws/build/usb_camera' returned '2': CMAKE_PREFIX_PATH=${CMAKE_PREFIX_PATH}:/home/future/Documents/Robot/nav_ws/install/show_urdf:/home/future/Documents/Robot/nav_ws/install/serial_bridge:/home/future/Documents/Robot/nav_ws/install/ros_tcp_endpoint:/home/future/Documents/Robot/nav_ws/install/remove_obstacle:/home/future/Documents/Robot/nav_ws/install/keyboard_control:/opt/ros/humble /usr/bin/cmake --build /home/future/Documents/pengyh/RobotAD_ws/build/usb_camera -- -j24 -l24
