In file included from [01m[K/home/pengyh/documents/ros2_ws/RobotAD/src/nuscenes_data_collector/src/nuscenes_data_collector.cpp:1[m[K:
[01m[K/home/pengyh/documents/ros2_ws/RobotAD/src/nuscenes_data_collector/include/nuscenes_data_collector/nuscenes_data_collector.hpp:[m[K In constructor â€˜[01m[KNuScenesDataCollector::NuScenesDataCollector()[m[Kâ€™:
[01m[K/home/pengyh/documents/ros2_ws/RobotAD/src/nuscenes_data_collector/include/nuscenes_data_collector/nuscenes_data_collector.hpp:240:19:[m[K [01;31m[Kerror: [m[Kno matching function for call to â€˜[01m[KNuScenesDataCollector::scene_init()[m[Kâ€™
  240 |         [01;31m[Kscene_init()[m[K;
      |         [01;31m[K~~~~~~~~~~^~[m[K
[01m[K/home/pengyh/documents/ros2_ws/RobotAD/src/nuscenes_data_collector/include/nuscenes_data_collector/nuscenes_data_collector.hpp:706:10:[m[K [01;36m[Knote: [m[Kcandidate: â€˜[01m[Kvoid NuScenesDataCollector::scene_init(std::string)[m[Kâ€™
  706 |     void [01;36m[Kscene_init[m[K(std::string sample_token){
      |          [01;36m[K^~~~~~~~~~[m[K
[01m[K/home/pengyh/documents/ros2_ws/RobotAD/src/nuscenes_data_collector/include/nuscenes_data_collector/nuscenes_data_collector.hpp:706:10:[m[K [01;36m[Knote: [m[K  candidate expects 1 argument, 0 provided
gmake[2]: *** [CMakeFiles/nuscenes_data_collector_node.dir/build.make:76: CMakeFiles/nuscenes_data_collector_node.dir/src/nuscenes_data_collector.cpp.o] Error 1
gmake[1]: *** [CMakeFiles/Makefile2:139: CMakeFiles/nuscenes_data_collector_node.dir/all] Error 2
gmake: *** [Makefile:146: all] Error 2
