[0.023s] Invoking command in '/home/pengyh/documents/ros2_ws/RobotAD/build/nuscenes_data_collector': CMAKE_PREFIX_PATH=${CMAKE_PREFIX_PATH}:/opt/ros/humble /usr/bin/cmake --build /home/pengyh/documents/ros2_ws/RobotAD/build/nuscenes_data_collector -- -j24 -l24
[0.064s] [35m[1mConsolidate compiler generated dependencies of target nuscenes_data_collector_node[0m
[0.077s] [ 50%] Built target nuscenes_data_collector_issac_node
[0.092s] [ 75%] [32mBuilding CXX object CMakeFiles/nuscenes_data_collector_node.dir/src/nuscenes_data_collector.cpp.o[0m
[3.705s] In file included from [01m[K/home/pengyh/documents/ros2_ws/RobotAD/src/nuscenes_data_collector/src/nuscenes_data_collector.cpp:1[m[K:
[3.706s] [01m[K/home/pengyh/documents/ros2_ws/RobotAD/src/nuscenes_data_collector/include/nuscenes_data_collector/nuscenes_data_collector.hpp:[m[K In member function â€˜[01m[Kvoid NuScenesDataCollector::initialize_sync_camera_subscriptions()[m[Kâ€™:
[3.706s] [01m[K/home/pengyh/documents/ros2_ws/RobotAD/src/nuscenes_data_collector/include/nuscenes_data_collector/nuscenes_data_collector.hpp:298:9:[m[K [01;31m[Kerror: [m[Kâ€˜[01m[Kimage_subs[m[Kâ€™ was not declared in this scope; did you mean â€˜[01m[Kimage_subs_[m[Kâ€™?
[3.706s]   298 |     if ([01;31m[Kimage_subs[m[K.size() > 1) {
[3.706s]       |         [01;31m[K^~~~~~~~~~[m[K
[3.706s]       |         [32m[Kimage_subs_[m[K
[3.746s] [01m[K/home/pengyh/documents/ros2_ws/RobotAD/src/nuscenes_data_collector/include/nuscenes_data_collector/nuscenes_data_collector.hpp:308:9:[m[K [01;31m[Kerror: [m[Kâ€˜[01m[Ksync_[m[Kâ€™ was not declared in this scope; did you mean â€˜[01m[Ksync[m[Kâ€™?
[3.746s]   308 |         [01;31m[Ksync_[m[K = sync;
[3.746s]       |         [01;31m[K^~~~~[m[K
[3.746s]       |         [32m[Ksync[m[K
[3.746s] [01m[K/home/pengyh/documents/ros2_ws/RobotAD/src/nuscenes_data_collector/include/nuscenes_data_collector/nuscenes_data_collector.hpp:314:15:[m[K [01;31m[Kerror: [m[Krequest for member â€˜[01m[KsetMaxIntervalDuration[m[Kâ€™ in â€˜[01m[K* sync[m[Kâ€™, which is of non-class type â€˜[01m[Kvoid() noexcept[m[Kâ€™
[3.746s]   314 |         sync->[01;31m[KsetMaxIntervalDuration[m[K(std::chrono::milliseconds(500));
[3.746s]       |               [01;31m[K^~~~~~~~~~~~~~~~~~~~~~[m[K
[3.746s] [01m[K/home/pengyh/documents/ros2_ws/RobotAD/src/nuscenes_data_collector/include/nuscenes_data_collector/nuscenes_data_collector.hpp:317:15:[m[K [01;31m[Kerror: [m[Krequest for member â€˜[01m[KregisterCallback[m[Kâ€™ in â€˜[01m[K* sync[m[Kâ€™, which is of non-class type â€˜[01m[Kvoid() noexcept[m[Kâ€™
[3.746s]   317 |         sync->[01;31m[KregisterCallback[m[K(std::bind(&NuScenesDataCollector::synced_camera_callback,
[3.746s]       |               [01;31m[K^~~~~~~~~~~~~~~~[m[K
[3.750s] [01m[K/home/pengyh/documents/ros2_ws/RobotAD/src/nuscenes_data_collector/include/nuscenes_data_collector/nuscenes_data_collector.hpp:319:15:[m[K [01;31m[Kerror: [m[Krequest for member â€˜[01m[KregisterCallback[m[Kâ€™ in â€˜[01m[K* sync[m[Kâ€™, which is of non-class type â€˜[01m[Kvoid() noexcept[m[Kâ€™
[3.750s]   319 |         sync->[01;31m[KregisterCallback[m[K(std::bind(&NuScenesDataCollector::synced_camera_callback,
[3.750s]       |               [01;31m[K^~~~~~~~~~~~~~~~[m[K
[3.752s] [01m[K/home/pengyh/documents/ros2_ws/RobotAD/src/nuscenes_data_collector/include/nuscenes_data_collector/nuscenes_data_collector.hpp:321:15:[m[K [01;31m[Kerror: [m[Krequest for member â€˜[01m[KregisterCallback[m[Kâ€™ in â€˜[01m[K* sync[m[Kâ€™, which is of non-class type â€˜[01m[Kvoid() noexcept[m[Kâ€™
[3.752s]   321 |         sync->[01;31m[KregisterCallback[m[K(std::bind(&NuScenesDataCollector::synced_camera_callback,
[3.752s]       |               [01;31m[K^~~~~~~~~~~~~~~~[m[K
[3.755s] [01m[K/home/pengyh/documents/ros2_ws/RobotAD/src/nuscenes_data_collector/include/nuscenes_data_collector/nuscenes_data_collector.hpp:323:15:[m[K [01;31m[Kerror: [m[Krequest for member â€˜[01m[KregisterCallback[m[Kâ€™ in â€˜[01m[K* sync[m[Kâ€™, which is of non-class type â€˜[01m[Kvoid() noexcept[m[Kâ€™
[3.755s]   323 |         sync->[01;31m[KregisterCallback[m[K(std::bind(&NuScenesDataCollector::synced_camera_callback,
[3.755s]       |               [01;31m[K^~~~~~~~~~~~~~~~[m[K
[3.757s] [01m[K/home/pengyh/documents/ros2_ws/RobotAD/src/nuscenes_data_collector/include/nuscenes_data_collector/nuscenes_data_collector.hpp:325:15:[m[K [01;31m[Kerror: [m[Krequest for member â€˜[01m[KregisterCallback[m[Kâ€™ in â€˜[01m[K* sync[m[Kâ€™, which is of non-class type â€˜[01m[Kvoid() noexcept[m[Kâ€™
[3.758s]   325 |         sync->[01;31m[KregisterCallback[m[K(std::bind(&NuScenesDataCollector::synced_camera_callback,
[3.758s]       |               [01;31m[K^~~~~~~~~~~~~~~~[m[K
[3.760s] [01m[K/home/pengyh/documents/ros2_ws/RobotAD/src/nuscenes_data_collector/include/nuscenes_data_collector/nuscenes_data_collector.hpp:327:15:[m[K [01;31m[Kerror: [m[Krequest for member â€˜[01m[KregisterCallback[m[Kâ€™ in â€˜[01m[K* sync[m[Kâ€™, which is of non-class type â€˜[01m[Kvoid() noexcept[m[Kâ€™
[3.760s]   327 |         sync->[01;31m[KregisterCallback[m[K(std::bind(&NuScenesDataCollector::synced_camera_callback,
[3.760s]       |               [01;31m[K^~~~~~~~~~~~~~~~[m[K
[3.763s] [01m[K/home/pengyh/documents/ros2_ws/RobotAD/src/nuscenes_data_collector/include/nuscenes_data_collector/nuscenes_data_collector.hpp:334:33:[m[K [01;31m[Kerror: [m[Kno matching function for call to â€˜[01m[Kstd::vector<std::shared_ptr<void> >::push_back(void (&)() noexcept)[m[Kâ€™
[3.763s]   334 |    [01;31m[Ksynchronizers_.push_back(sync)[m[K;
[3.763s]       |    [01;31m[K~~~~~~~~~~~~~~~~~~~~~~~~^~~~~~[m[K
[3.763s] 
[3.763s] In file included from [01m[K/usr/include/c++/11/vector:67[m[K,
[3.763s]                  from [01m[K/usr/include/c++/11/functional:62[m[K,
[3.763s]                  from [01m[K/usr/include/c++/11/pstl/glue_algorithm_defs.h:13[m[K,
[3.763s]                  from [01m[K/usr/include/c++/11/algorithm:74[m[K,
[3.763s]                  from [01m[K/opt/ros/humble/include/rclcpp/rclcpp/executor.hpp:18[m[K,
[3.763s]                  from [01m[K/opt/ros/humble/include/rclcpp/rclcpp/executors/multi_threaded_executor.hpp:25[m[K,
[3.763s]                  from [01m[K/opt/ros/humble/include/rclcpp/rclcpp/executors.hpp:21[m[K,
[3.763s]                  from [01m[K/opt/ros/humble/include/rclcpp/rclcpp/rclcpp.hpp:155[m[K,
[3.763s]                  from [01m[K/home/pengyh/documents/ros2_ws/RobotAD/src/nuscenes_data_collector/include/nuscenes_data_collector/nuscenes_data_collector.hpp:4[m[K,
[3.763s]                  from [01m[K/home/pengyh/documents/ros2_ws/RobotAD/src/nuscenes_data_collector/src/nuscenes_data_collector.cpp:1[m[K:
[3.763s] [01m[K/usr/include/c++/11/bits/stl_vector.h:1187:7:[m[K [01;36m[Knote: [m[Kcandidate: â€˜[01m[Kvoid std::vector<_Tp, _Alloc>::push_back(const value_type&) [with _Tp = std::shared_ptr<void>; _Alloc = std::allocator<std::shared_ptr<void> >; std::vector<_Tp, _Alloc>::value_type = std::shared_ptr<void>][m[Kâ€™
[3.763s]  1187 |       [01;36m[Kpush_back[m[K(const value_type& __x)
[3.763s]       |       [01;36m[K^~~~~~~~~[m[K
[3.763s] [01m[K/usr/include/c++/11/bits/stl_vector.h:1187:35:[m[K [01;36m[Knote: [m[K  no known conversion for argument 1 from â€˜[01m[Kvoid() noexcept[m[Kâ€™ to â€˜[01m[Kconst value_type&[m[Kâ€™ {aka â€˜[01m[Kconst std::shared_ptr<void>&[m[Kâ€™}
[3.763s]  1187 |   push_back([01;36m[Kconst value_type& __x[m[K)
[3.763s]       |             [01;36m[K~~~~~~~~~~~~~~~~~~^~~[m[K
[3.763s] 
[3.763s] [01m[K/usr/include/c++/11/bits/stl_vector.h:1203:7:[m[K [01;36m[Knote: [m[Kcandidate: â€˜[01m[Kvoid std::vector<_Tp, _Alloc>::push_back(std::vector<_Tp, _Alloc>::value_type&&) [with _Tp = std::shared_ptr<void>; _Alloc = std::allocator<std::shared_ptr<void> >; std::vector<_Tp, _Alloc>::value_type = std::shared_ptr<void>][m[Kâ€™
[3.764s]  1203 |       [01;36m[Kpush_back[m[K(value_type&& __x)
[3.764s]       |       [01;36m[K^~~~~~~~~[m[K
[3.764s] [01m[K/usr/include/c++/11/bits/stl_vector.h:1203:30:[m[K [01;36m[Knote: [m[K  no known conversion for argument 1 from â€˜[01m[Kvoid() noexcept[m[Kâ€™ to â€˜[01m[Kstd::vector<std::shared_ptr<void> >::value_type&&[m[Kâ€™ {aka â€˜[01m[Kstd::shared_ptr<void>&&[m[Kâ€™}
[3.764s]  1203 |       push_back([01;36m[Kvalue_type&& __x[m[K)
[3.764s]       |                 [01;36m[K~~~~~~~~~~~~~^~~[m[K
[8.114s] gmake[2]: *** [CMakeFiles/nuscenes_data_collector_node.dir/build.make:76: CMakeFiles/nuscenes_data_collector_node.dir/src/nuscenes_data_collector.cpp.o] Error 1
[8.115s] gmake[1]: *** [CMakeFiles/Makefile2:139: CMakeFiles/nuscenes_data_collector_node.dir/all] Error 2
[8.115s] gmake: *** [Makefile:146: all] Error 2
[8.117s] Invoked command in '/home/pengyh/documents/ros2_ws/RobotAD/build/nuscenes_data_collector' returned '2': CMAKE_PREFIX_PATH=${CMAKE_PREFIX_PATH}:/opt/ros/humble /usr/bin/cmake --build /home/pengyh/documents/ros2_ws/RobotAD/build/nuscenes_data_collector -- -j24 -l24
