[0.015s] Invoking command in '/home/future/Documents/pengyh/RobotAD_ws/build/usb_camera': CMAKE_PREFIX_PATH=${CMAKE_PREFIX_PATH}:/home/future/Documents/Robot/nav_ws/install/show_urdf:/home/future/Documents/Robot/nav_ws/install/serial_bridge:/home/future/Documents/Robot/nav_ws/install/ros_tcp_endpoint:/home/future/Documents/Robot/nav_ws/install/remove_obstacle:/home/future/Documents/Robot/nav_ws/install/keyboard_control:/opt/ros/humble /usr/bin/cmake --build /home/future/Documents/pengyh/RobotAD_ws/build/usb_camera -- -j24 -l24
[0.052s] [35m[1mConsolidate compiler generated dependencies of target usb_camera_node[0m
[0.067s] [ 50%] [32mBuilding CXX object CMakeFiles/usb_camera_node.dir/src/usb_camera_node.cpp.o[0m
[2.433s] [01m[K/home/future/Documents/pengyh/RobotAD_ws/src/usb_camera/src/usb_camera_node.cpp:[m[K In constructor ‚Äò[01m[KUsbCameraNode::UsbCameraNode()[m[K‚Äô:
[2.433s] [01m[K/home/future/Documents/pengyh/RobotAD_ws/src/usb_camera/src/usb_camera_node.cpp:17:24:[m[K [01;31m[Kerror: [m[K‚Äò[01m[Kclass usb_cam::UsbCam[m[K‚Äô has no member named ‚Äò[01m[Kstart_device[m[K‚Äô; did you mean ‚Äò[01m[Kinit_device[m[K‚Äô?
[2.433s]    17 |         if (!usb_cam_->[01;31m[Kstart_device[m[K("/dev/video0"))  // ÈªòËÆ§ËÆæÂ§á
[2.433s]       |                        [01;31m[K^~~~~~~~~~~~[m[K
[2.433s]       |                        [32m[Kinit_device[m[K
[2.441s] [01m[K/home/future/Documents/pengyh/RobotAD_ws/src/usb_camera/src/usb_camera_node.cpp:[m[K In member function ‚Äò[01m[Kvoid UsbCameraNode::publish_image()[m[K‚Äô:
[2.441s] [01m[K/home/future/Documents/pengyh/RobotAD_ws/src/usb_camera/src/usb_camera_node.cpp:31:33:[m[K [01;31m[Kerror: [m[K‚Äò[01m[Kvoid usb_cam::UsbCam::grab_image()[m[K‚Äô is private within this context
[2.441s]    31 |         if ([01;31m[Kusb_cam_->grab_image()[m[K)  // ÊçïËé∑ÂõæÂÉè
[2.441s]       |             [01;31m[K~~~~~~~~~~~~~~~~~~~~^~[m[K
[2.441s] In file included from [01m[K/home/future/Documents/pengyh/RobotAD_ws/src/usb_camera/src/usb_camera_node.cpp:4[m[K:
[2.441s] [01m[K/opt/ros/humble/include/usb_cam/usb_cam.hpp:389:8:[m[K [01;36m[Knote: [m[Kdeclared private here
[2.441s]   389 |   void [01;36m[Kgrab_image[m[K();
[2.441s]       |        [01;36m[K^~~~~~~~~~[m[K
[2.441s] [01m[K/home/future/Documents/pengyh/RobotAD_ws/src/usb_camera/src/usb_camera_node.cpp:31:33:[m[K [01;31m[Kerror: [m[Kcould not convert ‚Äò[01m[K((UsbCameraNode*)this)->UsbCameraNode::usb_cam_.std::unique_ptr<usb_cam::UsbCam>::operator->()->usb_cam::UsbCam::grab_image()[m[K‚Äô from ‚Äò[01m[Kvoid[m[K‚Äô to ‚Äò[01m[Kbool[m[K‚Äô
[2.441s]    31 |         if ([01;31m[Kusb_cam_->grab_image()[m[K)  // ÊçïËé∑ÂõæÂÉè
[2.441s]       |             [01;31m[K~~~~~~~~~~~~~~~~~~~~^~[m[K
[2.441s]       |                                 [01;31m[K|[m[K
[2.441s]       |                                 [01;31m[Kvoid[m[K
[2.442s] [01m[K/home/future/Documents/pengyh/RobotAD_ws/src/usb_camera/src/usb_camera_node.cpp:34:73:[m[K [01;31m[Kerror: [m[Kconversion from ‚Äò[01m[Kchar*[m[K‚Äô to non-scalar type ‚Äò[01m[Ksensor_msgs::msg::Image_<std::allocator<void> >::SharedPtr[m[K‚Äô {aka ‚Äò[01m[Kstd::shared_ptr<sensor_msgs::msg::Image_<std::allocator<void> > >[m[K‚Äô} requested
[2.442s]    34 |             sensor_msgs::msg::Image::SharedPtr msg = [01;31m[Kusb_cam_->get_image()[m[K;
[2.442s]       |                                                      [01;31m[K~~~~~~~~~~~~~~~~~~~^~[m[K
[2.940s] gmake[2]: *** [CMakeFiles/usb_camera_node.dir/build.make:76: CMakeFiles/usb_camera_node.dir/src/usb_camera_node.cpp.o] Error 1
[2.940s] gmake[1]: *** [CMakeFiles/Makefile2:137: CMakeFiles/usb_camera_node.dir/all] Error 2
[2.941s] gmake: *** [Makefile:146: all] Error 2
[2.942s] Invoked command in '/home/future/Documents/pengyh/RobotAD_ws/build/usb_camera' returned '2': CMAKE_PREFIX_PATH=${CMAKE_PREFIX_PATH}:/home/future/Documents/Robot/nav_ws/install/show_urdf:/home/future/Documents/Robot/nav_ws/install/serial_bridge:/home/future/Documents/Robot/nav_ws/install/ros_tcp_endpoint:/home/future/Documents/Robot/nav_ws/install/remove_obstacle:/home/future/Documents/Robot/nav_ws/install/keyboard_control:/opt/ros/humble /usr/bin/cmake --build /home/future/Documents/pengyh/RobotAD_ws/build/usb_camera -- -j24 -l24
