[0.030s] Invoking command in '/home/future/Documents/pengyh/RobotAD_ws/build/diff_control': CMAKE_PREFIX_PATH=${CMAKE_PREFIX_PATH}:/opt/ros/humble /usr/bin/cmake --build /home/future/Documents/pengyh/RobotAD_ws/build/diff_control -- -j24 -l24
[0.072s] [35m[1mConsolidate compiler generated dependencies of target diff_control[0m
[0.093s] [ 50%] [32mBuilding CXX object CMakeFiles/diff_control.dir/hardware/diffbot_system.cpp.o[0m
[2.544s] In file included from [01m[K/home/future/Documents/pengyh/RobotAD_ws/src/diff_control/hardware/include/diff_control/diffbot_system.hpp:36[m[K,
[2.544s]                  from [01m[K/home/future/Documents/pengyh/RobotAD_ws/src/diff_control/hardware/diffbot_system.cpp:15[m[K:
[2.544s] [01m[K/home/future/Documents/pengyh/RobotAD_ws/src/diff_control/hardware/include/diff_control/wheel.hpp:[m[K In member function â€˜[01m[Kvoid Wheel::setup(const std::string&, double)[m[Kâ€™:
[2.544s] [01m[K/home/future/Documents/pengyh/RobotAD_ws/src/diff_control/hardware/include/diff_control/wheel.hpp:57:25:[m[K [01;31m[Kerror: [m[Kno match for call to â€˜[01m[K(rclcpp::Time) (rclcpp::Time)[m[Kâ€™
[2.544s]    57 | [01;31m[K_update_time(rclcpp::Clock().now())[m[K;
[2.544s]       | [01;31m[K~~~~~~~~~~~~^~~~~~~~~~~~~~~~~~~~~~~[m[K
[2.544s] 
[5.263s] gmake[2]: *** [CMakeFiles/diff_control.dir/build.make:76: CMakeFiles/diff_control.dir/hardware/diffbot_system.cpp.o] Error 1
[5.263s] gmake[1]: *** [CMakeFiles/Makefile2:137: CMakeFiles/diff_control.dir/all] Error 2
[5.263s] gmake: *** [Makefile:146: all] Error 2
[5.266s] Invoked command in '/home/future/Documents/pengyh/RobotAD_ws/build/diff_control' returned '2': CMAKE_PREFIX_PATH=${CMAKE_PREFIX_PATH}:/opt/ros/humble /usr/bin/cmake --build /home/future/Documents/pengyh/RobotAD_ws/build/diff_control -- -j24 -l24
