[  3%] Built target robot_hardware__cpp
[ 12%] Built target robot_hardware__rosidl_generator_c
[ 12%] Built target ament_cmake_python_symlink_robot_hardware
[ 21%] Built target robot_hardware__rosidl_typesupport_introspection_c
[ 30%] Built target robot_hardware__rosidl_typesupport_c
[ 39%] Built target robot_hardware__rosidl_typesupport_fastrtps_cpp
[ 48%] Built target robot_hardware__rosidl_typesupport_cpp
[ 57%] Built target robot_hardware__rosidl_typesupport_fastrtps_c
[ 66%] Built target robot_hardware__rosidl_typesupport_introspection_cpp
[35m[1mConsolidate compiler generated dependencies of target hardware_manager[0m
[ 66%] Built target robot_hardware
[ 69%] [32mBuilding CXX object CMakeFiles/hardware_manager.dir/src/hardware_manager.cpp.o[0m
[ 72%] Built target robot_hardware__py
[ 78%] Built target robot_hardware__rosidl_generator_py
[ 84%] Built target robot_hardware__rosidl_typesupport_introspection_c__pyext
[ 90%] Built target robot_hardware__rosidl_typesupport_c__pyext
[ 96%] Built target robot_hardware__rosidl_typesupport_fastrtps_c__pyext
[01m[K/home/future/Documents/pengyh/RobotAD_ws/src/robot_hardware/src/hardware_manager.cpp:106:10:[m[K [01;31m[Kfatal error: [m[Khardware_interface/system_interface.hpp: No such file or directory
  106 | #include [01;31m[K<hardware_interface/system_interface.hpp>[m[K
      |          [01;31m[K^~~~~~~~~~~~~~~~~~~~~~~~~~~~~~~~~~~~~~~~~[m[K
compilation terminated.
gmake[2]: *** [CMakeFiles/hardware_manager.dir/build.make:76: CMakeFiles/hardware_manager.dir/src/hardware_manager.cpp.o] Error 1
gmake[1]: *** [CMakeFiles/Makefile2:593: CMakeFiles/hardware_manager.dir/all] Error 2
gmake[1]: *** Waiting for unfinished jobs....
running egg_info
writing robot_hardware.egg-info/PKG-INFO
writing dependency_links to robot_hardware.egg-info/dependency_links.txt
writing top-level names to robot_hardware.egg-info/top_level.txt
reading manifest file 'robot_hardware.egg-info/SOURCES.txt'
writing manifest file 'robot_hardware.egg-info/SOURCES.txt'
[ 96%] Built target ament_cmake_python_build_robot_hardware_egg
gmake: *** [Makefile:146: all] Error 2
