[0.040s] Invoking command in '/home/pengyh/documents/ros2_ws/RobotAD/build/robot_locate': CMAKE_PREFIX_PATH=${CMAKE_PREFIX_PATH}:/opt/ros/humble CONDA_PROMPT_MODIFIER=(base) /usr/bin/cmake --build /home/pengyh/documents/ros2_ws/RobotAD/build/robot_locate -- -j24 -l24
[0.072s] -- Found ament_cmake: 1.3.11 (/opt/ros/humble/share/ament_cmake/cmake)
[0.282s] Traceback (most recent call last):
[0.282s]   File "/opt/ros/humble/share/ament_cmake_core/cmake/package_templates/templates_2_cmake.py", line 21, in <module>
[0.282s]     from ament_package.templates import get_environment_hook_template_path
[0.282s] ModuleNotFoundError: No module named 'ament_package'
[0.294s] [31mCMake Error at /opt/ros/humble/share/ament_cmake_core/cmake/ament_cmake_package_templates-extras.cmake:41 (message):
[0.294s]   execute_process(/usr/bin/python3
[0.294s]   /opt/ros/humble/share/ament_cmake_core/cmake/package_templates/templates_2_cmake.py
[0.294s]   /home/pengyh/documents/ros2_ws/RobotAD/build/robot_locate/ament_cmake_package_templates/templates.cmake)
[0.294s]   returned error code 1
[0.294s] Call Stack (most recent call first):
[0.294s]   /opt/ros/humble/share/ament_cmake_core/cmake/ament_cmake_coreConfig.cmake:41 (include)
[0.294s]   /opt/ros/humble/share/ament_cmake/cmake/ament_cmake_export_dependencies-extras.cmake:15 (find_package)
[0.294s]   /opt/ros/humble/share/ament_cmake/cmake/ament_cmakeConfig.cmake:41 (include)
[0.294s]   CMakeLists.txt:9 (find_package)
[0.295s] 
[0.295s] [0m
[0.295s] -- Configuring incomplete, errors occurred!
[0.295s] See also "/home/pengyh/documents/ros2_ws/RobotAD/build/robot_locate/CMakeFiles/CMakeOutput.log".
[0.299s] gmake: *** [Makefile:226: cmake_check_build_system] Error 1
[0.306s] Invoked command in '/home/pengyh/documents/ros2_ws/RobotAD/build/robot_locate' returned '2': CMAKE_PREFIX_PATH=${CMAKE_PREFIX_PATH}:/opt/ros/humble CONDA_PROMPT_MODIFIER=(base) /usr/bin/cmake --build /home/pengyh/documents/ros2_ws/RobotAD/build/robot_locate -- -j24 -l24
