[35m[1mConsolidate compiler generated dependencies of target usb_camera_node[0m
[ 50%] [32mBuilding CXX object CMakeFiles/usb_camera_node.dir/src/usb_camera_node.cpp.o[0m
In file included from [01m[K/home/pengyh/documents/ros2_ws/RobotAD/src/usb_camera/src/usb_camera_node.cpp:1[m[K:
[01m[K/home/pengyh/documents/ros2_ws/RobotAD/src/usb_camera/include/usb_camera/usb_camera.hpp:5:10:[m[K [01;31m[Kfatal error: [m[Kopencv2/cudaimgproc.hpp: No such file or directory
    5 | #include [01;31m[K<opencv2/cudaimgproc.hpp>[m[K // CUDA ÂõæÂÉèÂ§ÑÁêÜ
      |          [01;31m[K^~~~~~~~~~~~~~~~~~~~~~~~~[m[K
compilation terminated.
gmake[2]: *** [CMakeFiles/usb_camera_node.dir/build.make:76: CMakeFiles/usb_camera_node.dir/src/usb_camera_node.cpp.o] Error 1
gmake[1]: *** [CMakeFiles/Makefile2:137: CMakeFiles/usb_camera_node.dir/all] Error 2
gmake: *** [Makefile:146: all] Error 2
