[01m[K/home/future/Documents/pengyh/RobotAD_ws/src/usb_camera/src/usb_camera_node.cpp:[m[K In constructor â€˜[01m[KUsbCameraNode::UsbCameraNode()[m[Kâ€™:
[01m[K/home/future/Documents/pengyh/RobotAD_ws/src/usb_camera/src/usb_camera_node.cpp:12:48:[m[K [01;31m[Kerror: [m[Kno matching function for call to â€˜[01m[Kimage_transport::ImageTransport::ImageTransport(UsbCameraNode*)[m[Kâ€™
   12 |         image_transport::ImageTransport it(this[01;31m[K)[m[K;
      |                                                [01;31m[K^[m[K
In file included from [01m[K/home/future/Documents/pengyh/RobotAD_ws/src/usb_camera/src/usb_camera_node.cpp:3[m[K:
[01m[K/opt/ros/humble/include/image_transport/image_transport/image_transport.hpp:111:12:[m[K [01;36m[Knote: [m[Kcandidate: â€˜[01m[Kimage_transport::ImageTransport::ImageTransport(rclcpp::Node::SharedPtr)[m[Kâ€™
  111 |   explicit [01;36m[KImageTransport[m[K(rclcpp::Node::SharedPtr node);
      |            [01;36m[K^~~~~~~~~~~~~~[m[K
[01m[K/opt/ros/humble/include/image_transport/image_transport/image_transport.hpp:111:51:[m[K [01;36m[Knote: [m[K  no known conversion for argument 1 from â€˜[01m[KUsbCameraNode*[m[Kâ€™ to â€˜[01m[Krclcpp::Node::SharedPtr[m[Kâ€™ {aka â€˜[01m[Kstd::shared_ptr<rclcpp::Node>[m[Kâ€™}
  111 |   explicit ImageTransport([01;36m[Krclcpp::Node::SharedPtr node[m[K);
      |                           [01;36m[K~~~~~~~~~~~~~~~~~~~~~~~~^~~~[m[K
[01m[K/home/future/Documents/pengyh/RobotAD_ws/src/usb_camera/src/usb_camera_node.cpp:[m[K In member function â€˜[01m[Kvoid UsbCameraNode::publish_image()[m[Kâ€™:
[01m[K/home/future/Documents/pengyh/RobotAD_ws/src/usb_camera/src/usb_camera_node.cpp:35:54:[m[K [01;31m[Kerror: [m[Kâ€˜[01m[Kcv_bridge[m[Kâ€™ has not been declared
   35 |             sensor_msgs::msg::Image::SharedPtr msg = [01;31m[Kcv_bridge[m[K::CvImage(std_msgs::msg::Header(), "bgr8", frame).toImageMsg();
      |                                                      [01;31m[K^~~~~~~~~[m[K
gmake[2]: *** [CMakeFiles/usb_camera_node.dir/build.make:76: CMakeFiles/usb_camera_node.dir/src/usb_camera_node.cpp.o] Error 1
gmake[1]: *** [CMakeFiles/Makefile2:137: CMakeFiles/usb_camera_node.dir/all] Error 2
gmake: *** [Makefile:146: all] Error 2
