[0.009s] Invoking command in '/home/future/Documents/pengyh/RobotAD_ws/build/usb_camera': CMAKE_PREFIX_PATH=${CMAKE_PREFIX_PATH}:/home/future/Documents/Robot/nav_ws/install/show_urdf:/home/future/Documents/Robot/nav_ws/install/serial_bridge:/home/future/Documents/Robot/nav_ws/install/ros_tcp_endpoint:/home/future/Documents/Robot/nav_ws/install/remove_obstacle:/home/future/Documents/Robot/nav_ws/install/keyboard_control:/opt/ros/humble /usr/bin/cmake --build /home/future/Documents/pengyh/RobotAD_ws/build/usb_camera -- -j24 -l24
[0.040s] -- Found ament_cmake: 1.3.10 (/opt/ros/humble/share/ament_cmake/cmake)
[0.242s] -- Override CMake install command with custom implementation using symlinks instead of copying resources
[0.247s] -- Found rclcpp: 16.0.10 (/opt/ros/humble/share/rclcpp/cmake)
[0.265s] -- Found rosidl_generator_c: 3.1.5 (/opt/ros/humble/share/rosidl_generator_c/cmake)
[0.266s] -- Found rosidl_adapter: 3.1.5 (/opt/ros/humble/share/rosidl_adapter/cmake)
[0.269s] -- Found rosidl_generator_cpp: 3.1.5 (/opt/ros/humble/share/rosidl_generator_cpp/cmake)
[0.275s] -- Using all available rosidl_typesupport_c: rosidl_typesupport_fastrtps_c;rosidl_typesupport_introspection_c
[0.284s] -- Using all available rosidl_typesupport_cpp: rosidl_typesupport_fastrtps_cpp;rosidl_typesupport_introspection_cpp
[0.304s] -- Found rmw_implementation_cmake: 6.1.2 (/opt/ros/humble/share/rmw_implementation_cmake/cmake)
[0.305s] -- Found rmw_fastrtps_cpp: 6.2.7 (/opt/ros/humble/share/rmw_fastrtps_cpp/cmake)
[0.390s] -- Using RMW implementation 'rmw_fastrtps_cpp' as default
[0.428s] -- Found sensor_msgs: 4.2.4 (/opt/ros/humble/share/sensor_msgs/cmake)
[0.444s] -- Found image_transport: 3.1.9 (/opt/ros/humble/share/image_transport/cmake)
[0.462s] -- Found OpenCV: /usr (found version "4.5.4") 
[0.514s] -- Configuring done
[0.523s] -- Generating done
[0.523s] -- Build files have been written to: /home/future/Documents/pengyh/RobotAD_ws/build/usb_camera
[0.559s] [ 50%] [32mBuilding CXX object CMakeFiles/usb_camera_node.dir/src/usb_camera_node.cpp.o[0m
[2.628s] [01m[K/home/future/Documents/pengyh/RobotAD_ws/src/usb_camera/src/usb_camera_node.cpp:[m[K In constructor â€˜[01m[KUsbCameraNode::UsbCameraNode()[m[Kâ€™:
[2.628s] [01m[K/home/future/Documents/pengyh/RobotAD_ws/src/usb_camera/src/usb_camera_node.cpp:12:48:[m[K [01;31m[Kerror: [m[Kno matching function for call to â€˜[01m[Kimage_transport::ImageTransport::ImageTransport(UsbCameraNode*)[m[Kâ€™
[2.628s]    12 |         image_transport::ImageTransport it(this[01;31m[K)[m[K;
[2.628s]       |                                                [01;31m[K^[m[K
[2.628s] In file included from [01m[K/home/future/Documents/pengyh/RobotAD_ws/src/usb_camera/src/usb_camera_node.cpp:3[m[K:
[2.628s] [01m[K/opt/ros/humble/include/image_transport/image_transport/image_transport.hpp:111:12:[m[K [01;36m[Knote: [m[Kcandidate: â€˜[01m[Kimage_transport::ImageTransport::ImageTransport(rclcpp::Node::SharedPtr)[m[Kâ€™
[2.628s]   111 |   explicit [01;36m[KImageTransport[m[K(rclcpp::Node::SharedPtr node);
[2.628s]       |            [01;36m[K^~~~~~~~~~~~~~[m[K
[2.628s] [01m[K/opt/ros/humble/include/image_transport/image_transport/image_transport.hpp:111:51:[m[K [01;36m[Knote: [m[K  no known conversion for argument 1 from â€˜[01m[KUsbCameraNode*[m[Kâ€™ to â€˜[01m[Krclcpp::Node::SharedPtr[m[Kâ€™ {aka â€˜[01m[Kstd::shared_ptr<rclcpp::Node>[m[Kâ€™}
[2.628s]   111 |   explicit ImageTransport([01;36m[Krclcpp::Node::SharedPtr node[m[K);
[2.628s]       |                           [01;36m[K~~~~~~~~~~~~~~~~~~~~~~~~^~~~[m[K
[2.638s] [01m[K/home/future/Documents/pengyh/RobotAD_ws/src/usb_camera/src/usb_camera_node.cpp:[m[K In member function â€˜[01m[Kvoid UsbCameraNode::publish_image()[m[Kâ€™:
[2.639s] [01m[K/home/future/Documents/pengyh/RobotAD_ws/src/usb_camera/src/usb_camera_node.cpp:35:54:[m[K [01;31m[Kerror: [m[Kâ€˜[01m[Kcv_bridge[m[Kâ€™ has not been declared
[2.639s]    35 |             sensor_msgs::msg::Image::SharedPtr msg = [01;31m[Kcv_bridge[m[K::CvImage(std_msgs::msg::Header(), "bgr8", frame).toImageMsg();
[2.639s]       |                                                      [01;31m[K^~~~~~~~~[m[K
[3.222s] gmake[2]: *** [CMakeFiles/usb_camera_node.dir/build.make:76: CMakeFiles/usb_camera_node.dir/src/usb_camera_node.cpp.o] Error 1
[3.222s] gmake[1]: *** [CMakeFiles/Makefile2:137: CMakeFiles/usb_camera_node.dir/all] Error 2
[3.222s] gmake: *** [Makefile:146: all] Error 2
[3.225s] Invoked command in '/home/future/Documents/pengyh/RobotAD_ws/build/usb_camera' returned '2': CMAKE_PREFIX_PATH=${CMAKE_PREFIX_PATH}:/home/future/Documents/Robot/nav_ws/install/show_urdf:/home/future/Documents/Robot/nav_ws/install/serial_bridge:/home/future/Documents/Robot/nav_ws/install/ros_tcp_endpoint:/home/future/Documents/Robot/nav_ws/install/remove_obstacle:/home/future/Documents/Robot/nav_ws/install/keyboard_control:/opt/ros/humble /usr/bin/cmake --build /home/future/Documents/pengyh/RobotAD_ws/build/usb_camera -- -j24 -l24
