[35m[1mConsolidate compiler generated dependencies of target nuscenes_data_collector_node[0m
[ 50%] Built target nuscenes_data_collector_issac_node
[ 75%] [32mBuilding CXX object CMakeFiles/nuscenes_data_collector_node.dir/src/nuscenes_data_collector.cpp.o[0m
In file included from [01m[K/home/pengyh/documents/ros2_ws/RobotAD/src/nuscenes_data_collector/src/nuscenes_data_collector.cpp:1[m[K:
[01m[K/home/pengyh/documents/ros2_ws/RobotAD/src/nuscenes_data_collector/include/nuscenes_data_collector/nuscenes_data_collector.hpp:1155:34:[m[K [01;31m[Kerror: [m[Kexpected â€˜[01m[K;[m[Kâ€™ at end of member declaration
 1155 | ::TimerBase::SharedPtr [01;31m[Kcapture_image_timer_[m[K
      |                        [01;31m[K^~~~~~~~~~~~~~~~~~~~[m[K
      |                                            [32m[K;[m[K
[01m[K/home/pengyh/documents/ros2_ws/RobotAD/src/nuscenes_data_collector/include/nuscenes_data_collector/nuscenes_data_collector.hpp:[m[K In member function â€˜[01m[Kvoid NuScenesDataCollector::check_async_task_status()[m[Kâ€™:
[01m[K/home/pengyh/documents/ros2_ws/RobotAD/src/nuscenes_data_collector/include/nuscenes_data_collector/nuscenes_data_collector.hpp:295:28:[m[K [01;31m[Kerror: [m[Kâ€˜[01m[Kstruct std::pair<const std::__cxx11::basic_string<char>, std::future<void> >[m[Kâ€™ has no member named â€˜[01m[Kwait_for[m[Kâ€™
  295 |             if (future.[01;31m[Kwait_for[m[K(std::chrono::milliseconds(0)) != std::future_status::ready)
      |                        [01;31m[K^~~~~~~~[m[K

[01m[K/home/pengyh/documents/ros2_ws/RobotAD/src/nuscenes_data_collector/include/nuscenes_data_collector/nuscenes_data_collector.hpp:313:46:[m[K [01;31m[Kerror: [m[Kâ€˜[01m[Kfutures_mutex_[m[Kâ€™ was not declared in this scope
  313 | guard<std::mutex> lock([01;31m[Kfutures_mutex_[m[K);
      |                        [01;31m[K^~~~~~~~~~~~~~[m[K

gmake[2]: *** [CMakeFiles/nuscenes_data_collector_node.dir/build.make:76: CMakeFiles/nuscenes_data_collector_node.dir/src/nuscenes_data_collector.cpp.o] Error 1
gmake[1]: *** [CMakeFiles/Makefile2:139: CMakeFiles/nuscenes_data_collector_node.dir/all] Error 2
gmake: *** [Makefile:146: all] Error 2
