[0.024s] Invoking command in '/home/pengyh/documents/ros2_ws/RobotAD/build/keyboard_control': CMAKE_PREFIX_PATH=/home/pengyh/documents/ros2_ws/RobotAD/install/robot_hardware:/home/pengyh/documents/ros2_ws/RobotAD/install/usb_camera:/home/pengyh/documents/ros2_ws/RobotAD/install/serial_comm:/home/pengyh/documents/ros2_ws/RobotAD/install/rslidar_sdk:/home/pengyh/documents/ros2_ws/RobotAD/install/rslidar_msg:/home/pengyh/documents/ros2_ws/RobotAD/install/robot_locate:/home/pengyh/documents/ros2_ws/RobotAD/install/pointcloud_to_laserscan:/home/pengyh/documents/ros2_ws/RobotAD/install/nuscenes_data_collector:/home/pengyh/documents/ros2_ws/RobotAD/install/miiboo_imu:/home/pengyh/documents/ros2_ws/RobotAD/install/keyboard_control:/home/pengyh/documents/ros2_ws/RobotAD/install/diff_control:/opt/ros/humble LD_LIBRARY_PATH=/home/pengyh/documents/ros2_ws/RobotAD/install/robot_hardware/lib:/home/pengyh/documents/ros2_ws/RobotAD/install/rslidar_msg/lib:/home/pengyh/documents/ros2_ws/RobotAD/install/pointcloud_to_laserscan/lib:/home/pengyh/documents/ros2_ws/RobotAD/install/diff_control/lib:/opt/ros/humble/opt/rviz_ogre_vendor/lib:/opt/ros/humble/lib/x86_64-linux-gnu:/opt/ros/humble/lib /usr/bin/cmake --build /home/pengyh/documents/ros2_ws/RobotAD/build/keyboard_control -- -j24 -l24
[0.079s] [35m[1mConsolidate compiler generated dependencies of target keyboard_control_node[0m
[0.103s] [ 50%] [32mBuilding CXX object CMakeFiles/keyboard_control_node.dir/src/keyboard_control_node.cpp.o[0m
[2.298s] [01m[K/home/pengyh/documents/ros2_ws/RobotAD/src/keyboard_control/src/keyboard_control_node.cpp:[m[K In member function ‚Äò[01m[Kvoid KeyboardControl::publish_twist()[m[K‚Äô:
[2.298s] [01m[K/home/pengyh/documents/ros2_ws/RobotAD/src/keyboard_control/src/keyboard_control_node.cpp:69:13:[m[K [01;31m[Kerror: [m[K‚Äò[01m[Krotate_speed[m[K‚Äô was not declared in this scope; did you mean ‚Äò[01m[Krotate_speed_[m[K‚Äô?
[2.298s]    69 |             [01;31m[Krotate_speed[m[K = std::max(current_speed_ - 0.1, 0.1);  // ÊúÄÂ∞èÈÄüÂ∫¶‰∏∫ 0.1
[2.298s]       |             [01;31m[K^~~~~~~~~~~~[m[K
[2.298s]       |             [32m[Krotate_speed_[m[K
[2.303s] [01m[K/home/pengyh/documents/ros2_ws/RobotAD/src/keyboard_control/src/keyboard_control_node.cpp:77:13:[m[K [01;31m[Kerror: [m[K‚Äò[01m[Krotate_speed[m[K‚Äô was not declared in this scope; did you mean ‚Äò[01m[Krotate_speed_[m[K‚Äô?
[2.303s]    77 |             [01;31m[Krotate_speed[m[K = std::max(rotate_speed_ - 0.1, 0.1);  // ÊúÄÂ∞èÈÄüÂ∫¶‰∏∫ 0.1
[2.303s]       |             [01;31m[K^~~~~~~~~~~~[m[K
[2.303s]       |             [32m[Krotate_speed_[m[K
[3.016s] gmake[2]: *** [CMakeFiles/keyboard_control_node.dir/build.make:76: CMakeFiles/keyboard_control_node.dir/src/keyboard_control_node.cpp.o] Error 1
[3.016s] gmake[1]: *** [CMakeFiles/Makefile2:137: CMakeFiles/keyboard_control_node.dir/all] Error 2
[3.016s] gmake: *** [Makefile:146: all] Error 2
[3.019s] Invoked command in '/home/pengyh/documents/ros2_ws/RobotAD/build/keyboard_control' returned '2': CMAKE_PREFIX_PATH=/home/pengyh/documents/ros2_ws/RobotAD/install/robot_hardware:/home/pengyh/documents/ros2_ws/RobotAD/install/usb_camera:/home/pengyh/documents/ros2_ws/RobotAD/install/serial_comm:/home/pengyh/documents/ros2_ws/RobotAD/install/rslidar_sdk:/home/pengyh/documents/ros2_ws/RobotAD/install/rslidar_msg:/home/pengyh/documents/ros2_ws/RobotAD/install/robot_locate:/home/pengyh/documents/ros2_ws/RobotAD/install/pointcloud_to_laserscan:/home/pengyh/documents/ros2_ws/RobotAD/install/nuscenes_data_collector:/home/pengyh/documents/ros2_ws/RobotAD/install/miiboo_imu:/home/pengyh/documents/ros2_ws/RobotAD/install/keyboard_control:/home/pengyh/documents/ros2_ws/RobotAD/install/diff_control:/opt/ros/humble LD_LIBRARY_PATH=/home/pengyh/documents/ros2_ws/RobotAD/install/robot_hardware/lib:/home/pengyh/documents/ros2_ws/RobotAD/install/rslidar_msg/lib:/home/pengyh/documents/ros2_ws/RobotAD/install/pointcloud_to_laserscan/lib:/home/pengyh/documents/ros2_ws/RobotAD/install/diff_control/lib:/opt/ros/humble/opt/rviz_ogre_vendor/lib:/opt/ros/humble/lib/x86_64-linux-gnu:/opt/ros/humble/lib /usr/bin/cmake --build /home/pengyh/documents/ros2_ws/RobotAD/build/keyboard_control -- -j24 -l24
