[35m[1mConsolidate compiler generated dependencies of target usb_camera_node[0m
gmake[2]: *** No rule to make target '/usr/lib/libgdal.so', needed by 'usb_camera_node'.  Stop.
gmake[2]: *** Waiting for unfinished jobs....
[ 50%] [32mBuilding CXX object CMakeFiles/usb_camera_node.dir/src/usb_camera_node.cpp.o[0m
gmake[1]: *** [CMakeFiles/Makefile2:137: CMakeFiles/usb_camera_node.dir/all] Error 2
gmake: *** [Makefile:146: all] Error 2
