[35m[1mConsolidate compiler generated dependencies of target usb_camera_node[0m
[ 50%] [32m[1mLinking CXX executable usb_camera_node[0m
/usr/bin/ld: cannot find -lCURL::CURL: No such file or directory
collect2: error: ld returned 1 exit status
gmake[2]: *** [CMakeFiles/usb_camera_node.dir/build.make:231: usb_camera_node] Error 1
gmake[1]: *** [CMakeFiles/Makefile2:137: CMakeFiles/usb_camera_node.dir/all] Error 2
gmake: *** [Makefile:146: all] Error 2
