[0.026s] Invoking command in '/home/future/Documents/pengyh/RobotAD_ws/build/serial_comm': CMAKE_PREFIX_PATH=/home/future/Documents/pengyh/RobotAD_ws/install/robot_hardware:/home/future/Documents/pengyh/RobotAD_ws/install/usb_camera:/home/future/Documents/pengyh/RobotAD_ws/install/serial_comm:/home/future/Documents/pengyh/RobotAD_ws/install/rslidar_sdk:/home/future/Documents/pengyh/RobotAD_ws/install/rslidar_msg:/home/future/Documents/pengyh/RobotAD_ws/install/robot_locate:/home/future/Documents/pengyh/RobotAD_ws/install/pointcloud_to_laserscan:/home/future/Documents/pengyh/RobotAD_ws/install/miiboo_imu:/home/future/Documents/pengyh/RobotAD_ws/install/keyboard_control:/home/future/Documents/pengyh/RobotAD_ws/install/diff_control:/home/future/Documents/VIW-FUSION/install/vins:/home/future/Documents/VIW-FUSION/install/loop_fusion:/home/future/Documents/VIW-FUSION/install/global_fusion:/home/future/Documents/VIW-FUSION/install/camera_models:/home/future/Documents/people_tracker/install/people_msgs:/home/future/Documents/people_tracker/install/leg_tracker_ros2:/home/future/Documents/Navigation/interface_ws/install/nav_interfaces:/opt/ros/humble LD_LIBRARY_PATH=/home/future/Documents/pengyh/RobotAD_ws/install/robot_hardware/lib:/home/future/Documents/pengyh/RobotAD_ws/install/rslidar_msg/lib:/home/future/Documents/pengyh/RobotAD_ws/install/pointcloud_to_laserscan/lib:/home/future/Documents/pengyh/RobotAD_ws/install/diff_control/lib:/home/future/Documents/VIW-FUSION/install/camera_models/lib:/home/future/Documents/people_tracker/install/people_msgs/lib:/home/future/Documents/people_tracker/install/leg_tracker_ros2/lib:/home/future/Documents/Navigation/interface_ws/install/nav_interfaces/lib:/usr/lib/x86_64-linux-gnu/gazebo-11/plugins:/opt/ros/humble/opt/rviz_ogre_vendor/lib:/opt/ros/humble/lib/x86_64-linux-gnu:/opt/ros/humble/lib:/usr/local/lib:/usr/local/lib /usr/bin/cmake --build /home/future/Documents/pengyh/RobotAD_ws/build/serial_comm -- -j24 -l24
[0.063s] [ 50%] [32mBuilding CXX object CMakeFiles/serial_node.dir/src/serial_node.cpp.o[0m
[1.290s] [01m[K/home/future/Documents/pengyh/RobotAD_ws/src/serial_comm/src/serial_node.cpp:69:41:[m[K [01;31m[Kerror: [m[Kâ€˜[01m[Ksrv[m[Kâ€™ is not a member of â€˜[01m[Krobot_hardware[m[Kâ€™; did you mean â€˜[01m[Krcl_interfaces::srv[m[Kâ€™?
[1.290s]    69 | ardware::[01;31m[Ksrv[m[K::GetMotorSpeed>::SharedPtr motor_speed_service_;  // æœåŠ¡æœåŠ¡å™¨
[1.290s]       |          [01;31m[K^~~[m[K
[1.290s] 
[1.290s] In file included from [01m[K/opt/ros/humble/include/rcl_interfaces/rcl_interfaces/srv/describe_parameters.hpp:7[m[K,
[1.290s]                  from [01m[K/opt/ros/humble/include/rclcpp/rclcpp/parameter_client.hpp:28[m[K,
[1.290s]                  from [01m[K/opt/ros/humble/include/rclcpp/rclcpp/rclcpp.hpp:159[m[K,
[1.290s]                  from [01m[K/home/future/Documents/pengyh/RobotAD_ws/src/serial_comm/src/serial_node.cpp:1[m[K:
[1.291s] [01m[K/opt/ros/humble/include/rcl_interfaces/rcl_interfaces/srv/detail/describe_parameters__struct.hpp:27:11:[m[K [01;36m[Knote: [m[Kâ€˜[01m[Krcl_interfaces::srv[m[Kâ€™ declared here
[1.291s]    27 | namespace [01;36m[Ksrv[m[K
[1.291s]       |           [01;36m[K^~~[m[K
[1.291s] [01m[K/home/future/Documents/pengyh/RobotAD_ws/src/serial_comm/src/serial_node.cpp:69:59:[m[K [01;31m[Kerror: [m[Ktemplate argument 1 is invalid
[1.291s]    69 | otorSpeed[01;31m[K>[m[K::SharedPtr motor_speed_service_;  // æœåŠ¡æœåŠ¡å™¨
[1.291s]       |          [01;31m[K^[m[K
[1.291s] 
[1.291s] [01m[K/home/future/Documents/pengyh/RobotAD_ws/src/serial_comm/src/serial_node.cpp:69:62:[m[K [01;31m[Kerror: [m[Kexpected â€˜[01m[K;[m[Kâ€™ at end of member declaration
[1.291s]    69 | rSpeed>::[01;31m[KSharedPtr[m[K motor_speed_service_;  // æœåŠ¡æœåŠ¡å™¨
[1.291s]       |          [01;31m[K^~~~~~~~~[m[K
[1.291s]       |                   [32m[K;[m[K
[1.292s] [01m[K/home/future/Documents/pengyh/RobotAD_ws/src/serial_comm/src/serial_node.cpp:69:72:[m[K [01;31m[Kerror: [m[Kâ€˜[01m[Kmotor_speed_service_[m[Kâ€™ does not name a type
[1.292s]    69 | haredPtr [01;31m[Kmotor_speed_service_[m[K;  // æœåŠ¡æœåŠ¡å™¨
[1.292s]       |          [01;31m[K^~~~~~~~~~~~~~~~~~~~[m[K
[1.292s] 
[1.292s] [01m[K/home/future/Documents/pengyh/RobotAD_ws/src/serial_comm/src/serial_node.cpp:74:47:[m[K [01;31m[Kerror: [m[Kâ€˜[01m[Ksrv[m[Kâ€™ is not a member of â€˜[01m[Krobot_hardware[m[Kâ€™; did you mean â€˜[01m[Krcl_interfaces::srv[m[Kâ€™?
[1.292s]    74 | ardware::[01;31m[Ksrv[m[K::GetMotorSpeed::Request> request,
[1.293s]       |          [01;31m[K^~~[m[K
[1.293s] 
[1.293s] [01m[K/opt/ros/humble/include/rcl_interfaces/rcl_interfaces/srv/detail/describe_parameters__struct.hpp:27:11:[m[K [01;36m[Knote: [m[Kâ€˜[01m[Krcl_interfaces::srv[m[Kâ€™ declared here
[1.293s]    27 | namespace [01;36m[Ksrv[m[K
[1.293s]       |           [01;36m[K^~~[m[K
[1.293s] [01m[K/home/future/Documents/pengyh/RobotAD_ws/src/serial_comm/src/serial_node.cpp:74:74:[m[K [01;31m[Kerror: [m[Ktemplate argument 1 is invalid
[1.293s]    74 | d::Request[01;31m[K>[m[K request,
[1.293s]       |           [01;31m[K^[m[K
[1.293s] 
[1.293s] [01m[K/home/future/Documents/pengyh/RobotAD_ws/src/serial_comm/src/serial_node.cpp:74:47:[m[K [01;31m[Kerror: [m[Kâ€˜[01m[Ksrv[m[Kâ€™ is not a member of â€˜[01m[Krobot_hardware[m[Kâ€™; did you mean â€˜[01m[Krcl_interfaces::srv[m[Kâ€™?
[1.293s]    74 | ardware::[01;31m[Ksrv[m[K::GetMotorSpeed::Request> request,
[1.293s]       |          [01;31m[K^~~[m[K
[1.293s] 
[1.293s] [01m[K/opt/ros/humble/include/rcl_interfaces/rcl_interfaces/srv/detail/describe_parameters__struct.hpp:27:11:[m[K [01;36m[Knote: [m[Kâ€˜[01m[Krcl_interfaces::srv[m[Kâ€™ declared here
[1.293s]    27 | namespace [01;36m[Ksrv[m[K
[1.293s]       |           [01;36m[K^~~[m[K
[1.293s] [01m[K/home/future/Documents/pengyh/RobotAD_ws/src/serial_comm/src/serial_node.cpp:74:74:[m[K [01;31m[Kerror: [m[Ktemplate argument 1 is invalid
[1.293s]    74 | d::Request[01;31m[K>[m[K request,
[1.293s]       |           [01;31m[K^[m[K
[1.293s] 
[1.293s] [01m[K/home/future/Documents/pengyh/RobotAD_ws/src/serial_comm/src/serial_node.cpp:74:47:[m[K [01;31m[Kerror: [m[Kâ€˜[01m[Ksrv[m[Kâ€™ is not a member of â€˜[01m[Krobot_hardware[m[Kâ€™; did you mean â€˜[01m[Krcl_interfaces::srv[m[Kâ€™?
[1.293s]    74 | ardware::[01;31m[Ksrv[m[K::GetMotorSpeed::Request> request,
[1.293s]       |          [01;31m[K^~~[m[K
[1.293s] 
[1.293s] [01m[K/opt/ros/humble/include/rcl_interfaces/rcl_interfaces/srv/detail/describe_parameters__struct.hpp:27:11:[m[K [01;36m[Knote: [m[Kâ€˜[01m[Krcl_interfaces::srv[m[Kâ€™ declared here
[1.293s]    27 | namespace [01;36m[Ksrv[m[K
[1.293s]       |           [01;36m[K^~~[m[K
[1.293s] [01m[K/home/future/Documents/pengyh/RobotAD_ws/src/serial_comm/src/serial_node.cpp:74:74:[m[K [01;31m[Kerror: [m[Ktemplate argument 1 is invalid
[1.293s]    74 | d::Request[01;31m[K>[m[K request,
[1.293s]       |           [01;31m[K^[m[K
[1.293s] 
[1.294s] [01m[K/home/future/Documents/pengyh/RobotAD_ws/src/serial_comm/src/serial_node.cpp:74:15:[m[K [01;31m[Kerror: [m[Kinvalid template-id
[1.294s]    74 |    const [01;31m[Kstd[m[K::shared_ptr<robot_hardware::srv::GetMotorSpeed::Request> request,
[1.294s]       |          [01;31m[K^~~[m[K
[1.294s] 
[1.294s] [01m[K/home/future/Documents/pengyh/RobotAD_ws/src/serial_comm/src/serial_node.cpp:74:47:[m[K [01;31m[Kerror: [m[Kâ€˜[01m[Krobot_hardware::srv[m[Kâ€™ has not been declared
[1.294s]    74 | ardware::[01;31m[Ksrv[m[K::GetMotorSpeed::Request> request,
[1.294s]       |          [01;31m[K^~~[m[K
[1.294s] 
[1.294s] [01m[K/home/future/Documents/pengyh/RobotAD_ws/src/serial_comm/src/serial_node.cpp:74:9:[m[K [01;31m[Kerror: [m[Kclass template placeholder â€˜[01m[Kstd::shared_ptr[m[Kâ€™ not permitted in this context
[1.294s]    74 |         [01;31m[Kconst[m[K std::shared_ptr<robot_hardware::srv::GetMotorSpeed::Request> request,
[1.294s]       |         [01;31m[K^~~~~[m[K
[1.294s] [01m[K/home/future/Documents/pengyh/RobotAD_ws/src/serial_comm/src/serial_node.cpp:75:41:[m[K [01;31m[Kerror: [m[Kâ€˜[01m[Ksrv[m[Kâ€™ is not a member of â€˜[01m[Krobot_hardware[m[Kâ€™; did you mean â€˜[01m[Krcl_interfaces::srv[m[Kâ€™?
[1.294s]    75 | ardware::[01;31m[Ksrv[m[K::GetMotorSpeed::Response> response)
[1.294s]       |          [01;31m[K^~~[m[K
[1.294s] 
[1.294s] [01m[K/opt/ros/humble/include/rcl_interfaces/rcl_interfaces/srv/detail/describe_parameters__struct.hpp:27:11:[m[K [01;36m[Knote: [m[Kâ€˜[01m[Krcl_interfaces::srv[m[Kâ€™ declared here
[1.294s]    27 | namespace [01;36m[Ksrv[m[K
[1.294s]       |           [01;36m[K^~~[m[K
[1.294s] [01m[K/home/future/Documents/pengyh/RobotAD_ws/src/serial_comm/src/serial_node.cpp:75:69:[m[K [01;31m[Kerror: [m[Ktemplate argument 1 is invalid
[1.294s]    75 | :Response[01;31m[K>[m[K response)
[1.294s]       |          [01;31m[K^[m[K
[1.294s] 
[1.294s] [01m[K/home/future/Documents/pengyh/RobotAD_ws/src/serial_comm/src/serial_node.cpp:75:41:[m[K [01;31m[Kerror: [m[Kâ€˜[01m[Ksrv[m[Kâ€™ is not a member of â€˜[01m[Krobot_hardware[m[Kâ€™; did you mean â€˜[01m[Krcl_interfaces::srv[m[Kâ€™?
[1.294s]    75 | ardware::[01;31m[Ksrv[m[K::GetMotorSpeed::Response> response)
[1.294s]       |          [01;31m[K^~~[m[K
[1.294s] 
[1.294s] [01m[K/opt/ros/humble/include/rcl_interfaces/rcl_interfaces/srv/detail/describe_parameters__struct.hpp:27:11:[m[K [01;36m[Knote: [m[Kâ€˜[01m[Krcl_interfaces::srv[m[Kâ€™ declared here
[1.294s]    27 | namespace [01;36m[Ksrv[m[K
[1.294s]       |           [01;36m[K^~~[m[K
[1.294s] [01m[K/home/future/Documents/pengyh/RobotAD_ws/src/serial_comm/src/serial_node.cpp:75:69:[m[K [01;31m[Kerror: [m[Ktemplate argument 1 is invalid
[1.294s]    75 | :Response[01;31m[K>[m[K response)
[1.294s]       |          [01;31m[K^[m[K
[1.294s] 
[1.294s] [01m[K/home/future/Documents/pengyh/RobotAD_ws/src/serial_comm/src/serial_node.cpp:75:41:[m[K [01;31m[Kerror: [m[Kâ€˜[01m[Ksrv[m[Kâ€™ is not a member of â€˜[01m[Krobot_hardware[m[Kâ€™; did you mean â€˜[01m[Krcl_interfaces::srv[m[Kâ€™?
[1.294s]    75 | ardware::[01;31m[Ksrv[m[K::GetMotorSpeed::Response> response)
[1.294s]       |          [01;31m[K^~~[m[K
[1.294s] 
[1.294s] [01m[K/opt/ros/humble/include/rcl_interfaces/rcl_interfaces/srv/detail/describe_parameters__struct.hpp:27:11:[m[K [01;36m[Knote: [m[Kâ€˜[01m[Krcl_interfaces::srv[m[Kâ€™ declared here
[1.294s]    27 | namespace [01;36m[Ksrv[m[K
[1.294s]       |           [01;36m[K^~~[m[K
[1.294s] [01m[K/home/future/Documents/pengyh/RobotAD_ws/src/serial_comm/src/serial_node.cpp:75:69:[m[K [01;31m[Kerror: [m[Ktemplate argument 1 is invalid
[1.294s]    75 | :Response[01;31m[K>[m[K response)
[1.294s]       |          [01;31m[K^[m[K
[1.295s] 
[1.295s] [01m[K/home/future/Documents/pengyh/RobotAD_ws/src/serial_comm/src/serial_node.cpp:75:9:[m[K [01;31m[Kerror: [m[Kinvalid template-id
[1.295s]    75 |         [01;31m[Kstd[m[K::shared_ptr<robot_hardware::srv::GetMotorSpeed::Response> response)
[1.295s]       |         [01;31m[K^~~[m[K
[1.295s] [01m[K/home/future/Documents/pengyh/RobotAD_ws/src/serial_comm/src/serial_node.cpp:75:41:[m[K [01;31m[Kerror: [m[Kâ€˜[01m[Krobot_hardware::srv[m[Kâ€™ has not been declared
[1.295s]    75 | ardware::[01;31m[Ksrv[m[K::GetMotorSpeed::Response> response)
[1.295s]       |          [01;31m[K^~~[m[K
[1.295s] 
[1.295s] [01m[K/home/future/Documents/pengyh/RobotAD_ws/src/serial_comm/src/serial_node.cpp:75:9:[m[K [01;31m[Kerror: [m[Kclass template placeholder â€˜[01m[Kstd::shared_ptr[m[Kâ€™ not permitted in this context
[1.295s]    75 |         [01;31m[Kstd[m[K::shared_ptr<robot_hardware::srv::GetMotorSpeed::Response> response)
[1.295s]       |         [01;31m[K^~~[m[K
[1.313s] [01m[K/home/future/Documents/pengyh/RobotAD_ws/src/serial_comm/src/serial_node.cpp:[m[K In member function â€˜[01m[Kvoid SerialNode::get_motor_speed_callback(...)[m[Kâ€™:
[1.313s] [01m[K/home/future/Documents/pengyh/RobotAD_ws/src/serial_comm/src/serial_node.cpp:104:21:[m[K [01;31m[Kerror: [m[Kâ€˜[01m[Kresponse[m[Kâ€™ was not declared in this scope
[1.313s]   104 |          [01;31m[Kresponse[m[K->real_left_speed_rpm = speed_l;
[1.313s]       |          [01;31m[K^~~~~~~~[m[K
[1.313s] 
[2.785s] gmake[2]: *** [CMakeFiles/serial_node.dir/build.make:76: CMakeFiles/serial_node.dir/src/serial_node.cpp.o] Error 1
[2.785s] gmake[1]: *** [CMakeFiles/Makefile2:137: CMakeFiles/serial_node.dir/all] Error 2
[2.785s] gmake: *** [Makefile:146: all] Error 2
[2.787s] Invoked command in '/home/future/Documents/pengyh/RobotAD_ws/build/serial_comm' returned '2': CMAKE_PREFIX_PATH=/home/future/Documents/pengyh/RobotAD_ws/install/robot_hardware:/home/future/Documents/pengyh/RobotAD_ws/install/usb_camera:/home/future/Documents/pengyh/RobotAD_ws/install/serial_comm:/home/future/Documents/pengyh/RobotAD_ws/install/rslidar_sdk:/home/future/Documents/pengyh/RobotAD_ws/install/rslidar_msg:/home/future/Documents/pengyh/RobotAD_ws/install/robot_locate:/home/future/Documents/pengyh/RobotAD_ws/install/pointcloud_to_laserscan:/home/future/Documents/pengyh/RobotAD_ws/install/miiboo_imu:/home/future/Documents/pengyh/RobotAD_ws/install/keyboard_control:/home/future/Documents/pengyh/RobotAD_ws/install/diff_control:/home/future/Documents/VIW-FUSION/install/vins:/home/future/Documents/VIW-FUSION/install/loop_fusion:/home/future/Documents/VIW-FUSION/install/global_fusion:/home/future/Documents/VIW-FUSION/install/camera_models:/home/future/Documents/people_tracker/install/people_msgs:/home/future/Documents/people_tracker/install/leg_tracker_ros2:/home/future/Documents/Navigation/interface_ws/install/nav_interfaces:/opt/ros/humble LD_LIBRARY_PATH=/home/future/Documents/pengyh/RobotAD_ws/install/robot_hardware/lib:/home/future/Documents/pengyh/RobotAD_ws/install/rslidar_msg/lib:/home/future/Documents/pengyh/RobotAD_ws/install/pointcloud_to_laserscan/lib:/home/future/Documents/pengyh/RobotAD_ws/install/diff_control/lib:/home/future/Documents/VIW-FUSION/install/camera_models/lib:/home/future/Documents/people_tracker/install/people_msgs/lib:/home/future/Documents/people_tracker/install/leg_tracker_ros2/lib:/home/future/Documents/Navigation/interface_ws/install/nav_interfaces/lib:/usr/lib/x86_64-linux-gnu/gazebo-11/plugins:/opt/ros/humble/opt/rviz_ogre_vendor/lib:/opt/ros/humble/lib/x86_64-linux-gnu:/opt/ros/humble/lib:/usr/local/lib:/usr/local/lib /usr/bin/cmake --build /home/future/Documents/pengyh/RobotAD_ws/build/serial_comm -- -j24 -l24
