[0.018s] Invoking command in '/home/pengyh/documents/ros2_ws/RobotAD/build/usb_camera': CMAKE_PREFIX_PATH=${CMAKE_PREFIX_PATH}:/opt/ros/humble CONDA_PROMPT_MODIFIER=(base) /usr/bin/cmake --build /home/pengyh/documents/ros2_ws/RobotAD/build/usb_camera -- -j24 -l24
[0.032s] -- Found ament_cmake: 1.3.11 (/opt/ros/humble/share/ament_cmake/cmake)
[0.132s] -- Override CMake install command with custom implementation using symlinks instead of copying resources
[0.136s] -- Found rclcpp: 16.0.11 (/opt/ros/humble/share/rclcpp/cmake)
[0.151s] -- Found rosidl_generator_c: 3.1.6 (/opt/ros/humble/share/rosidl_generator_c/cmake)
[0.152s] -- Found rosidl_adapter: 3.1.6 (/opt/ros/humble/share/rosidl_adapter/cmake)
[0.156s] -- Found rosidl_generator_cpp: 3.1.6 (/opt/ros/humble/share/rosidl_generator_cpp/cmake)
[0.161s] -- Using all available rosidl_typesupport_c: rosidl_typesupport_fastrtps_c;rosidl_typesupport_introspection_c
[0.168s] -- Using all available rosidl_typesupport_cpp: rosidl_typesupport_fastrtps_cpp;rosidl_typesupport_introspection_cpp
[0.186s] -- Found rmw_implementation_cmake: 6.1.2 (/opt/ros/humble/share/rmw_implementation_cmake/cmake)
[0.187s] -- Found rmw_fastrtps_cpp: 6.2.7 (/opt/ros/humble/share/rmw_fastrtps_cpp/cmake)
[0.250s] -- Using RMW implementation 'rmw_fastrtps_cpp' as default
[0.277s] -- Found sensor_msgs: 4.2.4 (/opt/ros/humble/share/sensor_msgs/cmake)
[0.294s] -- Found cv_bridge: 3.2.1 (/opt/ros/humble/share/cv_bridge/cmake)
[0.395s] -- Configuring done
[0.401s] [33mCMake Warning at CMakeLists.txt:29 (add_executable):
[0.401s]   Cannot generate a safe runtime search path for target usb_camera_node
[0.401s]   because files in some directories may conflict with libraries in implicit
[0.401s]   directories:
[0.401s] 
[0.401s]     runtime library [libcurl.so.4] in /usr/lib/x86_64-linux-gnu may be hidden by files in:
[0.401s]       /home/pengyh/softwares/anaconda3/lib
[0.401s] 
[0.401s]   Some of these libraries may not be found correctly.
[0.401s] 
[0.402s] [0m
[0.402s] -- Generating done
[0.404s] -- Build files have been written to: /home/pengyh/documents/ros2_ws/RobotAD/build/usb_camera
[0.423s] [35m[1mConsolidate compiler generated dependencies of target usb_camera_node[0m
[0.432s] [ 50%] [32mBuilding CXX object CMakeFiles/usb_camera_node.dir/src/usb_camera_node.cpp.o[0m
[2.925s] [100%] [32m[1mLinking CXX executable usb_camera_node[0m
[3.147s] /usr/bin/ld: /usr/lib/libgdal.so: undefined reference to `TIFFReadRGBAStripExt@LIBTIFF_4.0'
[3.148s] /usr/bin/ld: /usr/lib/libgdal.so: undefined reference to `TIFFReadFromUserBuffer@LIBTIFF_4.0'
[3.150s] /usr/bin/ld: /usr/lib/libgdal.so: undefined reference to `TIFFGetStrileOffsetWithErr@LIBTIFF_4.0'
[3.152s] /usr/bin/ld: /usr/lib/libgdal.so: undefined reference to `TIFFGetStrileOffset@LIBTIFF_4.0'
[3.152s] /usr/bin/ld: /usr/lib/libgdal.so: undefined reference to `TIFFGetStrileByteCount@LIBTIFF_4.0'
[3.153s] /usr/bin/ld: /usr/lib/libgdal.so: undefined reference to `TIFFDeferStrileArrayWriting@LIBTIFF_4.0'
[3.154s] /usr/bin/ld: /usr/lib/libgdal.so: undefined reference to `TIFFGetStrileByteCountWithErr@LIBTIFF_4.0'
[3.154s] /usr/bin/ld: /usr/lib/libgdal.so: undefined reference to `TIFFForceStrileArrayWriting@LIBTIFF_4.0'
[3.154s] /usr/bin/ld: /usr/lib/libgdal.so: undefined reference to `TIFFReadRGBATileExt@LIBTIFF_4.0'
[3.164s] collect2: error: ld returned 1 exit status
[3.164s] gmake[2]: *** [CMakeFiles/usb_camera_node.dir/build.make:232: usb_camera_node] Error 1
[3.165s] gmake[1]: *** [CMakeFiles/Makefile2:137: CMakeFiles/usb_camera_node.dir/all] Error 2
[3.165s] gmake: *** [Makefile:146: all] Error 2
[3.166s] Invoked command in '/home/pengyh/documents/ros2_ws/RobotAD/build/usb_camera' returned '2': CMAKE_PREFIX_PATH=${CMAKE_PREFIX_PATH}:/opt/ros/humble CONDA_PROMPT_MODIFIER=(base) /usr/bin/cmake --build /home/pengyh/documents/ros2_ws/RobotAD/build/usb_camera -- -j24 -l24
