[35m[1mConsolidate compiler generated dependencies of target diff_control[0m
[ 50%] [32mBuilding CXX object CMakeFiles/diff_control.dir/hardware/diffbot_system.cpp.o[0m
In file included from [01m[K/home/future/Documents/pengyh/RobotAD_ws/src/diff_control/hardware/include/diff_control/diffbot_system.hpp:35[m[K,
                 from [01m[K/home/future/Documents/pengyh/RobotAD_ws/src/diff_control/hardware/diffbot_system.cpp:15[m[K:
[01m[K/home/future/Documents/pengyh/RobotAD_ws/src/diff_control/hardware/include/diff_control/serial_bridge.hpp:[m[K In member function â€˜[01m[Kdouble SerialBridge::rpm_to_velocity(int16_t) const[m[Kâ€™:
[01m[K/home/future/Documents/pengyh/RobotAD_ws/src/diff_control/hardware/include/diff_control/serial_bridge.hpp:88:40:[m[K [01;31m[Kerror: [m[Kâ€˜[01m[Kwheel_radius[m[Kâ€™ was not declared in this scope; did you mean â€˜[01m[Kwheel_radius_[m[Kâ€™?
   88 | n (rpm * 2.0 * M_PI * [01;31m[Kwheel_radius[m[K) / 60.0;
      |                       [01;31m[K^~~~~~~~~~~~[m[K
      |                       [32m[Kwheel_radius_[m[K
[01m[K/home/future/Documents/pengyh/RobotAD_ws/src/diff_control/hardware/include/diff_control/serial_bridge.hpp:[m[K In member function â€˜[01m[Kint16_t SerialBridge::velocity_to_rpm(double) const[m[Kâ€™:
[01m[K/home/future/Documents/pengyh/RobotAD_ws/src/diff_control/hardware/include/diff_control/serial_bridge.hpp:93:88:[m[K [01;31m[Kerror: [m[Kâ€˜[01m[Kwheel_radius[m[Kâ€™ was not declared in this scope; did you mean â€˜[01m[Kwheel_radius_[m[Kâ€™?
   93 | 60.0) / (2.0 * M_PI * [01;31m[Kwheel_radius[m[K));
      |                       [01;31m[K^~~~~~~~~~~~[m[K
      |                       [32m[Kwheel_radius_[m[K
gmake[2]: *** [CMakeFiles/diff_control.dir/build.make:76: CMakeFiles/diff_control.dir/hardware/diffbot_system.cpp.o] Error 1
gmake[1]: *** [CMakeFiles/Makefile2:137: CMakeFiles/diff_control.dir/all] Error 2
gmake: *** [Makefile:146: all] Error 2
