[0.033s] Invoking command in '/home/future/Documents/pengyh/RobotAD_ws/build/diff_control': CMAKE_PREFIX_PATH=${CMAKE_PREFIX_PATH}:/opt/ros/humble /usr/bin/cmake --build /home/future/Documents/pengyh/RobotAD_ws/build/diff_control -- -j24 -l24
[0.072s] [35m[1mConsolidate compiler generated dependencies of target diff_control[0m
[0.095s] [ 50%] [32mBuilding CXX object CMakeFiles/diff_control.dir/hardware/diffbot_system.cpp.o[0m
[2.688s] In file included from [01m[K/home/future/Documents/pengyh/RobotAD_ws/src/diff_control/hardware/include/diff_control/diffbot_system.hpp:35[m[K,
[2.688s]                  from [01m[K/home/future/Documents/pengyh/RobotAD_ws/src/diff_control/hardware/diffbot_system.cpp:15[m[K:
[2.688s] [01m[K/home/future/Documents/pengyh/RobotAD_ws/src/diff_control/hardware/include/diff_control/serial_bridge.hpp:[m[K In member function â€˜[01m[Kdouble SerialBridge::rpm_to_velocity(int16_t) const[m[Kâ€™:
[2.688s] [01m[K/home/future/Documents/pengyh/RobotAD_ws/src/diff_control/hardware/include/diff_control/serial_bridge.hpp:88:40:[m[K [01;31m[Kerror: [m[Kâ€˜[01m[Kwheel_radius[m[Kâ€™ was not declared in this scope; did you mean â€˜[01m[Kwheel_radius_[m[Kâ€™?
[2.688s]    88 | n (rpm * 2.0 * M_PI * [01;31m[Kwheel_radius[m[K) / 60.0;
[2.688s]       |                       [01;31m[K^~~~~~~~~~~~[m[K
[2.688s]       |                       [32m[Kwheel_radius_[m[K
[2.693s] [01m[K/home/future/Documents/pengyh/RobotAD_ws/src/diff_control/hardware/include/diff_control/serial_bridge.hpp:[m[K In member function â€˜[01m[Kint16_t SerialBridge::velocity_to_rpm(double) const[m[Kâ€™:
[2.693s] [01m[K/home/future/Documents/pengyh/RobotAD_ws/src/diff_control/hardware/include/diff_control/serial_bridge.hpp:93:88:[m[K [01;31m[Kerror: [m[Kâ€˜[01m[Kwheel_radius[m[Kâ€™ was not declared in this scope; did you mean â€˜[01m[Kwheel_radius_[m[Kâ€™?
[2.693s]    93 | 60.0) / (2.0 * M_PI * [01;31m[Kwheel_radius[m[K));
[2.693s]       |                       [01;31m[K^~~~~~~~~~~~[m[K
[2.694s]       |                       [32m[Kwheel_radius_[m[K
[5.663s] gmake[2]: *** [CMakeFiles/diff_control.dir/build.make:76: CMakeFiles/diff_control.dir/hardware/diffbot_system.cpp.o] Error 1
[5.663s] gmake[1]: *** [CMakeFiles/Makefile2:137: CMakeFiles/diff_control.dir/all] Error 2
[5.664s] gmake: *** [Makefile:146: all] Error 2
[5.666s] Invoked command in '/home/future/Documents/pengyh/RobotAD_ws/build/diff_control' returned '2': CMAKE_PREFIX_PATH=${CMAKE_PREFIX_PATH}:/opt/ros/humble /usr/bin/cmake --build /home/future/Documents/pengyh/RobotAD_ws/build/diff_control -- -j24 -l24
