[0.021s] Invoking command in '/home/pengyh/documents/ros2_ws/RobotAD/build/nuscenes_data_collector': CMAKE_PREFIX_PATH=${CMAKE_PREFIX_PATH}:/opt/ros/humble /usr/bin/cmake --build /home/pengyh/documents/ros2_ws/RobotAD/build/nuscenes_data_collector -- -j24 -l24
[0.052s] [35m[1mConsolidate compiler generated dependencies of target nuscenes_data_collector_issac_node[0m
[0.076s] [ 25%] [32mBuilding CXX object CMakeFiles/nuscenes_data_collector_node.dir/src/nuscenes_data_collector.cpp.o[0m
[0.083s] [ 75%] Built target nuscenes_data_collector_issac_node
[3.725s] In file included from [01m[K/usr/include/c++/11/pstl/glue_algorithm_defs.h:13[m[K,
[3.725s]                  from [01m[K/usr/include/c++/11/algorithm:74[m[K,
[3.725s]                  from [01m[K/opt/ros/humble/include/rclcpp/rclcpp/executor.hpp:18[m[K,
[3.725s]                  from [01m[K/opt/ros/humble/include/rclcpp/rclcpp/executors/multi_threaded_executor.hpp:25[m[K,
[3.725s]                  from [01m[K/opt/ros/humble/include/rclcpp/rclcpp/executors.hpp:21[m[K,
[3.725s]                  from [01m[K/opt/ros/humble/include/rclcpp/rclcpp/rclcpp.hpp:155[m[K,
[3.725s]                  from [01m[K/home/pengyh/documents/ros2_ws/RobotAD/src/nuscenes_data_collector/include/nuscenes_data_collector/nuscenes_data_collector.hpp:4[m[K,
[3.726s]                  from [01m[K/home/pengyh/documents/ros2_ws/RobotAD/src/nuscenes_data_collector/src/nuscenes_data_collector.cpp:1[m[K:
[3.726s] /usr/include/c++/11/functional: In instantiation of ‚Äò[01m[Kstruct std::_Bind_check_arity<void (NuScenesDataCollector::*)(std::shared_ptr<rosgraph_msgs::msg::Clock_<std::allocator<void> > >), NuScenesDataCollector*>[m[K‚Äô:
[3.726s] [01m[K/usr/include/c++/11/functional:768:12:[m[K   required from ‚Äò[01m[Kstruct std::_Bind_helper<false, void (NuScenesDataCollector::*)(std::shared_ptr<rosgraph_msgs::msg::Clock_<std::allocator<void> > >), NuScenesDataCollector*>[m[K‚Äô
[3.726s] [01m[K/usr/include/c++/11/functional:789:5:[m[K   required by substitution of ‚Äò[01m[Ktemplate<class _Func, class ... _BoundArgs> typename std::_Bind_helper<std::__is_socketlike<_Func>::value, _Func, _BoundArgs ...>::type std::bind(_Func&&, _BoundArgs&& ...) [with _Func = void (NuScenesDataCollector::*)(std::shared_ptr<rosgraph_msgs::msg::Clock_<std::allocator<void> > >); _BoundArgs = {NuScenesDataCollector*}][m[K‚Äô
[3.726s] [01m[K/home/pengyh/documents/ros2_ws/RobotAD/src/nuscenes_data_collector/include/nuscenes_data_collector/nuscenes_data_collector.hpp:255:22:[m[K   required from here
[3.726s] [01m[K/usr/include/c++/11/functional:756:21:[m[K [01;31m[Kerror: [m[Kstatic assertion failed: Wrong number of arguments for pointer-to-member
[3.726s]   755 | tic_assert(_Varargs::[01;31m[Kvalue[m[K
[3.726s]       |                      [01;31m[K~~~~~[m[K
[3.726s] 
[3.726s]   756 |        [01;31m[K    ? sizeof...(_BoundArgs) >= _Arity::value + 1[m[K
[3.726s]       |            [01;31m[K^~~~~~~~~~~~~~~~~~~~~~~~~~~~~~~~~~~~~~~~~~~~[m[K
[3.726s] 
[3.726s]   757 |        [01;31m[K    : sizeof...(_BoundArgs) == _Arity::value + 1[m[K,
[3.726s]       |            [01;31m[K~~~~~~~~~~~~~~~~~~~~~~~~~~~~~~~~~~~~~~~~~~~~[m[K
[3.726s] 
[3.726s] [01m[K/usr/include/c++/11/functional:756:21:[m[K [01;36m[Knote: [m[K‚Äò[01m[K(false ? (1 >= (((long unsigned int)std::integral_constant<long unsigned int, 1>::value) + 1)) : (1 == (((long unsigned int)std::integral_constant<long unsigned int, 1>::value) + 1)))[m[K‚Äô evaluates to false
[3.729s] In file included from [01m[K/home/pengyh/documents/ros2_ws/RobotAD/src/nuscenes_data_collector/src/nuscenes_data_collector.cpp:1[m[K:
[3.729s] [01m[K/home/pengyh/documents/ros2_ws/RobotAD/src/nuscenes_data_collector/include/nuscenes_data_collector/nuscenes_data_collector.hpp:[m[K In constructor ‚Äò[01m[KNuScenesDataCollector::NuScenesDataCollector()[m[K‚Äô:
[3.729s] [01m[K/home/pengyh/documents/ros2_ws/RobotAD/src/nuscenes_data_collector/include/nuscenes_data_collector/nuscenes_data_collector.hpp:253:47:[m[K [01;31m[Kerror: [m[Kno matching function for call to ‚Äò[01m[KNuScenesDataCollector::create_wall_timer(std::chrono::milliseconds, std::_Bind_helper<false, void (NuScenesDataCollector::*)(std::shared_ptr<rosgraph_msgs::msg::Clock_<std::allocator<void> > >), NuScenesDataCollector*>::type)[m[K‚Äô
[3.729s]   253 | [01;31m[Kis->create_wall_timer([m[K
[3.729s]       | [01;31m[K~~~~~~~~~~~~~~~~~~~~~^[m[K
[3.729s] 
[3.729s]   254 | [01;31m[Kmilliseconds(500), // ÊØè500ÊØ´ÁßíËß¶Âèë‰∏ÄÊ¨°[m[K
[3.729s]       | [01;31m[K~~~~~~~~~~~~~~~~~~~~~~~~~~~~~~~~~~~~~~~[m[K
[3.729s] 
[3.729s]   255 | [01;31m[KScenesDataCollector::clock_callback, this)[m[K
[3.729s]       | [01;31m[K~~~~~~~~~~~~~~~~~~~~~~~~~~~~~~~~~~~~~~~~~~[m[K
[3.729s] 
[3.729s]   256 | 
[3.729s]       |                       
[3.729s] 
[3.729s] In file included from [01m[K/opt/ros/humble/include/rclcpp/rclcpp/executors/single_threaded_executor.hpp:28[m[K,
[3.729s]                  from [01m[K/opt/ros/humble/include/rclcpp/rclcpp/executors.hpp:22[m[K,
[3.729s]                  from [01m[K/opt/ros/humble/include/rclcpp/rclcpp/rclcpp.hpp:155[m[K,
[3.729s]                  from [01m[K/home/pengyh/documents/ros2_ws/RobotAD/src/nuscenes_data_collector/include/nuscenes_data_collector/nuscenes_data_collector.hpp:4[m[K,
[3.729s]                  from [01m[K/home/pengyh/documents/ros2_ws/RobotAD/src/nuscenes_data_collector/src/nuscenes_data_collector.cpp:1[m[K:
[3.729s] [01m[K/opt/ros/humble/include/rclcpp/rclcpp/node.hpp:238:3:[m[K [01;36m[Knote: [m[Kcandidate: ‚Äò[01m[Ktemplate<class DurationRepT, class DurationT, class CallbackT> typename rclcpp::WallTimer<CallbackT>::SharedPtr rclcpp::Node::create_wall_timer(std::chrono::duration<_Rep1, _Period1>, CallbackT, rclcpp::CallbackGroup::SharedPtr)[m[K‚Äô
[3.729s]   238 |   [01;36m[Kcreate_wall_timer[m[K(
[3.729s]       |   [01;36m[K^~~~~~~~~~~~~~~~~[m[K
[3.729s] [01m[K/opt/ros/humble/include/rclcpp/rclcpp/node.hpp:238:3:[m[K [01;36m[Knote: [m[K  template argument deduction/substitution failed:
[3.729s] In file included from [01m[K/opt/ros/humble/include/rclcpp/rclcpp/node.hpp:1321[m[K,
[3.729s]                  from [01m[K/opt/ros/humble/include/rclcpp/rclcpp/executors/single_threaded_executor.hpp:28[m[K,
[3.729s]                  from [01m[K/opt/ros/humble/include/rclcpp/rclcpp/executors.hpp:22[m[K,
[3.729s]                  from [01m[K/opt/ros/humble/include/rclcpp/rclcpp/rclcpp.hpp:155[m[K,
[3.729s]                  from [01m[K/home/pengyh/documents/ros2_ws/RobotAD/src/nuscenes_data_collector/include/nuscenes_data_collector/nuscenes_data_collector.hpp:4[m[K,
[3.729s]                  from [01m[K/home/pengyh/documents/ros2_ws/RobotAD/src/nuscenes_data_collector/src/nuscenes_data_collector.cpp:1[m[K:
[3.729s] /opt/ros/humble/include/rclcpp/rclcpp/node_impl.hpp: In substitution of ‚Äò[01m[Ktemplate<class DurationRepT, class DurationT, class CallbackT> typename rclcpp::WallTimer<CallbackT>::SharedPtr rclcpp::Node::create_wall_timer(std::chrono::duration<_Rep1, _Period1>, CallbackT, rclcpp::CallbackGroup::SharedPtr) [with DurationRepT = long int; DurationT = std::ratio<1, 1000>; CallbackT = std::_Bind<void (NuScenesDataCollector::*(NuScenesDataCollector*))(std::shared_ptr<rosgraph_msgs::msg::Clock_<std::allocator<void> > >)>][m[K‚Äô:
[3.729s] [01m[K/home/pengyh/documents/ros2_ws/RobotAD/src/nuscenes_data_collector/include/nuscenes_data_collector/nuscenes_data_collector.hpp:253:47:[m[K   required from here
[3.729s] [01m[K/opt/ros/humble/include/rclcpp/rclcpp/node_impl.hpp:110:1:[m[K [01;31m[Kerror: [m[Kno type named ‚Äò[01m[Ktype[m[K‚Äô in ‚Äò[01m[Kstruct std::enable_if<false, void>[m[K‚Äô
[3.729s]   110 | [01;31m[KNode[m[K::create_wall_timer(
[3.730s]       | [01;31m[K^~~~[m[K
[3.730s] [01m[K/opt/ros/humble/include/rclcpp/rclcpp/node_impl.hpp:110:1:[m[K [01;31m[Kerror: [m[Kno type named ‚Äò[01m[Ktype[m[K‚Äô in ‚Äò[01m[Kstruct std::enable_if<false, void>[m[K‚Äô
[3.730s] [01m[K/opt/ros/humble/include/rclcpp/rclcpp/node_impl.hpp:110:1:[m[K [01;36m[Knote: [m[Kinvalid template non-type parameter
[4.169s] In file included from [01m[K/home/pengyh/documents/ros2_ws/RobotAD/src/nuscenes_data_collector/src/nuscenes_data_collector.cpp:1[m[K:
[4.169s] [01m[K/home/pengyh/documents/ros2_ws/RobotAD/src/nuscenes_data_collector/include/nuscenes_data_collector/nuscenes_data_collector.hpp:[m[K In member function ‚Äò[01m[Kvoid NuScenesDataCollector::save_lidar_data(const std::shared_ptr<sensor_msgs::msg::PointCloud2_<std::allocator<void> > >&, const string&)[m[K‚Äô:
[4.169s] [01m[K/home/pengyh/documents/ros2_ws/RobotAD/src/nuscenes_data_collector/include/nuscenes_data_collector/nuscenes_data_collector.hpp:671:151:[m[K [01;31m[Kerror: [m[K‚Äò[01m[Kdefault_intensity[m[K‚Äô was not declared in this scope
[4.169s]   671 | uint8_t*>(&[01;31m[Kdefault_intensity[m[K) + sizeof(float));
[4.169s]       |            [01;31m[K^~~~~~~~~~~~~~~~~[m[K
[4.169s] 
[4.228s] [01m[K/home/pengyh/documents/ros2_ws/RobotAD/src/nuscenes_data_collector/include/nuscenes_data_collector/nuscenes_data_collector.hpp:[m[K In member function ‚Äò[01m[Kbool NuScenesDataCollector::check_sample_done()[m[K‚Äô:
[4.228s] [01m[K/home/pengyh/documents/ros2_ws/RobotAD/src/nuscenes_data_collector/include/nuscenes_data_collector/nuscenes_data_collector.hpp:990:34:[m[K [01;31m[Kerror: [m[K‚Äò[01m[Ksample_bbox3d_json_cache_[m[K‚Äô was not declared in this scope
[4.228s]   990 | 3d_jsons : [01;31m[Ksample_bbox3d_json_cache_[m[K){
[4.228s]       |            [01;31m[K^~~~~~~~~~~~~~~~~~~~~~~~~[m[K
[4.228s] 
[4.250s] [01m[K/home/pengyh/documents/ros2_ws/RobotAD/src/nuscenes_data_collector/include/nuscenes_data_collector/nuscenes_data_collector.hpp:999:33:[m[K [01;31m[Kerror: [m[K‚Äò[01m[Kinstance_recorders[m[K‚Äô was not declared in this scope
[4.251s]   999 | uto& val = [01;31m[Kinstance_recorders[m[K[instance_token];  // get the global instance cache json
[4.251s]       |            [01;31m[K^~~~~~~~~~~~~~~~~~[m[K
[4.251s] 
[4.253s] [01m[K/home/pengyh/documents/ros2_ws/RobotAD/src/nuscenes_data_collector/include/nuscenes_data_collector/nuscenes_data_collector.hpp:1033:24:[m[K [01;31m[Kerror: [m[Kno matching function for call to ‚Äò[01m[KNuScenesDataCollector::sample_recorder(long unsigned int&, std::__cxx11::basic_string<char>&)[m[K‚Äô
[4.254s]  1033 | [01;31m[Kle_recorder(sample_recorder_cache_.first, sample_recorder_cache_.second)[m[K;
[4.254s]       | [01;31m[K~~~~~~~~~~~^~~~~~~~~~~~~~~~~~~~~~~~~~~~~~~~~~~~~~~~~~~~~~~~~~~~~~~~~~~~~[m[K
[4.254s] 
[4.254s] [01m[K/home/pengyh/documents/ros2_ws/RobotAD/src/nuscenes_data_collector/include/nuscenes_data_collector/nuscenes_data_collector.hpp:728:10:[m[K [01;36m[Knote: [m[Kcandidate: ‚Äò[01m[Kvoid NuScenesDataCollector::sample_recorder(std::string, uint64_t, std::string)[m[K‚Äô
[4.254s]   728 |     void [01;36m[Ksample_recorder[m[K(std::string sample_scene_recoder_name, uint64_t timestamp, std::string sample_token){
[4.254s]       |          [01;36m[K^~~~~~~~~~~~~~~[m[K
[4.255s] [01m[K/home/pengyh/documents/ros2_ws/RobotAD/src/nuscenes_data_collector/include/nuscenes_data_collector/nuscenes_data_collector.hpp:728:10:[m[K [01;36m[Knote: [m[K  candidate expects 3 arguments, 2 provided
[7.011s] gmake[2]: *** [CMakeFiles/nuscenes_data_collector_node.dir/build.make:76: CMakeFiles/nuscenes_data_collector_node.dir/src/nuscenes_data_collector.cpp.o] Error 1
[7.011s] gmake[1]: *** [CMakeFiles/Makefile2:139: CMakeFiles/nuscenes_data_collector_node.dir/all] Error 2
[7.011s] gmake: *** [Makefile:146: all] Error 2
[7.013s] Invoked command in '/home/pengyh/documents/ros2_ws/RobotAD/build/nuscenes_data_collector' returned '2': CMAKE_PREFIX_PATH=${CMAKE_PREFIX_PATH}:/opt/ros/humble /usr/bin/cmake --build /home/pengyh/documents/ros2_ws/RobotAD/build/nuscenes_data_collector -- -j24 -l24
