[0.021s] Invoking command in '/home/pengyh/documents/ros2_ws/RobotAD/build/nuscenes_data_collector': CMAKE_PREFIX_PATH=${CMAKE_PREFIX_PATH}:/opt/ros/humble /usr/bin/cmake --build /home/pengyh/documents/ros2_ws/RobotAD/build/nuscenes_data_collector -- -j24 -l24
[0.056s] [35m[1mConsolidate compiler generated dependencies of target nuscenes_data_collector_node[0m
[0.074s] [ 50%] Built target nuscenes_data_collector_issac_node
[0.079s] [ 75%] [32mBuilding CXX object CMakeFiles/nuscenes_data_collector_node.dir/src/nuscenes_data_collector.cpp.o[0m
[3.626s] In file included from [01m[K/home/pengyh/documents/ros2_ws/RobotAD/src/nuscenes_data_collector/src/nuscenes_data_collector.cpp:1[m[K:
[3.626s] [01m[K/home/pengyh/documents/ros2_ws/RobotAD/src/nuscenes_data_collector/include/nuscenes_data_collector/nuscenes_data_collector.hpp:[m[K In member function â€˜[01m[Kvoid NuScenesDataCollector::capture_image_callback()[m[Kâ€™:
[3.626s] [01m[K/home/pengyh/documents/ros2_ws/RobotAD/src/nuscenes_data_collector/include/nuscenes_data_collector/nuscenes_data_collector.hpp:284:67:[m[K [01;31m[Kerror: [m[Klvalue required as unary â€˜[01m[K&[m[Kâ€™ operand
[3.626s]   284 | ::async(std::launch::async, &[01;31m[Kthis[m[K::process_camera_image, this, camera_name));
[3.626s]       |                              [01;31m[K^~~~[m[K
[3.626s] 
[6.753s] gmake[2]: *** [CMakeFiles/nuscenes_data_collector_node.dir/build.make:76: CMakeFiles/nuscenes_data_collector_node.dir/src/nuscenes_data_collector.cpp.o] Error 1
[6.753s] gmake[1]: *** [CMakeFiles/Makefile2:139: CMakeFiles/nuscenes_data_collector_node.dir/all] Error 2
[6.753s] gmake: *** [Makefile:146: all] Error 2
[6.755s] Invoked command in '/home/pengyh/documents/ros2_ws/RobotAD/build/nuscenes_data_collector' returned '2': CMAKE_PREFIX_PATH=${CMAKE_PREFIX_PATH}:/opt/ros/humble /usr/bin/cmake --build /home/pengyh/documents/ros2_ws/RobotAD/build/nuscenes_data_collector -- -j24 -l24
