[0.020s] Invoking command in '/home/pengyh/documents/ros2_ws/RobotAD/build/nuscenes_data_collector': CMAKE_PREFIX_PATH=${CMAKE_PREFIX_PATH}:/opt/ros/humble /usr/bin/cmake --build /home/pengyh/documents/ros2_ws/RobotAD/build/nuscenes_data_collector -- -j24 -l24
[0.058s] [35m[1mConsolidate compiler generated dependencies of target nuscenes_data_collector_node[0m
[0.077s] [ 50%] Built target nuscenes_data_collector_issac_node
[0.081s] [ 75%] [32mBuilding CXX object CMakeFiles/nuscenes_data_collector_node.dir/src/nuscenes_data_collector.cpp.o[0m
[3.714s] In file included from [01m[K/home/pengyh/documents/ros2_ws/RobotAD/src/nuscenes_data_collector/src/nuscenes_data_collector.cpp:1[m[K:
[3.715s] [01m[K/home/pengyh/documents/ros2_ws/RobotAD/src/nuscenes_data_collector/include/nuscenes_data_collector/nuscenes_data_collector.hpp:[m[K In member function â€˜[01m[Kvoid NuScenesDataCollector::capture_image_callback()[m[Kâ€™:
[3.715s] [01m[K/home/pengyh/documents/ros2_ws/RobotAD/src/nuscenes_data_collector/include/nuscenes_data_collector/nuscenes_data_collector.hpp:281:45:[m[K [01;31m[Kerror: [m[Kâ€˜[01m[Kclass std::shared_ptr<UsbCameraBridge>[m[Kâ€™ has no member named â€˜[01m[Kcapture_frame[m[Kâ€™
[3.715s]   281 | success = usb_cameras_.[01;31m[Kcapture_frame[m[K(camera_name, frame_data);
[3.715s]       |                        [01;31m[K^~~~~~~~~~~~~[m[K
[3.715s] 
[6.807s] gmake[2]: *** [CMakeFiles/nuscenes_data_collector_node.dir/build.make:76: CMakeFiles/nuscenes_data_collector_node.dir/src/nuscenes_data_collector.cpp.o] Error 1
[6.807s] gmake[1]: *** [CMakeFiles/Makefile2:139: CMakeFiles/nuscenes_data_collector_node.dir/all] Error 2
[6.808s] gmake: *** [Makefile:146: all] Error 2
[6.810s] Invoked command in '/home/pengyh/documents/ros2_ws/RobotAD/build/nuscenes_data_collector' returned '2': CMAKE_PREFIX_PATH=${CMAKE_PREFIX_PATH}:/opt/ros/humble /usr/bin/cmake --build /home/pengyh/documents/ros2_ws/RobotAD/build/nuscenes_data_collector -- -j24 -l24
