[0.039s] Invoking command in '/home/future/Documents/pengyh/RobotAD_ws/build/diff_control': CMAKE_PREFIX_PATH=${CMAKE_PREFIX_PATH}:/opt/ros/humble /usr/bin/cmake --build /home/future/Documents/pengyh/RobotAD_ws/build/diff_control -- -j24 -l24
[0.084s] [ 50%] [32mBuilding CXX object CMakeFiles/diff_control.dir/hardware/diffbot_system.cpp.o[0m
[1.377s] In file included from [01m[K/home/future/Documents/pengyh/RobotAD_ws/src/diff_control/hardware/include/diff_control/diffbot_system.hpp:35[m[K,
[1.377s]                  from [01m[K/home/future/Documents/pengyh/RobotAD_ws/src/diff_control/hardware/diffbot_system.cpp:15[m[K:
[1.377s] [01m[K/home/future/Documents/pengyh/RobotAD_ws/src/diff_control/hardware/include/diff_control/serial_bridge.hpp:90:9:[m[K [01;31m[Kerror: [m[K‘[01m[Kserial[m[K’ does not name a type
[1.377s]    90 |         [01;31m[Kserial[m[K::Serial serial_port_;  // 串口对象
[1.377s]       |         [01;31m[K^~~~~~[m[K
[1.382s] [01m[K/home/future/Documents/pengyh/RobotAD_ws/src/diff_control/hardware/include/diff_control/serial_bridge.hpp:[m[K In constructor ‘[01m[KSerialBridge::SerialBridge()[m[K’:
[1.382s] [01m[K/home/future/Documents/pengyh/RobotAD_ws/src/diff_control/hardware/include/diff_control/serial_bridge.hpp:20:9:[m[K [01;31m[Kerror: [m[K‘[01m[Kserial_port_[m[K’ was not declared in this scope
[1.382s]    20 |         [01;31m[Kserial_port_[m[K.setPort("/dev/motor");  // 替换为你的串口设备路径
[1.382s]       |         [01;31m[K^~~~~~~~~~~~[m[K
[1.382s] [01m[K/home/future/Documents/pengyh/RobotAD_ws/src/diff_control/hardware/include/diff_control/serial_bridge.hpp:22:9:[m[K [01;31m[Kerror: [m[K‘[01m[Kserial[m[K’ has not been declared
[1.382s]    22 |         [01;31m[Kserial[m[K::Timeout timeout = serial::Timeout::simpleTimeout(50);  // 创建 Timeout 对象,每次串口读写操作的最大等待时间。如果在此时间内没有成功读取或写入数据，操作就会超时。
[1.382s]       |         [01;31m[K^~~~~~[m[K
[1.382s] [01m[K/home/future/Documents/pengyh/RobotAD_ws/src/diff_control/hardware/include/diff_control/serial_bridge.hpp:23:33:[m[K [01;31m[Kerror: [m[K‘[01m[Ktimeout[m[K’ was not declared in this scope
[1.382s]    23 | tTimeout([01;31m[Ktimeout[m[K);  // 将其传给 setTimeout
[1.382s]       |          [01;31m[K^~~~~~~[m[K
[1.382s] 
[1.382s] [01m[K/home/future/Documents/pengyh/RobotAD_ws/src/diff_control/hardware/include/diff_control/serial_bridge.hpp:23:33:[m[K [01;36m[Knote: [m[Ksuggested alternatives:
[1.383s] In file included from [01m[K/opt/ros/humble/include/rclcpp/rclcpp/executors.hpp:18[m[K,
[1.383s]                  from [01m[K/opt/ros/humble/include/rclcpp/rclcpp/rclcpp.hpp:155[m[K,
[1.383s]                  from [01m[K/home/future/Documents/pengyh/RobotAD_ws/src/diff_control/hardware/include/diff_control/diffbot_system.hpp:30[m[K:
[1.383s] [01m[K/usr/include/c++/12/future:187:5:[m[K [01;36m[Knote: [m[K  ‘[01m[Kstd::future_status::timeout[m[K’
[1.383s]   187 |     [01;36m[Ktimeout[m[K,
[1.383s]       |     [01;36m[K^~~~~~~[m[K
[1.383s] In file included from [01m[K/opt/ros/humble/include/rclcpp/rclcpp/context.hpp:18[m[K,
[1.383s]                  from [01m[K/opt/ros/humble/include/rclcpp/rclcpp/contexts/default_context.hpp:18[m[K,
[1.383s]                  from [01m[K/opt/ros/humble/include/rclcpp/rclcpp/clock.hpp:22[m[K,
[1.383s]                  from [01m[K/home/future/Documents/pengyh/RobotAD_ws/src/diff_control/hardware/include/diff_control/diffbot_system.hpp:26[m[K:
[1.383s] [01m[K/usr/include/c++/12/condition_variable:64:38:[m[K [01;36m[Knote: [m[K  ‘[01m[Kstd::cv_status::timeout[m[K’
[1.383s]    64 | _timeout, [01;36m[Ktimeout[m[K };
[1.383s]       |           [01;36m[K^~~~~~~[m[K
[1.383s] 
[2.956s] gmake[2]: *** [CMakeFiles/diff_control.dir/build.make:76: CMakeFiles/diff_control.dir/hardware/diffbot_system.cpp.o] Error 1
[2.956s] gmake[1]: *** [CMakeFiles/Makefile2:137: CMakeFiles/diff_control.dir/all] Error 2
[2.956s] gmake: *** [Makefile:146: all] Error 2
[2.958s] Invoked command in '/home/future/Documents/pengyh/RobotAD_ws/build/diff_control' returned '2': CMAKE_PREFIX_PATH=${CMAKE_PREFIX_PATH}:/opt/ros/humble /usr/bin/cmake --build /home/future/Documents/pengyh/RobotAD_ws/build/diff_control -- -j24 -l24
