In file included from [01m[K/home/future/Documents/pengyh/RobotAD_ws/src/diff_control/hardware/include/diff_control/diffbot_system.hpp:35[m[K,
                 from [01m[K/home/future/Documents/pengyh/RobotAD_ws/src/diff_control/hardware/diffbot_system.cpp:15[m[K:
[01m[K/home/future/Documents/pengyh/RobotAD_ws/src/diff_control/hardware/include/diff_control/serial_bridge.hpp:[m[K In member function â€˜[01m[Kstd::tuple<double, double> SerialBridge::read_motor_vel()[m[Kâ€™:
[01m[K/home/future/Documents/pengyh/RobotAD_ws/src/diff_control/hardware/include/diff_control/serial_bridge.hpp:93:21:[m[K [01;31m[Kerror: [m[Kexpected primary-expression before â€˜[01m[Kauto[m[Kâ€™
   93 |          [01;31m[Kauto[m[K msg = robot_hardware::msg::MotorData();
      |          [01;31m[K^~~~[m[K

[01m[K/home/future/Documents/pengyh/RobotAD_ws/src/diff_control/hardware/include/diff_control/serial_bridge.hpp:100:47:[m[K [01;31m[Kerror: [m[Kâ€˜[01m[Kneg_flag2[m[Kâ€™ was not declared in this scope; did you mean â€˜[01m[Kneg_flag_r[m[Kâ€™?
  100 | eg_flag = [01;31m[Kneg_flag2[m[K;
      |           [01;31m[K^~~~~~~~~[m[K
      |           [32m[Kneg_flag_r[m[K
gmake[2]: *** [CMakeFiles/diff_control.dir/build.make:76: CMakeFiles/diff_control.dir/hardware/diffbot_system.cpp.o] Error 1
gmake[1]: *** [CMakeFiles/Makefile2:137: CMakeFiles/diff_control.dir/all] Error 2
gmake: *** [Makefile:146: all] Error 2
