[0.022s] Invoking command in '/home/future/Documents/pengyh/RobotAD_ws/build/diff_control': CMAKE_PREFIX_PATH=${CMAKE_PREFIX_PATH}:/opt/ros/humble /usr/bin/cmake --build /home/future/Documents/pengyh/RobotAD_ws/build/diff_control -- -j24 -l24
[0.059s] [ 50%] [32mBuilding CXX object CMakeFiles/diff_control.dir/hardware/diffbot_system.cpp.o[0m
[1.386s] In file included from [01m[K/home/future/Documents/pengyh/RobotAD_ws/src/diff_control/hardware/include/diff_control/diffbot_system.hpp:35[m[K,
[1.386s]                  from [01m[K/home/future/Documents/pengyh/RobotAD_ws/src/diff_control/hardware/diffbot_system.cpp:15[m[K:
[1.386s] [01m[K/home/future/Documents/pengyh/RobotAD_ws/src/diff_control/hardware/include/diff_control/serial_bridge.hpp:14:37:[m[K [01;31m[Kerror: [m[Kâ€˜[01m[Khardware_interface::return_type SerialBridgeHardware::configure(const hardware_interface::HardwareInfo&)[m[Kâ€™ marked â€˜[01m[Koverride[m[Kâ€™, but does not override
[1.386s]    14 | urn_type [01;31m[Kconfigure[m[K(const hardware_interface::HardwareInfo &info) override
[1.386s]       |          [01;31m[K^~~~~~~~~[m[K
[1.386s] 
[1.386s] [01m[K/home/future/Documents/pengyh/RobotAD_ws/src/diff_control/hardware/include/diff_control/serial_bridge.hpp:22:37:[m[K [01;31m[Kerror: [m[Kâ€˜[01m[Khardware_interface::return_type SerialBridgeHardware::start()[m[Kâ€™ marked â€˜[01m[Koverride[m[Kâ€™, but does not override
[1.386s]    22 | urn_type [01;31m[Kstart[m[K() override
[1.386s]       |          [01;31m[K^~~~~[m[K
[1.386s] 
[1.386s] [01m[K/home/future/Documents/pengyh/RobotAD_ws/src/diff_control/hardware/include/diff_control/serial_bridge.hpp:28:37:[m[K [01;31m[Kerror: [m[Kâ€˜[01m[Khardware_interface::return_type SerialBridgeHardware::stop()[m[Kâ€™ marked â€˜[01m[Koverride[m[Kâ€™, but does not override
[1.386s]    28 | urn_type [01;31m[Kstop[m[K() override
[1.386s]       |          [01;31m[K^~~~[m[K
[1.386s] 
[1.386s] [01m[K/home/future/Documents/pengyh/RobotAD_ws/src/diff_control/hardware/include/diff_control/serial_bridge.hpp:34:37:[m[K [01;31m[Kerror: [m[Kâ€˜[01m[Khardware_interface::return_type SerialBridgeHardware::read()[m[Kâ€™ marked â€˜[01m[Koverride[m[Kâ€™, but does not override
[1.386s]    34 | urn_type [01;31m[Kread[m[K() override
[1.386s]       |          [01;31m[K^~~~[m[K
[1.386s] 
[1.386s] [01m[K/home/future/Documents/pengyh/RobotAD_ws/src/diff_control/hardware/include/diff_control/serial_bridge.hpp:42:37:[m[K [01;31m[Kerror: [m[Kâ€˜[01m[Khardware_interface::return_type SerialBridgeHardware::write()[m[Kâ€™ marked â€˜[01m[Koverride[m[Kâ€™, but does not override
[1.386s]    42 | urn_type [01;31m[Kwrite[m[K() override
[1.386s]       |          [01;31m[K^~~~~[m[K
[1.386s] 
[1.386s] [01m[K/home/future/Documents/pengyh/RobotAD_ws/src/diff_control/hardware/include/diff_control/serial_bridge.hpp:[m[K In constructor â€˜[01m[KSerialBridgeHardware::SerialBridgeHardware()[m[Kâ€™:
[1.386s] [01m[K/home/future/Documents/pengyh/RobotAD_ws/src/diff_control/hardware/include/diff_control/serial_bridge.hpp:10:45:[m[K [01;31m[Kerror: [m[Kno matching function for call to â€˜[01m[Khardware_interface::SystemInterface::SystemInterface(const char [21])[m[Kâ€™
[1.386s]    10 | lBridgeHardware"[01;31m[K)[m[K {}
[1.387s]       |                 [01;31m[K^[m[K
[1.387s] 
[1.387s] In file included from [01m[K/home/future/Documents/pengyh/RobotAD_ws/src/diff_control/hardware/include/diff_control/diffbot_system.hpp:24[m[K:
[1.387s] [01m[K/opt/ros/humble/include/hardware_interface/system_interface.hpp:88:3:[m[K [01;36m[Knote: [m[Kcandidate: â€˜[01m[Khardware_interface::SystemInterface::SystemInterface(hardware_interface::SystemInterface&&)[m[Kâ€™
[1.387s]    88 |   [01;36m[KSystemInterface[m[K(SystemInterface && other) = default;
[1.387s]       |   [01;36m[K^~~~~~~~~~~~~~~[m[K
[1.387s] [01m[K/opt/ros/humble/include/hardware_interface/system_interface.hpp:88:38:[m[K [01;36m[Knote: [m[K  no known conversion for argument 1 from â€˜[01m[Kconst char [21][m[Kâ€™ to â€˜[01m[Khardware_interface::SystemInterface&&[m[Kâ€™
[1.387s]    88 | [01;36m[Krface && other[m[K) = default;
[1.387s]       | [01;36m[K~~~~~~~~~^~~~~[m[K
[1.387s] 
[1.387s] [01m[K/opt/ros/humble/include/hardware_interface/system_interface.hpp:75:3:[m[K [01;36m[Knote: [m[Kcandidate: â€˜[01m[Khardware_interface::SystemInterface::SystemInterface()[m[Kâ€™
[1.387s]    75 |   [01;36m[KSystemInterface[m[K()
[1.387s]       |   [01;36m[K^~~~~~~~~~~~~~~[m[K
[1.387s] [01m[K/opt/ros/humble/include/hardware_interface/system_interface.hpp:75:3:[m[K [01;36m[Knote: [m[K  candidate expects 0 arguments, 1 provided
[1.387s] [01m[K/home/future/Documents/pengyh/RobotAD_ws/src/diff_control/hardware/include/diff_control/serial_bridge.hpp:[m[K In member function â€˜[01m[Khardware_interface::return_type SerialBridgeHardware::configure(const hardware_interface::HardwareInfo&)[m[Kâ€™:
[1.387s] [01m[K/home/future/Documents/pengyh/RobotAD_ws/src/diff_control/hardware/include/diff_control/serial_bridge.hpp:14:87:[m[K [01;35m[Kwarning: [m[Kunused parameter â€˜[01m[Kinfo[m[Kâ€™ [[01;35m[K]8;;https://gcc.gnu.org/onlinedocs/gcc/Warning-Options.html#index-Wunused-parameter-Wunused-parameter]8;;[m[K]
[1.387s]    14 | [01;35m[KareInfo &info[m[K) override
[1.387s]       | [01;35m[K~~~~~~~~~^~~~[m[K
[1.387s] 
[1.392s] [01m[K/home/future/Documents/pengyh/RobotAD_ws/src/diff_control/hardware/include/diff_control/serial_bridge.hpp:[m[K In member function â€˜[01m[Khardware_interface::return_type SerialBridgeHardware::write()[m[Kâ€™:
[1.392s] [01m[K/home/future/Documents/pengyh/RobotAD_ws/src/diff_control/hardware/include/diff_control/serial_bridge.hpp:48:9:[m[K [01;31m[Kerror: [m[Kâ€˜[01m[Kexpect_speed_pub_[m[Kâ€™ was not declared in this scope
[1.392s]    48 |         [01;31m[Kexpect_speed_pub_[m[K->publish(msg);
[1.392s]       |         [01;31m[K^~~~~~~~~~~~~~~~~[m[K
[1.402s] [01m[K/home/future/Documents/pengyh/RobotAD_ws/src/diff_control/hardware/include/diff_control/diffbot_system.hpp:[m[K At global scope:
[1.402s] [01m[K/home/future/Documents/pengyh/RobotAD_ws/src/diff_control/hardware/include/diff_control/diffbot_system.hpp:105:25:[m[K [01;31m[Kerror: [m[Kâ€˜[01m[KSerialBridge[m[Kâ€™ was not declared in this scope
[1.402s]   105 | ared_ptr<[01;31m[KSerialBridge[m[K> serial_bridge_p_ = std::make_shared<SerialBridge>();
[1.403s]       |          [01;31m[K^~~~~~~~~~~~[m[K
[1.403s] 
[1.403s] [01m[K/home/future/Documents/pengyh/RobotAD_ws/src/diff_control/hardware/include/diff_control/diffbot_system.hpp:105:37:[m[K [01;31m[Kerror: [m[Ktemplate argument 1 is invalid
[1.403s]   105 | ialBridge[01;31m[K>[m[K serial_bridge_p_ = std::make_shared<SerialBridge>();
[1.403s]       |          [01;31m[K^[m[K
[1.403s] 
[1.407s] [01m[K/home/future/Documents/pengyh/RobotAD_ws/src/diff_control/hardware/include/diff_control/diffbot_system.hpp:105:75:[m[K [01;31m[Kerror: [m[Kâ€˜[01m[KSerialBridge[m[Kâ€™ was not declared in this scope; did you mean â€˜[01m[Kserial_bridge_p_[m[Kâ€™?
[1.407s]   105 | e_shared<[01;31m[KSerialBridge[m[K>();
[1.407s]       |          [01;31m[K^~~~~~~~~~~~[m[K
[1.407s]       |          [32m[Kserial_bridge_p_[m[K
[1.407s] [01m[K/home/future/Documents/pengyh/RobotAD_ws/src/diff_control/hardware/include/diff_control/diffbot_system.hpp:105:88:[m[K [01;31m[Kerror: [m[Kno matching function for call to â€˜[01m[Kmake_shared<<expression error> >()[m[Kâ€™
[1.407s]   105 | [01;31m[Kred<SerialBridge>()[m[K;
[1.407s]       | [01;31m[K~~~~~~~~~~~~~~~~~^~[m[K
[1.407s] 
[1.407s] In file included from [01m[K/usr/include/c++/12/memory:76[m[K,
[1.407s]                  from [01m[K/home/future/Documents/pengyh/RobotAD_ws/src/diff_control/hardware/include/diff_control/diffbot_system.hpp:18[m[K:
[1.407s] [01m[K/usr/include/c++/12/bits/shared_ptr.h:1005:5:[m[K [01;36m[Knote: [m[Kcandidate: â€˜[01m[Ktemplate<class _Tp, class ... _Args> std::shared_ptr<typename std::enable_if<(! std::is_array< <template-parameter-1-1> >::value), _Tp>::type> std::make_shared(_Args&& ...)[m[Kâ€™
[1.407s]  1005 |     [01;36m[Kmake_shared[m[K(_Args&&... __args)
[1.407s]       |     [01;36m[K^~~~~~~~~~~[m[K
[1.407s] [01m[K/usr/include/c++/12/bits/shared_ptr.h:1005:5:[m[K [01;36m[Knote: [m[K  template argument deduction/substitution failed:
[1.407s] [01m[K/home/future/Documents/pengyh/RobotAD_ws/src/diff_control/hardware/include/diff_control/diffbot_system.hpp:105:88:[m[K [01;31m[Kerror: [m[Ktemplate argument 1 is invalid
[1.407s]   105 | [01;31m[Kred<SerialBridge>()[m[K;
[1.407s]       | [01;31m[K~~~~~~~~~~~~~~~~~^~[m[K
[1.407s] 
[1.409s] [01m[K/home/future/Documents/pengyh/RobotAD_ws/src/diff_control/hardware/diffbot_system.cpp:[m[K In member function â€˜[01m[Kvirtual hardware_interface::CallbackReturn diff_control::DiffBotSystemHardware::on_init(const hardware_interface::HardwareInfo&)[m[Kâ€™:
[1.409s] [01m[K/home/future/Documents/pengyh/RobotAD_ws/src/diff_control/hardware/diffbot_system.cpp:56:25:[m[K [01;31m[Kerror: [m[Kbase operand of â€˜[01m[K->[m[Kâ€™ is not a pointer
[1.409s]    56 | bridge_p_[01;31m[K->[m[Ksetup(cfg_.wheel_radius);
[1.409s]       |          [01;31m[K^~[m[K
[1.409s] 
[1.418s] [01m[K/home/future/Documents/pengyh/RobotAD_ws/src/diff_control/hardware/diffbot_system.cpp:[m[K In member function â€˜[01m[Kvirtual hardware_interface::return_type diff_control::DiffBotSystemHardware::read(const rclcpp::Time&, const rclcpp::Duration&)[m[Kâ€™:
[1.418s] [01m[K/home/future/Documents/pengyh/RobotAD_ws/src/diff_control/hardware/diffbot_system.cpp:198:47:[m[K [01;31m[Kerror: [m[Kbase operand of â€˜[01m[K->[m[Kâ€™ is not a pointer
[1.418s]   198 | bridge_p_[01;31m[K->[m[Kread_motor_vel();
[1.418s]       |          [01;31m[K^~[m[K
[1.418s] 
[1.418s] [01m[K/home/future/Documents/pengyh/RobotAD_ws/src/diff_control/hardware/diffbot_system.cpp:[m[K In member function â€˜[01m[Kvirtual hardware_interface::return_type diff_control::DiffBotSystemHardware::write(const rclcpp::Time&, const rclcpp::Duration&)[m[Kâ€™:
[1.418s] [01m[K/home/future/Documents/pengyh/RobotAD_ws/src/diff_control/hardware/diffbot_system.cpp:210:25:[m[K [01;31m[Kerror: [m[Kbase operand of â€˜[01m[K->[m[Kâ€™ is not a pointer
[1.418s]   210 | bridge_p_[01;31m[K->[m[Kset_motor_vel(wheel_l_.ex_vel_, wheel_r_.ex_vel_);
[1.418s]       |          [01;31m[K^~[m[K
[1.418s] 
[1.785s] gmake[2]: *** [CMakeFiles/diff_control.dir/build.make:76: CMakeFiles/diff_control.dir/hardware/diffbot_system.cpp.o] Error 1
[1.785s] gmake[1]: *** [CMakeFiles/Makefile2:137: CMakeFiles/diff_control.dir/all] Error 2
[1.785s] gmake: *** [Makefile:146: all] Error 2
[1.787s] Invoked command in '/home/future/Documents/pengyh/RobotAD_ws/build/diff_control' returned '2': CMAKE_PREFIX_PATH=${CMAKE_PREFIX_PATH}:/opt/ros/humble /usr/bin/cmake --build /home/future/Documents/pengyh/RobotAD_ws/build/diff_control -- -j24 -l24
