[0.007s] Invoking command in '/home/future/Documents/pengyh/RobotAD_ws/build/serial_comm': CMAKE_PREFIX_PATH=/home/future/Documents/pengyh/RobotAD_ws/install/robot_hardware:/home/future/Documents/pengyh/RobotAD_ws/install/usb_camera:/home/future/Documents/pengyh/RobotAD_ws/install/serial_comm:/home/future/Documents/pengyh/RobotAD_ws/install/rslidar_sdk:/home/future/Documents/pengyh/RobotAD_ws/install/rslidar_msg:/home/future/Documents/pengyh/RobotAD_ws/install/robot_locate:/home/future/Documents/pengyh/RobotAD_ws/install/pointcloud_to_laserscan:/home/future/Documents/pengyh/RobotAD_ws/install/miiboo_imu:/home/future/Documents/pengyh/RobotAD_ws/install/keyboard_control:/home/future/Documents/pengyh/RobotAD_ws/install/diff_control:/home/future/Documents/VIW-FUSION/install/vins:/home/future/Documents/VIW-FUSION/install/loop_fusion:/home/future/Documents/VIW-FUSION/install/global_fusion:/home/future/Documents/VIW-FUSION/install/camera_models:/home/future/Documents/people_tracker/install/people_msgs:/home/future/Documents/people_tracker/install/leg_tracker_ros2:/home/future/Documents/Navigation/interface_ws/install/nav_interfaces:/opt/ros/humble LD_LIBRARY_PATH=/home/future/Documents/pengyh/RobotAD_ws/install/robot_hardware/lib:/home/future/Documents/pengyh/RobotAD_ws/install/rslidar_msg/lib:/home/future/Documents/pengyh/RobotAD_ws/install/pointcloud_to_laserscan/lib:/home/future/Documents/pengyh/RobotAD_ws/install/diff_control/lib:/home/future/Documents/VIW-FUSION/install/camera_models/lib:/home/future/Documents/people_tracker/install/people_msgs/lib:/home/future/Documents/people_tracker/install/leg_tracker_ros2/lib:/home/future/Documents/Navigation/interface_ws/install/nav_interfaces/lib:/usr/lib/x86_64-linux-gnu/gazebo-11/plugins:/opt/ros/humble/opt/rviz_ogre_vendor/lib:/opt/ros/humble/lib/x86_64-linux-gnu:/opt/ros/humble/lib:/usr/local/lib:/usr/local/lib /usr/bin/cmake --build /home/future/Documents/pengyh/RobotAD_ws/build/serial_comm -- -j24 -l24
[0.033s] [35m[1mConsolidate compiler generated dependencies of target serial_node[0m
[0.044s] [ 50%] [32mBuilding CXX object CMakeFiles/serial_node.dir/src/serial_node.cpp.o[0m
[1.270s] [01m[K/home/future/Documents/pengyh/RobotAD_ws/src/serial_comm/src/serial_node.cpp:[m[K In member function â€˜[01m[Kvoid SerialNode::expect_speed_sub_callback(robot_hardware::msg::MotorData_<std::allocator<void> >::SharedPtr)[m[Kâ€™:
[1.270s] [01m[K/home/future/Documents/pengyh/RobotAD_ws/src/serial_comm/src/serial_node.cpp:115:26:[m[K [01;31m[Kerror: [m[Kdeclaration of â€˜[01m[Kauto msg[m[Kâ€™ shadows a parameter
[1.270s]   115 |     auto [01;31m[Kmsg[m[K = robot_hardware::msg::MotorData();
[1.270s]       |          [01;31m[K^~~[m[K
[1.270s] 
[1.270s] [01m[K/home/future/Documents/pengyh/RobotAD_ws/src/serial_comm/src/serial_node.cpp:95:84:[m[K [01;36m[Knote: [m[Kâ€˜[01m[Kconst robot_hardware::msg::MotorData_<std::allocator<void> >::SharedPtr msg[m[Kâ€™ previously declared here
[1.270s]    95 | [01;36m[KData::SharedPtr msg[m[K)
[1.270s]       | [01;36m[K~~~~~~~~~~~~~~~~^~~[m[K
[1.270s] 
[1.273s] [01m[K/home/future/Documents/pengyh/RobotAD_ws/src/serial_comm/src/serial_node.cpp:116:47:[m[K [01;31m[Kerror: [m[Kâ€˜[01m[Kspeed_l[m[Kâ€™ was not declared in this scope
[1.273s]   116 | speed_rpm = [01;31m[Kspeed_l[m[K;
[1.274s]       |             [01;31m[K^~~~~~~[m[K
[1.274s] 
[1.277s] [01m[K/home/future/Documents/pengyh/RobotAD_ws/src/serial_comm/src/serial_node.cpp:117:48:[m[K [01;31m[Kerror: [m[Kâ€˜[01m[Kspeed_r[m[Kâ€™ was not declared in this scope
[1.277s]   117 | speed_rpm = [01;31m[Kspeed_r[m[K;
[1.277s]       |             [01;31m[K^~~~~~~[m[K
[1.277s] 
[1.280s] [01m[K/home/future/Documents/pengyh/RobotAD_ws/src/serial_comm/src/serial_node.cpp:118:46:[m[K [01;31m[Kerror: [m[Kâ€˜[01m[Kneg_flag1[m[Kâ€™ was not declared in this scope
[1.281s]   118 | eg_flag = [01;31m[Kneg_flag1[m[K;
[1.281s]       |           [01;31m[K^~~~~~~~~[m[K
[1.281s] 
[1.284s] [01m[K/home/future/Documents/pengyh/RobotAD_ws/src/serial_comm/src/serial_node.cpp:119:47:[m[K [01;31m[Kerror: [m[Kâ€˜[01m[Kneg_flag2[m[Kâ€™ was not declared in this scope
[1.284s]   119 | eg_flag = [01;31m[Kneg_flag2[m[K;
[1.284s]       |           [01;31m[K^~~~~~~~~[m[K
[1.284s] 
[2.744s] gmake[2]: *** [CMakeFiles/serial_node.dir/build.make:76: CMakeFiles/serial_node.dir/src/serial_node.cpp.o] Error 1
[2.744s] gmake[1]: *** [CMakeFiles/Makefile2:137: CMakeFiles/serial_node.dir/all] Error 2
[2.745s] gmake: *** [Makefile:146: all] Error 2
[2.747s] Invoked command in '/home/future/Documents/pengyh/RobotAD_ws/build/serial_comm' returned '2': CMAKE_PREFIX_PATH=/home/future/Documents/pengyh/RobotAD_ws/install/robot_hardware:/home/future/Documents/pengyh/RobotAD_ws/install/usb_camera:/home/future/Documents/pengyh/RobotAD_ws/install/serial_comm:/home/future/Documents/pengyh/RobotAD_ws/install/rslidar_sdk:/home/future/Documents/pengyh/RobotAD_ws/install/rslidar_msg:/home/future/Documents/pengyh/RobotAD_ws/install/robot_locate:/home/future/Documents/pengyh/RobotAD_ws/install/pointcloud_to_laserscan:/home/future/Documents/pengyh/RobotAD_ws/install/miiboo_imu:/home/future/Documents/pengyh/RobotAD_ws/install/keyboard_control:/home/future/Documents/pengyh/RobotAD_ws/install/diff_control:/home/future/Documents/VIW-FUSION/install/vins:/home/future/Documents/VIW-FUSION/install/loop_fusion:/home/future/Documents/VIW-FUSION/install/global_fusion:/home/future/Documents/VIW-FUSION/install/camera_models:/home/future/Documents/people_tracker/install/people_msgs:/home/future/Documents/people_tracker/install/leg_tracker_ros2:/home/future/Documents/Navigation/interface_ws/install/nav_interfaces:/opt/ros/humble LD_LIBRARY_PATH=/home/future/Documents/pengyh/RobotAD_ws/install/robot_hardware/lib:/home/future/Documents/pengyh/RobotAD_ws/install/rslidar_msg/lib:/home/future/Documents/pengyh/RobotAD_ws/install/pointcloud_to_laserscan/lib:/home/future/Documents/pengyh/RobotAD_ws/install/diff_control/lib:/home/future/Documents/VIW-FUSION/install/camera_models/lib:/home/future/Documents/people_tracker/install/people_msgs/lib:/home/future/Documents/people_tracker/install/leg_tracker_ros2/lib:/home/future/Documents/Navigation/interface_ws/install/nav_interfaces/lib:/usr/lib/x86_64-linux-gnu/gazebo-11/plugins:/opt/ros/humble/opt/rviz_ogre_vendor/lib:/opt/ros/humble/lib/x86_64-linux-gnu:/opt/ros/humble/lib:/usr/local/lib:/usr/local/lib /usr/bin/cmake --build /home/future/Documents/pengyh/RobotAD_ws/build/serial_comm -- -j24 -l24
