In file included from [01m[K/home/pengyh/documents/ros2_ws/RobotAD/src/nuscenes_data_collector/src/nuscenes_data_collector.cpp:1[m[K:
[01m[K/home/pengyh/documents/ros2_ws/RobotAD/src/nuscenes_data_collector/include/nuscenes_data_collector/nuscenes_data_collector.hpp:[m[K In constructor â€˜[01m[KNuScenesDataCollector::NuScenesDataCollector()[m[Kâ€™:
[01m[K/home/pengyh/documents/ros2_ws/RobotAD/src/nuscenes_data_collector/include/nuscenes_data_collector/nuscenes_data_collector.hpp:246:9:[m[K [01;31m[Kerror: [m[Kâ€˜[01m[Kcapture_image_timer_[m[Kâ€™ was not declared in this scope; did you mean â€˜[01m[Kcaptrue_image_timer_[m[Kâ€™?
  246 |         [01;31m[Kcapture_image_timer_[m[K = this->create_wall_timer(
      |         [01;31m[K^~~~~~~~~~~~~~~~~~~~[m[K
      |         [32m[Kcaptrue_image_timer_[m[K
[01m[K/home/pengyh/documents/ros2_ws/RobotAD/src/nuscenes_data_collector/include/nuscenes_data_collector/nuscenes_data_collector.hpp:[m[K In member function â€˜[01m[Kvoid NuScenesDataCollector::capture_image_callback()[m[Kâ€™:
[01m[K/home/pengyh/documents/ros2_ws/RobotAD/src/nuscenes_data_collector/include/nuscenes_data_collector/nuscenes_data_collector.hpp:281:32:[m[K [01;31m[Kerror: [m[Kâ€˜[01m[Kusb_cameras_[m[Kâ€™ was not declared in this scope
  281 |         bool success = [01;31m[Kusb_cameras_[m[K->capture_frame(camera_name, frame_data);
      |                        [01;31m[K^~~~~~~~~~~~[m[K

gmake[2]: *** [CMakeFiles/nuscenes_data_collector_node.dir/build.make:76: CMakeFiles/nuscenes_data_collector_node.dir/src/nuscenes_data_collector.cpp.o] Error 1
gmake[1]: *** [CMakeFiles/Makefile2:139: CMakeFiles/nuscenes_data_collector_node.dir/all] Error 2
gmake: *** [Makefile:146: all] Error 2
