[0.020s] Invoking command in '/home/pengyh/documents/ros2_ws/RobotAD/build/nuscenes_data_collector': CMAKE_PREFIX_PATH=${CMAKE_PREFIX_PATH}:/opt/ros/humble /usr/bin/cmake --build /home/pengyh/documents/ros2_ws/RobotAD/build/nuscenes_data_collector -- -j24 -l24
[0.048s] [35m[1mConsolidate compiler generated dependencies of target nuscenes_data_collector_node[0m
[0.070s] [ 50%] Built target nuscenes_data_collector_issac_node
[0.074s] [ 75%] [32mBuilding CXX object CMakeFiles/nuscenes_data_collector_node.dir/src/nuscenes_data_collector.cpp.o[0m
[3.718s] In file included from [01m[K/home/pengyh/documents/ros2_ws/RobotAD/src/nuscenes_data_collector/src/nuscenes_data_collector.cpp:1[m[K:
[3.718s] [01m[K/home/pengyh/documents/ros2_ws/RobotAD/src/nuscenes_data_collector/include/nuscenes_data_collector/nuscenes_data_collector.hpp:[m[K In constructor â€˜[01m[KNuScenesDataCollector::NuScenesDataCollector()[m[Kâ€™:
[3.718s] [01m[K/home/pengyh/documents/ros2_ws/RobotAD/src/nuscenes_data_collector/include/nuscenes_data_collector/nuscenes_data_collector.hpp:246:9:[m[K [01;31m[Kerror: [m[Kâ€˜[01m[Kcapture_image_timer_[m[Kâ€™ was not declared in this scope; did you mean â€˜[01m[Kcaptrue_image_timer_[m[Kâ€™?
[3.718s]   246 |         [01;31m[Kcapture_image_timer_[m[K = this->create_wall_timer(
[3.718s]       |         [01;31m[K^~~~~~~~~~~~~~~~~~~~[m[K
[3.718s]       |         [32m[Kcaptrue_image_timer_[m[K
[3.738s] [01m[K/home/pengyh/documents/ros2_ws/RobotAD/src/nuscenes_data_collector/include/nuscenes_data_collector/nuscenes_data_collector.hpp:[m[K In member function â€˜[01m[Kvoid NuScenesDataCollector::capture_image_callback()[m[Kâ€™:
[3.738s] [01m[K/home/pengyh/documents/ros2_ws/RobotAD/src/nuscenes_data_collector/include/nuscenes_data_collector/nuscenes_data_collector.hpp:281:32:[m[K [01;31m[Kerror: [m[Kâ€˜[01m[Kusb_cameras_[m[Kâ€™ was not declared in this scope
[3.738s]   281 |         bool success = [01;31m[Kusb_cameras_[m[K->capture_frame(camera_name, frame_data);
[3.738s]       |                        [01;31m[K^~~~~~~~~~~~[m[K
[3.738s] 
[6.919s] gmake[2]: *** [CMakeFiles/nuscenes_data_collector_node.dir/build.make:76: CMakeFiles/nuscenes_data_collector_node.dir/src/nuscenes_data_collector.cpp.o] Error 1
[6.919s] gmake[1]: *** [CMakeFiles/Makefile2:139: CMakeFiles/nuscenes_data_collector_node.dir/all] Error 2
[6.920s] gmake: *** [Makefile:146: all] Error 2
[6.921s] Invoked command in '/home/pengyh/documents/ros2_ws/RobotAD/build/nuscenes_data_collector' returned '2': CMAKE_PREFIX_PATH=${CMAKE_PREFIX_PATH}:/opt/ros/humble /usr/bin/cmake --build /home/pengyh/documents/ros2_ws/RobotAD/build/nuscenes_data_collector -- -j24 -l24
