In file included from [01m[K/home/pengyh/documents/ros2_ws/RobotAD/src/nuscenes_data_collector/src/nuscenes_data_collector.cpp:1[m[K:
[01m[K/home/pengyh/documents/ros2_ws/RobotAD/src/nuscenes_data_collector/include/nuscenes_data_collector/nuscenes_data_collector.hpp:[m[K In member function â€˜[01m[Kvoid NuScenesDataCollector::capture_image_callback()[m[Kâ€™:
[01m[K/home/pengyh/documents/ros2_ws/RobotAD/src/nuscenes_data_collector/include/nuscenes_data_collector/nuscenes_data_collector.hpp:281:49:[m[K [01;31m[Kerror: [m[Kâ€˜[01m[KMyClass[m[Kâ€™ has not been declared
  281 | c(std::launch::async, &[01;31m[KMyClass[m[K::capture_frame_async, this, camera_name);
      |                        [01;31m[K^~~~~~~[m[K

gmake[2]: *** [CMakeFiles/nuscenes_data_collector_node.dir/build.make:76: CMakeFiles/nuscenes_data_collector_node.dir/src/nuscenes_data_collector.cpp.o] Error 1
gmake[1]: *** [CMakeFiles/Makefile2:139: CMakeFiles/nuscenes_data_collector_node.dir/all] Error 2
gmake: *** [Makefile:146: all] Error 2
