[35m[1mConsolidate compiler generated dependencies of target diff_control[0m
[ 50%] [32mBuilding CXX object CMakeFiles/diff_control.dir/hardware/diffbot_system.cpp.o[0m
In file included from [01m[K/home/future/Documents/pengyh/RobotAD_ws/src/diff_control/hardware/include/diff_control/diffbot_system.hpp:35[m[K,
                 from [01m[K/home/future/Documents/pengyh/RobotAD_ws/src/diff_control/hardware/diffbot_system.cpp:15[m[K:
[01m[K/home/future/Documents/pengyh/RobotAD_ws/src/diff_control/hardware/include/diff_control/serial_bridge.hpp:[m[K In constructor ‚Äò[01m[KSerialBridge::SerialBridge()[m[K‚Äô:
[01m[K/home/future/Documents/pengyh/RobotAD_ws/src/diff_control/hardware/include/diff_control/serial_bridge.hpp:21:13:[m[K [01;31m[Kerror: [m[K‚Äò[01m[Kserial_port_[m[K‚Äô was not declared in this scope
   21 |          [01;31m[Kserial_port_[m[K.setPort("/dev/ttyUSB5");  // ÊõøÊç¢‰∏∫‰Ω†ÁöÑ‰∏≤Âè£ËÆæÂ§áË∑ØÂæÑ
      |          [01;31m[K^~~~~~~~~~~~[m[K

gmake[2]: *** [CMakeFiles/diff_control.dir/build.make:76: CMakeFiles/diff_control.dir/hardware/diffbot_system.cpp.o] Error 1
gmake[1]: *** [CMakeFiles/Makefile2:137: CMakeFiles/diff_control.dir/all] Error 2
gmake: *** [Makefile:146: all] Error 2
