[0.027s] Invoking command in '/home/future/Documents/pengyh/RobotAD_ws/build/diff_control': CMAKE_PREFIX_PATH=${CMAKE_PREFIX_PATH}:/opt/ros/humble /usr/bin/cmake --build /home/future/Documents/pengyh/RobotAD_ws/build/diff_control -- -j24 -l24
[0.067s] [35m[1mConsolidate compiler generated dependencies of target diff_control[0m
[0.086s] [ 50%] [32mBuilding CXX object CMakeFiles/diff_control.dir/hardware/diffbot_system.cpp.o[0m
[1.655s] In file included from [01m[K/home/future/Documents/pengyh/RobotAD_ws/src/diff_control/hardware/include/diff_control/diffbot_system.hpp:35[m[K,
[1.655s]                  from [01m[K/home/future/Documents/pengyh/RobotAD_ws/src/diff_control/hardware/diffbot_system.cpp:15[m[K:
[1.655s] [01m[K/home/future/Documents/pengyh/RobotAD_ws/src/diff_control/hardware/include/diff_control/serial_bridge.hpp:[m[K In constructor ‚Äò[01m[KSerialBridge::SerialBridge()[m[K‚Äô:
[1.655s] [01m[K/home/future/Documents/pengyh/RobotAD_ws/src/diff_control/hardware/include/diff_control/serial_bridge.hpp:21:13:[m[K [01;31m[Kerror: [m[K‚Äò[01m[Kserial_port_[m[K‚Äô was not declared in this scope
[1.655s]    21 |          [01;31m[Kserial_port_[m[K.setPort("/dev/ttyUSB5");  // ÊõøÊç¢‰∏∫‰Ω†ÁöÑ‰∏≤Âè£ËÆæÂ§áË∑ØÂæÑ
[1.655s]       |          [01;31m[K^~~~~~~~~~~~[m[K
[1.655s] 
[3.315s] gmake[2]: *** [CMakeFiles/diff_control.dir/build.make:76: CMakeFiles/diff_control.dir/hardware/diffbot_system.cpp.o] Error 1
[3.315s] gmake[1]: *** [CMakeFiles/Makefile2:137: CMakeFiles/diff_control.dir/all] Error 2
[3.315s] gmake: *** [Makefile:146: all] Error 2
[3.317s] Invoked command in '/home/future/Documents/pengyh/RobotAD_ws/build/diff_control' returned '2': CMAKE_PREFIX_PATH=${CMAKE_PREFIX_PATH}:/opt/ros/humble /usr/bin/cmake --build /home/future/Documents/pengyh/RobotAD_ws/build/diff_control -- -j24 -l24
