[01m[K/home/pengyh/documents/ros2_ws/RobotAD/src/keyboard_control/src/keyboard_control_node.cpp:[m[K In member function â€˜[01m[Kvoid KeyboardControl::publish_twist()[m[Kâ€™:
[01m[K/home/pengyh/documents/ros2_ws/RobotAD/src/keyboard_control/src/keyboard_control_node.cpp:69:13:[m[K [01;31m[Kerror: [m[Kâ€˜[01m[Krotate_speed[m[Kâ€™ was not declared in this scope; did you mean â€˜[01m[Krotate_speed_[m[Kâ€™?
   69 |             [01;31m[Krotate_speed[m[K = std::max(current_speed_ - 0.1, 0.1);  // æœ€å°é€Ÿåº¦ä¸º 0.1
      |             [01;31m[K^~~~~~~~~~~~[m[K
      |             [32m[Krotate_speed_[m[K
[01m[K/home/pengyh/documents/ros2_ws/RobotAD/src/keyboard_control/src/keyboard_control_node.cpp:77:13:[m[K [01;31m[Kerror: [m[Kâ€˜[01m[Krotate_speed[m[Kâ€™ was not declared in this scope; did you mean â€˜[01m[Krotate_speed_[m[Kâ€™?
   77 |             [01;31m[Krotate_speed[m[K = std::max(rotate_speed_ - 0.1, 0.1);  // æœ€å°é€Ÿåº¦ä¸º 0.1
      |             [01;31m[K^~~~~~~~~~~~[m[K
      |             [32m[Krotate_speed_[m[K
gmake[2]: *** [CMakeFiles/keyboard_control_node.dir/build.make:76: CMakeFiles/keyboard_control_node.dir/src/keyboard_control_node.cpp.o] Error 1
gmake[1]: *** [CMakeFiles/Makefile2:137: CMakeFiles/keyboard_control_node.dir/all] Error 2
gmake: *** [Makefile:146: all] Error 2
