-- Found ament_cmake: 1.3.11 (/opt/ros/humble/share/ament_cmake/cmake)
-- Override CMake install command with custom implementation using symlinks instead of copying resources
-- Found rclcpp: 16.0.11 (/opt/ros/humble/share/rclcpp/cmake)
-- Found rosidl_generator_c: 3.1.6 (/opt/ros/humble/share/rosidl_generator_c/cmake)
-- Found rosidl_adapter: 3.1.6 (/opt/ros/humble/share/rosidl_adapter/cmake)
-- Found rosidl_generator_cpp: 3.1.6 (/opt/ros/humble/share/rosidl_generator_cpp/cmake)
-- Using all available rosidl_typesupport_c: rosidl_typesupport_fastrtps_c;rosidl_typesupport_introspection_c
-- Using all available rosidl_typesupport_cpp: rosidl_typesupport_fastrtps_cpp;rosidl_typesupport_introspection_cpp
-- Found rmw_implementation_cmake: 6.1.2 (/opt/ros/humble/share/rmw_implementation_cmake/cmake)
-- Found rmw_cyclonedds_cpp: 1.3.4 (/opt/ros/humble/share/rmw_cyclonedds_cpp/cmake)
-- Using RMW implementation 'rmw_cyclonedds_cpp' as default
-- Found robot_hardware: 0.0.1 (/home/pengyh/documents/ros2_ws/RobotAD/install/robot_hardware/share/robot_hardware/cmake)
-- Found geometry_msgs: 4.2.4 (/opt/ros/humble/share/geometry_msgs/cmake)
-- Found ament_lint_auto: 0.12.11 (/opt/ros/humble/share/ament_lint_auto/cmake)
-- Added test 'cppcheck' to perform static code analysis on C / C++ code
-- Configured cppcheck include dirs: 
-- Configured cppcheck exclude dirs and/or files: 
-- Added test 'lint_cmake' to check CMake code style
-- Added test 'uncrustify' to check C / C++ code style
-- Configured uncrustify additional arguments: 
-- Added test 'xmllint' to check XML markup files
-- Configuring done
-- Generating done
-- Build files have been written to: /home/pengyh/documents/ros2_ws/RobotAD/build/keyboard_control
[35m[1mConsolidate compiler generated dependencies of target keyboard_control_node[0m
[ 50%] [32mBuilding CXX object CMakeFiles/keyboard_control_node.dir/src/keyboard_control_node.cpp.o[0m
[01m[K/home/pengyh/documents/ros2_ws/RobotAD/src/keyboard_control/src/keyboard_control_node.cpp:[m[K In member function ‚Äò[01m[Kvoid KeyboardControl::publish_twist()[m[K‚Äô:
[01m[K/home/pengyh/documents/ros2_ws/RobotAD/src/keyboard_control/src/keyboard_control_node.cpp:69:13:[m[K [01;31m[Kerror: [m[K‚Äò[01m[Krotate_speed[m[K‚Äô was not declared in this scope; did you mean ‚Äò[01m[Krotate_speed_[m[K‚Äô?
   69 |             [01;31m[Krotate_speed[m[K = std::max(current_speed_ - 0.1, 0.1);  // ÊúÄÂ∞èÈÄüÂ∫¶‰∏∫ 0.1
      |             [01;31m[K^~~~~~~~~~~~[m[K
      |             [32m[Krotate_speed_[m[K
[01m[K/home/pengyh/documents/ros2_ws/RobotAD/src/keyboard_control/src/keyboard_control_node.cpp:77:13:[m[K [01;31m[Kerror: [m[K‚Äò[01m[Krotate_speed[m[K‚Äô was not declared in this scope; did you mean ‚Äò[01m[Krotate_speed_[m[K‚Äô?
   77 |             [01;31m[Krotate_speed[m[K = std::max(rotate_speed_ - 0.1, 0.1);  // ÊúÄÂ∞èÈÄüÂ∫¶‰∏∫ 0.1
      |             [01;31m[K^~~~~~~~~~~~[m[K
      |             [32m[Krotate_speed_[m[K
gmake[2]: *** [CMakeFiles/keyboard_control_node.dir/build.make:76: CMakeFiles/keyboard_control_node.dir/src/keyboard_control_node.cpp.o] Error 1
gmake[1]: *** [CMakeFiles/Makefile2:137: CMakeFiles/keyboard_control_node.dir/all] Error 2
gmake: *** [Makefile:146: all] Error 2
